<?xml version="1.0"?>
<checkstyle><file name="modules/contrib/authman/tests/src/Unit/AuthmanOauthInstanceUnitTest.php"><error line="58" message="Call to deprecated method setMethods() of class PHPUnit\Framework\MockObject\MockBuilder: https://github.com/sebastianbergmann/phpunit/pull/3687" severity="error"/><error line="89" message="Call to deprecated method setMethods() of class PHPUnit\Framework\MockObject\MockBuilder: https://github.com/sebastianbergmann/phpunit/pull/3687" severity="error"/></file><file name="modules/contrib/authman/authman.info.yml"><error line="0" message="Value of core_version_requirement: ^8.9 || ^9 is not compatible with the next major version of Drupal core. See https://drupal.org/node/3070687." severity="error"/></file><file name="modules/contrib/authman/tests/modules/authman_test_provider/authman_test_provider.info.yml"><error line="0" message="Value of core_version_requirement: ^8.8 || ~9.0 is not compatible with the next major version of Drupal core. See https://drupal.org/node/3070687." severity="error"/></file><file name="modules/contrib/authman/tests/modules/authman_test_providers/authman_test_providers.info.yml"><error line="0" message="Value of core_version_requirement: ^8.8 || ~9.0 is not compatible with the next major version of Drupal core. See https://drupal.org/node/3070687." severity="error"/></file><file name="modules/contrib/authman/tests/modules/authman_test_time/authman_test_time.info.yml"><error line="0" message="Value of core_version_requirement: ^8.8 || ~9.0 is not compatible with the next major version of Drupal core. See https://drupal.org/node/3070687." severity="error"/></file></checkstyle>

