<?xml version="1.0"?>
<checkstyle><file name="modules/contrib/ie9/tests/src/Unit/EventSubscriber/CspSubscriberTest.php"><error line="120" message="Call to deprecated method assertArrayEquals() of class Drupal\Tests\UnitTestCase. Deprecated in drupal:9.1.0 and is removed from drupal:10.0.0. Use ::assertEquals, ::assertEqualsCanonicalizing, or ::assertSame instead." severity="error"/><error line="124" message="Call to deprecated method assertArrayEquals() of class Drupal\Tests\UnitTestCase. Deprecated in drupal:9.1.0 and is removed from drupal:10.0.0. Use ::assertEquals, ::assertEqualsCanonicalizing, or ::assertSame instead." severity="error"/><error line="128" message="Call to deprecated method assertArrayEquals() of class Drupal\Tests\UnitTestCase. Deprecated in drupal:9.1.0 and is removed from drupal:10.0.0. Use ::assertEquals, ::assertEqualsCanonicalizing, or ::assertSame instead." severity="error"/><error line="164" message="Call to deprecated method assertArrayEquals() of class Drupal\Tests\UnitTestCase. Deprecated in drupal:9.1.0 and is removed from drupal:10.0.0. Use ::assertEquals, ::assertEqualsCanonicalizing, or ::assertSame instead." severity="error"/><error line="168" message="Call to deprecated method assertArrayEquals() of class Drupal\Tests\UnitTestCase. Deprecated in drupal:9.1.0 and is removed from drupal:10.0.0. Use ::assertEquals, ::assertEqualsCanonicalizing, or ::assertSame instead." severity="error"/><error line="172" message="Call to deprecated method assertArrayEquals() of class Drupal\Tests\UnitTestCase. Deprecated in drupal:9.1.0 and is removed from drupal:10.0.0. Use ::assertEquals, ::assertEqualsCanonicalizing, or ::assertSame instead." severity="error"/><error line="208" message="Call to deprecated method assertArrayEquals() of class Drupal\Tests\UnitTestCase. Deprecated in drupal:9.1.0 and is removed from drupal:10.0.0. Use ::assertEquals, ::assertEqualsCanonicalizing, or ::assertSame instead." severity="error"/><error line="212" message="Call to deprecated method assertArrayEquals() of class Drupal\Tests\UnitTestCase. Deprecated in drupal:9.1.0 and is removed from drupal:10.0.0. Use ::assertEquals, ::assertEqualsCanonicalizing, or ::assertSame instead." severity="error"/><error line="216" message="Call to deprecated method assertArrayEquals() of class Drupal\Tests\UnitTestCase. Deprecated in drupal:9.1.0 and is removed from drupal:10.0.0. Use ::assertEquals, ::assertEqualsCanonicalizing, or ::assertSame instead." severity="error"/><error line="246" message="Call to deprecated method assertArrayEquals() of class Drupal\Tests\UnitTestCase. Deprecated in drupal:9.1.0 and is removed from drupal:10.0.0. Use ::assertEquals, ::assertEqualsCanonicalizing, or ::assertSame instead." severity="error"/><error line="251" message="Call to deprecated method assertArrayEquals() of class Drupal\Tests\UnitTestCase. Deprecated in drupal:9.1.0 and is removed from drupal:10.0.0. Use ::assertEquals, ::assertEqualsCanonicalizing, or ::assertSame instead." severity="error"/><error line="279" message="Call to deprecated method assertArrayEquals() of class Drupal\Tests\UnitTestCase. Deprecated in drupal:9.1.0 and is removed from drupal:10.0.0. Use ::assertEquals, ::assertEqualsCanonicalizing, or ::assertSame instead." severity="error"/><error line="284" message="Call to deprecated method assertArrayEquals() of class Drupal\Tests\UnitTestCase. Deprecated in drupal:9.1.0 and is removed from drupal:10.0.0. Use ::assertEquals, ::assertEqualsCanonicalizing, or ::assertSame instead." severity="error"/></file><file name="modules/contrib/ie9/ie9.info.yml"><error line="0" message="Value of core_version_requirement: ^8 || ^9 is not compatible with the next major version of Drupal core. See https://drupal.org/node/3070687." severity="error"/></file></checkstyle>

