<?xml version="1.0"?>
<checkstyle><file name="modules/contrib/paragraphs/modules/paragraphs_library/tests/src/Functional/ParagraphsLibraryTest.php"><error line="167" message="Call to deprecated method assertText() of class Drupal\Tests\BrowserTestBase. Deprecated in drupal:8.2.0 and is removed from drupal:10.0.0. Use - $this-&gt;assertSession()-&gt;responseContains() for non-HTML responses, like XML or Json. - $this-&gt;assertSession()-&gt;pageTextContains() for HTML responses. Unlike the deprecated assertText(), the passed text should be HTML decoded, exactly as a human sees it in the browser." severity="error"/><error line="177" message="Call to deprecated method assertNoText() of class Drupal\Tests\BrowserTestBase. Deprecated in drupal:8.2.0 and is removed from drupal:10.0.0. Use - $this-&gt;assertSession()-&gt;responseNotContains() for non-HTML responses, like XML or Json. - $this-&gt;assertSession()-&gt;pageTextNotContains() for HTML responses. Unlike the deprecated assertNoText(), the passed text should be HTML decoded, exactly as a human sees it in the browser." severity="error"/></file><file name="modules/contrib/paragraphs/paragraphs.post_update.php"><error line="25" message="Call to deprecated function drupal_get_installed_schema_version(). Deprecated in drupal:9.3.0 and is removed from drupal:10.0.0. Use Drupal\Core\Update\UpdateHookRegistry::getInstalledVersion() or \Drupal\Core\Update\UpdateHookRegistry::getAllInstalledVersions() instead." severity="warning"/></file><file name="modules/contrib/paragraphs/src/Entity/ParagraphsType.php"><error line="187" message="Call to deprecated function file_create_url(). Deprecated in drupal:9.3.0 and is removed from drupal:10.0.0. Use the appropriate method on \Drupal\Core\File\FileUrlGeneratorInterface instead." severity="warning"/></file><file name="modules/contrib/paragraphs/tests/src/Functional/Migrate/MigrateUiParagraphsTest.php"><error line="27" message="Call to deprecated method pass() of class Drupal\Tests\BrowserTestBase. Deprecated in drupal:8.0.0 and is removed from drupal:10.0.0. PHPUnit interrupts a test as soon as a test assertion fails, so there is usually no need to call this method. If a test's logic relies on this method, refactor the test." severity="error"/></file><file name="modules/contrib/paragraphs/tests/src/Functional/Migrate/MigrateUiParagraphsTestBase.php"><error line="35" message="Call to deprecated function drupal_get_path(). Deprecated in drupal:9.3.0 and is removed from drupal:10.0.0. Use Drupal\Core\Extension\ExtensionPathResolver::getPath() instead." severity="warning"/><error line="42" message="Call to deprecated function drupal_get_path(). Deprecated in drupal:9.3.0 and is removed from drupal:10.0.0. Use Drupal\Core\Extension\ExtensionPathResolver::getPath() instead." severity="warning"/><error line="395" message="Call to deprecated function drupal_get_path(). Deprecated in drupal:9.3.0 and is removed from drupal:10.0.0. Use Drupal\Core\Extension\ExtensionPathResolver::getPath() instead." severity="warning"/></file><file name="modules/contrib/paragraphs/tests/src/Functional/WidgetLegacy/ParagraphsAccessTest.php"><error line="148" message="Call to deprecated function file_url_transform_relative(). Deprecated in drupal:9.3.0 and is removed from drupal:10.0.0. Use Drupal\Core\File\FileUrlGenerator::transformRelative() instead." severity="warning"/><error line="169" message="Call to deprecated function file_url_transform_relative(). Deprecated in drupal:9.3.0 and is removed from drupal:10.0.0. Use Drupal\Core\File\FileUrlGenerator::transformRelative() instead." severity="warning"/></file><file name="modules/contrib/paragraphs/tests/src/Functional/WidgetLegacy/ParagraphsAdministrationTest.php"><error line="255" message="Call to deprecated function file_create_url(). Deprecated in drupal:9.3.0 and is removed from drupal:10.0.0. Use the appropriate method on \Drupal\Core\File\FileUrlGeneratorInterface instead." severity="warning"/><error line="256" message="Call to deprecated function file_create_url(). Deprecated in drupal:9.3.0 and is removed from drupal:10.0.0. Use the appropriate method on \Drupal\Core\File\FileUrlGeneratorInterface instead." severity="warning"/><error line="263" message="Call to deprecated function file_url_transform_relative(). Deprecated in drupal:9.3.0 and is removed from drupal:10.0.0. Use Drupal\Core\File\FileUrlGenerator::transformRelative() instead." severity="warning"/><error line="265" message="Call to deprecated function file_url_transform_relative(). Deprecated in drupal:9.3.0 and is removed from drupal:10.0.0. Use Drupal\Core\File\FileUrlGenerator::transformRelative() instead." severity="warning"/></file><file name="modules/contrib/paragraphs/tests/src/Functional/WidgetStable/ParagraphsAccessTest.php"><error line="150" message="Call to deprecated function file_url_transform_relative(). Deprecated in drupal:9.3.0 and is removed from drupal:10.0.0. Use Drupal\Core\File\FileUrlGenerator::transformRelative() instead." severity="warning"/><error line="171" message="Call to deprecated function file_url_transform_relative(). Deprecated in drupal:9.3.0 and is removed from drupal:10.0.0. Use Drupal\Core\File\FileUrlGenerator::transformRelative() instead." severity="warning"/></file><file name="modules/contrib/paragraphs/tests/src/Functional/WidgetStable/ParagraphsAdministrationTest.php"><error line="254" message="Call to deprecated function file_create_url(). Deprecated in drupal:9.3.0 and is removed from drupal:10.0.0. Use the appropriate method on \Drupal\Core\File\FileUrlGeneratorInterface instead." severity="warning"/><error line="255" message="Call to deprecated function file_create_url(). Deprecated in drupal:9.3.0 and is removed from drupal:10.0.0. Use the appropriate method on \Drupal\Core\File\FileUrlGeneratorInterface instead." severity="warning"/><error line="262" message="Call to deprecated function file_url_transform_relative(). Deprecated in drupal:9.3.0 and is removed from drupal:10.0.0. Use Drupal\Core\File\FileUrlGenerator::transformRelative() instead." severity="warning"/><error line="264" message="Call to deprecated function file_url_transform_relative(). Deprecated in drupal:9.3.0 and is removed from drupal:10.0.0. Use Drupal\Core\File\FileUrlGenerator::transformRelative() instead." severity="warning"/></file><file name="modules/contrib/paragraphs/tests/src/Functional/WidgetStable/ParagraphsDuplicateFeatureTest.php"><error line="217" message="Call to deprecated method assertNoField() of class Drupal\Tests\BrowserTestBase. Deprecated in drupal:8.2.0 and is removed from drupal:10.0.0. Use $this-&gt;assertSession()-&gt;fieldNotExists() or $this-&gt;assertSession()-&gt;buttonNotExists() instead." severity="error"/><error line="218" message="Call to deprecated method assertNoField() of class Drupal\Tests\BrowserTestBase. Deprecated in drupal:8.2.0 and is removed from drupal:10.0.0. Use $this-&gt;assertSession()-&gt;fieldNotExists() or $this-&gt;assertSession()-&gt;buttonNotExists() instead." severity="error"/></file><file name="modules/contrib/paragraphs/tests/src/Kernel/migrate/ParagraphContentMigrationTest.php"><error line="81" message="Call to deprecated method pass() of class Drupal\KernelTests\KernelTestBase. Deprecated in drupal:8.0.0 and is removed from drupal:10.0.0. PHPUnit interrupts a test as soon as a test assertion fails, so there is usually no need to call this method. If a test's logic relies on this method, refactor the test." severity="error"/></file><file name="modules/contrib/paragraphs/tests/src/Traits/ParagraphsCoreVersionUiTestTrait.php (in context of class Drupal\Tests\paragraphs\FunctionalJavascript\ParagraphsAddWidgetTest)"><error line="55" message="Call to deprecated method drupalPostForm() of class Drupal\Tests\BrowserTestBase. Deprecated in drupal:9.1.0 and is removed from drupal:10.0.0. Use $this-&gt;submitForm() instead." severity="error"/></file><file name="modules/contrib/paragraphs/tests/src/Traits/ParagraphsCoreVersionUiTestTrait.php (in context of class Drupal\Tests\paragraphs\FunctionalJavascript\ParagraphsClientsideButtonsTest)"><error line="55" message="Call to deprecated method drupalPostForm() of class Drupal\Tests\BrowserTestBase. Deprecated in drupal:9.1.0 and is removed from drupal:10.0.0. Use $this-&gt;submitForm() instead." severity="error"/></file><file name="modules/contrib/paragraphs/tests/src/Traits/ParagraphsCoreVersionUiTestTrait.php (in context of class Drupal\Tests\paragraphs\FunctionalJavascript\ParagraphsStableEditPerspectivesUiTest)"><error line="55" message="Call to deprecated method drupalPostForm() of class Drupal\Tests\BrowserTestBase. Deprecated in drupal:9.1.0 and is removed from drupal:10.0.0. Use $this-&gt;submitForm() instead." severity="error"/></file><file name="modules/contrib/paragraphs/tests/src/Traits/ParagraphsCoreVersionUiTestTrait.php (in context of class Drupal\Tests\paragraphs\Functional\WidgetLegacy\ParagraphsTestBase)"><error line="55" message="Call to deprecated method drupalPostForm() of class Drupal\Tests\BrowserTestBase. Deprecated in drupal:9.1.0 and is removed from drupal:10.0.0. Use $this-&gt;submitForm() instead." severity="error"/></file><file name="modules/contrib/paragraphs/tests/src/Traits/ParagraphsCoreVersionUiTestTrait.php (in context of class Drupal\Tests\paragraphs\Functional\WidgetStable\ParagraphsContentModerationTranslationsTest)"><error line="55" message="Call to deprecated method drupalPostForm() of class Drupal\Tests\BrowserTestBase. Deprecated in drupal:9.1.0 and is removed from drupal:10.0.0. Use $this-&gt;submitForm() instead." severity="error"/></file><file name="modules/contrib/paragraphs/tests/src/Traits/ParagraphsCoreVersionUiTestTrait.php (in context of class Drupal\Tests\paragraphs\Functional\WidgetStable\ParagraphsTranslationsTest)"><error line="55" message="Call to deprecated method drupalPostForm() of class Drupal\Tests\BrowserTestBase. Deprecated in drupal:9.1.0 and is removed from drupal:10.0.0. Use $this-&gt;submitForm() instead." severity="error"/></file><file name="modules/contrib/paragraphs/tests/src/Traits/ParagraphsCoreVersionUiTestTrait.php (in context of class Drupal\Tests\paragraphs_demo\Functional\ParagraphsDemoTest)"><error line="55" message="Call to deprecated method drupalPostForm() of class Drupal\Tests\BrowserTestBase. Deprecated in drupal:9.1.0 and is removed from drupal:10.0.0. Use $this-&gt;submitForm() instead." severity="error"/></file><file name="modules/contrib/paragraphs/tests/src/Traits/ParagraphsCoreVersionUiTestTrait.php (in context of class Drupal\Tests\paragraphs_library\FunctionalJavascript\ParagraphsContentModerationTest)"><error line="55" message="Call to deprecated method drupalPostForm() of class Drupal\Tests\BrowserTestBase. Deprecated in drupal:9.1.0 and is removed from drupal:10.0.0. Use $this-&gt;submitForm() instead." severity="error"/></file><file name="modules/contrib/paragraphs/tests/src/Traits/ParagraphsCoreVersionUiTestTrait.php (in context of class Drupal\Tests\paragraphs_library\Functional\ParagraphsLibraryItemTest)"><error line="55" message="Call to deprecated method drupalPostForm() of class Drupal\Tests\BrowserTestBase. Deprecated in drupal:9.1.0 and is removed from drupal:10.0.0. Use $this-&gt;submitForm() instead." severity="error"/></file><file name="modules/contrib/paragraphs/tests/src/Traits/ParagraphsCoreVersionUiTestTrait.php (in context of class Drupal\Tests\paragraphs_library\Functional\ParagraphsLibraryItemTranslationTest)"><error line="55" message="Call to deprecated method drupalPostForm() of class Drupal\Tests\BrowserTestBase. Deprecated in drupal:9.1.0 and is removed from drupal:10.0.0. Use $this-&gt;submitForm() instead." severity="error"/></file><file name="modules/contrib/paragraphs/tests/src/Traits/ParagraphsCoreVersionUiTestTrait.php (in context of class Drupal\Tests\paragraphs_type_permissions\Functional\ParagraphsTypePermissionsTest)"><error line="55" message="Call to deprecated method drupalPostForm() of class Drupal\Tests\BrowserTestBase. Deprecated in drupal:9.1.0 and is removed from drupal:10.0.0. Use $this-&gt;submitForm() instead." severity="error"/></file><file name="modules/contrib/paragraphs/paragraphs.libraries.yml"><error line="0" message="The 'drupal.paragraphs.admin' library is depending on a deprecated library. The core/jquery.once asset library is deprecated in Drupal 9.3.0 and will be removed in Drupal 10.0.0. Use the core/once library instead. See https://www.drupal.org/node/3158256" severity="error"/><error line="0" message="The 'drupal.paragraphs.widget' library is depending on a deprecated library. The core/jquery.once asset library is deprecated in Drupal 9.3.0 and will be removed in Drupal 10.0.0. Use the core/once library instead. See https://www.drupal.org/node/3158256" severity="error"/><error line="0" message="The 'drupal.paragraphs.add_above_button' library is depending on a deprecated library. The core/jquery.once asset library is deprecated in Drupal 9.3.0 and will be removed in Drupal 10.0.0. Use the core/once library instead. See https://www.drupal.org/node/3158256" severity="error"/><error line="0" message="The 'drupal.paragraphs.actions' library is depending on a deprecated library. The core/jquery.once asset library is deprecated in Drupal 9.3.0 and will be removed in Drupal 10.0.0. Use the core/once library instead. See https://www.drupal.org/node/3158256" severity="error"/><error line="0" message="The 'drupal.paragraphs.modal' library is depending on a deprecated library. The core/jquery.once asset library is deprecated in Drupal 9.3.0 and will be removed in Drupal 10.0.0. Use the core/once library instead. See https://www.drupal.org/node/3158256" severity="error"/></file><file name="modules/contrib/paragraphs/tests/fixtures/drupal7.php"><error line="26137" message="The 'tracker/all' library is not defined because the defining extension is not installed. Cannot decide if it is deprecated or not." severity="error"/><error line="26138" message="The 'tracker/all' library is not defined because the defining extension is not installed. Cannot decide if it is deprecated or not." severity="error"/><error line="26164" message="The 'aggregator/categories' library is not defined because the defining extension is not installed. Cannot decide if it is deprecated or not." severity="error"/><error line="26165" message="The 'aggregator/categories' library is not defined because the defining extension is not installed. Cannot decide if it is deprecated or not." severity="error"/><error line="26272" message="The 'aggregator/sources' library is not defined because the defining extension is not installed. Cannot decide if it is deprecated or not." severity="error"/><error line="26273" message="The 'aggregator/sources' library is not defined because the defining extension is not installed. Cannot decide if it is deprecated or not." severity="error"/><error line="39275" message="The 'aggregator/categories' library is not defined because the defining extension is not installed. Cannot decide if it is deprecated or not." severity="error"/><error line="39287" message="The 'aggregator/categories' library is not defined because the defining extension is not installed. Cannot decide if it is deprecated or not." severity="error"/><error line="39400" message="The 'aggregator/opml' library is not defined because the defining extension is not installed. Cannot decide if it is deprecated or not." severity="error"/><error line="39412" message="The 'aggregator/opml' library is not defined because the defining extension is not installed. Cannot decide if it is deprecated or not." severity="error"/><error line="39425" message="The 'aggregator/rss' library is not defined because the defining extension is not installed. Cannot decide if it is deprecated or not." severity="error"/><error line="39437" message="The 'aggregator/rss' library is not defined because the defining extension is not installed. Cannot decide if it is deprecated or not." severity="error"/><error line="39450" message="The 'aggregator/sources' library is not defined because the defining extension is not installed. Cannot decide if it is deprecated or not." severity="error"/><error line="39462" message="The 'aggregator/sources' library is not defined because the defining extension is not installed. Cannot decide if it is deprecated or not." severity="error"/><error line="41925" message="The 'tracker/all' library is not defined because the defining extension is not installed. Cannot decide if it is deprecated or not." severity="error"/></file><file name="modules/contrib/paragraphs/modules/paragraphs_demo/paragraphs_demo.module"><error line="40" message="The 'paragraphs_demo/drupal.paragraphs_demo' library is not defined because the defining extension is not installed. Cannot decide if it is deprecated or not." severity="error"/></file><file name="modules/contrib/paragraphs/paragraphs.info.yml"><error line="0" message="Value of core_version_requirement: ^9.2 is not compatible with the next major version of Drupal core. See https://drupal.org/node/3070687." severity="error"/></file><file name="modules/contrib/paragraphs/modules/paragraphs_demo/paragraphs_demo.info.yml"><error line="0" message="Value of core_version_requirement: ^9.2 is not compatible with the next major version of Drupal core. See https://drupal.org/node/3070687." severity="error"/></file><file name="modules/contrib/paragraphs/modules/paragraphs_type_permissions/paragraphs_type_permissions.info.yml"><error line="0" message="Value of core_version_requirement: ^9.2 is not compatible with the next major version of Drupal core. See https://drupal.org/node/3070687." severity="error"/></file><file name="modules/contrib/paragraphs/modules/paragraphs_library/paragraphs_library.info.yml"><error line="0" message="Value of core_version_requirement: ^9.2 is not compatible with the next major version of Drupal core. See https://drupal.org/node/3070687." severity="error"/></file></checkstyle>

