<?xml version="1.0"?>
<checkstyle><file name="modules/contrib/custom_add_another/src/Tests/AddAnotherItemButtonTest.php"><error line="13" message="Drupal\Tests\BrowserTestBase::$defaultTheme is required. See https://www.drupal.org/node/3083055, which includes recommendations on which theme to use." severity="error"/><error line="127" message="Call to deprecated method assertFieldsByValue() of class Drupal\Tests\BrowserTestBase. Deprecated in drupal:8.3.0 and is removed from drupal:10.0.0. Use iteration over the fields yourself instead and directly check the values in the test." severity="error"/><error line="135" message="Call to deprecated method assertFieldsByValue() of class Drupal\Tests\BrowserTestBase. Deprecated in drupal:8.3.0 and is removed from drupal:10.0.0. Use iteration over the fields yourself instead and directly check the values in the test." severity="error"/></file><file name="modules/contrib/custom_add_another/src/Tests/RemoveButtonTest.php"><error line="13" message="Drupal\Tests\BrowserTestBase::$defaultTheme is required. See https://www.drupal.org/node/3083055, which includes recommendations on which theme to use." severity="error"/><error line="64" message="Call to deprecated method drupalPostForm() of class Drupal\Tests\BrowserTestBase. Deprecated in drupal:9.1.0 and is removed from drupal:10.0.0. Use $this-&gt;submitForm() instead." severity="error"/><error line="68" message="Call to deprecated method assertFieldsByValue() of class Drupal\Tests\BrowserTestBase. Deprecated in drupal:8.3.0 and is removed from drupal:10.0.0. Use iteration over the fields yourself instead and directly check the values in the test." severity="error"/><error line="83" message="Call to deprecated method drupalPostForm() of class Drupal\Tests\BrowserTestBase. Deprecated in drupal:9.1.0 and is removed from drupal:10.0.0. Use $this-&gt;submitForm() instead." severity="error"/><error line="85" message="Call to deprecated method assertFieldsByValue() of class Drupal\Tests\BrowserTestBase. Deprecated in drupal:8.3.0 and is removed from drupal:10.0.0. Use iteration over the fields yourself instead and directly check the values in the test." severity="error"/></file><file name="modules/contrib/custom_add_another/custom_add_another.info.yml"><error line="0" message="Value of core_version_requirement: ^8 || ^9 is not compatible with the next major version of Drupal core. See https://drupal.org/node/3070687." severity="error"/></file></checkstyle>

