<?xml version="1.0"?>
<checkstyle><file name="PHPStan failed"><error line="0" message="&lt;h6&gt;PHPStan command failed:&lt;/h6&gt; &lt;p&gt;/usr/local/bin/php /var/lib/drupalci/workspace/drupal-checkouts/drupalxx/vendor/bin/phpstan analyse --memory-limit=-1 --error-format=json --configuration=/var/lib/drupalci/workspace/drupal-checkouts/drupalxx/upgrade_status/deprecation_testing.neon /var/lib/drupalci/workspace/drupal-checkouts/drupalxx/modules/contrib/graphql_flag&lt;/p&gt; &lt;h6&gt;Command output:&lt;/h6&gt; &lt;p&gt;Empty.&lt;/p&gt; &lt;h6&gt;Command error:&lt;/h6&gt; &lt;p&gt;Fatal error: During class fetch: Uncaught PHPStan\Broker\ClassAutoloadingException: Class Drupal\flag\Tests\FlagCreateTrait not found. in phar:///var/lib/drupalci/workspace/drupal-checkouts/drupalxx/vendor/phpstan/phpstan/phpstan.phar/src/Reflection/Runtime/RuntimeReflectionProvider.php:185 Stack trace: #0 /var/lib/drupalci/workspace/drupal-checkouts/drupalxx/modules/contrib/graphql_flag/tests/src/Kernel/GraphQLFlagTestBase.php(17): PHPStan\Reflection\Runtime\RuntimeReflectionProvider-&gt;PHPStan\Reflection\Runtime\{closure}('Drupal\\flag\\Tes...') #1 phar:///var/lib/drupalci/workspace/drupal-checkouts/drupalxx/vendor/phpstan/phpstan/phpstan.phar/vendor/composer/ClassLoader.php(571). Deprecated include('/var/lib/drupal...') #2 phar:///var/lib/drupalci/workspace/drupal-checkouts/drupalxx/vendor/phpstan/phpstan/phpstan.phar/vendor/composer/ClassLoader.php(428): Composer\Autoload\includeFile('/var/lib/drupal...') #3 [internal function]: Composer\Autoload\ClassLoader-&gt;loadClass('Drupal\\Tests\\gr...') #4 phar:///var/lib/drupalci/workspace/drupal-checkouts/drupalxx/vendor/phpstan/phpstan/phpstan.phar/src/Reflection/Runtime/RuntimeReflectionProvider.php(189): class_exists('Drupal\\Tests\\gr...') #5 phar:///var/lib/drupalci/workspace/drupal-checkouts/drupalxx/vendor/phpstan/phpstan/phpstan.phar/src/Reflection/ReflectionProvider/ClassBlacklistReflectionProvider.php(51): PHPStan\Reflection\Runtime\RuntimeReflectionProvider-&gt;hasClass('Drupal\\Tests\\gr...') #6 phar:///var/lib/drupalci/workspace/drupal-checkouts/drupalxx/vendor/phpstan/phpstan/phpstan.phar/src/Reflection/ReflectionProvider/ChainReflectionProvider.php(32): PHPStan\Reflection\ReflectionProvider\ClassBlacklistReflectionProvider-&gt;hasClass('Drupal\\Tests\\gr...') #7 phar:///var/lib/drupalci/workspace/drupal-checkouts/drupalxx/vendor/phpstan/phpstan/phpstan.phar/src/Reflection/ReflectionProvider/MemoizingReflectionProvider.php(34): PHPStan\Reflection\ReflectionProvider\ChainReflectionProvider-&gt;hasClass('Drupal\\Tests\\gr...') #8 /var/lib/drupalci/workspace/drupal-checkouts/drupalxx/vendor/mglaman/phpstan-drupal/src/Rules/Classes/ClassExtendsInternalClassRule.php(38): PHPStan\Reflection\ReflectionProvider\MemoizingReflectionProvider-&gt;hasClass('Drupal\\Tests\\gr...') #9 phar:///var/lib/drupalci/workspace/drupal-checkouts/drupalxx/vendor/phpstan/phpstan/phpstan.phar/src/Analyser/FileAnalyser.php(94): mglaman\PHPStanDrupal\Rules\Classes\ClassExtendsInternalClassRule-&gt;processNode(Object(PhpParser\Node\Stmt\Class_), Object(PHPStan\Analyser\MutatingScope)) #10 phar:///var/lib/drupalci/workspace/drupal-checkouts/drupalxx/vendor/phpstan/phpstan/phpstan.phar/src/Analyser/NodeScopeResolver.php(353): PHPStan\Analyser\FileAnalyser-&gt;PHPStan\Analyser\{closure}(Object(PhpParser\Node\Stmt\Class_), Object(PHPStan\Analyser\MutatingScope)) #11 phar:///var/lib/drupalci/workspace/drupal-checkouts/drupalxx/vendor/phpstan/phpstan/phpstan.phar/src/Analyser/NodeScopeResolver.php(298): PHPStan\Analyser\NodeScopeResolver-&gt;processStmtNode(Object(PhpParser\Node\Stmt\Class_), Object(PHPStan\Analyser\MutatingScope), Object(Closure)) #12 phar:///var/lib/drupalci/workspace/drupal-checkouts/drupalxx/vendor/phpstan/phpstan/phpstan.phar/src/Analyser/NodeScopeResolver.php(510): PHPStan\Analyser\NodeScopeResolver-&gt;processStmtNodes(Object(PhpParser\Node\Stmt\Namespace_), Array, Object(PHPStan\Analyser\MutatingScope), Object(Closure)) #13 phar:///var/lib/drupalci/workspace/drupal-checkouts/drupalxx/vendor/phpstan/phpstan/phpstan.phar/src/Analyser/NodeScopeResolver.php(269): PHPStan\Analyser\NodeScopeResolver-&gt;processStmtNode(Object(PhpParser\Node\Stmt\Namespace_), Object(PHPStan\Analyser\MutatingScope), Object(Closure)) #14 phar:///var/lib/drupalci/workspace/drupal-checkouts/drupalxx/vendor/phpstan/phpstan/phpstan.phar/src/Analyser/FileAnalyser.php(181): PHPStan\Analyser\NodeScopeResolver-&gt;processNodes(Array, Object(PHPStan\Analyser\MutatingScope), Object(Closure)) #15 phar:///var/lib/drupalci/workspace/drupal-checkouts/drupalxx/vendor/phpstan/phpstan/phpstan.phar/src/Analyser/Analyser.php(69): PHPStan\Analyser\FileAnalyser-&gt;analyseFile('/var/lib/drupal...', Array, Object(PHPStan\Rules\Registry), NULL) #16 phar:///var/lib/drupalci/workspace/drupal-checkouts/drupalxx/vendor/phpstan/phpstan/phpstan.phar/src/Command/AnalyserRunner.php(62): PHPStan\Analyser\Analyser-&gt;analyse(Array, NULL, Object(Closure), false, Array) #17 phar:///var/lib/drupalci/workspace/drupal-checkouts/drupalxx/vendor/phpstan/phpstan/phpstan.phar/src/Command/AnalyseApplication.php(163): PHPStan\Command\AnalyserRunner-&gt;runAnalyser(Array, Array, NULL, Object(Closure), false, true, '/var/lib/drupal...', NULL, NULL, Object(_PHPStan_70b6e53dc\Symfony\Component\Console\Input\ArgvInput)) #18 phar:///var/lib/drupalci/workspace/drupal-checkouts/drupalxx/vendor/phpstan/phpstan/phpstan.phar/src/Command/AnalyseApplication.php(95): PHPStan\Command\AnalyseApplication-&gt;runAnalyser(Array, Array, false, '/var/lib/drupal...', Object(PHPStan\Command\Symfony\SymfonyOutput), Object(PHPStan\Command\Symfony\SymfonyOutput), Object(_PHPStan_70b6e53dc\Symfony\Component\Console\Input\ArgvInput)) #19 phar:///var/lib/drupalci/workspace/drupal-checkouts/drupalxx/vendor/phpstan/phpstan/phpstan.phar/src/Command/AnalyseCommand.php(175): PHPStan\Command\AnalyseApplication-&gt;analyse(Array, false, Object(PHPStan\Command\Symfony\SymfonyOutput), Object(PHPStan\Command\Symfony\SymfonyOutput), false, false, '/var/lib/drupal...', Array, Object(_PHPStan_70b6e53dc\Symfony\Component\Console\Input\ArgvInput)) #20 phar:///var/lib/drupalci/workspace/drupal-checkouts/drupalxx/vendor/phpstan/phpstan/phpstan.phar/vendor/symfony/console/Command/Command.php(259): PHPStan\Command\AnalyseCommand-&gt;execute(Object(_PHPStan_70b6e53dc\Symfony\Component\Console\Input\ArgvInput), Object(_PHPStan_70b6e53dc\Symfony\Component\Console\Output\ConsoleOutput)) #21 phar:///var/lib/drupalci/workspace/drupal-checkouts/drupalxx/vendor/phpstan/phpstan/phpstan.phar/vendor/symfony/console/Application.php(848): _PHPStan_70b6e53dc\Symfony\Component\Console\Command\Command-&gt;run(Object(_PHPStan_70b6e53dc\Symfony\Component\Console\Input\ArgvInput), Object(_PHPStan_70b6e53dc\Symfony\Component\Console\Output\ConsoleOutput)) #22 phar:///var/lib/drupalci/workspace/drupal-checkouts/drupalxx/vendor/phpstan/phpstan/phpstan.phar/vendor/symfony/console/Application.php(259): _PHPStan_70b6e53dc\Symfony\Component\Console\Application-&gt;doRunCommand(Object(PHPStan\Command\AnalyseCommand), Object(_PHPStan_70b6e53dc\Symfony\Component\Console\Input\ArgvInput), Object(_PHPStan_70b6e53dc\Symfony\Component\Console\Output\ConsoleOutput)) #23 phar:///var/lib/drupalci/workspace/drupal-checkouts/drupalxx/vendor/phpstan/phpstan/phpstan.phar/vendor/symfony/console/Application.php(157): _PHPStan_70b6e53dc\Symfony\Component\Console\Application-&gt;doRun(Object(_PHPStan_70b6e53dc\Symfony\Component\Console\Input\ArgvInput), Object(_PHPStan_70b6e53dc\Symfony\Component\Console\Output\ConsoleOutput)) #24 phar:///var/lib/drupalci/workspace/drupal-checkouts/drupalxx/vendor/phpstan/phpstan/phpstan.phar/bin/phpstan(94): _PHPStan_70b6e53dc\Symfony\Component\Console\Application-&gt;run() #25 phar:///var/lib/drupalci/workspace/drupal-checkouts/drupalxx/vendor/phpstan/phpstan/phpstan.phar/bin/phpstan(95): _PHPStan_70b6e53dc\{closure}() #26 /var/lib/drupalci/workspace/drupal-checkouts/drupalxx/vendor/phpstan/phpstan/phpstan(8): require('phar:///var/lib...') #27 /var/lib/drupalci/workspace/drupal-checkouts/drupalxx/vendor/bin/phpstan(117). Deprecated include('/var/lib/drupal...') #28 {main} in /var/lib/drupalci/workspace/drupal-checkouts/drupalxx/modules/contrib/graphql_flag/tests/src/Kernel/GraphQLFlagTestBase.php on line 17&lt;/p&gt;" severity="error"/></file><file name="modules/contrib/graphql_flag/graphql_flag.info.yml"><error line="0" message="Value of core_version_requirement: ^8 || ^9 is not compatible with the next major version of Drupal core. See https://drupal.org/node/3070687." severity="error"/></file></checkstyle>

