<?xml version="1.0"?>
<checkstyle><file name="modules/contrib/group_behavior/tests/src/Functional/AdminPageTest.php"><error line="36" message="Call to deprecated method assertResponse() of class Drupal\Tests\BrowserTestBase. Deprecated in drupal:8.2.0 and is removed from drupal:10.0.0. Use $this-&gt;assertSession()-&gt;statusCodeEquals() instead." severity="error"/></file><file name="modules/contrib/group_behavior/group_behavior.info.yml"><error line="0" message="Value of core_version_requirement: ^8.7.7 || ^9 is not compatible with the next major version of Drupal core. See https://drupal.org/node/3070687." severity="error"/></file><file name="modules/contrib/group_behavior/modules/field_sync/group_behavior_field_sync.info.yml"><error line="0" message="Add core_version_requirement: ^8 || ^9 to designate that the extension is compatible with Drupal 9. See https://drupal.org/node/3070687." severity="error"/></file></checkstyle>

