<?xml version="1.0"?>
<checkstyle><file name="modules/contrib/no_nbsp/src/Tests/FieldFormatterTest.php"><error line="" message="Class Drupal\simpletest\WebTestBase not found." severity="error"/><error line="10" message="Class Drupal\simpletest\WebTestBase not found." severity="error"/></file><file name="modules/contrib/no_nbsp/src/Tests/FunctionalTest.php"><error line="" message="Class Drupal\simpletest\WebTestBase not found." severity="error"/><error line="13" message="Class Drupal\simpletest\WebTestBase not found." severity="error"/></file><file name="modules/contrib/no_nbsp/src/Tests/NoNbspWebTestBase.php"><error line="" message="Class Drupal\simpletest\WebTestBase not found." severity="error"/><error line="17" message="Class Drupal\simpletest\WebTestBase not found." severity="error"/></file><file name="modules/contrib/no_nbsp/src/Tests/UnitTest.php"><error line="" message="Class Drupal\simpletest\KernelTestBase not found." severity="error"/><error line="12" message="Class Drupal\simpletest\KernelTestBase not found." severity="error"/></file><file name="modules/contrib/no_nbsp/no_nbsp.info.yml"><error line="0" message="Value of core_version_requirement: ^8 || ^9 is not compatible with the next major version of Drupal core. See https://drupal.org/node/3070687." severity="error"/></file></checkstyle>

