<?xml version="1.0"?>
<checkstyle><file name="modules/contrib/po_translations_report/src/Tests/PoTranslationsReportTest.php"><error line="" message="Class Drupal\simpletest\WebTestBase not found." severity="error"/><error line="18" message="Class Drupal\simpletest\WebTestBase not found." severity="error"/></file><file name="modules/contrib/po_translations_report/po_translations_report.info.yml"><error line="0" message="Value of core_version_requirement: ^8.0 || ^9.0 is not compatible with the next major version of Drupal core. See https://drupal.org/node/3070687." severity="error"/></file></checkstyle>

