<?xml version="1.0"?>
<checkstyle><file name="PHPStan failed"><error line="0" message="&lt;h6&gt;PHPStan command failed:&lt;/h6&gt; &lt;p&gt;/usr/local/bin/php /var/lib/drupalci/workspace/drupal-checkouts/drupalxx/vendor/bin/phpstan analyse --memory-limit=-1 --error-format=json --configuration=/var/lib/drupalci/workspace/drupal-checkouts/drupalxx/upgrade_status/deprecation_testing.neon /var/lib/drupalci/workspace/drupal-checkouts/drupalxx/modules/contrib/request_logger&lt;/p&gt; &lt;h6&gt;Command output:&lt;/h6&gt; &lt;p&gt;Empty.&lt;/p&gt; &lt;h6&gt;Command error:&lt;/h6&gt; &lt;p&gt;Fatal error: Type of Drupal\Tests\request_logger\Functional\LoadTest::$modules must not be defined (as in class Drupal\Tests\BrowserTestBase) in /var/lib/drupalci/workspace/drupal-checkouts/drupalxx/modules/contrib/request_logger/tests/src/Functional/LoadTest.php on line 55&lt;/p&gt;" severity="error"/></file><file name="modules/contrib/request_logger/request_logger.info.yml"><error line="0" message="Value of core_version_requirement: ^8 || ^9 is not compatible with the next major version of Drupal core. See https://drupal.org/node/3070687." severity="error"/></file></checkstyle>

