<?xml version="1.0"?>
<checkstyle><file name="modules/contrib/search_365/tests/src/Functional/SearchBlockTest.php"><error line="13" message="Drupal\Tests\BrowserTestBase::$defaultTheme is required. See https://www.drupal.org/node/3083055, which includes recommendations on which theme to use." severity="error"/></file><file name="modules/contrib/search_365/tests/src/Functional/SearchPageTest.php"><error line="13" message="Drupal\Tests\BrowserTestBase::$defaultTheme is required. See https://www.drupal.org/node/3083055, which includes recommendations on which theme to use." severity="error"/></file><file name="modules/contrib/search_365/tests/src/Functional/SearchResultsTest.php"><error line="10" message="Drupal\Tests\BrowserTestBase::$defaultTheme is required. See https://www.drupal.org/node/3083055, which includes recommendations on which theme to use." severity="error"/></file><file name="modules/contrib/search_365/search_365.info.yml"><error line="0" message="Value of core_version_requirement: ^8.7.7 || ^9 is not compatible with the next major version of Drupal core. See https://drupal.org/node/3070687." severity="error"/></file><file name="modules/contrib/search_365/tests/modules/search_365_test/search_365_test.info.yml"><error line="0" message="Add core_version_requirement: ^8 || ^9 to designate that the extension is compatible with Drupal 9. See https://drupal.org/node/3070687." severity="error"/></file></checkstyle>

