<?xml version="1.0"?>
<checkstyle><file name="modules/contrib/avatars/tests/src/Functional/AvatarKitAdminSettingsTest.php"><error line="29" message="Call to deprecated method assertResponse() of class Drupal\Tests\BrowserTestBase. Deprecated in drupal:8.2.0 and is removed from drupal:10.0.0. Use $this-&gt;assertSession()-&gt;statusCodeEquals() instead." severity="error"/><error line="30" message="Call to deprecated method assertRaw() of class Drupal\Tests\BrowserTestBase. Deprecated in drupal:8.2.0 and is removed from drupal:10.0.0. Use $this-&gt;assertSession()-&gt;responseContains() instead." severity="error"/><error line="37" message="Call to deprecated method assertFieldChecked() of class Drupal\Tests\BrowserTestBase. Deprecated in drupal:8.2.0 and is removed from drupal:10.0.0. Use $this-&gt;assertSession()-&gt;checkboxChecked() instead." severity="error"/><error line="44" message="Call to deprecated method assertNoFieldChecked() of class Drupal\Tests\BrowserTestBase. Deprecated in drupal:8.2.0 and is removed from drupal:10.0.0. Use $this-&gt;assertSession()-&gt;checkboxNotChecked() instead." severity="error"/><error line="52" message="Call to deprecated method assertResponse() of class Drupal\Tests\BrowserTestBase. Deprecated in drupal:8.2.0 and is removed from drupal:10.0.0. Use $this-&gt;assertSession()-&gt;statusCodeEquals() instead." severity="error"/><error line="61" message="Call to deprecated method drupalPostForm() of class Drupal\Tests\BrowserTestBase. Deprecated in drupal:9.1.0 and is removed from drupal:10.0.0. Use $this-&gt;submitForm() instead." severity="error"/><error line="64" message="Call to deprecated method assertRaw() of class Drupal\Tests\BrowserTestBase. Deprecated in drupal:8.2.0 and is removed from drupal:10.0.0. Use $this-&gt;assertSession()-&gt;responseContains() instead." severity="error"/><error line="65" message="Call to deprecated method assertUrl() of class Drupal\Tests\BrowserTestBase. Deprecated in drupal:8.2.0 and is removed from drupal:10.0.0. Use $this-&gt;assertSession()-&gt;addressEquals() instead." severity="error"/><error line="75" message="Call to deprecated method assertResponse() of class Drupal\Tests\BrowserTestBase. Deprecated in drupal:8.2.0 and is removed from drupal:10.0.0. Use $this-&gt;assertSession()-&gt;statusCodeEquals() instead." severity="error"/><error line="78" message="Call to deprecated method assertRaw() of class Drupal\Tests\BrowserTestBase. Deprecated in drupal:8.2.0 and is removed from drupal:10.0.0. Use $this-&gt;assertSession()-&gt;responseContains() instead." severity="error"/><error line="81" message="Call to deprecated method drupalPostForm() of class Drupal\Tests\BrowserTestBase. Deprecated in drupal:9.1.0 and is removed from drupal:10.0.0. Use $this-&gt;submitForm() instead." severity="error"/><error line="82" message="Call to deprecated method assertUrl() of class Drupal\Tests\BrowserTestBase. Deprecated in drupal:8.2.0 and is removed from drupal:10.0.0. Use $this-&gt;assertSession()-&gt;addressEquals() instead." severity="error"/><error line="83" message="Call to deprecated method assertRaw() of class Drupal\Tests\BrowserTestBase. Deprecated in drupal:8.2.0 and is removed from drupal:10.0.0. Use $this-&gt;assertSession()-&gt;responseContains() instead." severity="error"/><error line="92" message="Call to deprecated method assertResponse() of class Drupal\Tests\BrowserTestBase. Deprecated in drupal:8.2.0 and is removed from drupal:10.0.0. Use $this-&gt;assertSession()-&gt;statusCodeEquals() instead." severity="error"/><error line="95" message="Call to deprecated method assertRaw() of class Drupal\Tests\BrowserTestBase. Deprecated in drupal:8.2.0 and is removed from drupal:10.0.0. Use $this-&gt;assertSession()-&gt;responseContains() instead." severity="error"/><error line="97" message="Call to deprecated method drupalPostForm() of class Drupal\Tests\BrowserTestBase. Deprecated in drupal:9.1.0 and is removed from drupal:10.0.0. Use $this-&gt;submitForm() instead." severity="error"/><error line="98" message="Call to deprecated method assertUrl() of class Drupal\Tests\BrowserTestBase. Deprecated in drupal:8.2.0 and is removed from drupal:10.0.0. Use $this-&gt;assertSession()-&gt;addressEquals() instead." severity="error"/><error line="99" message="Call to deprecated method assertRaw() of class Drupal\Tests\BrowserTestBase. Deprecated in drupal:8.2.0 and is removed from drupal:10.0.0. Use $this-&gt;assertSession()-&gt;responseContains() instead." severity="error"/></file><file name="modules/contrib/avatars/tests/src/Functional/AvatarKitGeneratorTest.php"><error line="91" message="Call to deprecated method assertEqual() of class Drupal\Tests\BrowserTestBase. Deprecated in drupal:8.0.0 and is removed from drupal:10.0.0. Use $this-&gt;assertEquals() instead." severity="error"/><error line="117" message="Call to deprecated function file_save_data(). Deprecated in drupal:9.3.0 and is removed from drupal:10.0.0. Use Drupal\file\FileRepositoryInterface::writeData() instead." severity="warning"/></file><file name="modules/contrib/avatars/avatars.info.yml"><error line="0" message="Value of core_version_requirement: ^8.8 || ^9 is not compatible with the next major version of Drupal core. See https://drupal.org/node/3070687." severity="error"/></file><file name="modules/contrib/avatars/avatars_robohash/avatars_robohash.info.yml"><error line="0" message="Add core_version_requirement: ^8 || ^9 to designate that the extension is compatible with Drupal 9. See https://drupal.org/node/3070687." severity="error"/></file><file name="modules/contrib/avatars/avatars_gravatar/avatars_gravatar.info.yml"><error line="0" message="Add core_version_requirement: ^8 || ^9 to designate that the extension is compatible with Drupal 9. See https://drupal.org/node/3070687." severity="error"/></file><file name="modules/contrib/avatars/avatars_adorable/avatars_adorable.info.yml"><error line="0" message="Add core_version_requirement: ^8 || ^9 to designate that the extension is compatible with Drupal 9. See https://drupal.org/node/3070687." severity="error"/></file></checkstyle>

