<?xml version="1.0"?>
<checkstyle><file name="modules/contrib/ckeditor5_sections/tests/src/Kernel/SectionsCollectorTest.php"><error line="85" message="Call to deprecated method setMethods() of class PHPUnit\Framework\MockObject\MockBuilder: https://github.com/sebastianbergmann/phpunit/pull/3687" severity="error"/></file><file name="modules/contrib/ckeditor5_sections"><error line="0" message="The start path &quot;modules/contrib/ckeditor5_sections&quot; is not absolute." severity="error"/></file><file name="modules/contrib/ckeditor5_sections/ckeditor5_sections.module"><error line="0" message="The start path &quot;modules/contrib/ckeditor5_sections&quot; is not absolute." severity="error"/><error line="0" message="The start path &quot;modules/contrib/ckeditor5_sections&quot; is not absolute." severity="error"/></file><file name="modules/contrib/ckeditor5_sections/src/Plugin/Editor/CKEditor5Sections.php"><error line="0" message="The start path &quot;modules/contrib/ckeditor5_sections&quot; is not absolute." severity="error"/><error line="0" message="The start path &quot;modules/contrib/ckeditor5_sections&quot; is not absolute." severity="error"/></file><file name="modules/contrib/ckeditor5_sections/ckeditor5_sections.info.yml"><error line="0" message="Value of core_version_requirement: ^8 || ^9 is not compatible with the next major version of Drupal core. See https://drupal.org/node/3070687." severity="error"/></file><file name="modules/contrib/ckeditor5_sections/modules/ckeditor5_sections_token/ckeditor5_sections_token.info.yml"><error line="0" message="Add core_version_requirement: ^8 || ^9 to designate that the extension is compatible with Drupal 9. See https://drupal.org/node/3070687." severity="error"/></file></checkstyle>

