<?xml version="1.0"?>
<checkstyle><file name="modules/contrib/datetime_extras/tests/src/Functional/DateRangeDurationWidgetTest.php"><error line="128" message="Call to deprecated method assertNoFieldByXPath() of class Drupal\Tests\BrowserTestBase. Deprecated in drupal:8.3.0 and is removed from drupal:10.0.0. Use $this-&gt;xpath() instead and assert that the result is empty." severity="error"/><error line="129" message="Call to deprecated method assertNoFieldByXPath() of class Drupal\Tests\BrowserTestBase. Deprecated in drupal:8.3.0 and is removed from drupal:10.0.0. Use $this-&gt;xpath() instead and assert that the result is empty." severity="error"/><error line="130" message="Call to deprecated method assertNoFieldByXPath() of class Drupal\Tests\BrowserTestBase. Deprecated in drupal:8.3.0 and is removed from drupal:10.0.0. Use $this-&gt;xpath() instead and assert that the result is empty." severity="error"/><error line="133" message="Call to deprecated method assertFieldsByValue() of class Drupal\Tests\BrowserTestBase. Deprecated in drupal:8.3.0 and is removed from drupal:10.0.0. Use iteration over the fields yourself instead and directly check the values in the test." severity="error"/><error line="134" message="Call to deprecated method assertFieldsByValue() of class Drupal\Tests\BrowserTestBase. Deprecated in drupal:8.3.0 and is removed from drupal:10.0.0. Use iteration over the fields yourself instead and directly check the values in the test." severity="error"/><error line="135" message="Call to deprecated method assertFieldsByValue() of class Drupal\Tests\BrowserTestBase. Deprecated in drupal:8.3.0 and is removed from drupal:10.0.0. Use iteration over the fields yourself instead and directly check the values in the test." severity="error"/><error line="162" message="Call to deprecated method assertFieldsByValue() of class Drupal\Tests\BrowserTestBase. Deprecated in drupal:8.3.0 and is removed from drupal:10.0.0. Use iteration over the fields yourself instead and directly check the values in the test." severity="error"/><error line="163" message="Call to deprecated method assertFieldsByValue() of class Drupal\Tests\BrowserTestBase. Deprecated in drupal:8.3.0 and is removed from drupal:10.0.0. Use iteration over the fields yourself instead and directly check the values in the test." severity="error"/><error line="164" message="Call to deprecated method assertFieldsByValue() of class Drupal\Tests\BrowserTestBase. Deprecated in drupal:8.3.0 and is removed from drupal:10.0.0. Use iteration over the fields yourself instead and directly check the values in the test." severity="error"/><error line="165" message="Call to deprecated method assertFieldsByValue() of class Drupal\Tests\BrowserTestBase. Deprecated in drupal:8.3.0 and is removed from drupal:10.0.0. Use iteration over the fields yourself instead and directly check the values in the test." severity="error"/><error line="166" message="Call to deprecated method assertFieldsByValue() of class Drupal\Tests\BrowserTestBase. Deprecated in drupal:8.3.0 and is removed from drupal:10.0.0. Use iteration over the fields yourself instead and directly check the values in the test." severity="error"/><error line="187" message="Call to deprecated method assertFieldsByValue() of class Drupal\Tests\BrowserTestBase. Deprecated in drupal:8.3.0 and is removed from drupal:10.0.0. Use iteration over the fields yourself instead and directly check the values in the test." severity="error"/><error line="188" message="Call to deprecated method assertFieldsByValue() of class Drupal\Tests\BrowserTestBase. Deprecated in drupal:8.3.0 and is removed from drupal:10.0.0. Use iteration over the fields yourself instead and directly check the values in the test." severity="error"/><error line="189" message="Call to deprecated method assertFieldsByValue() of class Drupal\Tests\BrowserTestBase. Deprecated in drupal:8.3.0 and is removed from drupal:10.0.0. Use iteration over the fields yourself instead and directly check the values in the test." severity="error"/><error line="190" message="Call to deprecated method assertFieldsByValue() of class Drupal\Tests\BrowserTestBase. Deprecated in drupal:8.3.0 and is removed from drupal:10.0.0. Use iteration over the fields yourself instead and directly check the values in the test." severity="error"/><error line="191" message="Call to deprecated method assertFieldsByValue() of class Drupal\Tests\BrowserTestBase. Deprecated in drupal:8.3.0 and is removed from drupal:10.0.0. Use iteration over the fields yourself instead and directly check the values in the test." severity="error"/><error line="212" message="Call to deprecated method assertFieldsByValue() of class Drupal\Tests\BrowserTestBase. Deprecated in drupal:8.3.0 and is removed from drupal:10.0.0. Use iteration over the fields yourself instead and directly check the values in the test." severity="error"/><error line="213" message="Call to deprecated method assertFieldsByValue() of class Drupal\Tests\BrowserTestBase. Deprecated in drupal:8.3.0 and is removed from drupal:10.0.0. Use iteration over the fields yourself instead and directly check the values in the test." severity="error"/><error line="214" message="Call to deprecated method assertFieldsByValue() of class Drupal\Tests\BrowserTestBase. Deprecated in drupal:8.3.0 and is removed from drupal:10.0.0. Use iteration over the fields yourself instead and directly check the values in the test." severity="error"/><error line="215" message="Call to deprecated method assertFieldsByValue() of class Drupal\Tests\BrowserTestBase. Deprecated in drupal:8.3.0 and is removed from drupal:10.0.0. Use iteration over the fields yourself instead and directly check the values in the test." severity="error"/><error line="216" message="Call to deprecated method assertFieldsByValue() of class Drupal\Tests\BrowserTestBase. Deprecated in drupal:8.3.0 and is removed from drupal:10.0.0. Use iteration over the fields yourself instead and directly check the values in the test." severity="error"/><error line="241" message="Call to deprecated method assertFieldsByValue() of class Drupal\Tests\BrowserTestBase. Deprecated in drupal:8.3.0 and is removed from drupal:10.0.0. Use iteration over the fields yourself instead and directly check the values in the test." severity="error"/><error line="242" message="Call to deprecated method assertFieldsByValue() of class Drupal\Tests\BrowserTestBase. Deprecated in drupal:8.3.0 and is removed from drupal:10.0.0. Use iteration over the fields yourself instead and directly check the values in the test." severity="error"/><error line="243" message="Call to deprecated method assertFieldsByValue() of class Drupal\Tests\BrowserTestBase. Deprecated in drupal:8.3.0 and is removed from drupal:10.0.0. Use iteration over the fields yourself instead and directly check the values in the test." severity="error"/><error line="244" message="Call to deprecated method assertFieldsByValue() of class Drupal\Tests\BrowserTestBase. Deprecated in drupal:8.3.0 and is removed from drupal:10.0.0. Use iteration over the fields yourself instead and directly check the values in the test." severity="error"/><error line="245" message="Call to deprecated method assertFieldsByValue() of class Drupal\Tests\BrowserTestBase. Deprecated in drupal:8.3.0 and is removed from drupal:10.0.0. Use iteration over the fields yourself instead and directly check the values in the test." severity="error"/><error line="246" message="Call to deprecated method assertFieldsByValue() of class Drupal\Tests\BrowserTestBase. Deprecated in drupal:8.3.0 and is removed from drupal:10.0.0. Use iteration over the fields yourself instead and directly check the values in the test." severity="error"/><error line="266" message="Call to deprecated method assertFieldsByValue() of class Drupal\Tests\BrowserTestBase. Deprecated in drupal:8.3.0 and is removed from drupal:10.0.0. Use iteration over the fields yourself instead and directly check the values in the test." severity="error"/><error line="267" message="Call to deprecated method assertFieldsByValue() of class Drupal\Tests\BrowserTestBase. Deprecated in drupal:8.3.0 and is removed from drupal:10.0.0. Use iteration over the fields yourself instead and directly check the values in the test." severity="error"/><error line="268" message="Call to deprecated method assertFieldsByValue() of class Drupal\Tests\BrowserTestBase. Deprecated in drupal:8.3.0 and is removed from drupal:10.0.0. Use iteration over the fields yourself instead and directly check the values in the test." severity="error"/><error line="269" message="Call to deprecated method assertFieldsByValue() of class Drupal\Tests\BrowserTestBase. Deprecated in drupal:8.3.0 and is removed from drupal:10.0.0. Use iteration over the fields yourself instead and directly check the values in the test." severity="error"/><error line="270" message="Call to deprecated method assertFieldsByValue() of class Drupal\Tests\BrowserTestBase. Deprecated in drupal:8.3.0 and is removed from drupal:10.0.0. Use iteration over the fields yourself instead and directly check the values in the test." severity="error"/><error line="271" message="Call to deprecated method assertFieldsByValue() of class Drupal\Tests\BrowserTestBase. Deprecated in drupal:8.3.0 and is removed from drupal:10.0.0. Use iteration over the fields yourself instead and directly check the values in the test." severity="error"/><error line="275" message="Call to deprecated method assertFieldsByValue() of class Drupal\Tests\BrowserTestBase. Deprecated in drupal:8.3.0 and is removed from drupal:10.0.0. Use iteration over the fields yourself instead and directly check the values in the test." severity="error"/><error line="276" message="Call to deprecated method assertFieldsByValue() of class Drupal\Tests\BrowserTestBase. Deprecated in drupal:8.3.0 and is removed from drupal:10.0.0. Use iteration over the fields yourself instead and directly check the values in the test." severity="error"/><error line="295" message="Call to deprecated method assertFieldsByValue() of class Drupal\Tests\BrowserTestBase. Deprecated in drupal:8.3.0 and is removed from drupal:10.0.0. Use iteration over the fields yourself instead and directly check the values in the test." severity="error"/><error line="296" message="Call to deprecated method assertFieldsByValue() of class Drupal\Tests\BrowserTestBase. Deprecated in drupal:8.3.0 and is removed from drupal:10.0.0. Use iteration over the fields yourself instead and directly check the values in the test." severity="error"/><error line="297" message="Call to deprecated method assertFieldsByValue() of class Drupal\Tests\BrowserTestBase. Deprecated in drupal:8.3.0 and is removed from drupal:10.0.0. Use iteration over the fields yourself instead and directly check the values in the test." severity="error"/><error line="298" message="Call to deprecated method assertFieldsByValue() of class Drupal\Tests\BrowserTestBase. Deprecated in drupal:8.3.0 and is removed from drupal:10.0.0. Use iteration over the fields yourself instead and directly check the values in the test." severity="error"/><error line="299" message="Call to deprecated method assertFieldsByValue() of class Drupal\Tests\BrowserTestBase. Deprecated in drupal:8.3.0 and is removed from drupal:10.0.0. Use iteration over the fields yourself instead and directly check the values in the test." severity="error"/><error line="300" message="Call to deprecated method assertFieldsByValue() of class Drupal\Tests\BrowserTestBase. Deprecated in drupal:8.3.0 and is removed from drupal:10.0.0. Use iteration over the fields yourself instead and directly check the values in the test." severity="error"/><error line="304" message="Call to deprecated method assertFieldsByValue() of class Drupal\Tests\BrowserTestBase. Deprecated in drupal:8.3.0 and is removed from drupal:10.0.0. Use iteration over the fields yourself instead and directly check the values in the test." severity="error"/><error line="305" message="Call to deprecated method assertFieldsByValue() of class Drupal\Tests\BrowserTestBase. Deprecated in drupal:8.3.0 and is removed from drupal:10.0.0. Use iteration over the fields yourself instead and directly check the values in the test." severity="error"/><error line="338" message="Call to deprecated method assertFieldsByValue() of class Drupal\Tests\BrowserTestBase. Deprecated in drupal:8.3.0 and is removed from drupal:10.0.0. Use iteration over the fields yourself instead and directly check the values in the test." severity="error"/><error line="339" message="Call to deprecated method assertFieldsByValue() of class Drupal\Tests\BrowserTestBase. Deprecated in drupal:8.3.0 and is removed from drupal:10.0.0. Use iteration over the fields yourself instead and directly check the values in the test." severity="error"/><error line="340" message="Call to deprecated method assertFieldsByValue() of class Drupal\Tests\BrowserTestBase. Deprecated in drupal:8.3.0 and is removed from drupal:10.0.0. Use iteration over the fields yourself instead and directly check the values in the test." severity="error"/><error line="341" message="Call to deprecated method assertFieldsByValue() of class Drupal\Tests\BrowserTestBase. Deprecated in drupal:8.3.0 and is removed from drupal:10.0.0. Use iteration over the fields yourself instead and directly check the values in the test." severity="error"/><error line="342" message="Call to deprecated method assertFieldsByValue() of class Drupal\Tests\BrowserTestBase. Deprecated in drupal:8.3.0 and is removed from drupal:10.0.0. Use iteration over the fields yourself instead and directly check the values in the test." severity="error"/><error line="343" message="Call to deprecated method assertFieldsByValue() of class Drupal\Tests\BrowserTestBase. Deprecated in drupal:8.3.0 and is removed from drupal:10.0.0. Use iteration over the fields yourself instead and directly check the values in the test." severity="error"/><error line="344" message="Call to deprecated method assertFieldsByValue() of class Drupal\Tests\BrowserTestBase. Deprecated in drupal:8.3.0 and is removed from drupal:10.0.0. Use iteration over the fields yourself instead and directly check the values in the test." severity="error"/><error line="345" message="Call to deprecated method assertFieldsByValue() of class Drupal\Tests\BrowserTestBase. Deprecated in drupal:8.3.0 and is removed from drupal:10.0.0. Use iteration over the fields yourself instead and directly check the values in the test." severity="error"/></file><file name="modules/contrib/datetime_extras/tests/src/Kernel/DateConfigurableListWidgetTest.php"><error line="17" message="Usage of deprecated trait Drupal\Tests\Traits\ExpectDeprecationTrait in class Drupal\Tests\datetime_extras\Kernel\DateConfigurableListWidgetTest. Deprecated in drupal:9.1.0 and is removed from drupal:10.0.0. Use \Symfony\Bridge\PhpUnit\ExpectDeprecationTrait instead." severity="error"/></file><file name="modules/contrib/datetime_extras/datetime_extras.info.yml"><error line="0" message="Value of core_version_requirement: ^8 || ^9 is not compatible with the next major version of Drupal core. See https://drupal.org/node/3070687." severity="error"/></file><file name="modules/contrib/datetime_extras/composer.json"><error line="0" message="The drupal/core requirement is not compatible with the next major version of Drupal. Either remove it or update it to be compatible. See https://drupal.org/node/2514612#s-drupal-9-compatibility." severity="error"/></file></checkstyle>

