<?xml version="1.0"?>
<checkstyle><file name="modules/contrib/google_analytics/tests/src/Functional/GoogleAnalyticsBasicTest.php"><error line="91" message="Call to deprecated method assertNoFieldByXPath() of class Drupal\Tests\BrowserTestBase. Deprecated in drupal:8.3.0 and is removed from drupal:10.0.0. Use $this-&gt;xpath() instead and assert that the result is empty." severity="error"/><error line="92" message="Call to deprecated method assertNoFieldByXPath() of class Drupal\Tests\BrowserTestBase. Deprecated in drupal:8.3.0 and is removed from drupal:10.0.0. Use $this-&gt;xpath() instead and assert that the result is empty." severity="error"/><error line="93" message="Call to deprecated method assertNoFieldByXPath() of class Drupal\Tests\BrowserTestBase. Deprecated in drupal:8.3.0 and is removed from drupal:10.0.0. Use $this-&gt;xpath() instead and assert that the result is empty." severity="error"/><error line="103" message="Call to deprecated method assertNoFieldByXPath() of class Drupal\Tests\BrowserTestBase. Deprecated in drupal:8.3.0 and is removed from drupal:10.0.0. Use $this-&gt;xpath() instead and assert that the result is empty." severity="error"/><error line="104" message="Call to deprecated method assertFieldByXPath() of class Drupal\Tests\BrowserTestBase. Deprecated in drupal:8.3.0 and is removed from drupal:10.0.0. Use $this-&gt;xpath() instead and check the values directly in the test." severity="error"/><error line="105" message="Call to deprecated method assertFieldByXPath() of class Drupal\Tests\BrowserTestBase. Deprecated in drupal:8.3.0 and is removed from drupal:10.0.0. Use $this-&gt;xpath() instead and check the values directly in the test." severity="error"/></file><file name="modules/contrib/google_analytics/tests/src/Functional/GoogleAnalyticsCustomDimensionsAndMetricsTest.php"><error line="131" message="Call to deprecated method verbose() of class Drupal\Tests\BrowserTestBase. Deprecated in drupal:9.2.0 and is removed from drupal:10.0.0. Use dump() instead." severity="error"/><error line="212" message="Call to deprecated method verbose() of class Drupal\Tests\BrowserTestBase. Deprecated in drupal:9.2.0 and is removed from drupal:10.0.0. Use dump() instead." severity="error"/></file></checkstyle>

