<?xml version="1.0"?>
<checkstyle><file name="modules/contrib/big_pipe_sessionless/src/Render/BigPipeSessionless.php"><error line="118" message="Symfony\Component\HttpFoundation\RequestStack::getMasterRequest() is deprecated in drupal:9.3.0 and is removed from drupal:10.0.0 for Symfony 6 compatibility. Use the forward compatibility shim class Drupal\Core\Http\RequestStack and its getMainRequest() method instead." severity="error"/></file><file name="modules/contrib/big_pipe_sessionless/tests/modules/big_pipe_sessionless_test/src/BigPipeSessionlessTestController.php"><error line="16" message="Symfony\Component\HttpFoundation\RequestStack::getMasterRequest() is deprecated in drupal:9.3.0 and is removed from drupal:10.0.0 for Symfony 6 compatibility. Use the forward compatibility shim class Drupal\Core\Http\RequestStack and its getMainRequest() method instead." severity="error"/></file><file name="modules/contrib/big_pipe_sessionless/tests/src/Functional/BigPipeSessionlessTest.php"><error line="61" message="Call to deprecated method pass() of class Drupal\Tests\BrowserTestBase. Deprecated in drupal:8.0.0 and is removed from drupal:10.0.0. PHPUnit interrupts a test as soon as a test assertion fails, so there is usually no need to call this method. If a test's logic relies on this method, refactor the test." severity="error"/><error line="70" message="Call to deprecated method pass() of class Drupal\Tests\BrowserTestBase. Deprecated in drupal:8.0.0 and is removed from drupal:10.0.0. PHPUnit interrupts a test as soon as a test assertion fails, so there is usually no need to call this method. If a test's logic relies on this method, refactor the test." severity="error"/><error line="72" message="Call to deprecated method drupalGetHeader() of class Drupal\Tests\BrowserTestBase. Deprecated in drupal:9.2.0 and is removed from drupal:10.0.0. Use $this-&gt;getSession()-&gt;getResponseHeader() instead." severity="error"/><error line="75" message="Call to deprecated method assertRaw() of class Drupal\Tests\BrowserTestBase. Deprecated in drupal:8.2.0 and is removed from drupal:10.0.0. Use $this-&gt;assertSession()-&gt;responseContains() instead." severity="error"/><error line="76" message="Call to deprecated method assertRaw() of class Drupal\Tests\BrowserTestBase. Deprecated in drupal:8.2.0 and is removed from drupal:10.0.0. Use $this-&gt;assertSession()-&gt;responseContains() instead." severity="error"/><error line="88" message="Call to deprecated method pass() of class Drupal\Tests\BrowserTestBase. Deprecated in drupal:8.0.0 and is removed from drupal:10.0.0. PHPUnit interrupts a test as soon as a test assertion fails, so there is usually no need to call this method. If a test's logic relies on this method, refactor the test." severity="error"/><error line="89" message="Call to deprecated method assertEqual() of class Drupal\Tests\BrowserTestBase. Deprecated in drupal:8.0.0 and is removed from drupal:10.0.0. Use $this-&gt;assertEquals() instead." severity="error"/><error line="89" message="Call to deprecated method drupalGetHeader() of class Drupal\Tests\BrowserTestBase. Deprecated in drupal:9.2.0 and is removed from drupal:10.0.0. Use $this-&gt;getSession()-&gt;getResponseHeader() instead." severity="error"/><error line="90" message="Call to deprecated method pass() of class Drupal\Tests\BrowserTestBase. Deprecated in drupal:8.0.0 and is removed from drupal:10.0.0. PHPUnit interrupts a test as soon as a test assertion fails, so there is usually no need to call this method. If a test's logic relies on this method, refactor the test." severity="error"/><error line="92" message="Call to deprecated method assertNoRaw() of class Drupal\Tests\BrowserTestBase. Deprecated in drupal:8.2.0 and is removed from drupal:10.0.0. Use $this-&gt;assertSession()-&gt;responseNotContains() instead." severity="error"/><error line="94" message="Call to deprecated method assertNoRaw() of class Drupal\Tests\BrowserTestBase. Deprecated in drupal:8.2.0 and is removed from drupal:10.0.0. Use $this-&gt;assertSession()-&gt;responseNotContains() instead." severity="error"/><error line="96" message="Call to deprecated method pass() of class Drupal\Tests\BrowserTestBase. Deprecated in drupal:8.0.0 and is removed from drupal:10.0.0. PHPUnit interrupts a test as soon as a test assertion fails, so there is usually no need to call this method. If a test's logic relies on this method, refactor the test." severity="error"/><error line="99" message="Call to deprecated method assertRaw() of class Drupal\Tests\BrowserTestBase. Deprecated in drupal:8.2.0 and is removed from drupal:10.0.0. Use $this-&gt;assertSession()-&gt;responseContains() instead." severity="error"/><error line="101" message="Call to deprecated method pass() of class Drupal\Tests\BrowserTestBase. Deprecated in drupal:8.0.0 and is removed from drupal:10.0.0. PHPUnit interrupts a test as soon as a test assertion fails, so there is usually no need to call this method. If a test's logic relies on this method, refactor the test." severity="error"/><error line="103" message="Call to deprecated method assertIdentical() of class Drupal\Tests\BrowserTestBase. Deprecated in drupal:8.0.0 and is removed from drupal:10.0.0. Use $this-&gt;assertSame() instead." severity="error"/><error line="103" message="Call to deprecated method drupalGetHeader() of class Drupal\Tests\BrowserTestBase. Deprecated in drupal:9.2.0 and is removed from drupal:10.0.0. Use $this-&gt;getSession()-&gt;getResponseHeader() instead." severity="error"/><error line="104" message="Call to deprecated method assertIdentical() of class Drupal\Tests\BrowserTestBase. Deprecated in drupal:8.0.0 and is removed from drupal:10.0.0. Use $this-&gt;assertSame() instead." severity="error"/><error line="104" message="Call to deprecated method drupalGetHeader() of class Drupal\Tests\BrowserTestBase. Deprecated in drupal:9.2.0 and is removed from drupal:10.0.0. Use $this-&gt;getSession()-&gt;getResponseHeader() instead." severity="error"/><error line="105" message="Call to deprecated method drupalGetHeader() of class Drupal\Tests\BrowserTestBase. Deprecated in drupal:9.2.0 and is removed from drupal:10.0.0. Use $this-&gt;getSession()-&gt;getResponseHeader() instead." severity="error"/><error line="106" message="Call to deprecated method drupalGetHeader() of class Drupal\Tests\BrowserTestBase. Deprecated in drupal:9.2.0 and is removed from drupal:10.0.0. Use $this-&gt;getSession()-&gt;getResponseHeader() instead." severity="error"/><error line="107" message="Call to deprecated method assertCacheTag() of class Drupal\Tests\BrowserTestBase. Deprecated in drupal:8.2.0 and is removed from drupal:10.0.0. Use $this-&gt;assertSession()-&gt;responseHeaderContains() instead." severity="error"/><error line="108" message="Call to deprecated method assertRaw() of class Drupal\Tests\BrowserTestBase. Deprecated in drupal:8.2.0 and is removed from drupal:10.0.0. Use $this-&gt;assertSession()-&gt;responseContains() instead." severity="error"/><error line="109" message="Call to deprecated method assertRaw() of class Drupal\Tests\BrowserTestBase. Deprecated in drupal:8.2.0 and is removed from drupal:10.0.0. Use $this-&gt;assertSession()-&gt;responseContains() instead." severity="error"/><error line="119" message="Call to deprecated method pass() of class Drupal\Tests\BrowserTestBase. Deprecated in drupal:8.0.0 and is removed from drupal:10.0.0. PHPUnit interrupts a test as soon as a test assertion fails, so there is usually no need to call this method. If a test's logic relies on this method, refactor the test." severity="error"/><error line="123" message="Call to deprecated method assertRaw() of class Drupal\Tests\BrowserTestBase. Deprecated in drupal:8.2.0 and is removed from drupal:10.0.0. Use $this-&gt;assertSession()-&gt;responseContains() instead." severity="error"/><error line="124" message="Call to deprecated method assertRaw() of class Drupal\Tests\BrowserTestBase. Deprecated in drupal:8.2.0 and is removed from drupal:10.0.0. Use $this-&gt;assertSession()-&gt;responseContains() instead." severity="error"/><error line="126" message="Call to deprecated method assertNoRaw() of class Drupal\Tests\BrowserTestBase. Deprecated in drupal:8.2.0 and is removed from drupal:10.0.0. Use $this-&gt;assertSession()-&gt;responseNotContains() instead." severity="error"/></file><file name="modules/contrib/big_pipe_sessionless/big_pipe_sessionless.info.yml"><error line="0" message="Value of core_version_requirement: ^9 is not compatible with the next major version of Drupal core. See https://drupal.org/node/3070687." severity="error"/></file></checkstyle>

