<?xml version="1.0"?>
<checkstyle><file name="modules/contrib/butils/src/EventSubscriber/DebugLog.php"><error line="38" message="Parameter $event of method Drupal\butils\EventSubscriber\DebugLog::onTerminate() has typehint with deprecated class Symfony\Component\HttpKernel\Event\PostResponseEvent: since Symfony 4.3, use TerminateEvent instead" severity="error"/></file><file name="modules/contrib/butils/src/FieldTrait.php (in context of class Drupal\butils\BUtils)"><error line="82" message="Call to deprecated function render(). Deprecated in drupal:9.3.0 and is removed from drupal:10.0.0. Use Drupal\Core\Render\RendererInterface::render() instead." severity="error"/><error line="85" message="Call to deprecated function render(). Deprecated in drupal:9.3.0 and is removed from drupal:10.0.0. Use Drupal\Core\Render\RendererInterface::render() instead." severity="error"/></file><file name="modules/contrib/butils/src/FileTrait.php (in context of class Drupal\butils\BUtils)"><error line="81" message="Call to deprecated function file_create_url(). Deprecated in drupal:9.3.0 and is removed from drupal:10.0.0. Use the appropriate method on \Drupal\Core\File\FileUrlGeneratorInterface instead." severity="error"/><error line="81" message="Call to deprecated function file_url_transform_relative(). Deprecated in drupal:9.3.0 and is removed from drupal:10.0.0. Use Drupal\Core\File\FileUrlGenerator::transformRelative() instead." severity="error"/></file><file name="modules/contrib/butils/src/MediaTrait.php (in context of class Drupal\butils\BUtils)"><error line="24" message="Missing explicit access check on entity query." severity="error"/></file><file name="modules/contrib/butils/src/TaxonomyTrait.php (in context of class Drupal\butils\BUtils)"><error line="63" message="Missing explicit access check on entity query." severity="error"/><error line="110" message="Missing explicit access check on entity query." severity="error"/></file><file name="modules/contrib/butils/tests/src/Functional/LoadTest.php"><error line="13" message="Drupal\Tests\BrowserTestBase::$defaultTheme is required. See https://www.drupal.org/node/3083055, which includes recommendations on which theme to use." severity="error"/><error line="43" message="Call to deprecated method assertResponse() of class Drupal\Tests\BrowserTestBase. Deprecated in drupal:8.2.0 and is removed from drupal:10.0.0. Use $this-&gt;assertSession()-&gt;statusCodeEquals() instead." severity="error"/></file><file name="modules/contrib/butils/butils.info.yml"><error line="0" message="Value of core_version_requirement: ^8 || ^9 is not compatible with the next major version of Drupal core. See https://drupal.org/node/3070687." severity="error"/></file></checkstyle>

