<?xml version="1.0"?>
<checkstyle><file name="modules/contrib/ckeditor_accessibility_auditor/src/Plugin/CKEditorPlugin/HTMLCodeSniffer.php"><error line="50" message="Call to deprecated function drupal_get_path(). Deprecated in drupal:9.3.0 and is removed from drupal:10.0.0. Use Drupal\Core\Extension\ExtensionPathResolver::getPath() instead." severity="error"/><error line="60" message="Call to deprecated function drupal_get_path(). Deprecated in drupal:9.3.0 and is removed from drupal:10.0.0. Use Drupal\Core\Extension\ExtensionPathResolver::getPath() instead." severity="error"/></file><file name="modules/contrib/ckeditor_accessibility_auditor/tests/src/FunctionalJavascript/HTMLCodeSnifferTest.php"><error line="18" message="Drupal\Tests\BrowserTestBase::$defaultTheme is required. See https://www.drupal.org/node/3083055, which includes recommendations on which theme to use." severity="error"/><error line="118" message="Call to deprecated function drupal_get_path(). Deprecated in drupal:9.3.0 and is removed from drupal:10.0.0. Use Drupal\Core\Extension\ExtensionPathResolver::getPath() instead." severity="error"/><error line="118" message="Call to deprecated function file_create_url(). Deprecated in drupal:9.3.0 and is removed from drupal:10.0.0. Use the appropriate method on \Drupal\Core\File\FileUrlGeneratorInterface instead." severity="error"/><error line="118" message="Call to deprecated function file_url_transform_relative(). Deprecated in drupal:9.3.0 and is removed from drupal:10.0.0. Use Drupal\Core\File\FileUrlGenerator::transformRelative() instead." severity="error"/><error line="119" message="Call to deprecated method assertRaw() of class Drupal\Tests\BrowserTestBase. Deprecated in drupal:8.2.0 and is removed from drupal:10.0.0. Use $this-&gt;assertSession()-&gt;responseContains() instead." severity="error"/><error line="135" message="Call to deprecated method assertRaw() of class Drupal\Tests\BrowserTestBase. Deprecated in drupal:8.2.0 and is removed from drupal:10.0.0. Use $this-&gt;assertSession()-&gt;responseContains() instead." severity="error"/><error line="136" message="Call to deprecated method assertRaw() of class Drupal\Tests\BrowserTestBase. Deprecated in drupal:8.2.0 and is removed from drupal:10.0.0. Use $this-&gt;assertSession()-&gt;responseContains() instead." severity="error"/><error line="137" message="Call to deprecated method drupalPostForm() of class Drupal\Tests\BrowserTestBase. Deprecated in drupal:9.1.0 and is removed from drupal:10.0.0. Use $this-&gt;submitForm() instead." severity="error"/><error line="138" message="Call to deprecated method assertRaw() of class Drupal\Tests\BrowserTestBase. Deprecated in drupal:8.2.0 and is removed from drupal:10.0.0. Use $this-&gt;assertSession()-&gt;responseContains() instead." severity="error"/><error line="150" message="Call to deprecated method assertRaw() of class Drupal\Tests\BrowserTestBase. Deprecated in drupal:8.2.0 and is removed from drupal:10.0.0. Use $this-&gt;assertSession()-&gt;responseContains() instead." severity="error"/></file><file name="modules/contrib/ckeditor_accessibility_auditor/ckeditor_accessibility_auditor.info.yml"><error line="0" message="Value of core_version_requirement: ^8 || ^9 is not compatible with the next major version of Drupal core. See https://drupal.org/node/3070687." severity="error"/></file></checkstyle>

