<?xml version="1.0"?>
<checkstyle><file name="modules/contrib/content_access/content_access.module"><error line="567" message="Call to deprecated function module_load_include(). Deprecated in drupal:9.4.0 and is removed from drupal:11.0.0. Use Drupal::moduleHandler()-&gt;loadInclude($module, $type, $name = NULL). Note that including code from uninstalled extensions is no longer supported." severity="info"/><error line="567" message="File modules/contrib/content_access/content_access.admin.inc could not be loaded from module_load_include." severity="error"/></file><file name="modules/contrib/content_access/tests/src/Functional/ContentAccessAclTest.php"><error line="61" message="Call to deprecated method pass() of class Drupal\Tests\BrowserTestBase. Deprecated in drupal:8.0.0 and is removed from drupal:10.0.0. PHPUnit interrupts a test as soon as a test assertion fails, so there is usually no need to call this method. If a test's logic relies on this method, refactor the test." severity="error"/><error line="105" message="Call to deprecated method pass() of class Drupal\Tests\BrowserTestBase. Deprecated in drupal:8.0.0 and is removed from drupal:10.0.0. PHPUnit interrupts a test as soon as a test assertion fails, so there is usually no need to call this method. If a test's logic relies on this method, refactor the test." severity="error"/><error line="157" message="Call to deprecated method pass() of class Drupal\Tests\BrowserTestBase. Deprecated in drupal:8.0.0 and is removed from drupal:10.0.0. PHPUnit interrupts a test as soon as a test assertion fails, so there is usually no need to call this method. If a test's logic relies on this method, refactor the test." severity="error"/><error line="203" message="Call to deprecated method pass() of class Drupal\Tests\BrowserTestBase. Deprecated in drupal:8.0.0 and is removed from drupal:10.0.0. PHPUnit interrupts a test as soon as a test assertion fails, so there is usually no need to call this method. If a test's logic relies on this method, refactor the test." severity="error"/></file><file name="modules/contrib/content_access/tests/src/Functional/ContentAccessTinyTest.php"><error line="61" message="Call to deprecated method pass() of class Drupal\Tests\BrowserTestBase. Deprecated in drupal:8.0.0 and is removed from drupal:10.0.0. PHPUnit interrupts a test as soon as a test assertion fails, so there is usually no need to call this method. If a test's logic relies on this method, refactor the test." severity="error"/><error line="105" message="Call to deprecated method pass() of class Drupal\Tests\BrowserTestBase. Deprecated in drupal:8.0.0 and is removed from drupal:10.0.0. PHPUnit interrupts a test as soon as a test assertion fails, so there is usually no need to call this method. If a test's logic relies on this method, refactor the test." severity="error"/></file><file name="modules/contrib/content_access/content_access.info.yml"><error line="0" message="Value of core_version_requirement: ^8.8 || ^9 is not compatible with the next major version of Drupal core. See https://drupal.org/node/3070687." severity="error"/></file></checkstyle>

