<?xml version="1.0"?>
<checkstyle><file name="modules/contrib/features/drush/features.drush8.inc"><error line="148" message="Call to deprecated function drush_log()." severity="error"/><error line="258" message="Call to deprecated function drush_log()." severity="error"/><error line="288" message="Call to deprecated function drush_log()." severity="error"/><error line="352" message="Call to deprecated function drush_log()." severity="error"/><error line="425" message="Call to deprecated function drush_log()." severity="error"/><error line="495" message="Call to deprecated function drush_log()." severity="error"/><error line="615" message="Call to deprecated function drush_log()." severity="error"/><error line="620" message="Call to deprecated function drush_log()." severity="error"/><error line="641" message="Call to deprecated function drush_log()." severity="error"/><error line="661" message="Call to deprecated function drush_log()." severity="error"/><error line="664" message="Call to deprecated function drush_log()." severity="error"/><error line="667" message="Call to deprecated function drush_log()." severity="error"/><error line="670" message="Call to deprecated function drush_log()." severity="error"/></file><file name="modules/contrib/features/modules/features_ui/tests/src/Functional/FeaturesBundleUiTest.php"><error line="94" message="Call to deprecated method assertFieldChecked() of class Drupal\Tests\BrowserTestBase. Deprecated in drupal:8.2.0 and is removed from drupal:10.0.0. Use $this-&gt;assertSession()-&gt;checkboxChecked() instead." severity="error"/><error line="95" message="Call to deprecated method assertNoFieldChecked() of class Drupal\Tests\BrowserTestBase. Deprecated in drupal:8.2.0 and is removed from drupal:10.0.0. Use $this-&gt;assertSession()-&gt;checkboxNotChecked() instead." severity="error"/><error line="96" message="Call to deprecated method assertNoFieldChecked() of class Drupal\Tests\BrowserTestBase. Deprecated in drupal:8.2.0 and is removed from drupal:10.0.0. Use $this-&gt;assertSession()-&gt;checkboxNotChecked() instead." severity="error"/><error line="97" message="Call to deprecated method assertFieldChecked() of class Drupal\Tests\BrowserTestBase. Deprecated in drupal:8.2.0 and is removed from drupal:10.0.0. Use $this-&gt;assertSession()-&gt;checkboxChecked() instead." severity="error"/><error line="98" message="Call to deprecated method assertFieldChecked() of class Drupal\Tests\BrowserTestBase. Deprecated in drupal:8.2.0 and is removed from drupal:10.0.0. Use $this-&gt;assertSession()-&gt;checkboxChecked() instead." severity="error"/><error line="101" message="Call to deprecated method drupalPostForm() of class Drupal\Tests\BrowserTestBase. Deprecated in drupal:9.1.0 and is removed from drupal:10.0.0. Use $this-&gt;submitForm() instead." severity="error"/><error line="110" message="Call to deprecated method assertFieldChecked() of class Drupal\Tests\BrowserTestBase. Deprecated in drupal:8.2.0 and is removed from drupal:10.0.0. Use $this-&gt;assertSession()-&gt;checkboxChecked() instead." severity="error"/><error line="111" message="Call to deprecated method assertFieldChecked() of class Drupal\Tests\BrowserTestBase. Deprecated in drupal:8.2.0 and is removed from drupal:10.0.0. Use $this-&gt;assertSession()-&gt;checkboxChecked() instead." severity="error"/><error line="112" message="Call to deprecated method assertNoFieldChecked() of class Drupal\Tests\BrowserTestBase. Deprecated in drupal:8.2.0 and is removed from drupal:10.0.0. Use $this-&gt;assertSession()-&gt;checkboxNotChecked() instead." severity="error"/><error line="113" message="Call to deprecated method assertFieldChecked() of class Drupal\Tests\BrowserTestBase. Deprecated in drupal:8.2.0 and is removed from drupal:10.0.0. Use $this-&gt;assertSession()-&gt;checkboxChecked() instead." severity="error"/><error line="114" message="Call to deprecated method assertNoFieldChecked() of class Drupal\Tests\BrowserTestBase. Deprecated in drupal:8.2.0 and is removed from drupal:10.0.0. Use $this-&gt;assertSession()-&gt;checkboxNotChecked() instead." severity="error"/><error line="146" message="Call to deprecated method assertNoFieldChecked() of class Drupal\Tests\BrowserTestBase. Deprecated in drupal:8.2.0 and is removed from drupal:10.0.0. Use $this-&gt;assertSession()-&gt;checkboxNotChecked() instead." severity="error"/><error line="147" message="Call to deprecated method assertNoFieldChecked() of class Drupal\Tests\BrowserTestBase. Deprecated in drupal:8.2.0 and is removed from drupal:10.0.0. Use $this-&gt;assertSession()-&gt;checkboxNotChecked() instead." severity="error"/><error line="148" message="Call to deprecated method assertNoFieldChecked() of class Drupal\Tests\BrowserTestBase. Deprecated in drupal:8.2.0 and is removed from drupal:10.0.0. Use $this-&gt;assertSession()-&gt;checkboxNotChecked() instead." severity="error"/><error line="149" message="Call to deprecated method assertNoFieldChecked() of class Drupal\Tests\BrowserTestBase. Deprecated in drupal:8.2.0 and is removed from drupal:10.0.0. Use $this-&gt;assertSession()-&gt;checkboxNotChecked() instead." severity="error"/><error line="150" message="Call to deprecated method assertNoFieldChecked() of class Drupal\Tests\BrowserTestBase. Deprecated in drupal:8.2.0 and is removed from drupal:10.0.0. Use $this-&gt;assertSession()-&gt;checkboxNotChecked() instead." severity="error"/><error line="154" message="Call to deprecated method assertNoFieldChecked() of class Drupal\Tests\BrowserTestBase. Deprecated in drupal:8.2.0 and is removed from drupal:10.0.0. Use $this-&gt;assertSession()-&gt;checkboxNotChecked() instead." severity="error"/><error line="155" message="Call to deprecated method drupalPostForm() of class Drupal\Tests\BrowserTestBase. Deprecated in drupal:9.1.0 and is removed from drupal:10.0.0. Use $this-&gt;submitForm() instead." severity="error"/><error line="158" message="Call to deprecated method assertFieldChecked() of class Drupal\Tests\BrowserTestBase. Deprecated in drupal:8.2.0 and is removed from drupal:10.0.0. Use $this-&gt;assertSession()-&gt;checkboxChecked() instead." severity="error"/><error line="173" message="Call to deprecated method drupalPostForm() of class Drupal\Tests\BrowserTestBase. Deprecated in drupal:9.1.0 and is removed from drupal:10.0.0. Use $this-&gt;submitForm() instead." severity="error"/><error line="182" message="Call to deprecated method assertNoFieldChecked() of class Drupal\Tests\BrowserTestBase. Deprecated in drupal:8.2.0 and is removed from drupal:10.0.0. Use $this-&gt;assertSession()-&gt;checkboxNotChecked() instead." severity="error"/><error line="183" message="Call to deprecated method assertFieldChecked() of class Drupal\Tests\BrowserTestBase. Deprecated in drupal:8.2.0 and is removed from drupal:10.0.0. Use $this-&gt;assertSession()-&gt;checkboxChecked() instead." severity="error"/><error line="184" message="Call to deprecated method assertNoFieldChecked() of class Drupal\Tests\BrowserTestBase. Deprecated in drupal:8.2.0 and is removed from drupal:10.0.0. Use $this-&gt;assertSession()-&gt;checkboxNotChecked() instead." severity="error"/><error line="185" message="Call to deprecated method assertFieldChecked() of class Drupal\Tests\BrowserTestBase. Deprecated in drupal:8.2.0 and is removed from drupal:10.0.0. Use $this-&gt;assertSession()-&gt;checkboxChecked() instead." severity="error"/><error line="186" message="Call to deprecated method assertNoFieldChecked() of class Drupal\Tests\BrowserTestBase. Deprecated in drupal:8.2.0 and is removed from drupal:10.0.0. Use $this-&gt;assertSession()-&gt;checkboxNotChecked() instead." severity="error"/></file><file name="modules/contrib/features/modules/features_ui/tests/src/Functional/FeaturesCreateUiTest.php"><error line="48" message="Call to deprecated method assertResponse() of class Drupal\Tests\BrowserTestBase. Deprecated in drupal:8.2.0 and is removed from drupal:10.0.0. Use $this-&gt;assertSession()-&gt;statusCodeEquals() instead." severity="error"/><error line="58" message="Call to deprecated method drupalPostForm() of class Drupal\Tests\BrowserTestBase. Deprecated in drupal:9.1.0 and is removed from drupal:10.0.0. Use $this-&gt;submitForm() instead." severity="error"/><error line="60" message="Call to deprecated method assertResponse() of class Drupal\Tests\BrowserTestBase. Deprecated in drupal:8.2.0 and is removed from drupal:10.0.0. Use $this-&gt;assertSession()-&gt;statusCodeEquals() instead." severity="error"/><error line="61" message="Call to deprecated method getRawContent() of class Drupal\Tests\BrowserTestBase. Deprecated in drupal:8.2.0 and is removed from drupal:10.0.0. Use $this-&gt;getSession()-&gt;getPage()-&gt;getContent() instead." severity="error"/><error line="92" message="Call to deprecated method assertLink() of class Drupal\Tests\BrowserTestBase. Deprecated in drupal:8.2.0 and is removed from drupal:10.0.0. Use $this-&gt;assertSession()-&gt;linkExists() instead." severity="error"/><error line="97" message="Call to deprecated method assertRaw() of class Drupal\Tests\BrowserTestBase. Deprecated in drupal:8.2.0 and is removed from drupal:10.0.0. Use $this-&gt;assertSession()-&gt;responseContains() instead." severity="error"/><error line="107" message="Call to deprecated method drupalPostForm() of class Drupal\Tests\BrowserTestBase. Deprecated in drupal:9.1.0 and is removed from drupal:10.0.0. Use $this-&gt;submitForm() instead." severity="error"/><error line="127" message="Call to deprecated method drupalPostForm() of class Drupal\Tests\BrowserTestBase. Deprecated in drupal:9.1.0 and is removed from drupal:10.0.0. Use $this-&gt;submitForm() instead." severity="error"/><error line="148" message="Call to deprecated method drupalPostForm() of class Drupal\Tests\BrowserTestBase. Deprecated in drupal:9.1.0 and is removed from drupal:10.0.0. Use $this-&gt;submitForm() instead." severity="error"/><error line="158" message="Call to deprecated method assertRaw() of class Drupal\Tests\BrowserTestBase. Deprecated in drupal:8.2.0 and is removed from drupal:10.0.0. Use $this-&gt;assertSession()-&gt;responseContains() instead." severity="error"/><error line="159" message="Call to deprecated method assertRaw() of class Drupal\Tests\BrowserTestBase. Deprecated in drupal:8.2.0 and is removed from drupal:10.0.0. Use $this-&gt;assertSession()-&gt;responseContains() instead." severity="error"/><error line="163" message="Call to deprecated method drupalPostForm() of class Drupal\Tests\BrowserTestBase. Deprecated in drupal:9.1.0 and is removed from drupal:10.0.0. Use $this-&gt;submitForm() instead." severity="error"/><error line="183" message="Call to deprecated method drupalPostForm() of class Drupal\Tests\BrowserTestBase. Deprecated in drupal:9.1.0 and is removed from drupal:10.0.0. Use $this-&gt;submitForm() instead." severity="error"/></file><file name="modules/contrib/features/src/FeaturesInstallStorage.php"><error line="116" message="Call to deprecated function drupal_get_filename(). Deprecated in drupal:9.3.0 and is removed from drupal:10.0.0. Use Drupal\Core\Extension\ExtensionPathResolver::getPathname() instead." severity="error"/></file><file name="modules/contrib/features/src/Plugin/FeaturesGeneration/FeaturesGenerationArchive.php"><error line="69" message="The &quot;app.root&quot; service is deprecated in drupal:9.0.0 and is removed from drupal:10.0.0. Use the app.root parameter instead. See https://www.drupal.org/node/3080612" severity="error"/></file><file name="modules/contrib/features/src/Plugin/FeaturesGeneration/FeaturesGenerationWrite.php"><error line="61" message="The &quot;app.root&quot; service is deprecated in drupal:9.0.0 and is removed from drupal:10.0.0. Use the app.root parameter instead. See https://www.drupal.org/node/3080612" severity="error"/></file><file name="modules/contrib/features/tests/src/Unit/FeaturesBundleTest.php"><error line="57" message="Call to deprecated method assertArrayEquals() of class Drupal\Tests\UnitTestCase. Deprecated in drupal:9.1.0 and is removed from drupal:10.0.0. Use ::assertEquals, ::assertEqualsCanonicalizing, or ::assertSame instead." severity="error"/><error line="62" message="Call to deprecated method assertArrayEquals() of class Drupal\Tests\UnitTestCase. Deprecated in drupal:9.1.0 and is removed from drupal:10.0.0. Use ::assertEquals, ::assertEqualsCanonicalizing, or ::assertSame instead." severity="error"/><error line="67" message="Call to deprecated method assertArrayEquals() of class Drupal\Tests\UnitTestCase. Deprecated in drupal:9.1.0 and is removed from drupal:10.0.0. Use ::assertEquals, ::assertEqualsCanonicalizing, or ::assertSame instead." severity="error"/><error line="72" message="Call to deprecated method assertArrayEquals() of class Drupal\Tests\UnitTestCase. Deprecated in drupal:9.1.0 and is removed from drupal:10.0.0. Use ::assertEquals, ::assertEqualsCanonicalizing, or ::assertSame instead." severity="error"/><error line="81" message="Call to deprecated method assertArrayEquals() of class Drupal\Tests\UnitTestCase. Deprecated in drupal:9.1.0 and is removed from drupal:10.0.0. Use ::assertEquals, ::assertEqualsCanonicalizing, or ::assertSame instead." severity="error"/><error line="91" message="Call to deprecated method assertArrayEquals() of class Drupal\Tests\UnitTestCase. Deprecated in drupal:9.1.0 and is removed from drupal:10.0.0. Use ::assertEquals, ::assertEqualsCanonicalizing, or ::assertSame instead." severity="error"/><error line="96" message="Call to deprecated method assertArrayEquals() of class Drupal\Tests\UnitTestCase. Deprecated in drupal:9.1.0 and is removed from drupal:10.0.0. Use ::assertEquals, ::assertEqualsCanonicalizing, or ::assertSame instead." severity="error"/><error line="105" message="Call to deprecated method assertArrayEquals() of class Drupal\Tests\UnitTestCase. Deprecated in drupal:9.1.0 and is removed from drupal:10.0.0. Use ::assertEquals, ::assertEqualsCanonicalizing, or ::assertSame instead." severity="error"/><error line="110" message="Call to deprecated method assertArrayEquals() of class Drupal\Tests\UnitTestCase. Deprecated in drupal:9.1.0 and is removed from drupal:10.0.0. Use ::assertEquals, ::assertEqualsCanonicalizing, or ::assertSame instead." severity="error"/><error line="120" message="Call to deprecated method assertArrayEquals() of class Drupal\Tests\UnitTestCase. Deprecated in drupal:9.1.0 and is removed from drupal:10.0.0. Use ::assertEquals, ::assertEqualsCanonicalizing, or ::assertSame instead." severity="error"/><error line="125" message="Call to deprecated method assertArrayEquals() of class Drupal\Tests\UnitTestCase. Deprecated in drupal:9.1.0 and is removed from drupal:10.0.0. Use ::assertEquals, ::assertEqualsCanonicalizing, or ::assertSame instead." severity="error"/><error line="135" message="Call to deprecated method assertArrayEquals() of class Drupal\Tests\UnitTestCase. Deprecated in drupal:9.1.0 and is removed from drupal:10.0.0. Use ::assertEquals, ::assertEqualsCanonicalizing, or ::assertSame instead." severity="error"/><error line="141" message="Call to deprecated method assertArrayEquals() of class Drupal\Tests\UnitTestCase. Deprecated in drupal:9.1.0 and is removed from drupal:10.0.0. Use ::assertEquals, ::assertEqualsCanonicalizing, or ::assertSame instead." severity="error"/></file><file name="modules/contrib/features/tests/src/Unit/FeaturesManagerTest.php"><error line="234" message="Call to deprecated method assertArrayEquals() of class Drupal\Tests\UnitTestCase. Deprecated in drupal:9.1.0 and is removed from drupal:10.0.0. Use ::assertEquals, ::assertEqualsCanonicalizing, or ::assertSame instead." severity="error"/><error line="245" message="Call to deprecated method assertArrayEquals() of class Drupal\Tests\UnitTestCase. Deprecated in drupal:9.1.0 and is removed from drupal:10.0.0. Use ::assertEquals, ::assertEqualsCanonicalizing, or ::assertSame instead." severity="error"/></file><file name="modules/contrib/features/modules/features_ui/src/Form/AssignmentConfigureForm.php"><error line="190" message="The 'features_ui/drupal.features_ui.admin' library is not defined because the defining extension is not installed. Cannot decide if it is deprecated or not." severity="error"/></file><file name="modules/contrib/features/modules/features_ui/src/Form/AssignmentFormBase.php"><error line="162" message="The 'features_ui/drupal.features_ui.admin' library is not defined because the defining extension is not installed. Cannot decide if it is deprecated or not." severity="error"/></file><file name="modules/contrib/features/modules/features_ui/src/Form/FeaturesDiffForm.php"><error line="181" message="The 'features_ui/drupal.features_ui.admin' library is not defined because the defining extension is not installed. Cannot decide if it is deprecated or not." severity="error"/></file><file name="modules/contrib/features/modules/features_ui/src/Form/FeaturesEditForm.php"><error line="366" message="The 'features_ui/drupal.features_ui.admin' library is not defined because the defining extension is not installed. Cannot decide if it is deprecated or not." severity="error"/></file><file name="modules/contrib/features/modules/features_ui/src/Form/FeaturesExportForm.php"><error line="185" message="The 'features_ui/drupal.features_ui.admin' library is not defined because the defining extension is not installed. Cannot decide if it is deprecated or not." severity="error"/></file><file name="modules/contrib/features/features.info.yml"><error line="0" message="Value of core_version_requirement: ^8.8 || ^9 is not compatible with the next major version of Drupal core. See https://drupal.org/node/3070687." severity="error"/></file><file name="modules/contrib/features/modules/features_ui/features_ui.info.yml"><error line="0" message="Value of core_version_requirement: ^8.8 || ^9 is not compatible with the next major version of Drupal core. See https://drupal.org/node/3070687." severity="error"/></file><file name="modules/contrib/features/tests/modules/test_feature/test_feature.info.yml"><error line="0" message="Value of core_version_requirement: ^8.8 || ^9 is not compatible with the next major version of Drupal core. See https://drupal.org/node/3070687." severity="error"/></file><file name="modules/contrib/features/tests/modules/test_mybundle_core/test_mybundle_core.info.yml"><error line="0" message="Value of core_version_requirement: ^8.9 || ^9 is not compatible with the next major version of Drupal core. See https://drupal.org/node/3070687." severity="error"/></file></checkstyle>

