<?xml version="1.0"?>
<checkstyle><file name="modules/contrib/features/drush/features.drush8.inc"><error line="148" message="Call to deprecated function drush_log()." severity="error"/><error line="258" message="Call to deprecated function drush_log()." severity="error"/><error line="288" message="Call to deprecated function drush_log()." severity="error"/><error line="352" message="Call to deprecated function drush_log()." severity="error"/><error line="425" message="Call to deprecated function drush_log()." severity="error"/><error line="495" message="Call to deprecated function drush_log()." severity="error"/><error line="615" message="Call to deprecated function drush_log()." severity="error"/><error line="620" message="Call to deprecated function drush_log()." severity="error"/><error line="641" message="Call to deprecated function drush_log()." severity="error"/><error line="661" message="Call to deprecated function drush_log()." severity="error"/><error line="664" message="Call to deprecated function drush_log()." severity="error"/><error line="667" message="Call to deprecated function drush_log()." severity="error"/><error line="670" message="Call to deprecated function drush_log()." severity="error"/></file><file name="modules/contrib/features/src/FeaturesInstallStorage.php"><error line="116" message="Call to deprecated function drupal_get_filename(). Deprecated in drupal:9.3.0 and is removed from drupal:10.0.0. Use Drupal\Core\Extension\ExtensionPathResolver::getPathname() instead." severity="error"/></file><file name="modules/contrib/features/src/Plugin/FeaturesGeneration/FeaturesGenerationArchive.php"><error line="69" message="The &quot;app.root&quot; service is deprecated in drupal:9.0.0 and is removed from drupal:10.0.0. Use the app.root parameter instead. See https://www.drupal.org/node/3080612" severity="error"/></file><file name="modules/contrib/features/src/Plugin/FeaturesGeneration/FeaturesGenerationWrite.php"><error line="61" message="The &quot;app.root&quot; service is deprecated in drupal:9.0.0 and is removed from drupal:10.0.0. Use the app.root parameter instead. See https://www.drupal.org/node/3080612" severity="error"/></file><file name="modules/contrib/features/tests/src/Unit/FeaturesBundleTest.php"><error line="59" message="Call to deprecated method assertArrayEquals() of class Drupal\Tests\UnitTestCase. Deprecated in drupal:9.1.0 and is removed from drupal:10.0.0. Use ::assertEquals, ::assertEqualsCanonicalizing, or ::assertSame instead." severity="error"/><error line="64" message="Call to deprecated method assertArrayEquals() of class Drupal\Tests\UnitTestCase. Deprecated in drupal:9.1.0 and is removed from drupal:10.0.0. Use ::assertEquals, ::assertEqualsCanonicalizing, or ::assertSame instead." severity="error"/><error line="69" message="Call to deprecated method assertArrayEquals() of class Drupal\Tests\UnitTestCase. Deprecated in drupal:9.1.0 and is removed from drupal:10.0.0. Use ::assertEquals, ::assertEqualsCanonicalizing, or ::assertSame instead." severity="error"/><error line="74" message="Call to deprecated method assertArrayEquals() of class Drupal\Tests\UnitTestCase. Deprecated in drupal:9.1.0 and is removed from drupal:10.0.0. Use ::assertEquals, ::assertEqualsCanonicalizing, or ::assertSame instead." severity="error"/><error line="83" message="Call to deprecated method assertArrayEquals() of class Drupal\Tests\UnitTestCase. Deprecated in drupal:9.1.0 and is removed from drupal:10.0.0. Use ::assertEquals, ::assertEqualsCanonicalizing, or ::assertSame instead." severity="error"/><error line="93" message="Call to deprecated method assertArrayEquals() of class Drupal\Tests\UnitTestCase. Deprecated in drupal:9.1.0 and is removed from drupal:10.0.0. Use ::assertEquals, ::assertEqualsCanonicalizing, or ::assertSame instead." severity="error"/><error line="98" message="Call to deprecated method assertArrayEquals() of class Drupal\Tests\UnitTestCase. Deprecated in drupal:9.1.0 and is removed from drupal:10.0.0. Use ::assertEquals, ::assertEqualsCanonicalizing, or ::assertSame instead." severity="error"/><error line="107" message="Call to deprecated method assertArrayEquals() of class Drupal\Tests\UnitTestCase. Deprecated in drupal:9.1.0 and is removed from drupal:10.0.0. Use ::assertEquals, ::assertEqualsCanonicalizing, or ::assertSame instead." severity="error"/><error line="112" message="Call to deprecated method assertArrayEquals() of class Drupal\Tests\UnitTestCase. Deprecated in drupal:9.1.0 and is removed from drupal:10.0.0. Use ::assertEquals, ::assertEqualsCanonicalizing, or ::assertSame instead." severity="error"/><error line="122" message="Call to deprecated method assertArrayEquals() of class Drupal\Tests\UnitTestCase. Deprecated in drupal:9.1.0 and is removed from drupal:10.0.0. Use ::assertEquals, ::assertEqualsCanonicalizing, or ::assertSame instead." severity="error"/><error line="127" message="Call to deprecated method assertArrayEquals() of class Drupal\Tests\UnitTestCase. Deprecated in drupal:9.1.0 and is removed from drupal:10.0.0. Use ::assertEquals, ::assertEqualsCanonicalizing, or ::assertSame instead." severity="error"/><error line="137" message="Call to deprecated method assertArrayEquals() of class Drupal\Tests\UnitTestCase. Deprecated in drupal:9.1.0 and is removed from drupal:10.0.0. Use ::assertEquals, ::assertEqualsCanonicalizing, or ::assertSame instead." severity="error"/><error line="143" message="Call to deprecated method assertArrayEquals() of class Drupal\Tests\UnitTestCase. Deprecated in drupal:9.1.0 and is removed from drupal:10.0.0. Use ::assertEquals, ::assertEqualsCanonicalizing, or ::assertSame instead." severity="error"/></file><file name="modules/contrib/features/tests/src/Unit/FeaturesManagerTest.php"><error line="236" message="Call to deprecated method assertArrayEquals() of class Drupal\Tests\UnitTestCase. Deprecated in drupal:9.1.0 and is removed from drupal:10.0.0. Use ::assertEquals, ::assertEqualsCanonicalizing, or ::assertSame instead." severity="error"/><error line="247" message="Call to deprecated method assertArrayEquals() of class Drupal\Tests\UnitTestCase. Deprecated in drupal:9.1.0 and is removed from drupal:10.0.0. Use ::assertEquals, ::assertEqualsCanonicalizing, or ::assertSame instead." severity="error"/></file><file name="modules/contrib/features/modules/features_ui/src/Form/AssignmentConfigureForm.php"><error line="190" message="The 'features_ui/drupal.features_ui.admin' library is not defined because the defining extension is not installed. Cannot decide if it is deprecated or not." severity="error"/></file><file name="modules/contrib/features/modules/features_ui/src/Form/AssignmentFormBase.php"><error line="162" message="The 'features_ui/drupal.features_ui.admin' library is not defined because the defining extension is not installed. Cannot decide if it is deprecated or not." severity="error"/></file><file name="modules/contrib/features/modules/features_ui/src/Form/FeaturesDiffForm.php"><error line="181" message="The 'features_ui/drupal.features_ui.admin' library is not defined because the defining extension is not installed. Cannot decide if it is deprecated or not." severity="error"/></file><file name="modules/contrib/features/modules/features_ui/src/Form/FeaturesEditForm.php"><error line="366" message="The 'features_ui/drupal.features_ui.admin' library is not defined because the defining extension is not installed. Cannot decide if it is deprecated or not." severity="error"/></file><file name="modules/contrib/features/modules/features_ui/src/Form/FeaturesExportForm.php"><error line="185" message="The 'features_ui/drupal.features_ui.admin' library is not defined because the defining extension is not installed. Cannot decide if it is deprecated or not." severity="error"/></file><file name="modules/contrib/features/features.info.yml"><error line="0" message="Value of core_version_requirement: ^8.8 || ^9 is not compatible with the next major version of Drupal core. See https://drupal.org/node/3070687." severity="error"/></file><file name="modules/contrib/features/modules/features_ui/features_ui.info.yml"><error line="0" message="Value of core_version_requirement: ^8.8 || ^9 is not compatible with the next major version of Drupal core. See https://drupal.org/node/3070687." severity="error"/></file><file name="modules/contrib/features/tests/modules/test_feature/test_feature.info.yml"><error line="0" message="Value of core_version_requirement: ^8.8 || ^9 is not compatible with the next major version of Drupal core. See https://drupal.org/node/3070687." severity="error"/></file><file name="modules/contrib/features/tests/modules/test_mybundle_core/test_mybundle_core.info.yml"><error line="0" message="Value of core_version_requirement: ^8.9 || ^9 is not compatible with the next major version of Drupal core. See https://drupal.org/node/3070687." severity="error"/></file></checkstyle>

