<?xml version="1.0"?>
<checkstyle><file name="modules/contrib/file_download_statistics/src/Tests/Views/IntegrationTest.php"><error line="95" message="Call to deprecated method assertFieldByXPath() of class Drupal\Tests\BrowserTestBase. Deprecated in drupal:8.3.0 and is removed from drupal:10.0.0. Use $this-&gt;xpath() instead and check the values directly in the test." severity="error"/><error line="105" message="Call to deprecated method assertNoFieldByXPath() of class Drupal\Tests\BrowserTestBase. Deprecated in drupal:8.3.0 and is removed from drupal:10.0.0. Use $this-&gt;xpath() instead and assert that the result is empty." severity="error"/></file><file name="modules/contrib/file_download_statistics/tests/src/Functional/FileDownloadStatisticsAdminTest.php"><error line="13" message="Drupal\Tests\BrowserTestBase::$defaultTheme is required. See https://www.drupal.org/node/3083055, which includes recommendations on which theme to use." severity="error"/></file><file name="modules/contrib/file_download_statistics/tests/src/Functional/FileDownloadStatisticsAttachedTest.php"><error line="13" message="Drupal\Tests\BrowserTestBase::$defaultTheme is required. See https://www.drupal.org/node/3083055, which includes recommendations on which theme to use." severity="error"/></file><file name="modules/contrib/file_download_statistics/tests/src/Functional/FileDownloadStatisticsLoggingTest.php"><error line="16" message="Drupal\Tests\BrowserTestBase::$defaultTheme is required. See https://www.drupal.org/node/3083055, which includes recommendations on which theme to use." severity="error"/></file><file name="modules/contrib/file_download_statistics/tests/src/Functional/FileDownloadStatisticsReportsTest.php"><error line="14" message="Drupal\Tests\BrowserTestBase::$defaultTheme is required. See https://www.drupal.org/node/3083055, which includes recommendations on which theme to use." severity="error"/></file><file name="modules/contrib/file_download_statistics/tests/src/Functional/FileDownloadStatisticsTokenReplaceTest.php"><error line="11" message="Drupal\Tests\BrowserTestBase::$defaultTheme is required. See https://www.drupal.org/node/3083055, which includes recommendations on which theme to use." severity="error"/></file><file name="modules/contrib/file_download_statistics/file_download_statistics.info.yml"><error line="0" message="Value of core_version_requirement: ^8.8 || ^9 is not compatible with the next major version of Drupal core. See https://drupal.org/node/3070687." severity="error"/></file></checkstyle>

