<?xml version="1.0"?>
<checkstyle><file name="modules/contrib/layout_builder_at/src/EventSubscriber/SetInlineBlockDependencyWithContextTranslation.php"><error line="12" message="Class Drupal\layout_builder_at\EventSubscriber\SetInlineBlockDependencyWithContextTranslation extends @internal class Drupal\layout_builder\EventSubscriber\SetInlineBlockDependency." severity="error"/></file><file name="modules/contrib/layout_builder_at/src/Plugin/SectionStorage/TranslatableOverridesSectionStorage.php"><error line="9" message="Class Drupal\layout_builder_at\Plugin\SectionStorage\TranslatableOverridesSectionStorage extends @internal class Drupal\layout_builder\Plugin\SectionStorage\OverridesSectionStorage." severity="error"/></file><file name="modules/contrib/layout_builder_at/tests/src/Functional/LayoutBuilderAtReplicateTest.php"><error line="115" message="Call to deprecated method assertEqual() of class Drupal\Tests\BrowserTestBase. Deprecated in drupal:8.0.0 and is removed from drupal:10.0.0. Use $this-&gt;assertEquals() instead." severity="error"/><error line="165" message="Call to deprecated method assertEqual() of class Drupal\Tests\BrowserTestBase. Deprecated in drupal:8.0.0 and is removed from drupal:10.0.0. Use $this-&gt;assertEquals() instead." severity="error"/></file><file name="modules/contrib/layout_builder_at/layout_builder_at.info.yml"><error line="0" message="Value of core_version_requirement: ^8 || ^9 is not compatible with the next major version of Drupal core. See https://drupal.org/node/3070687." severity="error"/></file></checkstyle>

