<?xml version="1.0"?>
<checkstyle><file name="modules/contrib/lingotek/lingotek.drush.inc"><error line="129" message="Call to deprecated function _convert_csv_to_array(): Use \Drush\StringUtils::csvToArray" severity="error"/><error line="142" message="Call to deprecated function _convert_csv_to_array(): Use \Drush\StringUtils::csvToArray" severity="error"/><error line="161" message="Call to deprecated function _convert_csv_to_array(): Use \Drush\StringUtils::csvToArray" severity="error"/></file><file name="modules/contrib/lingotek/src/Cli/Commands/Drush8/Drush8IoWrapper.php"><error line="25" message="Call to deprecated function drush_log()." severity="error"/><error line="25" message="Fetching class constant SUCCESS of deprecated class Drush\Log\LogLevel: Use \Psr\Log\Loglevel directly." severity="error"/><error line="29" message="Call to deprecated function drush_log()." severity="error"/><error line="29" message="Fetching class constant ERROR of deprecated class Drush\Log\LogLevel: Use \Psr\Log\Loglevel directly." severity="error"/><error line="33" message="Call to deprecated function drush_log()." severity="error"/><error line="33" message="Fetching class constant NOTICE of deprecated class Drush\Log\LogLevel: Use \Psr\Log\Loglevel directly." severity="error"/></file><file name="modules/contrib/lingotek/src/Controller/LingotekDashboardController.php"><error line="155" message="Missing explicit access check on entity query." severity="error"/><error line="162" message="Missing explicit access check on entity query." severity="error"/><error line="353" message="Missing explicit access check on entity query." severity="error"/><error line="371" message="Missing explicit access check on entity query." severity="error"/></file><file name="modules/contrib/lingotek/src/Form/LingotekConfigManagementForm.php"><error line="186" message="Missing explicit access check on entity query." severity="error"/><error line="1936" message="Missing explicit access check on entity query." severity="error"/></file><file name="modules/contrib/lingotek/src/Form/LingotekJobAssignToMultipleConfigForm.php"><error line="310" message="Missing explicit access check on entity query." severity="error"/></file><file name="modules/contrib/lingotek/src/Form/LingotekSettingsContentSingleForm.php"><error line="294" message="Call to deprecated function module_load_include(). Deprecated in drupal:9.4.0 and is removed from drupal:11.0.0. Use Drupal::moduleHandler()-&gt;loadInclude($module, $type, $name = NULL). Note that including code from uninstalled extensions is no longer supported." severity="info"/></file><file name="modules/contrib/lingotek/src/Form/LingotekSettingsTabContentForm.php"><error line="371" message="Call to deprecated function module_load_include(). Deprecated in drupal:9.4.0 and is removed from drupal:11.0.0. Use Drupal::moduleHandler()-&gt;loadInclude($module, $type, $name = NULL). Note that including code from uninstalled extensions is no longer supported." severity="info"/></file><file name="modules/contrib/lingotek/src/Form/LingotekSettingsTabPreferencesForm.php"><error line="192" message="Missing explicit access check on entity query." severity="error"/></file><file name="modules/contrib/lingotek/src/LanguageLocaleMapper.php"><error line="33" message="Missing explicit access check on entity query." severity="error"/></file><file name="modules/contrib/lingotek/src/LingotekProfileUsage.php"><error line="67" message="Missing explicit access check on entity query." severity="error"/><error line="89" message="Missing explicit access check on entity query." severity="error"/></file><file name="modules/contrib/lingotek/src/Plugin/LingotekFieldProcessor/LingotekDefaultProcessor.php"><error line="72" message="Call to deprecated function module_load_include(). Deprecated in drupal:9.4.0 and is removed from drupal:11.0.0. Use Drupal::moduleHandler()-&gt;loadInclude($module, $type, $name = NULL). Note that including code from uninstalled extensions is no longer supported." severity="info"/></file><file name="modules/contrib/lingotek/src/Plugin/RelatedEntitiesDetector/NestedLayoutBuilderEntitiesDetector.php"><error line="170" message="Missing explicit access check on entity query." severity="error"/></file><file name="modules/contrib/lingotek/tests/src/Functional/Controller/LingotekNotificationControllerTest.php"><error line="109" message="Call to deprecated method verbose() of class Drupal\Tests\BrowserTestBase. Deprecated in drupal:9.2.0 and is removed from drupal:10.0.0. Use dump() instead." severity="error"/><error line="124" message="Call to deprecated method verbose() of class Drupal\Tests\BrowserTestBase. Deprecated in drupal:9.2.0 and is removed from drupal:10.0.0. Use dump() instead." severity="error"/></file><file name="modules/contrib/lingotek/tests/src/Functional/Form/IntelligenceMetadataFormTestTrait.php (in context of class Drupal\Tests\lingotek\Functional\Form\LingotekProfileFormTest)"><error line="16" message="Call to deprecated method assertFieldChecked() of class Drupal\Tests\BrowserTestBase. Deprecated in drupal:8.2.0 and is removed from drupal:10.0.0. Use $this-&gt;assertSession()-&gt;checkboxChecked() instead." severity="error"/><error line="17" message="Call to deprecated method assertFieldChecked() of class Drupal\Tests\BrowserTestBase. Deprecated in drupal:8.2.0 and is removed from drupal:10.0.0. Use $this-&gt;assertSession()-&gt;checkboxChecked() instead." severity="error"/><error line="18" message="Call to deprecated method assertNoFieldChecked() of class Drupal\Tests\BrowserTestBase. Deprecated in drupal:8.2.0 and is removed from drupal:10.0.0. Use $this-&gt;assertSession()-&gt;checkboxNotChecked() instead." severity="error"/><error line="20" message="Call to deprecated method assertFieldChecked() of class Drupal\Tests\BrowserTestBase. Deprecated in drupal:8.2.0 and is removed from drupal:10.0.0. Use $this-&gt;assertSession()-&gt;checkboxChecked() instead." severity="error"/><error line="21" message="Call to deprecated method assertFieldByName() of class Drupal\Tests\BrowserTestBase. Deprecated in drupal:8.2.0 and is removed from drupal:10.0.0. Use $this-&gt;assertSession()-&gt;fieldExists() or $this-&gt;assertSession()-&gt;buttonExists() or $this-&gt;assertSession()-&gt;fieldValueEquals() instead." severity="error"/><error line="23" message="Call to deprecated method assertFieldChecked() of class Drupal\Tests\BrowserTestBase. Deprecated in drupal:8.2.0 and is removed from drupal:10.0.0. Use $this-&gt;assertSession()-&gt;checkboxChecked() instead." severity="error"/><error line="24" message="Call to deprecated method assertFieldByName() of class Drupal\Tests\BrowserTestBase. Deprecated in drupal:8.2.0 and is removed from drupal:10.0.0. Use $this-&gt;assertSession()-&gt;fieldExists() or $this-&gt;assertSession()-&gt;buttonExists() or $this-&gt;assertSession()-&gt;fieldValueEquals() instead." severity="error"/><error line="26" message="Call to deprecated method assertFieldChecked() of class Drupal\Tests\BrowserTestBase. Deprecated in drupal:8.2.0 and is removed from drupal:10.0.0. Use $this-&gt;assertSession()-&gt;checkboxChecked() instead." severity="error"/><error line="27" message="Call to deprecated method assertFieldByName() of class Drupal\Tests\BrowserTestBase. Deprecated in drupal:8.2.0 and is removed from drupal:10.0.0. Use $this-&gt;assertSession()-&gt;fieldExists() or $this-&gt;assertSession()-&gt;buttonExists() or $this-&gt;assertSession()-&gt;fieldValueEquals() instead." severity="error"/><error line="29" message="Call to deprecated method assertFieldChecked() of class Drupal\Tests\BrowserTestBase. Deprecated in drupal:8.2.0 and is removed from drupal:10.0.0. Use $this-&gt;assertSession()-&gt;checkboxChecked() instead." severity="error"/><error line="30" message="Call to deprecated method assertFieldByName() of class Drupal\Tests\BrowserTestBase. Deprecated in drupal:8.2.0 and is removed from drupal:10.0.0. Use $this-&gt;assertSession()-&gt;fieldExists() or $this-&gt;assertSession()-&gt;buttonExists() or $this-&gt;assertSession()-&gt;fieldValueEquals() instead." severity="error"/><error line="32" message="Call to deprecated method assertFieldChecked() of class Drupal\Tests\BrowserTestBase. Deprecated in drupal:8.2.0 and is removed from drupal:10.0.0. Use $this-&gt;assertSession()-&gt;checkboxChecked() instead." severity="error"/><error line="33" message="Call to deprecated method assertFieldByName() of class Drupal\Tests\BrowserTestBase. Deprecated in drupal:8.2.0 and is removed from drupal:10.0.0. Use $this-&gt;assertSession()-&gt;fieldExists() or $this-&gt;assertSession()-&gt;buttonExists() or $this-&gt;assertSession()-&gt;fieldValueEquals() instead." severity="error"/><error line="35" message="Call to deprecated method assertFieldChecked() of class Drupal\Tests\BrowserTestBase. Deprecated in drupal:8.2.0 and is removed from drupal:10.0.0. Use $this-&gt;assertSession()-&gt;checkboxChecked() instead." severity="error"/><error line="36" message="Call to deprecated method assertFieldByName() of class Drupal\Tests\BrowserTestBase. Deprecated in drupal:8.2.0 and is removed from drupal:10.0.0. Use $this-&gt;assertSession()-&gt;fieldExists() or $this-&gt;assertSession()-&gt;buttonExists() or $this-&gt;assertSession()-&gt;fieldValueEquals() instead." severity="error"/><error line="38" message="Call to deprecated method assertFieldChecked() of class Drupal\Tests\BrowserTestBase. Deprecated in drupal:8.2.0 and is removed from drupal:10.0.0. Use $this-&gt;assertSession()-&gt;checkboxChecked() instead." severity="error"/><error line="39" message="Call to deprecated method assertFieldByName() of class Drupal\Tests\BrowserTestBase. Deprecated in drupal:8.2.0 and is removed from drupal:10.0.0. Use $this-&gt;assertSession()-&gt;fieldExists() or $this-&gt;assertSession()-&gt;buttonExists() or $this-&gt;assertSession()-&gt;fieldValueEquals() instead." severity="error"/><error line="41" message="Call to deprecated method assertFieldChecked() of class Drupal\Tests\BrowserTestBase. Deprecated in drupal:8.2.0 and is removed from drupal:10.0.0. Use $this-&gt;assertSession()-&gt;checkboxChecked() instead." severity="error"/><error line="42" message="Call to deprecated method assertFieldByName() of class Drupal\Tests\BrowserTestBase. Deprecated in drupal:8.2.0 and is removed from drupal:10.0.0. Use $this-&gt;assertSession()-&gt;fieldExists() or $this-&gt;assertSession()-&gt;buttonExists() or $this-&gt;assertSession()-&gt;fieldValueEquals() instead." severity="error"/><error line="44" message="Call to deprecated method assertFieldChecked() of class Drupal\Tests\BrowserTestBase. Deprecated in drupal:8.2.0 and is removed from drupal:10.0.0. Use $this-&gt;assertSession()-&gt;checkboxChecked() instead." severity="error"/><error line="45" message="Call to deprecated method assertFieldChecked() of class Drupal\Tests\BrowserTestBase. Deprecated in drupal:8.2.0 and is removed from drupal:10.0.0. Use $this-&gt;assertSession()-&gt;checkboxChecked() instead." severity="error"/><error line="47" message="Call to deprecated method assertFieldChecked() of class Drupal\Tests\BrowserTestBase. Deprecated in drupal:8.2.0 and is removed from drupal:10.0.0. Use $this-&gt;assertSession()-&gt;checkboxChecked() instead." severity="error"/><error line="48" message="Call to deprecated method assertFieldByName() of class Drupal\Tests\BrowserTestBase. Deprecated in drupal:8.2.0 and is removed from drupal:10.0.0. Use $this-&gt;assertSession()-&gt;fieldExists() or $this-&gt;assertSession()-&gt;buttonExists() or $this-&gt;assertSession()-&gt;fieldValueEquals() instead." severity="error"/><error line="50" message="Call to deprecated method assertFieldChecked() of class Drupal\Tests\BrowserTestBase. Deprecated in drupal:8.2.0 and is removed from drupal:10.0.0. Use $this-&gt;assertSession()-&gt;checkboxChecked() instead." severity="error"/><error line="51" message="Call to deprecated method assertFieldByName() of class Drupal\Tests\BrowserTestBase. Deprecated in drupal:8.2.0 and is removed from drupal:10.0.0. Use $this-&gt;assertSession()-&gt;fieldExists() or $this-&gt;assertSession()-&gt;buttonExists() or $this-&gt;assertSession()-&gt;fieldValueEquals() instead." severity="error"/><error line="53" message="Call to deprecated method assertFieldChecked() of class Drupal\Tests\BrowserTestBase. Deprecated in drupal:8.2.0 and is removed from drupal:10.0.0. Use $this-&gt;assertSession()-&gt;checkboxChecked() instead." severity="error"/><error line="54" message="Call to deprecated method assertFieldByName() of class Drupal\Tests\BrowserTestBase. Deprecated in drupal:8.2.0 and is removed from drupal:10.0.0. Use $this-&gt;assertSession()-&gt;fieldExists() or $this-&gt;assertSession()-&gt;buttonExists() or $this-&gt;assertSession()-&gt;fieldValueEquals() instead." severity="error"/></file><file name="modules/contrib/lingotek/tests/src/Functional/Form/IntelligenceMetadataFormTestTrait.php (in context of class Drupal\Tests\lingotek\Functional\Form\LingotekSettingsTabIntelligenceMetadataFormTest)"><error line="16" message="Call to deprecated method assertFieldChecked() of class Drupal\Tests\BrowserTestBase. Deprecated in drupal:8.2.0 and is removed from drupal:10.0.0. Use $this-&gt;assertSession()-&gt;checkboxChecked() instead." severity="error"/><error line="17" message="Call to deprecated method assertFieldChecked() of class Drupal\Tests\BrowserTestBase. Deprecated in drupal:8.2.0 and is removed from drupal:10.0.0. Use $this-&gt;assertSession()-&gt;checkboxChecked() instead." severity="error"/><error line="18" message="Call to deprecated method assertNoFieldChecked() of class Drupal\Tests\BrowserTestBase. Deprecated in drupal:8.2.0 and is removed from drupal:10.0.0. Use $this-&gt;assertSession()-&gt;checkboxNotChecked() instead." severity="error"/><error line="20" message="Call to deprecated method assertFieldChecked() of class Drupal\Tests\BrowserTestBase. Deprecated in drupal:8.2.0 and is removed from drupal:10.0.0. Use $this-&gt;assertSession()-&gt;checkboxChecked() instead." severity="error"/><error line="21" message="Call to deprecated method assertFieldByName() of class Drupal\Tests\BrowserTestBase. Deprecated in drupal:8.2.0 and is removed from drupal:10.0.0. Use $this-&gt;assertSession()-&gt;fieldExists() or $this-&gt;assertSession()-&gt;buttonExists() or $this-&gt;assertSession()-&gt;fieldValueEquals() instead." severity="error"/><error line="23" message="Call to deprecated method assertFieldChecked() of class Drupal\Tests\BrowserTestBase. Deprecated in drupal:8.2.0 and is removed from drupal:10.0.0. Use $this-&gt;assertSession()-&gt;checkboxChecked() instead." severity="error"/><error line="24" message="Call to deprecated method assertFieldByName() of class Drupal\Tests\BrowserTestBase. Deprecated in drupal:8.2.0 and is removed from drupal:10.0.0. Use $this-&gt;assertSession()-&gt;fieldExists() or $this-&gt;assertSession()-&gt;buttonExists() or $this-&gt;assertSession()-&gt;fieldValueEquals() instead." severity="error"/><error line="26" message="Call to deprecated method assertFieldChecked() of class Drupal\Tests\BrowserTestBase. Deprecated in drupal:8.2.0 and is removed from drupal:10.0.0. Use $this-&gt;assertSession()-&gt;checkboxChecked() instead." severity="error"/><error line="27" message="Call to deprecated method assertFieldByName() of class Drupal\Tests\BrowserTestBase. Deprecated in drupal:8.2.0 and is removed from drupal:10.0.0. Use $this-&gt;assertSession()-&gt;fieldExists() or $this-&gt;assertSession()-&gt;buttonExists() or $this-&gt;assertSession()-&gt;fieldValueEquals() instead." severity="error"/><error line="29" message="Call to deprecated method assertFieldChecked() of class Drupal\Tests\BrowserTestBase. Deprecated in drupal:8.2.0 and is removed from drupal:10.0.0. Use $this-&gt;assertSession()-&gt;checkboxChecked() instead." severity="error"/><error line="30" message="Call to deprecated method assertFieldByName() of class Drupal\Tests\BrowserTestBase. Deprecated in drupal:8.2.0 and is removed from drupal:10.0.0. Use $this-&gt;assertSession()-&gt;fieldExists() or $this-&gt;assertSession()-&gt;buttonExists() or $this-&gt;assertSession()-&gt;fieldValueEquals() instead." severity="error"/><error line="32" message="Call to deprecated method assertFieldChecked() of class Drupal\Tests\BrowserTestBase. Deprecated in drupal:8.2.0 and is removed from drupal:10.0.0. Use $this-&gt;assertSession()-&gt;checkboxChecked() instead." severity="error"/><error line="33" message="Call to deprecated method assertFieldByName() of class Drupal\Tests\BrowserTestBase. Deprecated in drupal:8.2.0 and is removed from drupal:10.0.0. Use $this-&gt;assertSession()-&gt;fieldExists() or $this-&gt;assertSession()-&gt;buttonExists() or $this-&gt;assertSession()-&gt;fieldValueEquals() instead." severity="error"/><error line="35" message="Call to deprecated method assertFieldChecked() of class Drupal\Tests\BrowserTestBase. Deprecated in drupal:8.2.0 and is removed from drupal:10.0.0. Use $this-&gt;assertSession()-&gt;checkboxChecked() instead." severity="error"/><error line="36" message="Call to deprecated method assertFieldByName() of class Drupal\Tests\BrowserTestBase. Deprecated in drupal:8.2.0 and is removed from drupal:10.0.0. Use $this-&gt;assertSession()-&gt;fieldExists() or $this-&gt;assertSession()-&gt;buttonExists() or $this-&gt;assertSession()-&gt;fieldValueEquals() instead." severity="error"/><error line="38" message="Call to deprecated method assertFieldChecked() of class Drupal\Tests\BrowserTestBase. Deprecated in drupal:8.2.0 and is removed from drupal:10.0.0. Use $this-&gt;assertSession()-&gt;checkboxChecked() instead." severity="error"/><error line="39" message="Call to deprecated method assertFieldByName() of class Drupal\Tests\BrowserTestBase. Deprecated in drupal:8.2.0 and is removed from drupal:10.0.0. Use $this-&gt;assertSession()-&gt;fieldExists() or $this-&gt;assertSession()-&gt;buttonExists() or $this-&gt;assertSession()-&gt;fieldValueEquals() instead." severity="error"/><error line="41" message="Call to deprecated method assertFieldChecked() of class Drupal\Tests\BrowserTestBase. Deprecated in drupal:8.2.0 and is removed from drupal:10.0.0. Use $this-&gt;assertSession()-&gt;checkboxChecked() instead." severity="error"/><error line="42" message="Call to deprecated method assertFieldByName() of class Drupal\Tests\BrowserTestBase. Deprecated in drupal:8.2.0 and is removed from drupal:10.0.0. Use $this-&gt;assertSession()-&gt;fieldExists() or $this-&gt;assertSession()-&gt;buttonExists() or $this-&gt;assertSession()-&gt;fieldValueEquals() instead." severity="error"/><error line="44" message="Call to deprecated method assertFieldChecked() of class Drupal\Tests\BrowserTestBase. Deprecated in drupal:8.2.0 and is removed from drupal:10.0.0. Use $this-&gt;assertSession()-&gt;checkboxChecked() instead." severity="error"/><error line="45" message="Call to deprecated method assertFieldChecked() of class Drupal\Tests\BrowserTestBase. Deprecated in drupal:8.2.0 and is removed from drupal:10.0.0. Use $this-&gt;assertSession()-&gt;checkboxChecked() instead." severity="error"/><error line="47" message="Call to deprecated method assertFieldChecked() of class Drupal\Tests\BrowserTestBase. Deprecated in drupal:8.2.0 and is removed from drupal:10.0.0. Use $this-&gt;assertSession()-&gt;checkboxChecked() instead." severity="error"/><error line="48" message="Call to deprecated method assertFieldByName() of class Drupal\Tests\BrowserTestBase. Deprecated in drupal:8.2.0 and is removed from drupal:10.0.0. Use $this-&gt;assertSession()-&gt;fieldExists() or $this-&gt;assertSession()-&gt;buttonExists() or $this-&gt;assertSession()-&gt;fieldValueEquals() instead." severity="error"/><error line="50" message="Call to deprecated method assertFieldChecked() of class Drupal\Tests\BrowserTestBase. Deprecated in drupal:8.2.0 and is removed from drupal:10.0.0. Use $this-&gt;assertSession()-&gt;checkboxChecked() instead." severity="error"/><error line="51" message="Call to deprecated method assertFieldByName() of class Drupal\Tests\BrowserTestBase. Deprecated in drupal:8.2.0 and is removed from drupal:10.0.0. Use $this-&gt;assertSession()-&gt;fieldExists() or $this-&gt;assertSession()-&gt;buttonExists() or $this-&gt;assertSession()-&gt;fieldValueEquals() instead." severity="error"/><error line="53" message="Call to deprecated method assertFieldChecked() of class Drupal\Tests\BrowserTestBase. Deprecated in drupal:8.2.0 and is removed from drupal:10.0.0. Use $this-&gt;assertSession()-&gt;checkboxChecked() instead." severity="error"/><error line="54" message="Call to deprecated method assertFieldByName() of class Drupal\Tests\BrowserTestBase. Deprecated in drupal:8.2.0 and is removed from drupal:10.0.0. Use $this-&gt;assertSession()-&gt;fieldExists() or $this-&gt;assertSession()-&gt;buttonExists() or $this-&gt;assertSession()-&gt;fieldValueEquals() instead." severity="error"/></file><file name="modules/contrib/lingotek/tests/src/Functional/Form/IntelligenceMetadataFormTestTrait.php (in context of class Drupal\Tests\lingotek\Functional\LingotekIntelligenceMetadataTranslationTest)"><error line="16" message="Call to deprecated method assertFieldChecked() of class Drupal\Tests\BrowserTestBase. Deprecated in drupal:8.2.0 and is removed from drupal:10.0.0. Use $this-&gt;assertSession()-&gt;checkboxChecked() instead." severity="error"/><error line="17" message="Call to deprecated method assertFieldChecked() of class Drupal\Tests\BrowserTestBase. Deprecated in drupal:8.2.0 and is removed from drupal:10.0.0. Use $this-&gt;assertSession()-&gt;checkboxChecked() instead." severity="error"/><error line="18" message="Call to deprecated method assertNoFieldChecked() of class Drupal\Tests\BrowserTestBase. Deprecated in drupal:8.2.0 and is removed from drupal:10.0.0. Use $this-&gt;assertSession()-&gt;checkboxNotChecked() instead." severity="error"/><error line="20" message="Call to deprecated method assertFieldChecked() of class Drupal\Tests\BrowserTestBase. Deprecated in drupal:8.2.0 and is removed from drupal:10.0.0. Use $this-&gt;assertSession()-&gt;checkboxChecked() instead." severity="error"/><error line="21" message="Call to deprecated method assertFieldByName() of class Drupal\Tests\BrowserTestBase. Deprecated in drupal:8.2.0 and is removed from drupal:10.0.0. Use $this-&gt;assertSession()-&gt;fieldExists() or $this-&gt;assertSession()-&gt;buttonExists() or $this-&gt;assertSession()-&gt;fieldValueEquals() instead." severity="error"/><error line="23" message="Call to deprecated method assertFieldChecked() of class Drupal\Tests\BrowserTestBase. Deprecated in drupal:8.2.0 and is removed from drupal:10.0.0. Use $this-&gt;assertSession()-&gt;checkboxChecked() instead." severity="error"/><error line="24" message="Call to deprecated method assertFieldByName() of class Drupal\Tests\BrowserTestBase. Deprecated in drupal:8.2.0 and is removed from drupal:10.0.0. Use $this-&gt;assertSession()-&gt;fieldExists() or $this-&gt;assertSession()-&gt;buttonExists() or $this-&gt;assertSession()-&gt;fieldValueEquals() instead." severity="error"/><error line="26" message="Call to deprecated method assertFieldChecked() of class Drupal\Tests\BrowserTestBase. Deprecated in drupal:8.2.0 and is removed from drupal:10.0.0. Use $this-&gt;assertSession()-&gt;checkboxChecked() instead." severity="error"/><error line="27" message="Call to deprecated method assertFieldByName() of class Drupal\Tests\BrowserTestBase. Deprecated in drupal:8.2.0 and is removed from drupal:10.0.0. Use $this-&gt;assertSession()-&gt;fieldExists() or $this-&gt;assertSession()-&gt;buttonExists() or $this-&gt;assertSession()-&gt;fieldValueEquals() instead." severity="error"/><error line="29" message="Call to deprecated method assertFieldChecked() of class Drupal\Tests\BrowserTestBase. Deprecated in drupal:8.2.0 and is removed from drupal:10.0.0. Use $this-&gt;assertSession()-&gt;checkboxChecked() instead." severity="error"/><error line="30" message="Call to deprecated method assertFieldByName() of class Drupal\Tests\BrowserTestBase. Deprecated in drupal:8.2.0 and is removed from drupal:10.0.0. Use $this-&gt;assertSession()-&gt;fieldExists() or $this-&gt;assertSession()-&gt;buttonExists() or $this-&gt;assertSession()-&gt;fieldValueEquals() instead." severity="error"/><error line="32" message="Call to deprecated method assertFieldChecked() of class Drupal\Tests\BrowserTestBase. Deprecated in drupal:8.2.0 and is removed from drupal:10.0.0. Use $this-&gt;assertSession()-&gt;checkboxChecked() instead." severity="error"/><error line="33" message="Call to deprecated method assertFieldByName() of class Drupal\Tests\BrowserTestBase. Deprecated in drupal:8.2.0 and is removed from drupal:10.0.0. Use $this-&gt;assertSession()-&gt;fieldExists() or $this-&gt;assertSession()-&gt;buttonExists() or $this-&gt;assertSession()-&gt;fieldValueEquals() instead." severity="error"/><error line="35" message="Call to deprecated method assertFieldChecked() of class Drupal\Tests\BrowserTestBase. Deprecated in drupal:8.2.0 and is removed from drupal:10.0.0. Use $this-&gt;assertSession()-&gt;checkboxChecked() instead." severity="error"/><error line="36" message="Call to deprecated method assertFieldByName() of class Drupal\Tests\BrowserTestBase. Deprecated in drupal:8.2.0 and is removed from drupal:10.0.0. Use $this-&gt;assertSession()-&gt;fieldExists() or $this-&gt;assertSession()-&gt;buttonExists() or $this-&gt;assertSession()-&gt;fieldValueEquals() instead." severity="error"/><error line="38" message="Call to deprecated method assertFieldChecked() of class Drupal\Tests\BrowserTestBase. Deprecated in drupal:8.2.0 and is removed from drupal:10.0.0. Use $this-&gt;assertSession()-&gt;checkboxChecked() instead." severity="error"/><error line="39" message="Call to deprecated method assertFieldByName() of class Drupal\Tests\BrowserTestBase. Deprecated in drupal:8.2.0 and is removed from drupal:10.0.0. Use $this-&gt;assertSession()-&gt;fieldExists() or $this-&gt;assertSession()-&gt;buttonExists() or $this-&gt;assertSession()-&gt;fieldValueEquals() instead." severity="error"/><error line="41" message="Call to deprecated method assertFieldChecked() of class Drupal\Tests\BrowserTestBase. Deprecated in drupal:8.2.0 and is removed from drupal:10.0.0. Use $this-&gt;assertSession()-&gt;checkboxChecked() instead." severity="error"/><error line="42" message="Call to deprecated method assertFieldByName() of class Drupal\Tests\BrowserTestBase. Deprecated in drupal:8.2.0 and is removed from drupal:10.0.0. Use $this-&gt;assertSession()-&gt;fieldExists() or $this-&gt;assertSession()-&gt;buttonExists() or $this-&gt;assertSession()-&gt;fieldValueEquals() instead." severity="error"/><error line="44" message="Call to deprecated method assertFieldChecked() of class Drupal\Tests\BrowserTestBase. Deprecated in drupal:8.2.0 and is removed from drupal:10.0.0. Use $this-&gt;assertSession()-&gt;checkboxChecked() instead." severity="error"/><error line="45" message="Call to deprecated method assertFieldChecked() of class Drupal\Tests\BrowserTestBase. Deprecated in drupal:8.2.0 and is removed from drupal:10.0.0. Use $this-&gt;assertSession()-&gt;checkboxChecked() instead." severity="error"/><error line="47" message="Call to deprecated method assertFieldChecked() of class Drupal\Tests\BrowserTestBase. Deprecated in drupal:8.2.0 and is removed from drupal:10.0.0. Use $this-&gt;assertSession()-&gt;checkboxChecked() instead." severity="error"/><error line="48" message="Call to deprecated method assertFieldByName() of class Drupal\Tests\BrowserTestBase. Deprecated in drupal:8.2.0 and is removed from drupal:10.0.0. Use $this-&gt;assertSession()-&gt;fieldExists() or $this-&gt;assertSession()-&gt;buttonExists() or $this-&gt;assertSession()-&gt;fieldValueEquals() instead." severity="error"/><error line="50" message="Call to deprecated method assertFieldChecked() of class Drupal\Tests\BrowserTestBase. Deprecated in drupal:8.2.0 and is removed from drupal:10.0.0. Use $this-&gt;assertSession()-&gt;checkboxChecked() instead." severity="error"/><error line="51" message="Call to deprecated method assertFieldByName() of class Drupal\Tests\BrowserTestBase. Deprecated in drupal:8.2.0 and is removed from drupal:10.0.0. Use $this-&gt;assertSession()-&gt;fieldExists() or $this-&gt;assertSession()-&gt;buttonExists() or $this-&gt;assertSession()-&gt;fieldValueEquals() instead." severity="error"/><error line="53" message="Call to deprecated method assertFieldChecked() of class Drupal\Tests\BrowserTestBase. Deprecated in drupal:8.2.0 and is removed from drupal:10.0.0. Use $this-&gt;assertSession()-&gt;checkboxChecked() instead." severity="error"/><error line="54" message="Call to deprecated method assertFieldByName() of class Drupal\Tests\BrowserTestBase. Deprecated in drupal:8.2.0 and is removed from drupal:10.0.0. Use $this-&gt;assertSession()-&gt;fieldExists() or $this-&gt;assertSession()-&gt;buttonExists() or $this-&gt;assertSession()-&gt;fieldValueEquals() instead." severity="error"/></file><file name="modules/contrib/lingotek/tests/src/Functional/LingotekConfigSubscriberTest.php"><error line="63" message="Call to deprecated method verbose() of class Drupal\Tests\BrowserTestBase. Deprecated in drupal:9.2.0 and is removed from drupal:10.0.0. Use dump() instead." severity="error"/></file><file name="modules/contrib/lingotek/tests/src/Functional/LingotekConfigTranslationPreSaveHookTest.php"><error line="56" message="Call to deprecated method verbose() of class Drupal\Tests\BrowserTestBase. Deprecated in drupal:9.2.0 and is removed from drupal:10.0.0. Use dump() instead." severity="error"/></file><file name="modules/contrib/lingotek/tests/src/Functional/LingotekContentTypeNotificationCallbackTest.php"><error line="1383" message="Call to deprecated method verbose() of class Drupal\Tests\BrowserTestBase. Deprecated in drupal:9.2.0 and is removed from drupal:10.0.0. Use dump() instead." severity="error"/><error line="1409" message="Call to deprecated method verbose() of class Drupal\Tests\BrowserTestBase. Deprecated in drupal:9.2.0 and is removed from drupal:10.0.0. Use dump() instead." severity="error"/><error line="1517" message="Call to deprecated method verbose() of class Drupal\Tests\BrowserTestBase. Deprecated in drupal:9.2.0 and is removed from drupal:10.0.0. Use dump() instead." severity="error"/><error line="1543" message="Call to deprecated method verbose() of class Drupal\Tests\BrowserTestBase. Deprecated in drupal:9.2.0 and is removed from drupal:10.0.0. Use dump() instead." severity="error"/><error line="1641" message="Call to deprecated method verbose() of class Drupal\Tests\BrowserTestBase. Deprecated in drupal:9.2.0 and is removed from drupal:10.0.0. Use dump() instead." severity="error"/><error line="1702" message="Call to deprecated method verbose() of class Drupal\Tests\BrowserTestBase. Deprecated in drupal:9.2.0 and is removed from drupal:10.0.0. Use dump() instead." severity="error"/><error line="1746" message="Call to deprecated method verbose() of class Drupal\Tests\BrowserTestBase. Deprecated in drupal:9.2.0 and is removed from drupal:10.0.0. Use dump() instead." severity="error"/><error line="1809" message="Call to deprecated method verbose() of class Drupal\Tests\BrowserTestBase. Deprecated in drupal:9.2.0 and is removed from drupal:10.0.0. Use dump() instead." severity="error"/><error line="1854" message="Call to deprecated method verbose() of class Drupal\Tests\BrowserTestBase. Deprecated in drupal:9.2.0 and is removed from drupal:10.0.0. Use dump() instead." severity="error"/><error line="1915" message="Call to deprecated method verbose() of class Drupal\Tests\BrowserTestBase. Deprecated in drupal:9.2.0 and is removed from drupal:10.0.0. Use dump() instead." severity="error"/><error line="1944" message="Call to deprecated method verbose() of class Drupal\Tests\BrowserTestBase. Deprecated in drupal:9.2.0 and is removed from drupal:10.0.0. Use dump() instead." severity="error"/><error line="2007" message="Call to deprecated method verbose() of class Drupal\Tests\BrowserTestBase. Deprecated in drupal:9.2.0 and is removed from drupal:10.0.0. Use dump() instead." severity="error"/><error line="2037" message="Call to deprecated method verbose() of class Drupal\Tests\BrowserTestBase. Deprecated in drupal:9.2.0 and is removed from drupal:10.0.0. Use dump() instead." severity="error"/></file><file name="modules/contrib/lingotek/tests/src/Functional/LingotekDashboardTest.php"><error line="367" message="Call to deprecated method verbose() of class Drupal\Tests\BrowserTestBase. Deprecated in drupal:9.2.0 and is removed from drupal:10.0.0. Use dump() instead." severity="error"/></file><file name="modules/contrib/lingotek/tests/src/Functional/LingotekFieldBodyNotificationCallbackTest.php"><error line="86" message="Call to deprecated method verbose() of class Drupal\Tests\BrowserTestBase. Deprecated in drupal:9.2.0 and is removed from drupal:10.0.0. Use dump() instead." severity="error"/><error line="798" message="Call to deprecated method verbose() of class Drupal\Tests\BrowserTestBase. Deprecated in drupal:9.2.0 and is removed from drupal:10.0.0. Use dump() instead." severity="error"/><error line="824" message="Call to deprecated method verbose() of class Drupal\Tests\BrowserTestBase. Deprecated in drupal:9.2.0 and is removed from drupal:10.0.0. Use dump() instead." severity="error"/><error line="937" message="Call to deprecated method verbose() of class Drupal\Tests\BrowserTestBase. Deprecated in drupal:9.2.0 and is removed from drupal:10.0.0. Use dump() instead." severity="error"/><error line="963" message="Call to deprecated method verbose() of class Drupal\Tests\BrowserTestBase. Deprecated in drupal:9.2.0 and is removed from drupal:10.0.0. Use dump() instead." severity="error"/><error line="1071" message="Call to deprecated method verbose() of class Drupal\Tests\BrowserTestBase. Deprecated in drupal:9.2.0 and is removed from drupal:10.0.0. Use dump() instead." severity="error"/><error line="1139" message="Call to deprecated method verbose() of class Drupal\Tests\BrowserTestBase. Deprecated in drupal:9.2.0 and is removed from drupal:10.0.0. Use dump() instead." severity="error"/><error line="1189" message="Call to deprecated method verbose() of class Drupal\Tests\BrowserTestBase. Deprecated in drupal:9.2.0 and is removed from drupal:10.0.0. Use dump() instead." severity="error"/><error line="1259" message="Call to deprecated method verbose() of class Drupal\Tests\BrowserTestBase. Deprecated in drupal:9.2.0 and is removed from drupal:10.0.0. Use dump() instead." severity="error"/><error line="1310" message="Call to deprecated method verbose() of class Drupal\Tests\BrowserTestBase. Deprecated in drupal:9.2.0 and is removed from drupal:10.0.0. Use dump() instead." severity="error"/><error line="1378" message="Call to deprecated method verbose() of class Drupal\Tests\BrowserTestBase. Deprecated in drupal:9.2.0 and is removed from drupal:10.0.0. Use dump() instead." severity="error"/><error line="1409" message="Call to deprecated method verbose() of class Drupal\Tests\BrowserTestBase. Deprecated in drupal:9.2.0 and is removed from drupal:10.0.0. Use dump() instead." severity="error"/><error line="1479" message="Call to deprecated method verbose() of class Drupal\Tests\BrowserTestBase. Deprecated in drupal:9.2.0 and is removed from drupal:10.0.0. Use dump() instead." severity="error"/><error line="1511" message="Call to deprecated method verbose() of class Drupal\Tests\BrowserTestBase. Deprecated in drupal:9.2.0 and is removed from drupal:10.0.0. Use dump() instead." severity="error"/></file><file name="modules/contrib/lingotek/tests/src/Functional/LingotekFieldBodyTranslationTest.php"><error line="75" message="Call to deprecated method verbose() of class Drupal\Tests\BrowserTestBase. Deprecated in drupal:9.2.0 and is removed from drupal:10.0.0. Use dump() instead." severity="error"/><error line="168" message="Call to deprecated method verbose() of class Drupal\Tests\BrowserTestBase. Deprecated in drupal:9.2.0 and is removed from drupal:10.0.0. Use dump() instead." severity="error"/></file><file name="modules/contrib/lingotek/tests/src/Functional/LingotekFieldOptionsTranslationTest.php"><error line="70" message="Call to deprecated method verbose() of class Drupal\Tests\BrowserTestBase. Deprecated in drupal:9.2.0 and is removed from drupal:10.0.0. Use dump() instead." severity="error"/></file><file name="modules/contrib/lingotek/tests/src/Functional/LingotekInterfaceTranslationTest.php"><error line="980" message="Call to deprecated method verbose() of class Drupal\Tests\BrowserTestBase. Deprecated in drupal:9.2.0 and is removed from drupal:10.0.0. Use dump() instead." severity="error"/><error line="1018" message="Call to deprecated method verbose() of class Drupal\Tests\BrowserTestBase. Deprecated in drupal:9.2.0 and is removed from drupal:10.0.0. Use dump() instead." severity="error"/><error line="1082" message="Call to deprecated method verbose() of class Drupal\Tests\BrowserTestBase. Deprecated in drupal:9.2.0 and is removed from drupal:10.0.0. Use dump() instead." severity="error"/><error line="1119" message="Call to deprecated method verbose() of class Drupal\Tests\BrowserTestBase. Deprecated in drupal:9.2.0 and is removed from drupal:10.0.0. Use dump() instead." severity="error"/><error line="1179" message="Call to deprecated method verbose() of class Drupal\Tests\BrowserTestBase. Deprecated in drupal:9.2.0 and is removed from drupal:10.0.0. Use dump() instead." severity="error"/><error line="1215" message="Call to deprecated method verbose() of class Drupal\Tests\BrowserTestBase. Deprecated in drupal:9.2.0 and is removed from drupal:10.0.0. Use dump() instead." severity="error"/><error line="1276" message="Call to deprecated method verbose() of class Drupal\Tests\BrowserTestBase. Deprecated in drupal:9.2.0 and is removed from drupal:10.0.0. Use dump() instead." severity="error"/><error line="1313" message="Call to deprecated method verbose() of class Drupal\Tests\BrowserTestBase. Deprecated in drupal:9.2.0 and is removed from drupal:10.0.0. Use dump() instead." severity="error"/></file><file name="modules/contrib/lingotek/tests/src/Functional/LingotekManageLingotekTranslationsPermissionTest.php"><error line="185" message="Call to deprecated method verbose() of class Drupal\Tests\BrowserTestBase. Deprecated in drupal:9.2.0 and is removed from drupal:10.0.0. Use dump() instead." severity="error"/></file><file name="modules/contrib/lingotek/tests/src/Functional/LingotekManagementTestTrait.php (in context of class Drupal\Tests\lingotek\Functional\LingotekTestBase)"><error line="28" message="Call to deprecated method assertLinkByHref() of class Drupal\Tests\BrowserTestBase. Deprecated in drupal:8.2.0 and is removed from drupal:10.0.0. Use $this-&gt;assertSession()-&gt;linkByHrefExists() instead." severity="error"/><error line="49" message="Call to deprecated method assertNoLinkByHref() of class Drupal\Tests\BrowserTestBase. Deprecated in drupal:8.2.0 and is removed from drupal:10.0.0. Use $this-&gt;assertSession()-&gt;linkByHrefNotExists() instead." severity="error"/><error line="70" message="Call to deprecated method assertLinkByHref() of class Drupal\Tests\BrowserTestBase. Deprecated in drupal:8.2.0 and is removed from drupal:10.0.0. Use $this-&gt;assertSession()-&gt;linkByHrefExists() instead." severity="error"/><error line="91" message="Call to deprecated method assertLinkByHref() of class Drupal\Tests\BrowserTestBase. Deprecated in drupal:8.2.0 and is removed from drupal:10.0.0. Use $this-&gt;assertSession()-&gt;linkByHrefExists() instead." severity="error"/><error line="112" message="Call to deprecated method assertNoLinkByHref() of class Drupal\Tests\BrowserTestBase. Deprecated in drupal:8.2.0 and is removed from drupal:10.0.0. Use $this-&gt;assertSession()-&gt;linkByHrefNotExists() instead." severity="error"/><error line="135" message="Call to deprecated method assertLinkByHref() of class Drupal\Tests\BrowserTestBase. Deprecated in drupal:8.2.0 and is removed from drupal:10.0.0. Use $this-&gt;assertSession()-&gt;linkByHrefExists() instead." severity="error"/><error line="158" message="Call to deprecated method assertNoLinkByHref() of class Drupal\Tests\BrowserTestBase. Deprecated in drupal:8.2.0 and is removed from drupal:10.0.0. Use $this-&gt;assertSession()-&gt;linkByHrefNotExists() instead." severity="error"/><error line="181" message="Call to deprecated method assertLinkByHref() of class Drupal\Tests\BrowserTestBase. Deprecated in drupal:8.2.0 and is removed from drupal:10.0.0. Use $this-&gt;assertSession()-&gt;linkByHrefExists() instead." severity="error"/><error line="204" message="Call to deprecated method assertNoLinkByHref() of class Drupal\Tests\BrowserTestBase. Deprecated in drupal:8.2.0 and is removed from drupal:10.0.0. Use $this-&gt;assertSession()-&gt;linkByHrefNotExists() instead." severity="error"/><error line="227" message="Call to deprecated method assertLinkByHref() of class Drupal\Tests\BrowserTestBase. Deprecated in drupal:8.2.0 and is removed from drupal:10.0.0. Use $this-&gt;assertSession()-&gt;linkByHrefExists() instead." severity="error"/><error line="250" message="Call to deprecated method assertNoLinkByHref() of class Drupal\Tests\BrowserTestBase. Deprecated in drupal:8.2.0 and is removed from drupal:10.0.0. Use $this-&gt;assertSession()-&gt;linkByHrefNotExists() instead." severity="error"/><error line="263" message="Call to deprecated method assertLinkByHref() of class Drupal\Tests\BrowserTestBase. Deprecated in drupal:8.2.0 and is removed from drupal:10.0.0. Use $this-&gt;assertSession()-&gt;linkByHrefExists() instead." severity="error"/><error line="268" message="Call to deprecated method assertEqual() of class Drupal\Tests\BrowserTestBase. Deprecated in drupal:8.0.0 and is removed from drupal:10.0.0. Use $this-&gt;assertEquals() instead." severity="error"/></file><file name="modules/contrib/lingotek/tests/src/Functional/LingotekNodeContentModerationTranslationTest.php"><error line="92" message="Missing explicit access check on entity query." severity="error"/><error line="143" message="Missing explicit access check on entity query." severity="error"/><error line="186" message="Missing explicit access check on entity query." severity="error"/><error line="242" message="Missing explicit access check on entity query." severity="error"/></file><file name="modules/contrib/lingotek/tests/src/Functional/LingotekNodeEmbeddingBricksTranslationTest.php"><error line="134" message="Call to deprecated method verbose() of class Drupal\Tests\BrowserTestBase. Deprecated in drupal:9.2.0 and is removed from drupal:10.0.0. Use dump() instead." severity="error"/></file><file name="modules/contrib/lingotek/tests/src/Functional/LingotekNodeMetatagsTranslationTest.php"><error line="97" message="Call to deprecated method verbose() of class Drupal\Tests\BrowserTestBase. Deprecated in drupal:9.2.0 and is removed from drupal:10.0.0. Use dump() instead." severity="error"/></file><file name="modules/contrib/lingotek/tests/src/Functional/LingotekNodeMultivaluedFieldTest.php"><error line="127" message="Call to deprecated method verbose() of class Drupal\Tests\BrowserTestBase. Deprecated in drupal:9.2.0 and is removed from drupal:10.0.0. Use dump() instead." severity="error"/><error line="263" message="Call to deprecated method verbose() of class Drupal\Tests\BrowserTestBase. Deprecated in drupal:9.2.0 and is removed from drupal:10.0.0. Use dump() instead." severity="error"/></file><file name="modules/contrib/lingotek/tests/src/Functional/LingotekNodeNestedParagraphsEditedTranslationTest.php"><error line="117" message="Call to deprecated method verbose() of class Drupal\Tests\BrowserTestBase. Deprecated in drupal:9.2.0 and is removed from drupal:10.0.0. Use dump() instead." severity="error"/></file><file name="modules/contrib/lingotek/tests/src/Functional/LingotekNodeNestedParagraphsTranslationTest.php"><error line="117" message="Call to deprecated method verbose() of class Drupal\Tests\BrowserTestBase. Deprecated in drupal:9.2.0 and is removed from drupal:10.0.0. Use dump() instead." severity="error"/><error line="187" message="Call to deprecated method verbose() of class Drupal\Tests\BrowserTestBase. Deprecated in drupal:9.2.0 and is removed from drupal:10.0.0. Use dump() instead." severity="error"/><error line="272" message="Call to deprecated method verbose() of class Drupal\Tests\BrowserTestBase. Deprecated in drupal:9.2.0 and is removed from drupal:10.0.0. Use dump() instead." severity="error"/><error line="362" message="Call to deprecated method verbose() of class Drupal\Tests\BrowserTestBase. Deprecated in drupal:9.2.0 and is removed from drupal:10.0.0. Use dump() instead." severity="error"/><error line="506" message="Call to deprecated method verbose() of class Drupal\Tests\BrowserTestBase. Deprecated in drupal:9.2.0 and is removed from drupal:10.0.0. Use dump() instead." severity="error"/><error line="569" message="Call to deprecated method verbose() of class Drupal\Tests\BrowserTestBase. Deprecated in drupal:9.2.0 and is removed from drupal:10.0.0. Use dump() instead." severity="error"/></file><file name="modules/contrib/lingotek/tests/src/Functional/LingotekNodeNotificationCallbackQueueWorkerTest.php"><error line="117" message="Call to deprecated method verbose() of class Drupal\Tests\BrowserTestBase. Deprecated in drupal:9.2.0 and is removed from drupal:10.0.0. Use dump() instead." severity="error"/><error line="153" message="Call to deprecated method verbose() of class Drupal\Tests\BrowserTestBase. Deprecated in drupal:9.2.0 and is removed from drupal:10.0.0. Use dump() instead." severity="error"/><error line="234" message="Call to deprecated method verbose() of class Drupal\Tests\BrowserTestBase. Deprecated in drupal:9.2.0 and is removed from drupal:10.0.0. Use dump() instead." severity="error"/><error line="241" message="Call to deprecated method verbose() of class Drupal\Tests\BrowserTestBase. Deprecated in drupal:9.2.0 and is removed from drupal:10.0.0. Use dump() instead." severity="error"/><error line="327" message="Call to deprecated method verbose() of class Drupal\Tests\BrowserTestBase. Deprecated in drupal:9.2.0 and is removed from drupal:10.0.0. Use dump() instead." severity="error"/><error line="367" message="Call to deprecated method verbose() of class Drupal\Tests\BrowserTestBase. Deprecated in drupal:9.2.0 and is removed from drupal:10.0.0. Use dump() instead." severity="error"/><error line="396" message="Call to deprecated method verbose() of class Drupal\Tests\BrowserTestBase. Deprecated in drupal:9.2.0 and is removed from drupal:10.0.0. Use dump() instead." severity="error"/></file><file name="modules/contrib/lingotek/tests/src/Functional/LingotekNodeNotificationCallbackTest.php"><error line="131" message="Call to deprecated method verbose() of class Drupal\Tests\BrowserTestBase. Deprecated in drupal:9.2.0 and is removed from drupal:10.0.0. Use dump() instead." severity="error"/><error line="167" message="Call to deprecated method verbose() of class Drupal\Tests\BrowserTestBase. Deprecated in drupal:9.2.0 and is removed from drupal:10.0.0. Use dump() instead." severity="error"/><error line="274" message="Call to deprecated method verbose() of class Drupal\Tests\BrowserTestBase. Deprecated in drupal:9.2.0 and is removed from drupal:10.0.0. Use dump() instead." severity="error"/><error line="775" message="Call to deprecated method verbose() of class Drupal\Tests\BrowserTestBase. Deprecated in drupal:9.2.0 and is removed from drupal:10.0.0. Use dump() instead." severity="error"/><error line="906" message="Call to deprecated method verbose() of class Drupal\Tests\BrowserTestBase. Deprecated in drupal:9.2.0 and is removed from drupal:10.0.0. Use dump() instead." severity="error"/><error line="955" message="Call to deprecated method verbose() of class Drupal\Tests\BrowserTestBase. Deprecated in drupal:9.2.0 and is removed from drupal:10.0.0. Use dump() instead." severity="error"/><error line="1082" message="Call to deprecated method verbose() of class Drupal\Tests\BrowserTestBase. Deprecated in drupal:9.2.0 and is removed from drupal:10.0.0. Use dump() instead." severity="error"/><error line="1106" message="Call to deprecated method verbose() of class Drupal\Tests\BrowserTestBase. Deprecated in drupal:9.2.0 and is removed from drupal:10.0.0. Use dump() instead." severity="error"/><error line="1276" message="Call to deprecated method verbose() of class Drupal\Tests\BrowserTestBase. Deprecated in drupal:9.2.0 and is removed from drupal:10.0.0. Use dump() instead." severity="error"/><error line="1283" message="Call to deprecated method verbose() of class Drupal\Tests\BrowserTestBase. Deprecated in drupal:9.2.0 and is removed from drupal:10.0.0. Use dump() instead." severity="error"/><error line="1411" message="Call to deprecated method verbose() of class Drupal\Tests\BrowserTestBase. Deprecated in drupal:9.2.0 and is removed from drupal:10.0.0. Use dump() instead." severity="error"/><error line="1447" message="Call to deprecated method verbose() of class Drupal\Tests\BrowserTestBase. Deprecated in drupal:9.2.0 and is removed from drupal:10.0.0. Use dump() instead." severity="error"/><error line="1549" message="Call to deprecated method verbose() of class Drupal\Tests\BrowserTestBase. Deprecated in drupal:9.2.0 and is removed from drupal:10.0.0. Use dump() instead." severity="error"/><error line="1575" message="Call to deprecated method verbose() of class Drupal\Tests\BrowserTestBase. Deprecated in drupal:9.2.0 and is removed from drupal:10.0.0. Use dump() instead." severity="error"/><error line="1679" message="Call to deprecated method verbose() of class Drupal\Tests\BrowserTestBase. Deprecated in drupal:9.2.0 and is removed from drupal:10.0.0. Use dump() instead." severity="error"/><error line="1705" message="Call to deprecated method verbose() of class Drupal\Tests\BrowserTestBase. Deprecated in drupal:9.2.0 and is removed from drupal:10.0.0. Use dump() instead." severity="error"/><error line="1800" message="Call to deprecated method verbose() of class Drupal\Tests\BrowserTestBase. Deprecated in drupal:9.2.0 and is removed from drupal:10.0.0. Use dump() instead." severity="error"/><error line="1835" message="Call to deprecated method verbose() of class Drupal\Tests\BrowserTestBase. Deprecated in drupal:9.2.0 and is removed from drupal:10.0.0. Use dump() instead." severity="error"/><error line="1890" message="Call to deprecated method verbose() of class Drupal\Tests\BrowserTestBase. Deprecated in drupal:9.2.0 and is removed from drupal:10.0.0. Use dump() instead." severity="error"/><error line="1946" message="Call to deprecated method verbose() of class Drupal\Tests\BrowserTestBase. Deprecated in drupal:9.2.0 and is removed from drupal:10.0.0. Use dump() instead." severity="error"/><error line="1991" message="Call to deprecated method verbose() of class Drupal\Tests\BrowserTestBase. Deprecated in drupal:9.2.0 and is removed from drupal:10.0.0. Use dump() instead." severity="error"/><error line="2049" message="Call to deprecated method verbose() of class Drupal\Tests\BrowserTestBase. Deprecated in drupal:9.2.0 and is removed from drupal:10.0.0. Use dump() instead." severity="error"/><error line="2154" message="Call to deprecated method verbose() of class Drupal\Tests\BrowserTestBase. Deprecated in drupal:9.2.0 and is removed from drupal:10.0.0. Use dump() instead." severity="error"/><error line="2183" message="Call to deprecated method verbose() of class Drupal\Tests\BrowserTestBase. Deprecated in drupal:9.2.0 and is removed from drupal:10.0.0. Use dump() instead." severity="error"/><error line="2238" message="Call to deprecated method verbose() of class Drupal\Tests\BrowserTestBase. Deprecated in drupal:9.2.0 and is removed from drupal:10.0.0. Use dump() instead." severity="error"/><error line="2268" message="Call to deprecated method verbose() of class Drupal\Tests\BrowserTestBase. Deprecated in drupal:9.2.0 and is removed from drupal:10.0.0. Use dump() instead." severity="error"/></file><file name="modules/contrib/lingotek/tests/src/Functional/LingotekNodeParagraphsTranslationTest.php"><error line="121" message="Call to deprecated method verbose() of class Drupal\Tests\BrowserTestBase. Deprecated in drupal:9.2.0 and is removed from drupal:10.0.0. Use dump() instead." severity="error"/><error line="192" message="Call to deprecated method verbose() of class Drupal\Tests\BrowserTestBase. Deprecated in drupal:9.2.0 and is removed from drupal:10.0.0. Use dump() instead." severity="error"/><error line="285" message="Call to deprecated method verbose() of class Drupal\Tests\BrowserTestBase. Deprecated in drupal:9.2.0 and is removed from drupal:10.0.0. Use dump() instead." severity="error"/><error line="381" message="Call to deprecated method verbose() of class Drupal\Tests\BrowserTestBase. Deprecated in drupal:9.2.0 and is removed from drupal:10.0.0. Use dump() instead." severity="error"/><error line="708" message="Call to deprecated method verbose() of class Drupal\Tests\BrowserTestBase. Deprecated in drupal:9.2.0 and is removed from drupal:10.0.0. Use dump() instead." severity="error"/><error line="780" message="Call to deprecated method verbose() of class Drupal\Tests\BrowserTestBase. Deprecated in drupal:9.2.0 and is removed from drupal:10.0.0. Use dump() instead." severity="error"/><error line="892" message="Call to deprecated method verbose() of class Drupal\Tests\BrowserTestBase. Deprecated in drupal:9.2.0 and is removed from drupal:10.0.0. Use dump() instead." severity="error"/><error line="990" message="Call to deprecated method verbose() of class Drupal\Tests\BrowserTestBase. Deprecated in drupal:9.2.0 and is removed from drupal:10.0.0. Use dump() instead." severity="error"/></file><file name="modules/contrib/lingotek/tests/src/Functional/LingotekNodeWithCyclesTranslationTest.php"><error line="110" message="Call to deprecated method verbose() of class Drupal\Tests\BrowserTestBase. Deprecated in drupal:9.2.0 and is removed from drupal:10.0.0. Use dump() instead." severity="error"/></file><file name="modules/contrib/lingotek/tests/src/Functional/LingotekNodeWithLinkTranslationTest.php"><error line="140" message="Call to deprecated method verbose() of class Drupal\Tests\BrowserTestBase. Deprecated in drupal:9.2.0 and is removed from drupal:10.0.0. Use dump() instead." severity="error"/><error line="215" message="Call to deprecated method verbose() of class Drupal\Tests\BrowserTestBase. Deprecated in drupal:9.2.0 and is removed from drupal:10.0.0. Use dump() instead." severity="error"/></file><file name="modules/contrib/lingotek/tests/src/Functional/LingotekNodeWithTablefieldTranslationTest.php"><error line="161" message="Call to deprecated method verbose() of class Drupal\Tests\BrowserTestBase. Deprecated in drupal:9.2.0 and is removed from drupal:10.0.0. Use dump() instead." severity="error"/></file><file name="modules/contrib/lingotek/tests/src/Functional/LingotekNodeWithTranslatedAuthorTranslationTest.php"><error line="93" message="Call to deprecated method verbose() of class Drupal\Tests\BrowserTestBase. Deprecated in drupal:9.2.0 and is removed from drupal:10.0.0. Use dump() instead." severity="error"/></file><file name="modules/contrib/lingotek/tests/src/Functional/LingotekNodeWorkbenchModerationTranslationTest.php"><error line="112" message="Missing explicit access check on entity query." severity="error"/><error line="163" message="Missing explicit access check on entity query." severity="error"/><error line="234" message="Missing explicit access check on entity query." severity="error"/><error line="290" message="Missing explicit access check on entity query." severity="error"/></file><file name="modules/contrib/lingotek/tests/src/Functional/LingotekSaveTargetDataTest.php"><error line="158" message="Call to deprecated method verbose() of class Drupal\Tests\BrowserTestBase. Deprecated in drupal:9.2.0 and is removed from drupal:10.0.0. Use dump() instead." severity="error"/></file><file name="modules/contrib/lingotek/tests/src/Functional/LingotekUserSettingsBulkTranslationTest.php"><error line="53" message="Call to deprecated method verbose() of class Drupal\Tests\BrowserTestBase. Deprecated in drupal:9.2.0 and is removed from drupal:10.0.0. Use dump() instead." severity="error"/></file><file name="modules/contrib/lingotek/tests/src/Unit/LingotekFilterManagerUnitTest.php"><error line="67" message="Call to deprecated method assertArrayEquals() of class Drupal\Tests\UnitTestCase. Deprecated in drupal:9.1.0 and is removed from drupal:10.0.0. Use ::assertEquals, ::assertEqualsCanonicalizing, or ::assertSame instead." severity="error"/></file><file name="modules/contrib/lingotek/tests/src/Unit/LingotekUnitTest.php"><error line="124" message="Call to deprecated method assertArrayEquals() of class Drupal\Tests\UnitTestCase. Deprecated in drupal:9.1.0 and is removed from drupal:10.0.0. Use ::assertEquals, ::assertEqualsCanonicalizing, or ::assertSame instead." severity="error"/><error line="169" message="Call to deprecated method assertArrayEquals() of class Drupal\Tests\UnitTestCase. Deprecated in drupal:9.1.0 and is removed from drupal:10.0.0. Use ::assertEquals, ::assertEqualsCanonicalizing, or ::assertSame instead." severity="error"/><error line="215" message="Call to deprecated method assertArrayEquals() of class Drupal\Tests\UnitTestCase. Deprecated in drupal:9.1.0 and is removed from drupal:10.0.0. Use ::assertEquals, ::assertEqualsCanonicalizing, or ::assertSame instead." severity="error"/><error line="274" message="Call to deprecated method assertArrayEquals() of class Drupal\Tests\UnitTestCase. Deprecated in drupal:9.1.0 and is removed from drupal:10.0.0. Use ::assertEquals, ::assertEqualsCanonicalizing, or ::assertSame instead." severity="error"/><error line="320" message="Call to deprecated method assertArrayEquals() of class Drupal\Tests\UnitTestCase. Deprecated in drupal:9.1.0 and is removed from drupal:10.0.0. Use ::assertEquals, ::assertEqualsCanonicalizing, or ::assertSame instead." severity="error"/><error line="335" message="Call to deprecated method assertArrayEquals() of class Drupal\Tests\UnitTestCase. Deprecated in drupal:9.1.0 and is removed from drupal:10.0.0. Use ::assertEquals, ::assertEqualsCanonicalizing, or ::assertSame instead." severity="error"/><error line="380" message="Call to deprecated method assertArrayEquals() of class Drupal\Tests\UnitTestCase. Deprecated in drupal:9.1.0 and is removed from drupal:10.0.0. Use ::assertEquals, ::assertEqualsCanonicalizing, or ::assertSame instead." severity="error"/><error line="426" message="Call to deprecated method assertArrayEquals() of class Drupal\Tests\UnitTestCase. Deprecated in drupal:9.1.0 and is removed from drupal:10.0.0. Use ::assertEquals, ::assertEqualsCanonicalizing, or ::assertSame instead." severity="error"/></file><file name="modules/contrib/lingotek/lingotek.libraries.yml"><error line="0" message="The 'lingotek.job' library is depending on a deprecated library. The core/jquery.once asset library is deprecated in Drupal 9.3.0 and will be removed in Drupal 10.0.0. Use the core/once library instead. See https://www.drupal.org/node/3158256" severity="error"/><error line="0" message="The 'lingotek.locales_listing' library is depending on a deprecated library. The core/jquery.once asset library is deprecated in Drupal 9.3.0 and will be removed in Drupal 10.0.0. Use the core/once library instead. See https://www.drupal.org/node/3158256" severity="error"/><error line="0" message="The 'lingotek.target_actions' library is depending on a deprecated library. The core/jquery.once asset library is deprecated in Drupal 9.3.0 and will be removed in Drupal 10.0.0. Use the core/once library instead. See https://www.drupal.org/node/3158256" severity="error"/></file></checkstyle>

