<?xml version="1.0"?>
<checkstyle><file name="modules/contrib/lock_field_values/tests/src/Functional/BasicUsageTest.php"><error line="15" message="Drupal\Tests\BrowserTestBase::$defaultTheme is required. See https://www.drupal.org/node/3083055, which includes recommendations on which theme to use." severity="error"/></file><file name="modules/contrib/lock_field_values/lock_field_values.info.yml"><error line="0" message="Value of core_version_requirement: ^8 || ^9 is not compatible with the next major version of Drupal core. See https://drupal.org/node/3070687." severity="error"/></file></checkstyle>

