<?xml version="1.0"?>
<checkstyle><file name="modules/contrib/login_destination/tests/src/Functional/InstallTest.php"><error line="12" message="Drupal\Tests\BrowserTestBase::$defaultTheme is required. See https://www.drupal.org/node/3083055, which includes recommendations on which theme to use." severity="error"/></file><file name="modules/contrib/login_destination/tests/src/Functional/RedirectTest.php"><error line="16" message="Drupal\Tests\BrowserTestBase::$defaultTheme is required. See https://www.drupal.org/node/3083055, which includes recommendations on which theme to use." severity="error"/></file><file name="modules/contrib/login_destination/tests/src/Functional/UninstallTest.php"><error line="12" message="Drupal\Tests\BrowserTestBase::$defaultTheme is required. See https://www.drupal.org/node/3083055, which includes recommendations on which theme to use." severity="error"/></file><file name="modules/contrib/login_destination/tests/src/Functional/UrlParameterTest.php"><error line="13" message="Drupal\Tests\BrowserTestBase::$defaultTheme is required. See https://www.drupal.org/node/3083055, which includes recommendations on which theme to use." severity="error"/></file><file name="modules/contrib/login_destination/login_destination.info.yml"><error line="0" message="Value of core_version_requirement: ^8.7.10 || ^9 is not compatible with the next major version of Drupal core. See https://drupal.org/node/3070687." severity="error"/></file><file name="modules/contrib/login_destination/composer.json"><error line="0" message="The drupal/core requirement is not compatible with the next major version of Drupal. Either remove it or update it to be compatible. See https://drupal.org/node/2514612#s-drupal-9-compatibility." severity="error"/></file></checkstyle>

