<?xml version="1.0"?>
<checkstyle><file name="modules/contrib/paragraphs/tests/src/Functional/Migrate/MigrateUiParagraphsTest.php"><error line="27" message="Call to deprecated method pass() of class Drupal\Tests\BrowserTestBase. Deprecated in drupal:8.0.0 and is removed from drupal:10.0.0. PHPUnit interrupts a test as soon as a test assertion fails, so there is usually no need to call this method. If a test's logic relies on this method, refactor the test." severity="error"/></file><file name="modules/contrib/paragraphs/tests/src/Functional/WidgetLegacy/ParagraphsAdministrationTest.php"><error line="556" message="Missing explicit access check on entity query." severity="error"/><error line="563" message="Missing explicit access check on entity query." severity="error"/></file><file name="modules/contrib/paragraphs/tests/src/Functional/WidgetStable/ParagraphsAdministrationTest.php"><error line="567" message="Missing explicit access check on entity query." severity="error"/><error line="574" message="Missing explicit access check on entity query." severity="error"/></file><file name="modules/contrib/paragraphs/tests/src/Traits/ParagraphsCoreVersionUiTestTrait.php (in context of class Drupal\Tests\paragraphs\FunctionalJavascript\ParagraphsAddWidgetTest)"><error line="55" message="Call to deprecated method drupalPostForm() of class Drupal\Tests\BrowserTestBase. Deprecated in drupal:9.1.0 and is removed from drupal:10.0.0. Use $this-&gt;submitForm() instead." severity="error"/></file><file name="modules/contrib/paragraphs/tests/src/Traits/ParagraphsCoreVersionUiTestTrait.php (in context of class Drupal\Tests\paragraphs\FunctionalJavascript\ParagraphsClientsideButtonsTest)"><error line="55" message="Call to deprecated method drupalPostForm() of class Drupal\Tests\BrowserTestBase. Deprecated in drupal:9.1.0 and is removed from drupal:10.0.0. Use $this-&gt;submitForm() instead." severity="error"/></file><file name="modules/contrib/paragraphs/tests/src/Traits/ParagraphsCoreVersionUiTestTrait.php (in context of class Drupal\Tests\paragraphs\FunctionalJavascript\ParagraphsStableEditPerspectivesUiTest)"><error line="55" message="Call to deprecated method drupalPostForm() of class Drupal\Tests\BrowserTestBase. Deprecated in drupal:9.1.0 and is removed from drupal:10.0.0. Use $this-&gt;submitForm() instead." severity="error"/></file><file name="modules/contrib/paragraphs/tests/src/Traits/ParagraphsCoreVersionUiTestTrait.php (in context of class Drupal\Tests\paragraphs\Functional\WidgetLegacy\ParagraphsTestBase)"><error line="55" message="Call to deprecated method drupalPostForm() of class Drupal\Tests\BrowserTestBase. Deprecated in drupal:9.1.0 and is removed from drupal:10.0.0. Use $this-&gt;submitForm() instead." severity="error"/></file><file name="modules/contrib/paragraphs/tests/src/Traits/ParagraphsCoreVersionUiTestTrait.php (in context of class Drupal\Tests\paragraphs\Functional\WidgetStable\ParagraphsContentModerationTranslationsTest)"><error line="55" message="Call to deprecated method drupalPostForm() of class Drupal\Tests\BrowserTestBase. Deprecated in drupal:9.1.0 and is removed from drupal:10.0.0. Use $this-&gt;submitForm() instead." severity="error"/></file><file name="modules/contrib/paragraphs/tests/src/Traits/ParagraphsCoreVersionUiTestTrait.php (in context of class Drupal\Tests\paragraphs\Functional\WidgetStable\ParagraphsTranslationsTest)"><error line="55" message="Call to deprecated method drupalPostForm() of class Drupal\Tests\BrowserTestBase. Deprecated in drupal:9.1.0 and is removed from drupal:10.0.0. Use $this-&gt;submitForm() instead." severity="error"/></file><file name="modules/contrib/paragraphs/tests/src/Traits/ParagraphsCoreVersionUiTestTrait.php (in context of class Drupal\Tests\paragraphs_demo\Functional\ParagraphsDemoTest)"><error line="55" message="Call to deprecated method drupalPostForm() of class Drupal\Tests\BrowserTestBase. Deprecated in drupal:9.1.0 and is removed from drupal:10.0.0. Use $this-&gt;submitForm() instead." severity="error"/></file><file name="modules/contrib/paragraphs/tests/src/Traits/ParagraphsCoreVersionUiTestTrait.php (in context of class Drupal\Tests\paragraphs_library\FunctionalJavascript\ParagraphsContentModerationTest)"><error line="55" message="Call to deprecated method drupalPostForm() of class Drupal\Tests\BrowserTestBase. Deprecated in drupal:9.1.0 and is removed from drupal:10.0.0. Use $this-&gt;submitForm() instead." severity="error"/></file><file name="modules/contrib/paragraphs/tests/src/Traits/ParagraphsCoreVersionUiTestTrait.php (in context of class Drupal\Tests\paragraphs_library\Functional\ParagraphsLibraryItemTest)"><error line="55" message="Call to deprecated method drupalPostForm() of class Drupal\Tests\BrowserTestBase. Deprecated in drupal:9.1.0 and is removed from drupal:10.0.0. Use $this-&gt;submitForm() instead." severity="error"/></file><file name="modules/contrib/paragraphs/tests/src/Traits/ParagraphsCoreVersionUiTestTrait.php (in context of class Drupal\Tests\paragraphs_library\Functional\ParagraphsLibraryItemTranslationTest)"><error line="55" message="Call to deprecated method drupalPostForm() of class Drupal\Tests\BrowserTestBase. Deprecated in drupal:9.1.0 and is removed from drupal:10.0.0. Use $this-&gt;submitForm() instead." severity="error"/></file><file name="modules/contrib/paragraphs/tests/src/Traits/ParagraphsCoreVersionUiTestTrait.php (in context of class Drupal\Tests\paragraphs_type_permissions\Functional\ParagraphsTypePermissionsTest)"><error line="55" message="Call to deprecated method drupalPostForm() of class Drupal\Tests\BrowserTestBase. Deprecated in drupal:9.1.0 and is removed from drupal:10.0.0. Use $this-&gt;submitForm() instead." severity="error"/></file><file name="modules/contrib/paragraphs/modules/paragraphs_demo/paragraphs_demo.module"><error line="40" message="The 'paragraphs_demo/drupal.paragraphs_demo' library is not defined because the defining extension is not installed. Cannot decide if it is deprecated or not." severity="error"/></file><file name="modules/contrib/paragraphs/tests/fixtures/drupal7.php"><error line="26137" message="The 'tracker/all' library is not defined because the defining extension is not installed. Cannot decide if it is deprecated or not." severity="error"/><error line="26138" message="The 'tracker/all' library is not defined because the defining extension is not installed. Cannot decide if it is deprecated or not." severity="error"/><error line="26164" message="The 'aggregator/categories' library is not defined because the defining extension is not installed. Cannot decide if it is deprecated or not." severity="error"/><error line="26165" message="The 'aggregator/categories' library is not defined because the defining extension is not installed. Cannot decide if it is deprecated or not." severity="error"/><error line="26272" message="The 'aggregator/sources' library is not defined because the defining extension is not installed. Cannot decide if it is deprecated or not." severity="error"/><error line="26273" message="The 'aggregator/sources' library is not defined because the defining extension is not installed. Cannot decide if it is deprecated or not." severity="error"/><error line="39275" message="The 'aggregator/categories' library is not defined because the defining extension is not installed. Cannot decide if it is deprecated or not." severity="error"/><error line="39287" message="The 'aggregator/categories' library is not defined because the defining extension is not installed. Cannot decide if it is deprecated or not." severity="error"/><error line="39400" message="The 'aggregator/opml' library is not defined because the defining extension is not installed. Cannot decide if it is deprecated or not." severity="error"/><error line="39412" message="The 'aggregator/opml' library is not defined because the defining extension is not installed. Cannot decide if it is deprecated or not." severity="error"/><error line="39425" message="The 'aggregator/rss' library is not defined because the defining extension is not installed. Cannot decide if it is deprecated or not." severity="error"/><error line="39437" message="The 'aggregator/rss' library is not defined because the defining extension is not installed. Cannot decide if it is deprecated or not." severity="error"/><error line="39450" message="The 'aggregator/sources' library is not defined because the defining extension is not installed. Cannot decide if it is deprecated or not." severity="error"/><error line="39462" message="The 'aggregator/sources' library is not defined because the defining extension is not installed. Cannot decide if it is deprecated or not." severity="error"/><error line="41925" message="The 'tracker/all' library is not defined because the defining extension is not installed. Cannot decide if it is deprecated or not." severity="error"/></file></checkstyle>

