<?xml version="1.0"?>
<checkstyle><file name="modules/contrib/past/modules/past_db/past_db.drush.inc"><error line="135" message="Call to deprecated function drush_log()." severity="error"/><error line="243" message="Call to deprecated function drush_log()." severity="error"/></file><file name="modules/contrib/past/modules/past_form/past_form.module"><error line="104" message="Calls to function fnmatch should not exist." severity="error"/></file><file name="modules/contrib/past/modules/past_form/tests/src/Functional/PastFormTest.php"><error line="333" message="Call to deprecated method assertFieldByXPath() of class Drupal\Tests\BrowserTestBase. Deprecated in drupal:8.3.0 and is removed from drupal:10.0.0. Use $this-&gt;xpath() instead and check the values directly in the test." severity="error"/><error line="347" message="Call to deprecated method assertFieldByXPath() of class Drupal\Tests\BrowserTestBase. Deprecated in drupal:8.3.0 and is removed from drupal:10.0.0. Use $this-&gt;xpath() instead and check the values directly in the test." severity="error"/></file><file name="modules/contrib/past/modules/past_simpletest/src/Entity/PastEventSimpletest.php"><error line="57" message="Call to deprecated function debug(). Deprecated in drupal:9.2.0 and is removed from drupal:10.0.0. Use dump() instead." severity="error"/></file><file name="modules/contrib/past/modules/past_testhidden/src/Controller/ErrorTrigger.php"><error line="20" message="Call to deprecated function module_load_include(). Deprecated in drupal:9.4.0 and is removed from drupal:11.0.0. Use Drupal::moduleHandler()-&gt;loadInclude($module, $type, $name = NULL). Note that including code from uninstalled extensions is no longer supported." severity="info"/><error line="20" message="File modules/contrib/past/modules/past_testhidden/past_testhidden.inc could not be loaded from module_load_include." severity="error"/></file><file name="modules/contrib/past/tests/src/Traits/PastEventTestTrait.php (in context of class Drupal\Tests\past\Functional\PastWebTest)"><error line="114" message="Call to deprecated method pass() of class Drupal\Tests\BrowserTestBase. Deprecated in drupal:8.0.0 and is removed from drupal:10.0.0. PHPUnit interrupts a test as soon as a test assertion fails, so there is usually no need to call this method. If a test's logic relies on this method, refactor the test." severity="error"/></file><file name="modules/contrib/past/tests/src/Traits/PastEventTestTrait.php (in context of class Drupal\Tests\past\Kernel\PastKernelTest)"><error line="114" message="Call to deprecated method pass() of class Drupal\KernelTests\KernelTestBase. Deprecated in drupal:8.0.0 and is removed from drupal:10.0.0. PHPUnit interrupts a test as soon as a test assertion fails, so there is usually no need to call this method. If a test's logic relies on this method, refactor the test." severity="error"/></file><file name="modules/contrib/past/tests/src/Traits/PastEventTestTrait.php (in context of class Drupal\Tests\past_form\Functional\PastFormJavascriptTest)"><error line="114" message="Call to deprecated method pass() of class Drupal\Tests\BrowserTestBase. Deprecated in drupal:8.0.0 and is removed from drupal:10.0.0. PHPUnit interrupts a test as soon as a test assertion fails, so there is usually no need to call this method. If a test's logic relies on this method, refactor the test." severity="error"/></file><file name="modules/contrib/past/tests/src/Traits/PastEventTestTrait.php (in context of class Drupal\Tests\past_form\Functional\PastFormTest)"><error line="114" message="Call to deprecated method pass() of class Drupal\Tests\BrowserTestBase. Deprecated in drupal:8.0.0 and is removed from drupal:10.0.0. PHPUnit interrupts a test as soon as a test assertion fails, so there is usually no need to call this method. If a test's logic relies on this method, refactor the test." severity="error"/></file><file name="modules/contrib/past/modules/past_db/past_db.module"><error line="204" message="The 'past_db/default' library is not defined because the defining extension is not installed. Cannot decide if it is deprecated or not." severity="error"/></file><file name="modules/contrib/past/modules/past_db/src/Entity/PastEvent.php"><error line="537" message="The 'past_db/default' library is not defined because the defining extension is not installed. Cannot decide if it is deprecated or not." severity="error"/></file><file name="modules/contrib/past/past.info.yml"><error line="0" message="Value of core_version_requirement: ^8.8 || ^9 is not compatible with the next major version of Drupal core. See https://drupal.org/node/3070687." severity="error"/></file><file name="modules/contrib/past/modules/past_db/past_db.info.yml"><error line="0" message="Value of core_version_requirement: ^8 || ^9 is not compatible with the next major version of Drupal core. See https://drupal.org/node/3070687." severity="error"/></file><file name="modules/contrib/past/modules/past_form/past_form.info.yml"><error line="0" message="Value of core_version_requirement: ^8 || ^9 is not compatible with the next major version of Drupal core. See https://drupal.org/node/3070687." severity="error"/></file><file name="modules/contrib/past/modules/past_simpletest/past_simpletest.info.yml"><error line="0" message="Value of core_version_requirement: ^8.8 || ^9 is not compatible with the next major version of Drupal core. See https://drupal.org/node/3070687." severity="error"/></file><file name="modules/contrib/past/modules/past_testhidden/past_testhidden.info.yml"><error line="0" message="Value of core_version_requirement: ^8 || ^9 is not compatible with the next major version of Drupal core. See https://drupal.org/node/3070687." severity="error"/></file></checkstyle>

