<?xml version="1.0"?>
<checkstyle><file name="modules/contrib/search_api/modules/search_api_db/src/Plugin/search_api/backend/Database.php"><error line="2661" message="Call to deprecated method queryTemporary() of class Drupal\Core\Database\Connection. Deprecated in drupal:9.3.0 and is removed from drupal:10.0.0. There is no replacement." severity="warning"/></file><file name="modules/contrib/search_api/src/Plugin/search_api/datasource/ContentEntityTaskManager.php"><error line="73" message="Call to deprecated method stopPropagation() of class Symfony\Component\EventDispatcher\Event: since Symfony 4.3, use &quot;Symfony\Contracts\EventDispatcher\Event&quot; instead" severity="error"/></file><file name="modules/contrib/search_api/src/Processor/FieldsProcessorPluginBase.php"><error line="234" message="The &quot;#pre_render&quot; render array value expects an array of callbacks." severity="error"/></file><file name="modules/contrib/search_api/src/Task/IndexTaskManager.php"><error line="131" message="Call to deprecated method stopPropagation() of class Symfony\Component\EventDispatcher\Event: since Symfony 4.3, use &quot;Symfony\Contracts\EventDispatcher\Event&quot; instead" severity="error"/></file><file name="modules/contrib/search_api/src/Task/ServerTaskManager.php"><error line="109" message="Call to deprecated method stopPropagation() of class Symfony\Component\EventDispatcher\Event: since Symfony 4.3, use &quot;Symfony\Contracts\EventDispatcher\Event&quot; instead" severity="error"/></file><file name="modules/contrib/search_api/src/Task/TaskManager.php"><error line="127" message="Missing explicit access check on entity query." severity="error"/><error line="213" message="Call to deprecated method isPropagationStopped() of class Symfony\Component\EventDispatcher\Event: since Symfony 4.3, use &quot;Symfony\Contracts\EventDispatcher\Event&quot; instead" severity="error"/></file><file name="modules/contrib/search_api/tests/modules/search_api_test_tasks/src/TestTaskWorker.php"><error line="58" message="Call to deprecated method stopPropagation() of class Symfony\Component\EventDispatcher\Event: since Symfony 4.3, use &quot;Symfony\Contracts\EventDispatcher\Event&quot; instead" severity="error"/><error line="69" message="Call to deprecated method stopPropagation() of class Symfony\Component\EventDispatcher\Event: since Symfony 4.3, use &quot;Symfony\Contracts\EventDispatcher\Event&quot; instead" severity="error"/></file><file name="modules/contrib/search_api/tests/src/Functional/ExampleContentTrait.php (in context of class Drupal\Tests\search_api\Functional\CacheabilityTest)"><error line="76" message="Missing explicit access check on entity query." severity="error"/></file><file name="modules/contrib/search_api/tests/src/Functional/ExampleContentTrait.php (in context of class Drupal\Tests\search_api\Functional\EmptyQueryStringExcerptTest)"><error line="76" message="Missing explicit access check on entity query." severity="error"/></file><file name="modules/contrib/search_api/tests/src/Functional/ExampleContentTrait.php (in context of class Drupal\Tests\search_api\Functional\ExcerptFieldTest)"><error line="76" message="Missing explicit access check on entity query." severity="error"/></file><file name="modules/contrib/search_api/tests/src/Functional/ExampleContentTrait.php (in context of class Drupal\Tests\search_api\Functional\ViewsTest)"><error line="76" message="Missing explicit access check on entity query." severity="error"/></file><file name="modules/contrib/search_api/tests/src/Functional/ExampleContentTrait.php (in context of class Drupal\Tests\search_api\Kernel\BackendTestBase)"><error line="76" message="Missing explicit access check on entity query." severity="error"/></file><file name="modules/contrib/search_api/tests/src/Functional/ExampleContentTrait.php (in context of class Drupal\Tests\search_api\Kernel\Datasource\ContentEntityDatasourceTest)"><error line="76" message="Missing explicit access check on entity query." severity="error"/></file><file name="modules/contrib/search_api/tests/src/Functional/ExampleContentTrait.php (in context of class Drupal\Tests\search_api\Kernel\System\CommandHelperTest)"><error line="76" message="Missing explicit access check on entity query." severity="error"/></file><file name="modules/contrib/search_api/tests/src/Functional/ExampleContentTrait.php (in context of class Drupal\Tests\search_api_db\Kernel\AutocompleteTest)"><error line="76" message="Missing explicit access check on entity query." severity="error"/></file><file name="modules/contrib/search_api/tests/src/Kernel/Datasource/ContentEntityDatasourceTest.php"><error line="203" message="#pre_render callback array{Drupal\Core\Entity\EntityViewBuilderInterface, 'build'} at key '0' is not callable." severity="error"/></file><file name="modules/contrib/search_api/tests/src/Unit/Processor/HighlightTest.php"><error line="91" message="Call to deprecated method setMethods() of class PHPUnit\Framework\MockObject\MockBuilder: https://github.com/sebastianbergmann/phpunit/pull/3687" severity="error"/><error line="118" message="Call to deprecated method setMethods() of class PHPUnit\Framework\MockObject\MockBuilder: https://github.com/sebastianbergmann/phpunit/pull/3687" severity="error"/><error line="145" message="Call to deprecated method setMethods() of class PHPUnit\Framework\MockObject\MockBuilder: https://github.com/sebastianbergmann/phpunit/pull/3687" severity="error"/></file></checkstyle>

