<?xml version="1.0"?>
<checkstyle><file name="modules/contrib/search_api_saved_searches/tests/src/Functional/IntegrationTest.php"><error line="495" message="Missing explicit access check on entity query." severity="error"/><error line="550" message="Missing explicit access check on entity query." severity="error"/></file></checkstyle>

