<?xml version="1.0"?>
<checkstyle><file name="modules/contrib/user_registrationpassword/UserRegistrationPasswordUserRegisterForm.php"><error line="63" message="Call to deprecated method assertEqual() of class Drupal\Tests\BrowserTestBase. Deprecated in drupal:8.0.0 and is removed from drupal:10.0.0. Use $this-&gt;assertEquals() instead." severity="error"/></file><file name="modules/contrib/user_registrationpassword/src/Controller/RegistrationController.php"><error line="140" message="Missing explicit access check on entity query." severity="error"/></file><file name="modules/contrib/user_registrationpassword/tests/src/Functional/UserRegistrationPassword.php"><error line="37" message="Call to deprecated method drupalPostForm() of class Drupal\Tests\BrowserTestBase. Deprecated in drupal:9.1.0 and is removed from drupal:10.0.0. Use $this-&gt;submitForm() instead." severity="error"/><error line="41" message="Missing explicit access check on entity query." severity="error"/><error line="69" message="Call to deprecated method drupalPostForm() of class Drupal\Tests\BrowserTestBase. Deprecated in drupal:9.1.0 and is removed from drupal:10.0.0. Use $this-&gt;submitForm() instead." severity="error"/><error line="111" message="Call to deprecated method drupalPostForm() of class Drupal\Tests\BrowserTestBase. Deprecated in drupal:9.1.0 and is removed from drupal:10.0.0. Use $this-&gt;submitForm() instead." severity="error"/><error line="125" message="Call to deprecated method drupalPostForm() of class Drupal\Tests\BrowserTestBase. Deprecated in drupal:9.1.0 and is removed from drupal:10.0.0. Use $this-&gt;submitForm() instead." severity="error"/><error line="131" message="Call to deprecated method drupalPostForm() of class Drupal\Tests\BrowserTestBase. Deprecated in drupal:9.1.0 and is removed from drupal:10.0.0. Use $this-&gt;submitForm() instead." severity="error"/><error line="137" message="Call to deprecated method drupalPostForm() of class Drupal\Tests\BrowserTestBase. Deprecated in drupal:9.1.0 and is removed from drupal:10.0.0. Use $this-&gt;submitForm() instead." severity="error"/><error line="143" message="Call to deprecated method drupalPostForm() of class Drupal\Tests\BrowserTestBase. Deprecated in drupal:9.1.0 and is removed from drupal:10.0.0. Use $this-&gt;submitForm() instead." severity="error"/><error line="159" message="Call to deprecated method drupalPostForm() of class Drupal\Tests\BrowserTestBase. Deprecated in drupal:9.1.0 and is removed from drupal:10.0.0. Use $this-&gt;submitForm() instead." severity="error"/><error line="162" message="Missing explicit access check on entity query." severity="error"/><error line="188" message="Call to deprecated method drupalPostForm() of class Drupal\Tests\BrowserTestBase. Deprecated in drupal:9.1.0 and is removed from drupal:10.0.0. Use $this-&gt;submitForm() instead." severity="error"/></file><file name="modules/contrib/user_registrationpassword/tests/src/Functional/UserRegistrationPasswordAccountSettingFormTest.php"><error line="55" message="Call to deprecated method drupalPostForm() of class Drupal\Tests\BrowserTestBase. Deprecated in drupal:9.1.0 and is removed from drupal:10.0.0. Use $this-&gt;submitForm() instead." severity="error"/></file><file name="modules/contrib/user_registrationpassword/tests/src/Functional/UserRegistrationPasswordAdmin.php"><error line="64" message="Call to deprecated method drupalPostForm() of class Drupal\Tests\BrowserTestBase. Deprecated in drupal:9.1.0 and is removed from drupal:10.0.0. Use $this-&gt;submitForm() instead." severity="error"/><error line="81" message="Call to deprecated method drupalPostForm() of class Drupal\Tests\BrowserTestBase. Deprecated in drupal:9.1.0 and is removed from drupal:10.0.0. Use $this-&gt;submitForm() instead." severity="error"/><error line="98" message="Call to deprecated method drupalPostForm() of class Drupal\Tests\BrowserTestBase. Deprecated in drupal:9.1.0 and is removed from drupal:10.0.0. Use $this-&gt;submitForm() instead." severity="error"/></file><file name="modules/contrib/user_registrationpassword/tests/src/Functional/UserRegistrationPasswordUserPasswordResetForm.php"><error line="52" message="Call to deprecated method drupalPostForm() of class Drupal\Tests\BrowserTestBase. Deprecated in drupal:9.1.0 and is removed from drupal:10.0.0. Use $this-&gt;submitForm() instead." severity="error"/><error line="53" message="Call to deprecated method assertText() of class Drupal\Tests\BrowserTestBase. Deprecated in drupal:8.2.0 and is removed from drupal:10.0.0. Use - $this-&gt;assertSession()-&gt;responseContains() for non-HTML responses, like XML or Json. - $this-&gt;assertSession()-&gt;pageTextContains() for HTML responses. Unlike the deprecated assertText(), the passed text should be HTML decoded, exactly as a human sees it in the browser." severity="error"/><error line="58" message="Call to deprecated method drupalPostForm() of class Drupal\Tests\BrowserTestBase. Deprecated in drupal:9.1.0 and is removed from drupal:10.0.0. Use $this-&gt;submitForm() instead." severity="error"/><error line="59" message="Call to deprecated method assertText() of class Drupal\Tests\BrowserTestBase. Deprecated in drupal:8.2.0 and is removed from drupal:10.0.0. Use - $this-&gt;assertSession()-&gt;responseContains() for non-HTML responses, like XML or Json. - $this-&gt;assertSession()-&gt;pageTextContains() for HTML responses. Unlike the deprecated assertText(), the passed text should be HTML decoded, exactly as a human sees it in the browser." severity="error"/><error line="65" message="Call to deprecated method assertNotEqual() of class Drupal\Tests\BrowserTestBase. Deprecated in drupal:8.0.0 and is removed from drupal:10.0.0. Use $this-&gt;assertNotEquals() instead." severity="error"/></file><file name="modules/contrib/user_registrationpassword/tests/src/Kernel/UserRegistrationPasswordMailNotifyTest.php"><error line="54" message="Call to deprecated function user_password(). Deprecated in drupal:9.1.0 and is removed from drupal:10.0.0. Use Drupal\Core\Password\PasswordGeneratorInterface::generate() instead." severity="error"/></file><file name="modules/contrib/user_registrationpassword/user_registrationpassword.module"><error line="443" message="Missing explicit access check on entity query." severity="error"/><error line="452" message="Missing explicit access check on entity query." severity="error"/><error line="489" message="Missing explicit access check on entity query." severity="error"/></file><file name="modules/contrib/user_registrationpassword/user_registrationpassword.info.yml"><error line="0" message="Value of core_version_requirement: ^8.8 || ^9 is not compatible with the next major version of Drupal core. See https://drupal.org/node/3070687." severity="error"/></file></checkstyle>

