<?xml version="1.0"?>
<checkstyle><file name="modules/contrib/image_scale_and_crop_without_upscale/tests/src/Functional/ImageEffectsTest.php"><error line="13" message="Class Drupal\Tests\image_scale_and_crop_without_upscale\Functional\ImageEffectsTest extends deprecated class Drupal\FunctionalTests\Image\ToolkitTestBase. Deprecated in drupal:9.1.0 and is removed from drupal:10.0.0. There is no replacement provided as functional test base class because toolkit operations should be tested as kernel tests. ToolkitTestTrait trait has been added to provide a similar functionality for toolkit kernel tests." severity="error"/><error line="35" message="Call to method setUp() of deprecated class Drupal\FunctionalTests\Image\ToolkitTestBase. Deprecated in drupal:9.1.0 and is removed from drupal:10.0.0. There is no replacement provided as functional test base class because toolkit operations should be tested as kernel tests. ToolkitTestTrait trait has been added to provide a similar functionality for toolkit kernel tests." severity="error"/></file><file name="modules/contrib/image_scale_and_crop_without_upscale/image_scale_and_crop_without_upscale.info.yml"><error line="0" message="Value of core_version_requirement: ^8.8 || ^9 is not compatible with the next major version of Drupal core. See https://drupal.org/node/3070687." severity="error"/></file></checkstyle>

