<?xml version="1.0"?>
<checkstyle><file name="modules/contrib/replicate_actions/tests/src/Functional/ReplicateActionsTest.php"><error line="20" message="Usage of deprecated trait Drupal\Tests\AssertHelperTrait in class Drupal\Tests\replicate_actions\Functional\ReplicateActionsTest. Deprecated in drupal:9.2.0 and is removed from drupal:10.0.0. There is no replacement." severity="error"/></file><file name="modules/contrib/replicate_actions/replicate_actions.info.yml"><error line="0" message="Value of core_version_requirement: ^8 || ^9 is not compatible with the next major version of Drupal core. See https://drupal.org/node/3070687." severity="error"/></file><file name="modules/contrib/replicate_actions/composer.json"><error line="0" message="The drupal/core requirement is not compatible with the next major version of Drupal. Either remove it or update it to be compatible. See https://drupal.org/node/2514612#s-drupal-9-compatibility." severity="error"/></file></checkstyle>

