<?xml version="1.0"?>
<checkstyle><file name="modules/contrib/patreon/modules/patreon_extras/tests/src/Functional/LoadTest.php"><error line="43" message="Call to deprecated method assertResponse() of class Drupal\Tests\BrowserTestBase. Deprecated in drupal:8.2.0 and is removed from drupal:10.0.0. Use $this-&gt;assertSession()-&gt;statusCodeEquals() instead." severity="error"/></file><file name="modules/contrib/patreon/modules/patreon_user/src/PatreonUserService.php"><error line="356" message="Call to deprecated function user_password(). Deprecated in drupal:9.1.0 and is removed from drupal:10.0.0. Use Drupal\Core\Password\PasswordGeneratorInterface::generate() instead." severity="error"/></file><file name="modules/contrib/patreon/modules/patreon_user/tests/src/Functional/LoadTest.php"><error line="43" message="Call to deprecated method assertResponse() of class Drupal\Tests\BrowserTestBase. Deprecated in drupal:8.2.0 and is removed from drupal:10.0.0. Use $this-&gt;assertSession()-&gt;statusCodeEquals() instead." severity="error"/></file><file name="modules/contrib/patreon/tests/src/Functional/LoadTest.php"><error line="43" message="Call to deprecated method assertResponse() of class Drupal\Tests\BrowserTestBase. Deprecated in drupal:8.2.0 and is removed from drupal:10.0.0. Use $this-&gt;assertSession()-&gt;statusCodeEquals() instead." severity="error"/></file><file name="modules/contrib/patreon/patreon.info.yml"><error line="0" message="Value of core_version_requirement: ^8.8 || ^9 is not compatible with the next major version of Drupal core. See https://drupal.org/node/3070687." severity="error"/></file><file name="modules/contrib/patreon/modules/patreon_user/patreon_user.info.yml"><error line="0" message="Value of core_version_requirement: ^8.8 || ^9 is not compatible with the next major version of Drupal core. See https://drupal.org/node/3070687." severity="error"/></file><file name="modules/contrib/patreon/modules/patreon_extras/patreon_extras.info.yml"><error line="0" message="Value of core_version_requirement: ^8.8 || ^9 is not compatible with the next major version of Drupal core. See https://drupal.org/node/3070687." severity="error"/></file></checkstyle>

