<?xml version="1.0"?>
<checkstyle><file name="modules/contrib/ckeditor5_sections/ckeditor5_sections.module"><error line="23" message="Call to deprecated function drupal_get_path(). Deprecated in drupal:9.3.0 and is removed from drupal:10.0.0. Use Drupal\Core\Extension\ExtensionPathResolver::getPath() instead." severity="warning"/></file><file name="modules/contrib/ckeditor5_sections/src/ConflictResolution/MergeSectionsDocuments.php"><error line="" message="Class Drupal\Core\Conflict\ConflictResolution\MergeStrategyBase not found." severity="error"/><error line="13" message="Class Drupal\Core\Conflict\ConflictResolution\MergeStrategyBase not found." severity="error"/></file><file name="modules/contrib/ckeditor5_sections/src/DocumentConverter.php"><error line="80" message="Call to deprecated function drupal_get_path(). Deprecated in drupal:9.3.0 and is removed from drupal:10.0.0. Use Drupal\Core\Extension\ExtensionPathResolver::getPath() instead." severity="warning"/></file><file name="modules/contrib/ckeditor5_sections/src/Form/SectionsMediaLibraryUploadForm.php"><error line="20" message="Class Drupal\ckeditor5_sections\Form\SectionsMediaLibraryUploadForm extends @internal class Drupal\media_library\Form\FileUploadForm." severity="error"/></file><file name="modules/contrib/ckeditor5_sections/src/Plugin/EntityUsage/Track/CKEditor5SectionsBase.php"><error line="" message="Class Drupal\entity_usage\EntityUsageTrackBase not found." severity="error"/><error line="9" message="Class Drupal\entity_usage\EntityUsageTrackBase not found." severity="error"/></file><file name="modules/contrib/ckeditor5_sections/src/Plugin/EntityUsage/Track/CKEditor5SectionsButtons.php"><error line="" message="Class Drupal\entity_usage\EntityUsageTrackBase not found." severity="error"/><error line="24" message="Class Drupal\entity_usage\EntityUsageTrackBase not found." severity="error"/></file><file name="modules/contrib/ckeditor5_sections/src/Plugin/EntityUsage/Track/CKEditor5SectionsHtmlLink.php"><error line="" message="Class Drupal\entity_usage\EntityUsageTrackBase not found." severity="error"/><error line="30" message="Class Drupal\entity_usage\EntityUsageTrackBase not found." severity="error"/></file><file name="modules/contrib/ckeditor5_sections/src/Plugin/EntityUsage/Track/CKEditor5SectionsMedia.php"><error line="" message="Class Drupal\entity_usage\EntityUsageTrackBase not found." severity="error"/><error line="17" message="Class Drupal\entity_usage\EntityUsageTrackBase not found." severity="error"/></file><file name="modules/contrib/ckeditor5_sections/src/Plugin/EntityUsage/Track/CKEditor5SectionsMentionsBase.php"><error line="" message="Class Drupal\entity_usage\EntityUsageTrackBase not found." severity="error"/><error line="10" message="Class Drupal\entity_usage\EntityUsageTrackBase not found." severity="error"/></file><file name="modules/contrib/ckeditor5_sections/src/Plugin/GraphQL/Fields/SectionProperty.php"><error line="" message="Class Drupal\graphql\Plugin\GraphQL\Fields\FieldPluginBase not found." severity="error"/><error line="17" message="Class Drupal\graphql\Plugin\GraphQL\Fields\FieldPluginBase not found." severity="error"/></file><file name="modules/contrib/ckeditor5_sections/src/Plugin/GraphQL/Fields/SectionTypeField.php"><error line="" message="Class Drupal\graphql\Plugin\GraphQL\Fields\FieldPluginBase not found." severity="error"/><error line="19" message="Class Drupal\graphql\Plugin\GraphQL\Fields\FieldPluginBase not found." severity="error"/></file><file name="modules/contrib/ckeditor5_sections/src/Plugin/GraphQL/Interfaces/Section.php"><error line="" message="Class Drupal\graphql\Plugin\GraphQL\Interfaces\InterfacePluginBase not found." severity="error"/><error line="15" message="Class Drupal\graphql\Plugin\GraphQL\Interfaces\InterfacePluginBase not found." severity="error"/></file><file name="modules/contrib/ckeditor5_sections/src/Plugin/GraphQL/Types/SectionType.php"><error line="" message="Class Drupal\graphql\Plugin\GraphQL\Types\TypePluginBase not found." severity="error"/><error line="16" message="Class Drupal\graphql\Plugin\GraphQL\Types\TypePluginBase not found." severity="error"/></file><file name="modules/contrib/ckeditor5_sections/src/Plugin/views/field/CKEditor5SectionsMediaLibrarySelectForm.php"><error line="21" message="Class Drupal\ckeditor5_sections\Plugin\views\field\CKEditor5SectionsMediaLibrarySelectForm extends @internal class Drupal\media_library\Plugin\views\field\MediaLibrarySelectForm." severity="error"/></file><file name="modules/contrib/ckeditor5_sections/src/SectionsCollector.php"><error line="48" message="Call to deprecated function drupal_get_path(). Deprecated in drupal:9.3.0 and is removed from drupal:10.0.0. Use Drupal\Core\Extension\ExtensionPathResolver::getPath() instead." severity="warning"/><error line="74" message="Call to deprecated function drupal_get_path(). Deprecated in drupal:9.3.0 and is removed from drupal:10.0.0. Use Drupal\Core\Extension\ExtensionPathResolver::getPath() instead." severity="warning"/><error line="108" message="Call to deprecated function drupal_get_path(). Deprecated in drupal:9.3.0 and is removed from drupal:10.0.0. Use Drupal\Core\Extension\ExtensionPathResolver::getPath() instead." severity="warning"/></file><file name="modules/contrib/ckeditor5_sections/src/SectionsMediaLibraryOpener.php"><error line="10" message="Class Drupal\ckeditor5_sections\SectionsMediaLibraryOpener extends @internal class Drupal\media_library\MediaLibraryFieldWidgetOpener." severity="error"/></file><file name="modules/contrib/ckeditor5_sections/tests/ckeditor5_sections_test/tests/Kernel/DocumentSectionTypedDataBasicValidationTest.php"><error line="75" message="Call to deprecated method assertEqual() of class Drupal\KernelTests\KernelTestBase. Deprecated in drupal:8.0.0 and is removed from drupal:10.0.0. Use $this-&gt;assertEquals() instead." severity="error"/><error line="76" message="Call to deprecated method assertEqual() of class Drupal\KernelTests\KernelTestBase. Deprecated in drupal:8.0.0 and is removed from drupal:10.0.0. Use $this-&gt;assertEquals() instead." severity="error"/><error line="90" message="Call to deprecated method assertEqual() of class Drupal\KernelTests\KernelTestBase. Deprecated in drupal:8.0.0 and is removed from drupal:10.0.0. Use $this-&gt;assertEquals() instead." severity="error"/><error line="94" message="Call to deprecated method assertEqual() of class Drupal\KernelTests\KernelTestBase. Deprecated in drupal:8.0.0 and is removed from drupal:10.0.0. Use $this-&gt;assertEquals() instead." severity="error"/><error line="95" message="Call to deprecated method assertEqual() of class Drupal\KernelTests\KernelTestBase. Deprecated in drupal:8.0.0 and is removed from drupal:10.0.0. Use $this-&gt;assertEquals() instead." severity="error"/><error line="102" message="Call to deprecated method assertEqual() of class Drupal\KernelTests\KernelTestBase. Deprecated in drupal:8.0.0 and is removed from drupal:10.0.0. Use $this-&gt;assertEquals() instead." severity="error"/><error line="103" message="Call to deprecated method assertEqual() of class Drupal\KernelTests\KernelTestBase. Deprecated in drupal:8.0.0 and is removed from drupal:10.0.0. Use $this-&gt;assertEquals() instead." severity="error"/><error line="108" message="Call to deprecated method assertEqual() of class Drupal\KernelTests\KernelTestBase. Deprecated in drupal:8.0.0 and is removed from drupal:10.0.0. Use $this-&gt;assertEquals() instead." severity="error"/><error line="109" message="Call to deprecated method assertEqual() of class Drupal\KernelTests\KernelTestBase. Deprecated in drupal:8.0.0 and is removed from drupal:10.0.0. Use $this-&gt;assertEquals() instead." severity="error"/><error line="114" message="Call to deprecated method assertEqual() of class Drupal\KernelTests\KernelTestBase. Deprecated in drupal:8.0.0 and is removed from drupal:10.0.0. Use $this-&gt;assertEquals() instead." severity="error"/><error line="115" message="Call to deprecated method assertEqual() of class Drupal\KernelTests\KernelTestBase. Deprecated in drupal:8.0.0 and is removed from drupal:10.0.0. Use $this-&gt;assertEquals() instead." severity="error"/><error line="124" message="Call to deprecated method assertEqual() of class Drupal\KernelTests\KernelTestBase. Deprecated in drupal:8.0.0 and is removed from drupal:10.0.0. Use $this-&gt;assertEquals() instead." severity="error"/><error line="126" message="Call to deprecated method assertEqual() of class Drupal\KernelTests\KernelTestBase. Deprecated in drupal:8.0.0 and is removed from drupal:10.0.0. Use $this-&gt;assertEquals() instead." severity="error"/><error line="127" message="Call to deprecated method assertEqual() of class Drupal\KernelTests\KernelTestBase. Deprecated in drupal:8.0.0 and is removed from drupal:10.0.0. Use $this-&gt;assertEquals() instead." severity="error"/><error line="133" message="Call to deprecated method assertEqual() of class Drupal\KernelTests\KernelTestBase. Deprecated in drupal:8.0.0 and is removed from drupal:10.0.0. Use $this-&gt;assertEquals() instead." severity="error"/><error line="134" message="Call to deprecated method assertEqual() of class Drupal\KernelTests\KernelTestBase. Deprecated in drupal:8.0.0 and is removed from drupal:10.0.0. Use $this-&gt;assertEquals() instead." severity="error"/><error line="140" message="Call to deprecated method assertEqual() of class Drupal\KernelTests\KernelTestBase. Deprecated in drupal:8.0.0 and is removed from drupal:10.0.0. Use $this-&gt;assertEquals() instead." severity="error"/><error line="141" message="Call to deprecated method assertEqual() of class Drupal\KernelTests\KernelTestBase. Deprecated in drupal:8.0.0 and is removed from drupal:10.0.0. Use $this-&gt;assertEquals() instead." severity="error"/></file><file name="modules/contrib/ckeditor5_sections/tests/ckeditor5_sections_test/tests/Kernel/DocumentSectionTypedDataCustomValidationTest.php"><error line="57" message="Call to deprecated method assertEqual() of class Drupal\KernelTests\KernelTestBase. Deprecated in drupal:8.0.0 and is removed from drupal:10.0.0. Use $this-&gt;assertEquals() instead." severity="error"/><error line="81" message="Call to deprecated method assertEqual() of class Drupal\KernelTests\KernelTestBase. Deprecated in drupal:8.0.0 and is removed from drupal:10.0.0. Use $this-&gt;assertEquals() instead." severity="error"/><error line="82" message="Call to deprecated method assertEqual() of class Drupal\KernelTests\KernelTestBase. Deprecated in drupal:8.0.0 and is removed from drupal:10.0.0. Use $this-&gt;assertEquals() instead." severity="error"/><error line="93" message="Call to deprecated method assertEqual() of class Drupal\KernelTests\KernelTestBase. Deprecated in drupal:8.0.0 and is removed from drupal:10.0.0. Use $this-&gt;assertEquals() instead." severity="error"/></file><file name="modules/contrib/ckeditor5_sections/tests/src/Kernel/SectionsCollectorTest.php"><error line="85" message="Call to deprecated method setMethods() of class PHPUnit\Framework\MockObject\MockBuilder: https://github.com/sebastianbergmann/phpunit/pull/3687" severity="error"/><error line="95" message="Call to deprecated function drupal_get_path(). Deprecated in drupal:9.3.0 and is removed from drupal:10.0.0. Use Drupal\Core\Extension\ExtensionPathResolver::getPath() instead." severity="warning"/></file><file name="modules/contrib/ckeditor5_sections"><error line="0" message="The start path &quot;modules/contrib/ckeditor5_sections&quot; is not absolute." severity="error"/></file><file name="modules/contrib/ckeditor5_sections/src/Plugin/Editor/CKEditor5Sections.php"><error line="0" message="The start path &quot;modules/contrib/ckeditor5_sections&quot; is not absolute." severity="error"/><error line="0" message="The start path &quot;modules/contrib/ckeditor5_sections&quot; is not absolute." severity="error"/></file><file name="modules/contrib/ckeditor5_sections/ckeditor5_sections.module"><error line="0" message="The start path &quot;modules/contrib/ckeditor5_sections&quot; is not absolute." severity="error"/><error line="0" message="The start path &quot;modules/contrib/ckeditor5_sections&quot; is not absolute." severity="error"/></file><file name="modules/contrib/ckeditor5_sections/ckeditor5_sections.info.yml"><error line="0" message="Value of core_version_requirement: ^8 || ^9 is not compatible with the next major version of Drupal core. See https://drupal.org/node/3070687." severity="error"/></file><file name="modules/contrib/ckeditor5_sections/modules/ckeditor5_sections_token/ckeditor5_sections_token.info.yml"><error line="0" message="Add core_version_requirement: ^8 || ^9 to designate that the extension is compatible with Drupal 9. See https://drupal.org/node/3070687." severity="error"/></file></checkstyle>

