<?xml version="1.0"?>
<checkstyle><file name="modules/contrib/jqcloud/tests/src/FunctionalJavascript/JqcloudJavascriptTest.php"><error line="" message="Class Drupal\FunctionalJavascriptTests\JavascriptTestBase not found." severity="error"/><error line="19" message="Class Drupal\FunctionalJavascriptTests\JavascriptTestBase not found." severity="error"/></file><file name="modules/contrib/jqcloud/jqcloud.info.yml"><error line="0" message="Value of core_version_requirement: ^8 || ^9 is not compatible with the next major version of Drupal core. See https://drupal.org/node/3070687." severity="error"/></file></checkstyle>

