<?xml version="1.0"?>
<checkstyle><file name="modules/contrib/devel/devel_generate/src/Plugin/DevelGenerate/MediaDevelGenerate.php"><error line="327" message="Call to deprecated function drupal_get_path(). Deprecated in drupal:9.3.0 and is removed from drupal:10.0.0. Use Drupal\Core\Extension\ExtensionPathResolver::getPath() instead." severity="warning"/></file><file name="modules/contrib/devel/devel_generate/src/Plugin/DevelGenerate/MenuDevelGenerate.php"><error line="274" message="Call to deprecated function menu_ui_get_menus(). Deprecated in drupal:9.3.0 and is removed from drupal:10.0.0. Use Drupal\system\Entity\Menu::loadMultiple() instead." severity="warning"/></file><file name="modules/contrib/devel/devel_generate/tests/src/Functional/DevelGenerateBrowserTest.php"><error line="25" message="Call to deprecated method drupalPostForm() of class Drupal\Tests\BrowserTestBase. Deprecated in drupal:9.1.0 and is removed from drupal:10.0.0. Use $this-&gt;submitForm() instead." severity="error"/><error line="26" message="Call to deprecated method assertText() of class Drupal\Tests\BrowserTestBase. Deprecated in drupal:8.2.0 and is removed from drupal:10.0.0. Use - $this-&gt;assertSession()-&gt;responseContains() for non-HTML responses, like XML or Json. - $this-&gt;assertSession()-&gt;pageTextContains() for HTML responses. Unlike the deprecated assertText(), the passed text should be HTML decoded, exactly as a human sees it in the browser." severity="error"/><error line="27" message="Call to deprecated method assertText() of class Drupal\Tests\BrowserTestBase. Deprecated in drupal:8.2.0 and is removed from drupal:10.0.0. Use - $this-&gt;assertSession()-&gt;responseContains() for non-HTML responses, like XML or Json. - $this-&gt;assertSession()-&gt;pageTextContains() for HTML responses. Unlike the deprecated assertText(), the passed text should be HTML decoded, exactly as a human sees it in the browser." severity="error"/><error line="40" message="Call to deprecated method drupalPostForm() of class Drupal\Tests\BrowserTestBase. Deprecated in drupal:9.1.0 and is removed from drupal:10.0.0. Use $this-&gt;submitForm() instead." severity="error"/><error line="41" message="Call to deprecated method assertText() of class Drupal\Tests\BrowserTestBase. Deprecated in drupal:8.2.0 and is removed from drupal:10.0.0. Use - $this-&gt;assertSession()-&gt;responseContains() for non-HTML responses, like XML or Json. - $this-&gt;assertSession()-&gt;pageTextContains() for HTML responses. Unlike the deprecated assertText(), the passed text should be HTML decoded, exactly as a human sees it in the browser." severity="error"/><error line="56" message="Call to deprecated method drupalPostForm() of class Drupal\Tests\BrowserTestBase. Deprecated in drupal:9.1.0 and is removed from drupal:10.0.0. Use $this-&gt;submitForm() instead." severity="error"/><error line="64" message="Call to deprecated method assert() of class Drupal\Tests\BrowserTestBase. Deprecated in drupal:8.0.0 and is removed from drupal:10.0.0. Use $this-&gt;assertTrue() instead." severity="error"/><error line="83" message="Call to deprecated method drupalPostForm() of class Drupal\Tests\BrowserTestBase. Deprecated in drupal:9.1.0 and is removed from drupal:10.0.0. Use $this-&gt;submitForm() instead." severity="error"/><error line="116" message="Call to deprecated method drupalPostForm() of class Drupal\Tests\BrowserTestBase. Deprecated in drupal:9.1.0 and is removed from drupal:10.0.0. Use $this-&gt;submitForm() instead." severity="error"/><error line="134" message="Call to deprecated method drupalPostForm() of class Drupal\Tests\BrowserTestBase. Deprecated in drupal:9.1.0 and is removed from drupal:10.0.0. Use $this-&gt;submitForm() instead." severity="error"/><error line="158" message="Call to deprecated method drupalPostForm() of class Drupal\Tests\BrowserTestBase. Deprecated in drupal:9.1.0 and is removed from drupal:10.0.0. Use $this-&gt;submitForm() instead." severity="error"/><error line="191" message="Call to deprecated method drupalPostForm() of class Drupal\Tests\BrowserTestBase. Deprecated in drupal:9.1.0 and is removed from drupal:10.0.0. Use $this-&gt;submitForm() instead." severity="error"/><error line="205" message="Call to deprecated method drupalPostForm() of class Drupal\Tests\BrowserTestBase. Deprecated in drupal:9.1.0 and is removed from drupal:10.0.0. Use $this-&gt;submitForm() instead." severity="error"/><error line="223" message="Call to deprecated method drupalPostForm() of class Drupal\Tests\BrowserTestBase. Deprecated in drupal:9.1.0 and is removed from drupal:10.0.0. Use $this-&gt;submitForm() instead." severity="error"/><error line="239" message="Call to deprecated method drupalPostForm() of class Drupal\Tests\BrowserTestBase. Deprecated in drupal:9.1.0 and is removed from drupal:10.0.0. Use $this-&gt;submitForm() instead." severity="error"/><error line="256" message="Call to deprecated method drupalPostForm() of class Drupal\Tests\BrowserTestBase. Deprecated in drupal:9.1.0 and is removed from drupal:10.0.0. Use $this-&gt;submitForm() instead." severity="error"/><error line="274" message="Call to deprecated method drupalPostForm() of class Drupal\Tests\BrowserTestBase. Deprecated in drupal:9.1.0 and is removed from drupal:10.0.0. Use $this-&gt;submitForm() instead." severity="error"/><error line="293" message="Call to deprecated method drupalPostForm() of class Drupal\Tests\BrowserTestBase. Deprecated in drupal:9.1.0 and is removed from drupal:10.0.0. Use $this-&gt;submitForm() instead." severity="error"/><error line="306" message="Call to deprecated method drupalPostForm() of class Drupal\Tests\BrowserTestBase. Deprecated in drupal:9.1.0 and is removed from drupal:10.0.0. Use $this-&gt;submitForm() instead." severity="error"/><error line="339" message="Call to deprecated method drupalPostForm() of class Drupal\Tests\BrowserTestBase. Deprecated in drupal:9.1.0 and is removed from drupal:10.0.0. Use $this-&gt;submitForm() instead." severity="error"/><error line="352" message="Call to deprecated method drupalPostForm() of class Drupal\Tests\BrowserTestBase. Deprecated in drupal:9.1.0 and is removed from drupal:10.0.0. Use $this-&gt;submitForm() instead." severity="error"/><error line="369" message="Call to deprecated method drupalPostForm() of class Drupal\Tests\BrowserTestBase. Deprecated in drupal:9.1.0 and is removed from drupal:10.0.0. Use $this-&gt;submitForm() instead." severity="error"/><error line="386" message="Call to deprecated method drupalPostForm() of class Drupal\Tests\BrowserTestBase. Deprecated in drupal:9.1.0 and is removed from drupal:10.0.0. Use $this-&gt;submitForm() instead." severity="error"/><error line="399" message="Call to deprecated method drupalPostForm() of class Drupal\Tests\BrowserTestBase. Deprecated in drupal:9.1.0 and is removed from drupal:10.0.0. Use $this-&gt;submitForm() instead." severity="error"/></file><file name="modules/contrib/devel/src/EventSubscriber/ErrorHandlerSubscriber.php"><error line="38" message="Parameter $event of method Drupal\devel\EventSubscriber\ErrorHandlerSubscriber::registerErrorHandler() has typehint with deprecated class Symfony\Component\EventDispatcher\Event: since Symfony 4.3, use &quot;Symfony\Contracts\EventDispatcher\Event&quot; instead" severity="error"/></file><file name="modules/contrib/devel/src/EventSubscriber/ThemeInfoRebuildSubscriber.php"><error line="74" message="Parameter $event of method Drupal\devel\EventSubscriber\ThemeInfoRebuildSubscriber::rebuildThemeInfo() has typehint with deprecated class Symfony\Component\HttpKernel\Event\GetResponseEvent: since Symfony 4.3, use RequestEvent instead" severity="error"/></file><file name="modules/contrib/devel/src/Form/ConfigEditor.php"><error line="58" message="Calls to function dpr should not exist." severity="error"/></file><file name="modules/contrib/devel/src/Form/DevelReinstall.php"><error line="68" message="Call to deprecated function drupal_get_installed_schema_version(). Deprecated in drupal:9.3.0 and is removed from drupal:10.0.0. Use Drupal\Core\Update\UpdateHookRegistry::getInstalledVersion() or \Drupal\Core\Update\UpdateHookRegistry::getAllInstalledVersions() instead." severity="warning"/></file><file name="modules/contrib/devel/src/Form/SystemStateEdit.php"><error line="76" message="Calls to function kpr should not exist." severity="error"/></file><file name="modules/contrib/devel/src/Plugin/Devel/Dumper/DoctrineDebug.php"><error line="25" message="Call to method export() of deprecated class Doctrine\Common\Util\Debug: The Debug class is deprecated, please use symfony/var-dumper instead." severity="error"/></file><file name="modules/contrib/devel/src/Plugin/Mail/DevelMailLog.php"><error line="141" message="Call to deprecated method mimeHeaderEncode() of class Drupal\Component\Utility\Unicode. Deprecated in drupal:9.2.0 and is removed from drupal:10.0.0. Use \Symfony\Component\Mime\Header\UnstructuredHeader instead." severity="error"/></file><file name="modules/contrib/devel/src/ToolbarHandler.php"><error line="113" message="#lazy_builder callback 'Drupal\\devel&#x2026;' at key '0' is not callable." severity="error"/></file><file name="modules/contrib/devel/tests/src/Functional/DevelDumperTest.php"><error line="48" message="Call to deprecated method assertFieldsByValue() of class Drupal\Tests\BrowserTestBase. Deprecated in drupal:8.3.0 and is removed from drupal:10.0.0. Use iteration over the fields yourself instead and directly check the values in the test." severity="error"/><error line="50" message="Call to deprecated method assertFieldsByValue() of class Drupal\Tests\BrowserTestBase. Deprecated in drupal:8.3.0 and is removed from drupal:10.0.0. Use iteration over the fields yourself instead and directly check the values in the test." severity="error"/><error line="53" message="Call to deprecated method assertFieldsByValue() of class Drupal\Tests\BrowserTestBase. Deprecated in drupal:8.3.0 and is removed from drupal:10.0.0. Use iteration over the fields yourself instead and directly check the values in the test." severity="error"/><error line="59" message="Call to deprecated method assertFieldsByValue() of class Drupal\Tests\BrowserTestBase. Deprecated in drupal:8.3.0 and is removed from drupal:10.0.0. Use iteration over the fields yourself instead and directly check the values in the test." severity="error"/><error line="62" message="Call to deprecated method assertFieldsByValue() of class Drupal\Tests\BrowserTestBase. Deprecated in drupal:8.3.0 and is removed from drupal:10.0.0. Use iteration over the fields yourself instead and directly check the values in the test." severity="error"/><error line="64" message="Call to deprecated method assertFieldsByValue() of class Drupal\Tests\BrowserTestBase. Deprecated in drupal:8.3.0 and is removed from drupal:10.0.0. Use iteration over the fields yourself instead and directly check the values in the test." severity="error"/><error line="67" message="Call to deprecated method assertFieldsByValue() of class Drupal\Tests\BrowserTestBase. Deprecated in drupal:8.3.0 and is removed from drupal:10.0.0. Use iteration over the fields yourself instead and directly check the values in the test." severity="error"/><error line="73" message="Call to deprecated method drupalPostForm() of class Drupal\Tests\BrowserTestBase. Deprecated in drupal:9.1.0 and is removed from drupal:10.0.0. Use $this-&gt;submitForm() instead." severity="error"/><error line="88" message="Call to deprecated method drupalPostForm() of class Drupal\Tests\BrowserTestBase. Deprecated in drupal:9.1.0 and is removed from drupal:10.0.0. Use $this-&gt;submitForm() instead." severity="error"/></file><file name="modules/contrib/devel/tests/src/Functional/DevelErrorHandlerTest.php"><error line="38" message="Call to deprecated method drupalPostForm() of class Drupal\Tests\BrowserTestBase. Deprecated in drupal:9.1.0 and is removed from drupal:10.0.0. Use $this-&gt;submitForm() instead." severity="error"/></file><file name="modules/contrib/devel/tests/src/Functional/DevelModulesReinstallTest.php"><error line="45" message="Call to deprecated method drupalPostForm() of class Drupal\Tests\BrowserTestBase. Deprecated in drupal:9.1.0 and is removed from drupal:10.0.0. Use $this-&gt;submitForm() instead." severity="error"/></file><file name="modules/contrib/devel/tests/src/Functional/DevelRouterRebuildTest.php"><error line="30" message="Call to deprecated method drupalPostForm() of class Drupal\Tests\BrowserTestBase. Deprecated in drupal:9.1.0 and is removed from drupal:10.0.0. Use $this-&gt;submitForm() instead." severity="error"/></file><file name="modules/contrib/devel/tests/src/Functional/DevelStateEditorTest.php"><error line="131" message="Call to deprecated method drupalPostForm() of class Drupal\Tests\BrowserTestBase. Deprecated in drupal:9.1.0 and is removed from drupal:10.0.0. Use $this-&gt;submitForm() instead." severity="error"/><error line="147" message="Call to deprecated method drupalPostForm() of class Drupal\Tests\BrowserTestBase. Deprecated in drupal:9.1.0 and is removed from drupal:10.0.0. Use $this-&gt;submitForm() instead." severity="error"/><error line="151" message="Call to deprecated method drupalPostForm() of class Drupal\Tests\BrowserTestBase. Deprecated in drupal:9.1.0 and is removed from drupal:10.0.0. Use $this-&gt;submitForm() instead." severity="error"/></file><file name="modules/contrib/devel/tests/src/Functional/DevelSwitchUserTest.php"><error line="94" message="Call to deprecated method drupalPostForm() of class Drupal\Tests\BrowserTestBase. Deprecated in drupal:9.1.0 and is removed from drupal:10.0.0. Use $this-&gt;submitForm() instead." severity="error"/></file><file name="modules/contrib/devel/tests/src/Functional/DevelToolbarTest.php"><error line="103" message="Call to deprecated method drupalPostForm() of class Drupal\Tests\BrowserTestBase. Deprecated in drupal:9.1.0 and is removed from drupal:10.0.0. Use $this-&gt;submitForm() instead." severity="error"/></file><file name="modules/contrib/devel/tests/src/Kernel/DevelEnforcedDependenciesTest.php"><error line="63" message="Call to deprecated method findConfigEntityDependents() of class Drupal\Core\Config\ConfigManagerInterface. Deprecated in drupal:9.3.0 and is removed from drupal:10.0.0. Instead you should use ConfigManagerInterface::findConfigEntityDependencies()." severity="warning"/><error line="75" message="Call to deprecated method findConfigEntityDependents() of class Drupal\Core\Config\ConfigManagerInterface. Deprecated in drupal:9.3.0 and is removed from drupal:10.0.0. Instead you should use ConfigManagerInterface::findConfigEntityDependencies()." severity="warning"/></file><file name="modules/contrib/devel/webprofiler/src/Entity/Decorators/Config/DomainStorageDecorator.php"><error line="" message="Class Drupal\domain\DomainStorageInterface not found." severity="error"/><error line="11" message="Class Drupal\domain\DomainStorageInterface not found." severity="error"/></file><file name="modules/contrib/devel/webprofiler/src/Entity/EntityManagerWrapper.php"><error line="" message="Class Drupal\domain\DomainStorageInterface not found." severity="error"/><error line="108" message="Class Drupal\domain\DomainStorageInterface not found." severity="error"/></file><file name="modules/contrib/devel/webprofiler/templates/Collector/devel.html.twig"><error line="0" message="The spaceless tag in &quot;modules/contrib/devel/webprofiler/templates/Collector/devel.html.twig&quot; at line 10 is deprecated since Twig 2.7, use the &quot;spaceless&quot; filter with the &quot;apply&quot; tag instead. See https://drupal.org/node/3071078." severity="error"/></file><file name="modules/contrib/devel/webprofiler/templates/Collector/drupal.html.twig"><error line="0" message="The spaceless tag in &quot;modules/contrib/devel/webprofiler/templates/Collector/drupal.html.twig&quot; at line 12 is deprecated since Twig 2.7, use the &quot;spaceless&quot; filter with the &quot;apply&quot; tag instead. See https://drupal.org/node/3071078." severity="error"/></file><file name="modules/contrib/devel/webprofiler/templates/Collector/forms.html.twig"><error line="0" message="The spaceless tag in &quot;modules/contrib/devel/webprofiler/templates/Collector/forms.html.twig&quot; at line 10 is deprecated since Twig 2.7, use the &quot;spaceless&quot; filter with the &quot;apply&quot; tag instead. See https://drupal.org/node/3071078." severity="error"/></file><file name="modules/contrib/devel/webprofiler/templates/Collector/php_config.html.twig"><error line="0" message="The spaceless tag in &quot;modules/contrib/devel/webprofiler/templates/Collector/php_config.html.twig&quot; at line 11 is deprecated since Twig 2.7, use the &quot;spaceless&quot; filter with the &quot;apply&quot; tag instead. See https://drupal.org/node/3071078." severity="error"/></file><file name="modules/contrib/devel/webprofiler/src/Controller/DashboardController.php"><error line="92" message="The 'webprofiler/dashboard' library is not defined because the defining extension is not installed. Cannot decide if it is deprecated or not." severity="error"/></file><file name="modules/contrib/devel/webprofiler/src/DataCollector/DatabaseDataCollector.php"><error line="196" message="The 'webprofiler/database' library is not defined because the defining extension is not installed. Cannot decide if it is deprecated or not." severity="error"/></file><file name="modules/contrib/devel/webprofiler/src/DataCollector/TimeDataCollector.php"><error line="99" message="The 'webprofiler/timeline' library is not defined because the defining extension is not installed. Cannot decide if it is deprecated or not." severity="error"/></file><file name="modules/contrib/devel/devel.info.yml"><error line="0" message="Value of core_version_requirement: ^8.8 || ^9 is not compatible with the next major version of Drupal core. See https://drupal.org/node/3070687." severity="error"/></file><file name="modules/contrib/devel/devel_generate/devel_generate.info.yml"><error line="0" message="Value of core_version_requirement: ^8.8 || ^9 is not compatible with the next major version of Drupal core. See https://drupal.org/node/3070687." severity="error"/></file><file name="modules/contrib/devel/devel_generate/tests/modules/devel_generate_example/devel_generate_example.info.yml"><error line="0" message="Value of core_version_requirement: ^8.8 || ^9 is not compatible with the next major version of Drupal core. See https://drupal.org/node/3070687." severity="error"/></file><file name="modules/contrib/devel/webprofiler/webprofiler.info.yml"><error line="0" message="Value of core_version_requirement: ^8.8 || ^9 is not compatible with the next major version of Drupal core. See https://drupal.org/node/3070687." severity="error"/></file></checkstyle>

