<?xml version="1.0"?>
<checkstyle><file name="modules/contrib/examples/modules/ajax_example/tests/src/Functional/DynamicFormSectionsTest.php"><error line="52" message="Call to deprecated method assertEqual() of class Drupal\Tests\BrowserTestBase. Deprecated in drupal:8.0.0 and is removed from drupal:10.0.0. Use $this-&gt;assertEquals() instead." severity="error"/><error line="65" message="Call to deprecated method assertNotEqual() of class Drupal\Tests\BrowserTestBase. Deprecated in drupal:8.0.0 and is removed from drupal:10.0.0. Use $this-&gt;assertNotEquals() instead." severity="error"/><error line="73" message="Call to deprecated method assertNotEqual() of class Drupal\Tests\BrowserTestBase. Deprecated in drupal:8.0.0 and is removed from drupal:10.0.0. Use $this-&gt;assertNotEquals() instead." severity="error"/></file><file name="modules/contrib/examples/modules/batch_example/tests/src/Functional/BatchExampleWebTest.php"><error line="38" message="Call to deprecated method assertText() of class Drupal\Tests\BrowserTestBase. Deprecated in drupal:8.2.0 and is removed from drupal:10.0.0. Use - $this-&gt;assertSession()-&gt;responseContains() for non-HTML responses, like XML or Json. - $this-&gt;assertSession()-&gt;pageTextContains() for HTML responses. Unlike the deprecated assertText(), the passed text should be HTML decoded, exactly as a human sees it in the browser." severity="error"/><error line="44" message="Call to deprecated method assertText() of class Drupal\Tests\BrowserTestBase. Deprecated in drupal:8.2.0 and is removed from drupal:10.0.0. Use - $this-&gt;assertSession()-&gt;responseContains() for non-HTML responses, like XML or Json. - $this-&gt;assertSession()-&gt;pageTextContains() for HTML responses. Unlike the deprecated assertText(), the passed text should be HTML decoded, exactly as a human sees it in the browser." severity="error"/></file><file name="modules/contrib/examples/modules/block_example/tests/src/Functional/BlockExampleMenuTest.php"><error line="43" message="Call to deprecated method assertLinkByHref() of class Drupal\Tests\BrowserTestBase. Deprecated in drupal:8.2.0 and is removed from drupal:10.0.0. Use $this-&gt;assertSession()-&gt;linkByHrefExists() instead." severity="error"/><error line="46" message="Call to deprecated method assertResponse() of class Drupal\Tests\BrowserTestBase. Deprecated in drupal:8.2.0 and is removed from drupal:10.0.0. Use $this-&gt;assertSession()-&gt;statusCodeEquals() instead." severity="error"/><error line="52" message="Call to deprecated method assertResponse() of class Drupal\Tests\BrowserTestBase. Deprecated in drupal:8.2.0 and is removed from drupal:10.0.0. Use $this-&gt;assertSession()-&gt;statusCodeEquals() instead." severity="error"/></file><file name="modules/contrib/examples/modules/config_entity_example/tests/src/Functional/ConfigEntityExampleTest.php"><error line="133" message="Call to deprecated method assertLinkByHref() of class Drupal\Tests\BrowserTestBase. Deprecated in drupal:8.2.0 and is removed from drupal:10.0.0. Use $this-&gt;assertSession()-&gt;linkByHrefExists() instead." severity="error"/><error line="134" message="Call to deprecated method assertLinkByHref() of class Drupal\Tests\BrowserTestBase. Deprecated in drupal:8.2.0 and is removed from drupal:10.0.0. Use $this-&gt;assertSession()-&gt;linkByHrefExists() instead." severity="error"/><error line="135" message="Call to deprecated method assertLinkByHref() of class Drupal\Tests\BrowserTestBase. Deprecated in drupal:8.2.0 and is removed from drupal:10.0.0. Use $this-&gt;assertSession()-&gt;linkByHrefExists() instead." severity="error"/><error line="143" message="Call to deprecated method assertLinkByHref() of class Drupal\Tests\BrowserTestBase. Deprecated in drupal:8.2.0 and is removed from drupal:10.0.0. Use $this-&gt;assertSession()-&gt;linkByHrefExists() instead." severity="error"/><error line="153" message="Call to deprecated method assertEqual() of class Drupal\Tests\BrowserTestBase. Deprecated in drupal:8.0.0 and is removed from drupal:10.0.0. Use $this-&gt;assertEquals() instead." severity="error"/><error line="174" message="Call to deprecated method assertEqual() of class Drupal\Tests\BrowserTestBase. Deprecated in drupal:8.0.0 and is removed from drupal:10.0.0. Use $this-&gt;assertEquals() instead." severity="error"/></file><file name="modules/contrib/examples/modules/events_example/src/Event/IncidentReportEvent.php"><error line="20" message="Class Drupal\events_example\Event\IncidentReportEvent extends deprecated class Symfony\Component\EventDispatcher\Event: since Symfony 4.3, use &quot;Symfony\Contracts\EventDispatcher\Event&quot; instead" severity="error"/></file><file name="modules/contrib/examples/modules/events_example/src/EventSubscriber/EventsExampleSubscriber.php"><error line="101" message="Call to deprecated method stopPropagation() of class Symfony\Component\EventDispatcher\Event: since Symfony 4.3, use &quot;Symfony\Contracts\EventDispatcher\Event&quot; instead" severity="error"/><error line="114" message="Call to deprecated method stopPropagation() of class Symfony\Component\EventDispatcher\Event: since Symfony 4.3, use &quot;Symfony\Contracts\EventDispatcher\Event&quot; instead" severity="error"/><error line="126" message="Call to deprecated method stopPropagation() of class Symfony\Component\EventDispatcher\Event: since Symfony 4.3, use &quot;Symfony\Contracts\EventDispatcher\Event&quot; instead" severity="error"/></file><file name="modules/contrib/examples/modules/field_example/tests/src/Functional/FieldExampleBrowserTestBase.php"><error line="83" message="Call to deprecated method assertText() of class Drupal\Tests\BrowserTestBase. Deprecated in drupal:8.2.0 and is removed from drupal:10.0.0. Use - $this-&gt;assertSession()-&gt;responseContains() for non-HTML responses, like XML or Json. - $this-&gt;assertSession()-&gt;pageTextContains() for HTML responses. Unlike the deprecated assertText(), the passed text should be HTML decoded, exactly as a human sees it in the browser." severity="error"/><error line="145" message="Call to deprecated method verbose() of class Drupal\Tests\BrowserTestBase. Deprecated in drupal:9.2.0 and is removed from drupal:10.0.0. Use dump() instead." severity="error"/></file><file name="modules/contrib/examples/modules/field_permission_example/tests/src/Kernel/FieldNoteItemTest.php"><error line="147" message="Call to deprecated method assertEqual() of class Drupal\KernelTests\KernelTestBase. Deprecated in drupal:8.0.0 and is removed from drupal:10.0.0. Use $this-&gt;assertEquals() instead." severity="error"/><error line="148" message="Call to deprecated method assertEqual() of class Drupal\KernelTests\KernelTestBase. Deprecated in drupal:8.0.0 and is removed from drupal:10.0.0. Use $this-&gt;assertEquals() instead." severity="error"/><error line="153" message="Call to deprecated method assertEqual() of class Drupal\KernelTests\KernelTestBase. Deprecated in drupal:8.0.0 and is removed from drupal:10.0.0. Use $this-&gt;assertEquals() instead." severity="error"/><error line="163" message="Call to deprecated method assertEqual() of class Drupal\KernelTests\KernelTestBase. Deprecated in drupal:8.0.0 and is removed from drupal:10.0.0. Use $this-&gt;assertEquals() instead." severity="error"/></file><file name="modules/contrib/examples/modules/form_api_example/src/Form/InputDemo.php"><error line="263" message="Call to deprecated function drupal_get_path(). Deprecated in drupal:9.3.0 and is removed from drupal:10.0.0. Use Drupal\Core\Extension\ExtensionPathResolver::getPath() instead." severity="warning"/></file><file name="modules/contrib/examples/modules/form_api_example/tests/src/Functional/FapiExampleTest.php"><error line="296" message="Call to deprecated method assertResponse() of class Drupal\Tests\BrowserTestBase. Deprecated in drupal:8.2.0 and is removed from drupal:10.0.0. Use $this-&gt;assertSession()-&gt;statusCodeEquals() instead." severity="error"/><error line="312" message="Call to deprecated method assertFieldsByValue() of class Drupal\Tests\BrowserTestBase. Deprecated in drupal:8.3.0 and is removed from drupal:10.0.0. Use iteration over the fields yourself instead and directly check the values in the test." severity="error"/><error line="324" message="Call to deprecated method assertFieldsByValue() of class Drupal\Tests\BrowserTestBase. Deprecated in drupal:8.3.0 and is removed from drupal:10.0.0. Use iteration over the fields yourself instead and directly check the values in the test." severity="error"/><error line="325" message="Call to deprecated method assertFieldsByValue() of class Drupal\Tests\BrowserTestBase. Deprecated in drupal:8.3.0 and is removed from drupal:10.0.0. Use iteration over the fields yourself instead and directly check the values in the test." severity="error"/><error line="331" message="Call to deprecated method assertFieldsByValue() of class Drupal\Tests\BrowserTestBase. Deprecated in drupal:8.3.0 and is removed from drupal:10.0.0. Use iteration over the fields yourself instead and directly check the values in the test." severity="error"/><error line="332" message="Call to deprecated method assertFieldsByValue() of class Drupal\Tests\BrowserTestBase. Deprecated in drupal:8.3.0 and is removed from drupal:10.0.0. Use iteration over the fields yourself instead and directly check the values in the test." severity="error"/><error line="337" message="Call to deprecated method assertText() of class Drupal\Tests\BrowserTestBase. Deprecated in drupal:8.2.0 and is removed from drupal:10.0.0. Use - $this-&gt;assertSession()-&gt;responseContains() for non-HTML responses, like XML or Json. - $this-&gt;assertSession()-&gt;pageTextContains() for HTML responses. Unlike the deprecated assertText(), the passed text should be HTML decoded, exactly as a human sees it in the browser." severity="error"/></file><file name="modules/contrib/examples/modules/node_type_example/tests/src/Functional/NodeTypeExampleTest.php"><error line="156" message="Call to deprecated method assertText() of class Drupal\Tests\BrowserTestBase. Deprecated in drupal:8.2.0 and is removed from drupal:10.0.0. Use - $this-&gt;assertSession()-&gt;responseContains() for non-HTML responses, like XML or Json. - $this-&gt;assertSession()-&gt;pageTextContains() for HTML responses. Unlike the deprecated assertText(), the passed text should be HTML decoded, exactly as a human sees it in the browser." severity="error"/><error line="157" message="Call to deprecated method assertText() of class Drupal\Tests\BrowserTestBase. Deprecated in drupal:8.2.0 and is removed from drupal:10.0.0. Use - $this-&gt;assertSession()-&gt;responseContains() for non-HTML responses, like XML or Json. - $this-&gt;assertSession()-&gt;pageTextContains() for HTML responses. Unlike the deprecated assertText(), the passed text should be HTML decoded, exactly as a human sees it in the browser." severity="error"/><error line="163" message="Call to deprecated method assertText() of class Drupal\Tests\BrowserTestBase. Deprecated in drupal:8.2.0 and is removed from drupal:10.0.0. Use - $this-&gt;assertSession()-&gt;responseContains() for non-HTML responses, like XML or Json. - $this-&gt;assertSession()-&gt;pageTextContains() for HTML responses. Unlike the deprecated assertText(), the passed text should be HTML decoded, exactly as a human sees it in the browser." severity="error"/><error line="164" message="Call to deprecated method assertText() of class Drupal\Tests\BrowserTestBase. Deprecated in drupal:8.2.0 and is removed from drupal:10.0.0. Use - $this-&gt;assertSession()-&gt;responseContains() for non-HTML responses, like XML or Json. - $this-&gt;assertSession()-&gt;pageTextContains() for HTML responses. Unlike the deprecated assertText(), the passed text should be HTML decoded, exactly as a human sees it in the browser." severity="error"/></file><file name="modules/contrib/examples/modules/plugin_type_example/tests/src/Functional/PluginTypeExampleTest.php"><error line="68" message="Call to deprecated method assertEqual() of class Drupal\Tests\BrowserTestBase. Deprecated in drupal:8.0.0 and is removed from drupal:10.0.0. Use $this-&gt;assertEquals() instead." severity="error"/></file><file name="modules/contrib/examples/modules/queue_example/tests/src/Functional/QueueExampleTest.php"><error line="46" message="Call to deprecated method assertText() of class Drupal\Tests\BrowserTestBase. Deprecated in drupal:8.2.0 and is removed from drupal:10.0.0. Use - $this-&gt;assertSession()-&gt;responseContains() for non-HTML responses, like XML or Json. - $this-&gt;assertSession()-&gt;pageTextContains() for HTML responses. Unlike the deprecated assertText(), the passed text should be HTML decoded, exactly as a human sees it in the browser." severity="error"/><error line="52" message="Call to deprecated method assertPattern() of class Drupal\Tests\BrowserTestBase. Deprecated in drupal:8.2.0 and is removed from drupal:10.0.0. Use $this-&gt;assertSession()-&gt;responseMatches() instead." severity="error"/><error line="56" message="Call to deprecated method assertText() of class Drupal\Tests\BrowserTestBase. Deprecated in drupal:8.2.0 and is removed from drupal:10.0.0. Use - $this-&gt;assertSession()-&gt;responseContains() for non-HTML responses, like XML or Json. - $this-&gt;assertSession()-&gt;pageTextContains() for HTML responses. Unlike the deprecated assertText(), the passed text should be HTML decoded, exactly as a human sees it in the browser." severity="error"/><error line="70" message="Call to deprecated method assertPattern() of class Drupal\Tests\BrowserTestBase. Deprecated in drupal:8.2.0 and is removed from drupal:10.0.0. Use $this-&gt;assertSession()-&gt;responseMatches() instead." severity="error"/><error line="75" message="Call to deprecated method assertText() of class Drupal\Tests\BrowserTestBase. Deprecated in drupal:8.2.0 and is removed from drupal:10.0.0. Use - $this-&gt;assertSession()-&gt;responseContains() for non-HTML responses, like XML or Json. - $this-&gt;assertSession()-&gt;pageTextContains() for HTML responses. Unlike the deprecated assertText(), the passed text should be HTML decoded, exactly as a human sees it in the browser." severity="error"/></file><file name="modules/contrib/examples/modules/render_example/src/Controller/RenderExampleController.php"><error line="287" message="#pre_render value 'non-empty-string' at key '0' is invalid." severity="error"/><error line="291" message="#post_render value 'non-empty-string' at key '0' is invalid." severity="error"/><error line="358" message="#lazy_builder value 'non-empty-string' at key '0' is invalid." severity="error"/></file><file name="modules/contrib/examples/modules/rest_example/tests/src/Functional/RestExampleSettingsTest.php"><error line="51" message="Call to deprecated method assertText() of class Drupal\Tests\BrowserTestBase. Deprecated in drupal:8.2.0 and is removed from drupal:10.0.0. Use - $this-&gt;assertSession()-&gt;responseContains() for non-HTML responses, like XML or Json. - $this-&gt;assertSession()-&gt;pageTextContains() for HTML responses. Unlike the deprecated assertText(), the passed text should be HTML decoded, exactly as a human sees it in the browser." severity="error"/></file><file name="modules/contrib/examples/modules/testing_example/src/Controller/TestingExampleController.php"><error line="33" message="Call to deprecated function drupal_get_path(). Deprecated in drupal:9.3.0 and is removed from drupal:10.0.0. Use Drupal\Core\Extension\ExtensionPathResolver::getPath() instead." severity="warning"/></file><file name="modules/contrib/examples/modules/testing_example/tests/src/Functional/TestingExampleMenuTest.php"><error line="48" message="Call to deprecated method assertLinkByHref() of class Drupal\Tests\BrowserTestBase. Deprecated in drupal:8.2.0 and is removed from drupal:10.0.0. Use $this-&gt;assertSession()-&gt;linkByHrefExists() instead." severity="error"/><error line="51" message="Call to deprecated method assertResponse() of class Drupal\Tests\BrowserTestBase. Deprecated in drupal:8.2.0 and is removed from drupal:10.0.0. Use $this-&gt;assertSession()-&gt;statusCodeEquals() instead." severity="error"/></file><file name="modules/contrib/examples/modules/testing_example/tests/src/Unit/Controller/ContrivedControllerTest.php"><error line="103" message="Call to deprecated method setMethods() of class PHPUnit\Framework\MockObject\MockBuilder: https://github.com/sebastianbergmann/phpunit/pull/3687" severity="error"/></file><file name="modules/contrib/examples/modules/theming_example/tests/src/Functional/ThemingExampleTest.php"><error line="44" message="Call to deprecated method assertRaw() of class Drupal\Tests\BrowserTestBase. Deprecated in drupal:8.2.0 and is removed from drupal:10.0.0. Use $this-&gt;assertSession()-&gt;responseContains() instead." severity="error"/><error line="45" message="Call to deprecated method assertRaw() of class Drupal\Tests\BrowserTestBase. Deprecated in drupal:8.2.0 and is removed from drupal:10.0.0. Use $this-&gt;assertSession()-&gt;responseContains() instead." severity="error"/><error line="46" message="Call to deprecated method assertRaw() of class Drupal\Tests\BrowserTestBase. Deprecated in drupal:8.2.0 and is removed from drupal:10.0.0. Use $this-&gt;assertSession()-&gt;responseContains() instead." severity="error"/><error line="61" message="Call to deprecated method assertRaw() of class Drupal\Tests\BrowserTestBase. Deprecated in drupal:8.2.0 and is removed from drupal:10.0.0. Use $this-&gt;assertSession()-&gt;responseContains() instead." severity="error"/><error line="63" message="Call to deprecated method assertRaw() of class Drupal\Tests\BrowserTestBase. Deprecated in drupal:8.2.0 and is removed from drupal:10.0.0. Use $this-&gt;assertSession()-&gt;responseContains() instead." severity="error"/><error line="70" message="Call to deprecated method assertText() of class Drupal\Tests\BrowserTestBase. Deprecated in drupal:8.2.0 and is removed from drupal:10.0.0. Use - $this-&gt;assertSession()-&gt;responseContains() for non-HTML responses, like XML or Json. - $this-&gt;assertSession()-&gt;pageTextContains() for HTML responses. Unlike the deprecated assertText(), the passed text should be HTML decoded, exactly as a human sees it in the browser." severity="error"/></file><file name="modules/contrib/examples/modules/theming_example/src/Controller/ThemingPageController.php"><error line="80" message="The 'theming_example/list' library is not defined because the defining extension is not installed. Cannot decide if it is deprecated or not." severity="error"/><error line="91" message="The 'theming_example/list' library is not defined because the defining extension is not installed. Cannot decide if it is deprecated or not." severity="error"/></file><file name="modules/contrib/examples/modules/js_example/src/Controller/JsExampleController.php"><error line="78" message="The 'js_example/js_example.weights' library is not defined because the defining extension is not installed. Cannot decide if it is deprecated or not." severity="error"/><error line="109" message="The 'js_example/js_example.accordion' library is not defined because the defining extension is not installed. Cannot decide if it is deprecated or not." severity="error"/></file><file name="modules/contrib/examples/modules/ajax_example/src/Form/DynamicFormSections.php"><error line="36" message="The 'ajax_example/ajax_example.library' library is not defined because the defining extension is not installed. Cannot decide if it is deprecated or not." severity="error"/></file><file name="modules/contrib/examples/modules/ajax_example/src/Form/DependentDropdown.php"><error line="30" message="The 'ajax_example/ajax_example.library' library is not defined because the defining extension is not installed. Cannot decide if it is deprecated or not." severity="error"/></file><file name="modules/contrib/examples/modules/render_example/src/Controller/RenderExampleController.php"><error line="80" message="The 'render_example/render-example.library' library is not defined because the defining extension is not installed. Cannot decide if it is deprecated or not." severity="error"/></file><file name="modules/contrib/examples/modules/field_example/src/Plugin/Field/FieldWidget/ColorPickerWidget.php"><error line="35" message="The 'field_example/colorpicker' library is not defined because the defining extension is not installed. Cannot decide if it is deprecated or not." severity="error"/></file><file name="modules/contrib/examples/modules/field_permission_example/src/Plugin/Field/FieldFormatter/SimpleTextFormatter.php"><error line="41" message="The 'field_permission_example/fieldnote_sticky' library is not defined because the defining extension is not installed. Cannot decide if it is deprecated or not." severity="error"/></file><file name="modules/contrib/examples/modules/rest_example/tests/src/Functional/RestExampleActionTest.php"><error line="70" message="The 'rest/node' library is not defined because the defining extension is not installed. Cannot decide if it is deprecated or not." severity="error"/></file><file name="modules/contrib/examples/examples.info.yml"><error line="0" message="Value of core_version_requirement: ^8.7.7 || ^9 is not compatible with the next major version of Drupal core. See https://drupal.org/node/3070687." severity="error"/></file><file name="modules/contrib/examples/modules/theming_example/theming_example.info.yml"><error line="0" message="Value of core_version_requirement: ^8.7.7 || ^9 is not compatible with the next major version of Drupal core. See https://drupal.org/node/3070687." severity="error"/></file><file name="modules/contrib/examples/modules/js_example/js_example.info.yml"><error line="0" message="Value of core_version_requirement: ^8.7.7 || ^9 is not compatible with the next major version of Drupal core. See https://drupal.org/node/3070687." severity="error"/></file><file name="modules/contrib/examples/modules/file_example/file_example.info.yml"><error line="0" message="Value of core_version_requirement: ^8.7.7 || ^9 is not compatible with the next major version of Drupal core. See https://drupal.org/node/3070687." severity="error"/></file><file name="modules/contrib/examples/modules/page_example/page_example.info.yml"><error line="0" message="Value of core_version_requirement: ^8.7.7 || ^9 is not compatible with the next major version of Drupal core. See https://drupal.org/node/3070687." severity="error"/></file><file name="modules/contrib/examples/modules/email_example/email_example.info.yml"><error line="0" message="Value of core_version_requirement: ^8.7.7 || ^9 is not compatible with the next major version of Drupal core. See https://drupal.org/node/3070687." severity="error"/></file><file name="modules/contrib/examples/modules/dbtng_example/dbtng_example.info.yml"><error line="0" message="Value of core_version_requirement: ^8.7.7 || ^9 is not compatible with the next major version of Drupal core. See https://drupal.org/node/3070687." severity="error"/></file><file name="modules/contrib/examples/modules/content_entity_example/content_entity_example.info.yml"><error line="0" message="Value of core_version_requirement: ^8.7.7 || ^9 is not compatible with the next major version of Drupal core. See https://drupal.org/node/3070687." severity="error"/></file><file name="modules/contrib/examples/modules/menu_example/menu_example.info.yml"><error line="0" message="Value of core_version_requirement: ^8.7.7 || ^9 is not compatible with the next major version of Drupal core. See https://drupal.org/node/3070687." severity="error"/></file><file name="modules/contrib/examples/modules/cache_example/cache_example.info.yml"><error line="0" message="Value of core_version_requirement: ^8.7.7 || ^9 is not compatible with the next major version of Drupal core. See https://drupal.org/node/3070687." severity="error"/></file><file name="modules/contrib/examples/modules/tour_example/tour_example.info.yml"><error line="0" message="Value of core_version_requirement: ^8.7.7 || ^9 is not compatible with the next major version of Drupal core. See https://drupal.org/node/3070687." severity="error"/></file><file name="modules/contrib/examples/modules/cron_example/cron_example.info.yml"><error line="0" message="Value of core_version_requirement: ^8.7.7 || ^9 is not compatible with the next major version of Drupal core. See https://drupal.org/node/3070687." severity="error"/></file><file name="modules/contrib/examples/modules/phpunit_example/phpunit_example.info.yml"><error line="0" message="Value of core_version_requirement: ^8.7.7 || ^9 is not compatible with the next major version of Drupal core. See https://drupal.org/node/3070687." severity="error"/></file><file name="modules/contrib/examples/modules/ajax_example/ajax_example.info.yml"><error line="0" message="Value of core_version_requirement: ^8.7.7 || ^9 is not compatible with the next major version of Drupal core. See https://drupal.org/node/3070687." severity="error"/></file><file name="modules/contrib/examples/modules/render_example/render_example.info.yml"><error line="0" message="Value of core_version_requirement: ^8.7.7 || ^9 is not compatible with the next major version of Drupal core. See https://drupal.org/node/3070687." severity="error"/></file><file name="modules/contrib/examples/modules/stream_wrapper_example/stream_wrapper_example.info.yml"><error line="0" message="Value of core_version_requirement: ^8.7.7 || ^9 is not compatible with the next major version of Drupal core. See https://drupal.org/node/3070687." severity="error"/></file><file name="modules/contrib/examples/modules/events_example/events_example.info.yml"><error line="0" message="Value of core_version_requirement: ^8.7.7 || ^9 is not compatible with the next major version of Drupal core. See https://drupal.org/node/3070687." severity="error"/></file><file name="modules/contrib/examples/modules/field_example/field_example.info.yml"><error line="0" message="Value of core_version_requirement: ^8.7.7 || ^9 is not compatible with the next major version of Drupal core. See https://drupal.org/node/3070687." severity="error"/></file><file name="modules/contrib/examples/modules/tablesort_example/tablesort_example.info.yml"><error line="0" message="Value of core_version_requirement: ^8.7.7 || ^9 is not compatible with the next major version of Drupal core. See https://drupal.org/node/3070687." severity="error"/></file><file name="modules/contrib/examples/modules/field_permission_example/field_permission_example.info.yml"><error line="0" message="Value of core_version_requirement: ^8.7.7 || ^9 is not compatible with the next major version of Drupal core. See https://drupal.org/node/3070687." severity="error"/></file><file name="modules/contrib/examples/modules/hooks_example/hooks_example.info.yml"><error line="0" message="Value of core_version_requirement: ^8.7.7 || ^9 is not compatible with the next major version of Drupal core. See https://drupal.org/node/3070687." severity="error"/></file><file name="modules/contrib/examples/modules/rest_example/rest_example.info.yml"><error line="0" message="Value of core_version_requirement: ^8.7.7 || ^9 is not compatible with the next major version of Drupal core. See https://drupal.org/node/3070687." severity="error"/></file><file name="modules/contrib/examples/modules/config_entity_example/config_entity_example.info.yml"><error line="0" message="Value of core_version_requirement: ^8.7.7 || ^9 is not compatible with the next major version of Drupal core. See https://drupal.org/node/3070687." severity="error"/></file><file name="modules/contrib/examples/modules/testing_example/testing_example.info.yml"><error line="0" message="Value of core_version_requirement: ^8.7.7 || ^9 is not compatible with the next major version of Drupal core. See https://drupal.org/node/3070687." severity="error"/></file><file name="modules/contrib/examples/modules/testing_example/tests/modules/testing_example_test/testing_example_test.info.yml"><error line="0" message="Value of core_version_requirement: ^8.7.7 || ^9 is not compatible with the next major version of Drupal core. See https://drupal.org/node/3070687." severity="error"/></file><file name="modules/contrib/examples/modules/tabledrag_example/tabledrag_example.info.yml"><error line="0" message="Value of core_version_requirement: ^8.7.7 || ^9 is not compatible with the next major version of Drupal core. See https://drupal.org/node/3070687." severity="error"/></file><file name="modules/contrib/examples/modules/action_example/action_example.info.yml"><error line="0" message="Value of core_version_requirement: ^8.7.7 || ^9 is not compatible with the next major version of Drupal core. See https://drupal.org/node/3070687." severity="error"/></file><file name="modules/contrib/examples/modules/queue_example/queue_example.info.yml"><error line="0" message="Value of core_version_requirement: ^8.7.7 || ^9 is not compatible with the next major version of Drupal core. See https://drupal.org/node/3070687." severity="error"/></file><file name="modules/contrib/examples/modules/session_example/session_example.info.yml"><error line="0" message="Value of core_version_requirement: ^8.7.7 || ^9 is not compatible with the next major version of Drupal core. See https://drupal.org/node/3070687." severity="error"/></file><file name="modules/contrib/examples/modules/block_example/block_example.info.yml"><error line="0" message="Value of core_version_requirement: ^8.7.7 || ^9 is not compatible with the next major version of Drupal core. See https://drupal.org/node/3070687." severity="error"/></file><file name="modules/contrib/examples/modules/node_type_example/node_type_example.info.yml"><error line="0" message="Value of core_version_requirement: ^8.7.7 || ^9 is not compatible with the next major version of Drupal core. See https://drupal.org/node/3070687." severity="error"/></file><file name="modules/contrib/examples/modules/pager_example/pager_example.info.yml"><error line="0" message="Value of core_version_requirement: ^8.7.7 || ^9 is not compatible with the next major version of Drupal core. See https://drupal.org/node/3070687." severity="error"/></file><file name="modules/contrib/examples/modules/form_api_example/form_api_example.info.yml"><error line="0" message="Value of core_version_requirement: ^8.7.7 || ^9 is not compatible with the next major version of Drupal core. See https://drupal.org/node/3070687." severity="error"/></file><file name="modules/contrib/examples/modules/plugin_type_example/plugin_type_example.info.yml"><error line="0" message="Value of core_version_requirement: ^8.7.7 || ^9 is not compatible with the next major version of Drupal core. See https://drupal.org/node/3070687." severity="error"/></file><file name="modules/contrib/examples/modules/batch_example/batch_example.info.yml"><error line="0" message="Value of core_version_requirement: ^8.7.7 || ^9 is not compatible with the next major version of Drupal core. See https://drupal.org/node/3070687." severity="error"/></file></checkstyle>

