<?xml version="1.0"?>
<checkstyle><file name="modules/contrib/activitypub/tests/src/Functional/FollowTest.php"><error line="162" message="Missing explicit access check on entity query." severity="error"/><error line="180" message="Missing explicit access check on entity query." severity="error"/></file><file name="modules/contrib/activitypub/activitypub.info.yml"><error line="0" message="Value of core_version_requirement: ^8.8 || ^9 is not compatible with the next major version of Drupal core. See https://drupal.org/node/3070687." severity="error"/></file><file name="modules/contrib/activitypub/tests/modules/activitypub_test/activitypub_test.info.yml"><error line="0" message="Value of core_version_requirement: ^8.8 || ^9 is not compatible with the next major version of Drupal core. See https://drupal.org/node/3070687." severity="error"/></file><file name="modules/contrib/activitypub/composer.json"><error line="0" message="The drupal/core requirement is not compatible with the next major version of Drupal. Either remove it or update it to be compatible. See https://drupal.org/node/2514612#s-drupal-9-compatibility." severity="error"/></file></checkstyle>

