<?xml version="1.0"?>
<checkstyle><file name="modules/contrib/arguments/src/Form/ArgumentRevisionRevertForm.php"><error line="153" message="Call to deprecated constant REQUEST_TIME: Deprecated in drupal:8.3.0 and is removed from drupal:10.0.0. Use Drupal::time()-&gt;getRequestTime();" severity="error"/></file><file name="modules/contrib/arguments/src/Form/ArgumentRevisionRevertTranslationForm.php"><error line="114" message="Call to deprecated constant REQUEST_TIME: Deprecated in drupal:8.3.0 and is removed from drupal:10.0.0. Use Drupal::time()-&gt;getRequestTime();" severity="error"/></file><file name="modules/contrib/arguments/src/Plugin/Field/FieldFormatter/AttachChangeRequestFormatter.php"><error line="142" message="Call to deprecated function render(). Deprecated in drupal:9.3.0 and is removed from drupal:10.0.0. Use Drupal\Core\Render\RendererInterface::render() instead." severity="error"/></file><file name="modules/contrib/arguments/tests/src/Functional/LoadTest.php"><error line="13" message="Drupal\Tests\BrowserTestBase::$defaultTheme is required. See https://www.drupal.org/node/3083055, which includes recommendations on which theme to use." severity="error"/><error line="43" message="Call to deprecated method assertResponse() of class Drupal\Tests\BrowserTestBase. Deprecated in drupal:8.2.0 and is removed from drupal:10.0.0. Use $this-&gt;assertSession()-&gt;statusCodeEquals() instead." severity="error"/></file><file name="modules/contrib/arguments/templates/rufi-chip.html.twig"><error line="2" message="The 'rufi_base/chips' library is not defined because the defining extension is not installed. Cannot decide if it is deprecated or not." severity="error"/></file><file name="modules/contrib/arguments/templates/rufi-chip-set.html.twig"><error line="2" message="The 'rufi_base/chips' library is not defined because the defining extension is not installed. Cannot decide if it is deprecated or not." severity="error"/></file><file name="modules/contrib/arguments/arguments.info.yml"><error line="0" message="Value of core_version_requirement: ^8.8 || ^9 is not compatible with the next major version of Drupal core. See https://drupal.org/node/3070687." severity="error"/></file></checkstyle>

