<?xml version="1.0"?>
<checkstyle><file name="modules/contrib/assembly/tests/src/Functional/LoadTest.php"><error line="13" message="Drupal\Tests\BrowserTestBase::$defaultTheme is required. See https://www.drupal.org/node/3083055, which includes recommendations on which theme to use." severity="error"/></file><file name="modules/contrib/assembly/templates/assembly-content-add-list.html.twig"><error line="0" message="The spaceless tag in &quot;modules/contrib/assembly/templates/assembly-content-add-list.html.twig&quot; at line 17 is deprecated since Twig 2.7, use the &quot;spaceless&quot; filter with the &quot;apply&quot; tag instead. See https://drupal.org/node/3071078." severity="error"/></file><file name="modules/contrib/assembly/assembly.info.yml"><error line="0" message="Value of core_version_requirement: ^8 || ^9 is not compatible with the next major version of Drupal core. See https://drupal.org/node/3070687." severity="error"/></file></checkstyle>

