<?xml version="1.0"?>
<checkstyle><file name="modules/contrib/devel/devel.module"><error line="150" message="Call to deprecated function drush_log()." severity="error"/><error line="270" message="Calls to function kpr should not exist." severity="error"/><error line="273" message="Calls to function dpm should not exist." severity="error"/><error line="286" message="Calls to function dpm should not exist." severity="error"/><error line="526" message="Calls to function dpm should not exist." severity="error"/><error line="569" message="Calls to function kpr should not exist." severity="error"/><error line="603" message="Calls to function dpm should not exist." severity="error"/><error line="619" message="Calls to function kpr should not exist." severity="error"/><error line="692" message="Calls to function kpr should not exist." severity="error"/><error line="756" message="Calls to function dpq should not exist." severity="error"/></file><file name="modules/contrib/devel/devel_generate/devel_generate.module"><error line="116" message="Missing explicit access check on entity query." severity="error"/><error line="127" message="Missing explicit access check on entity query." severity="error"/></file><file name="modules/contrib/devel/devel_generate/src/DevelGenerateBase.php"><error line="153" message="Call to deprecated function drush_log()." severity="error"/></file><file name="modules/contrib/devel/devel_generate/src/Plugin/DevelGenerate/MediaDevelGenerate.php"><error line="415" message="Missing explicit access check on entity query." severity="error"/><error line="446" message="Missing explicit access check on entity query." severity="error"/><error line="468" message="Missing explicit access check on entity query." severity="error"/></file><file name="modules/contrib/devel/devel_generate/src/Plugin/DevelGenerate/MenuDevelGenerate.php"><error line="274" message="Call to deprecated function menu_ui_get_menus(). Deprecated in drupal:9.3.0 and is removed from drupal:10.0.0. Use Drupal\system\Entity\Menu::loadMultiple() instead." severity="warning"/></file><file name="modules/contrib/devel/devel_generate/src/Plugin/DevelGenerate/TermDevelGenerate.php"><error line="300" message="Missing explicit access check on entity query." severity="error"/></file><file name="modules/contrib/devel/devel_generate/tests/src/Functional/DevelGenerateBrowserTest.php"><error line="92" message="Missing explicit access check on entity query." severity="error"/><error line="127" message="Missing explicit access check on entity query." severity="error"/><error line="145" message="Missing explicit access check on entity query." severity="error"/><error line="172" message="Missing explicit access check on entity query." severity="error"/><error line="173" message="Missing explicit access check on entity query." severity="error"/><error line="174" message="Missing explicit access check on entity query." severity="error"/><error line="204" message="Missing explicit access check on entity query." severity="error"/><error line="219" message="Missing explicit access check on entity query." severity="error"/><error line="238" message="Missing explicit access check on entity query." severity="error"/><error line="240" message="Missing explicit access check on entity query." severity="error"/><error line="254" message="Missing explicit access check on entity query." severity="error"/><error line="257" message="Missing explicit access check on entity query." severity="error"/><error line="271" message="Missing explicit access check on entity query." severity="error"/><error line="272" message="Missing explicit access check on entity query." severity="error"/><error line="358" message="Missing explicit access check on entity query." severity="error"/><error line="372" message="Missing explicit access check on entity query." severity="error"/><error line="406" message="Missing explicit access check on entity query." severity="error"/><error line="408" message="Missing explicit access check on entity query." severity="error"/><error line="424" message="Missing explicit access check on entity query." severity="error"/></file><file name="modules/contrib/devel/devel_generate/tests/src/Functional/DevelGenerateCommandsTest.php"><error line="149" message="Missing explicit access check on entity query." severity="error"/><error line="156" message="Missing explicit access check on entity query." severity="error"/><error line="167" message="Missing explicit access check on entity query." severity="error"/><error line="168" message="Missing explicit access check on entity query." severity="error"/><error line="186" message="Missing explicit access check on entity query." severity="error"/><error line="203" message="Missing explicit access check on entity query." severity="error"/><error line="217" message="Missing explicit access check on entity query." severity="error"/><error line="226" message="Missing explicit access check on entity query." severity="error"/></file><file name="modules/contrib/devel/src/Form/ConfigEditor.php"><error line="58" message="Calls to function dpr should not exist." severity="error"/></file><file name="modules/contrib/devel/src/Form/DevelReinstall.php"><error line="68" message="Call to deprecated constant SCHEMA_UNINSTALLED: Deprecated in drupal:9.3.0 and is removed from drupal:10.0.0. Use Drupal\Core\Update\UpdateHookRegistry::SCHEMA_UNINSTALLED" severity="warning"/><error line="68" message="Call to deprecated function drupal_get_installed_schema_version(). Deprecated in drupal:9.3.0 and is removed from drupal:10.0.0. Use Drupal\Core\Update\UpdateHookRegistry::getInstalledVersion() or \Drupal\Core\Update\UpdateHookRegistry::getAllInstalledVersions() instead." severity="warning"/></file><file name="modules/contrib/devel/src/Form/SystemStateEdit.php"><error line="76" message="Calls to function kpr should not exist." severity="error"/></file><file name="modules/contrib/devel/src/Plugin/Devel/Dumper/DoctrineDebug.php"><error line="25" message="Call to method export() of deprecated class Doctrine\Common\Util\Debug: The Debug class is deprecated, please use symfony/var-dumper instead." severity="error"/></file><file name="modules/contrib/devel/src/Plugin/Mail/DevelMailLog.php"><error line="141" message="Call to deprecated method mimeHeaderEncode() of class Drupal\Component\Utility\Unicode. Deprecated in drupal:9.2.0 and is removed from drupal:10.0.0. Use \Symfony\Component\Mime\Header\UnstructuredHeader instead." severity="error"/></file><file name="modules/contrib/devel/src/ToolbarHandler.php"><error line="113" message="#lazy_builder callback 'Drupal\\devel&#x2026;' at key '0' is not callable." severity="error"/></file><file name="modules/contrib/devel/src/Twig/Extension/Debug.php"><error line="15" message="Class Drupal\devel\Twig\Extension\Debug extends deprecated class Twig_Extension: since Twig 2.7, use &quot;Twig\Extension\AbstractExtension&quot; instead" severity="error"/><error line="53" message="Instantiation of deprecated class Twig_SimpleFunction: since Twig 2.7, use &quot;Twig\TwigFunction&quot; instead" severity="error"/><error line="54" message="Instantiation of deprecated class Twig_SimpleFunction: since Twig 2.7, use &quot;Twig\TwigFunction&quot; instead" severity="error"/><error line="56" message="Instantiation of deprecated class Twig_SimpleFunction: since Twig 2.7, use &quot;Twig\TwigFunction&quot; instead" severity="error"/><error line="57" message="Instantiation of deprecated class Twig_SimpleFunction: since Twig 2.7, use &quot;Twig\TwigFunction&quot; instead" severity="error"/><error line="58" message="Instantiation of deprecated class Twig_SimpleFunction: since Twig 2.7, use &quot;Twig\TwigFunction&quot; instead" severity="error"/><error line="59" message="Instantiation of deprecated class Twig_SimpleFunction: since Twig 2.7, use &quot;Twig\TwigFunction&quot; instead" severity="error"/><error line="60" message="Instantiation of deprecated class Twig_SimpleFunction: since Twig 2.7, use &quot;Twig\TwigFunction&quot; instead" severity="error"/><error line="85" message="Parameter $env of method Drupal\devel\Twig\Extension\Debug::dump() has typehint with deprecated class Twig_Environment: since Twig 2.7, use &quot;Twig\Environment&quot; instead" severity="error"/><error line="103" message="Parameter $env of method Drupal\devel\Twig\Extension\Debug::doDump() has typehint with deprecated class Twig_Environment: since Twig 2.7, use &quot;Twig\Environment&quot; instead" severity="error"/><error line="144" message="Parameter $env of method Drupal\devel\Twig\Extension\Debug::kint() has typehint with deprecated class Twig_Environment: since Twig 2.7, use &quot;Twig\Environment&quot; instead" severity="error"/><error line="162" message="Parameter $env of method Drupal\devel\Twig\Extension\Debug::message() has typehint with deprecated class Twig_Environment: since Twig 2.7, use &quot;Twig\Environment&quot; instead" severity="error"/><error line="207" message="Parameter $env of method Drupal\devel\Twig\Extension\Debug::breakpoint() has typehint with deprecated class Twig_Environment: since Twig 2.7, use &quot;Twig\Environment&quot; instead" severity="error"/></file><file name="modules/contrib/devel/tests/src/Functional/DevelDumperTest.php"><error line="48" message="Call to deprecated method assertFieldsByValue() of class Drupal\Tests\BrowserTestBase. Deprecated in drupal:8.3.0 and is removed from drupal:10.0.0. Use iteration over the fields yourself instead and directly check the values in the test." severity="error"/><error line="50" message="Call to deprecated method assertFieldsByValue() of class Drupal\Tests\BrowserTestBase. Deprecated in drupal:8.3.0 and is removed from drupal:10.0.0. Use iteration over the fields yourself instead and directly check the values in the test." severity="error"/><error line="53" message="Call to deprecated method assertFieldsByValue() of class Drupal\Tests\BrowserTestBase. Deprecated in drupal:8.3.0 and is removed from drupal:10.0.0. Use iteration over the fields yourself instead and directly check the values in the test." severity="error"/><error line="59" message="Call to deprecated method assertFieldsByValue() of class Drupal\Tests\BrowserTestBase. Deprecated in drupal:8.3.0 and is removed from drupal:10.0.0. Use iteration over the fields yourself instead and directly check the values in the test." severity="error"/><error line="62" message="Call to deprecated method assertFieldsByValue() of class Drupal\Tests\BrowserTestBase. Deprecated in drupal:8.3.0 and is removed from drupal:10.0.0. Use iteration over the fields yourself instead and directly check the values in the test." severity="error"/><error line="64" message="Call to deprecated method assertFieldsByValue() of class Drupal\Tests\BrowserTestBase. Deprecated in drupal:8.3.0 and is removed from drupal:10.0.0. Use iteration over the fields yourself instead and directly check the values in the test." severity="error"/><error line="67" message="Call to deprecated method assertFieldsByValue() of class Drupal\Tests\BrowserTestBase. Deprecated in drupal:8.3.0 and is removed from drupal:10.0.0. Use iteration over the fields yourself instead and directly check the values in the test." severity="error"/></file><file name="modules/contrib/devel/tests/src/Kernel/DevelEnforcedDependenciesTest.php"><error line="63" message="Call to deprecated method findConfigEntityDependents() of class Drupal\Core\Config\ConfigManagerInterface. Deprecated in drupal:9.3.0 and is removed from drupal:10.0.0. Instead you should use ConfigManagerInterface::findConfigEntityDependencies()." severity="warning"/><error line="75" message="Call to deprecated method findConfigEntityDependents() of class Drupal\Core\Config\ConfigManagerInterface. Deprecated in drupal:9.3.0 and is removed from drupal:10.0.0. Instead you should use ConfigManagerInterface::findConfigEntityDependencies()." severity="warning"/></file><file name="modules/contrib/devel/tests/src/Kernel/DevelQueryDebugTest.php"><error line="104" message="Missing explicit access check on entity query." severity="error"/><error line="117" message="Missing explicit access check on entity query." severity="error"/></file><file name="modules/contrib/devel/webprofiler/src/DataCollector/ThemeDataCollector.php"><error line="48" message="Parameter $profile of method Drupal\webprofiler\DataCollector\ThemeDataCollector::__construct() has typehint with deprecated class Twig_Profiler_Profile: since Twig 2.7, use &quot;Twig\Profiler\Profile&quot; instead" severity="error"/><error line="139" message="Return type of method Drupal\webprofiler\DataCollector\ThemeDataCollector::getHtmlCallGraph() has typehint with deprecated class Twig_Markup: since Twig 2.7, use &quot;Twig\Markup&quot; instead" severity="error"/><error line="142" message="Instantiation of deprecated class Twig_Markup: since Twig 2.7, use &quot;Twig\Markup&quot; instead" severity="error"/><error line="220" message="Parameter $profile of method Drupal\webprofiler\DataCollector\ThemeDataCollector::computeData() has typehint with deprecated class Twig_Profiler_Profile: since Twig 2.7, use &quot;Twig\Profiler\Profile&quot; instead" severity="error"/></file><file name="modules/contrib/devel/webprofiler/src/Http/HttpClientMiddleware.php"><error line="75" message="Call to deprecated function GuzzleHttp\Promise\rejection_for(): rejection_for will be removed in guzzlehttp/promises:2.0. Use Create::rejectionFor instead." severity="error"/></file><file name="modules/contrib/devel/webprofiler/src/Profiler/TemplateManager.php"><error line="51" message="Parameter $twig of method Drupal\webprofiler\Profiler\TemplateManager::__construct() has typehint with deprecated class Twig_Environment: since Twig 2.7, use &quot;Twig\Environment&quot; instead" severity="error"/><error line="51" message="Parameter $twigLoader of method Drupal\webprofiler\Profiler\TemplateManager::__construct() has typehint with deprecated class Twig_Loader_Chain: since Twig 2.7, use &quot;Twig\Loader\ChainLoader&quot; instead" severity="error"/></file><file name="modules/contrib/devel/webprofiler/src/Twig/Dumper/HtmlDumper.php"><error line="8" message="Class Drupal\webprofiler\Twig\Dumper\HtmlDumper extends deprecated class Twig_Profiler_Dumper_Text: since Twig 2.7, use &quot;Twig\Profiler\Dumper\TextDumper&quot; instead" severity="error"/><error line="20" message="Parameter $profile of method Drupal\webprofiler\Twig\Dumper\HtmlDumper::dump() has typehint with deprecated class Twig_Profiler_Profile: since Twig 2.7, use &quot;Twig\Profiler\Profile&quot; instead" severity="error"/><error line="21" message="Call to method dump() of deprecated class Twig\Profiler\Dumper\BaseDumper: since Twig 2.7, use &quot;Twig\Profiler\Dumper\TextDumper&quot; instead" severity="error"/><error line="27" message="Parameter $profile of method Drupal\webprofiler\Twig\Dumper\HtmlDumper::formatTemplate() has typehint with deprecated class Twig_Profiler_Profile: since Twig 2.7, use &quot;Twig\Profiler\Profile&quot; instead" severity="error"/><error line="34" message="Parameter $profile of method Drupal\webprofiler\Twig\Dumper\HtmlDumper::formatNonTemplate() has typehint with deprecated class Twig_Profiler_Profile: since Twig 2.7, use &quot;Twig\Profiler\Profile&quot; instead" severity="error"/><error line="41" message="Parameter $profile of method Drupal\webprofiler\Twig\Dumper\HtmlDumper::formatTime() has typehint with deprecated class Twig_Profiler_Profile: since Twig 2.7, use &quot;Twig\Profiler\Profile&quot; instead" severity="error"/></file><file name="modules/contrib/devel/webprofiler/src/Twig/Extension/ProfilerExtension.php"><error line="12" message="Class Drupal\webprofiler\Twig\Extension\ProfilerExtension extends deprecated class Twig_Extension_Profiler: since Twig 2.7, use &quot;Twig\Extension\ProfilerExtension&quot; instead" severity="error"/><error line="25" message="Parameter $profile of method Drupal\webprofiler\Twig\Extension\ProfilerExtension::__construct() has typehint with deprecated class Twig_Profiler_Profile: since Twig 2.7, use &quot;Twig\Profiler\Profile&quot; instead" severity="error"/><error line="26" message="Call to method __construct() of deprecated class Twig\Extension\ProfilerExtension: since Twig 2.7, use &quot;Twig\Extension\ProfilerExtension&quot; instead" severity="error"/><error line="38" message="Parameter $profile of method Drupal\webprofiler\Twig\Extension\ProfilerExtension::enter() has typehint with deprecated class Twig_Profiler_Profile: since Twig 2.7, use &quot;Twig\Profiler\Profile&quot; instead" severity="error"/><error line="43" message="Call to method enter() of deprecated class Twig\Extension\ProfilerExtension: since Twig 2.7, use &quot;Twig\Extension\ProfilerExtension&quot; instead" severity="error"/><error line="49" message="Parameter $profile of method Drupal\webprofiler\Twig\Extension\ProfilerExtension::leave() has typehint with deprecated class Twig_Profiler_Profile: since Twig 2.7, use &quot;Twig\Profiler\Profile&quot; instead" severity="error"/><error line="50" message="Call to method leave() of deprecated class Twig\Extension\ProfilerExtension: since Twig 2.7, use &quot;Twig\Extension\ProfilerExtension&quot; instead" severity="error"/><error line="63" message="Instantiation of deprecated class Twig_SimpleFunction: since Twig 2.7, use &quot;Twig\TwigFunction&quot; instead" severity="error"/><error line="64" message="Instantiation of deprecated class Twig_SimpleFunction: since Twig 2.7, use &quot;Twig\TwigFunction&quot; instead" severity="error"/></file><file name="modules/contrib/devel/webprofiler/templates/Collector/devel.html.twig"><error line="0" message="The spaceless tag in &quot;modules/contrib/devel/webprofiler/templates/Collector/devel.html.twig&quot; at line 10 is deprecated since Twig 2.7, use the &quot;spaceless&quot; filter with the &quot;apply&quot; tag instead. See https://drupal.org/node/3071078." severity="error"/></file><file name="modules/contrib/devel/webprofiler/templates/Collector/drupal.html.twig"><error line="0" message="The spaceless tag in &quot;modules/contrib/devel/webprofiler/templates/Collector/drupal.html.twig&quot; at line 12 is deprecated since Twig 2.7, use the &quot;spaceless&quot; filter with the &quot;apply&quot; tag instead. See https://drupal.org/node/3071078." severity="error"/></file><file name="modules/contrib/devel/webprofiler/templates/Collector/forms.html.twig"><error line="0" message="The spaceless tag in &quot;modules/contrib/devel/webprofiler/templates/Collector/forms.html.twig&quot; at line 10 is deprecated since Twig 2.7, use the &quot;spaceless&quot; filter with the &quot;apply&quot; tag instead. See https://drupal.org/node/3071078." severity="error"/></file><file name="modules/contrib/devel/webprofiler/templates/Collector/php_config.html.twig"><error line="0" message="The spaceless tag in &quot;modules/contrib/devel/webprofiler/templates/Collector/php_config.html.twig&quot; at line 11 is deprecated since Twig 2.7, use the &quot;spaceless&quot; filter with the &quot;apply&quot; tag instead. See https://drupal.org/node/3071078." severity="error"/></file><file name="modules/contrib/devel/webprofiler/src/DataCollector/DatabaseDataCollector.php"><error line="196" message="The 'webprofiler/database' library is not defined because the defining extension is not installed. Cannot decide if it is deprecated or not." severity="error"/></file><file name="modules/contrib/devel/webprofiler/src/DataCollector/TimeDataCollector.php"><error line="99" message="The 'webprofiler/timeline' library is not defined because the defining extension is not installed. Cannot decide if it is deprecated or not." severity="error"/></file><file name="modules/contrib/devel/webprofiler/src/Controller/DashboardController.php"><error line="92" message="The 'webprofiler/dashboard' library is not defined because the defining extension is not installed. Cannot decide if it is deprecated or not." severity="error"/></file><file name="modules/contrib/devel/devel.info.yml"><error line="0" message="Value of core_version_requirement: ^8.8 || ^9 is not compatible with the next major version of Drupal core. See https://drupal.org/node/3070687." severity="error"/></file><file name="modules/contrib/devel/webprofiler/webprofiler.info.yml"><error line="0" message="Value of core_version_requirement: ^8.8 || ^9 is not compatible with the next major version of Drupal core. See https://drupal.org/node/3070687." severity="error"/></file><file name="modules/contrib/devel/devel_generate/devel_generate.info.yml"><error line="0" message="Value of core_version_requirement: ^8.8 || ^9 is not compatible with the next major version of Drupal core. See https://drupal.org/node/3070687." severity="error"/></file><file name="modules/contrib/devel/devel_generate/tests/modules/devel_generate_example/devel_generate_example.info.yml"><error line="0" message="Value of core_version_requirement: ^8.8 || ^9 is not compatible with the next major version of Drupal core. See https://drupal.org/node/3070687." severity="error"/></file></checkstyle>

