<?xml version="1.0"?>
<checkstyle><file name="modules/contrib/download_statistics/download_statistics.module"><error line="79" message="Call to deprecated function file_create_url(). Deprecated in drupal:9.3.0 and is removed from drupal:10.0.0. Use the appropriate method on \Drupal\Core\File\FileUrlGeneratorInterface instead." severity="error"/></file><file name="modules/contrib/download_statistics/src/Plugin/Block/DownloadStatisticsPopularBlock.php"><error line="210" message="Call to deprecated function file_create_url(). Deprecated in drupal:9.3.0 and is removed from drupal:10.0.0. Use the appropriate method on \Drupal\Core\File\FileUrlGeneratorInterface instead." severity="error"/></file><file name="modules/contrib/download_statistics/src/Plugin/Field/FieldFormatter/DownloadStatisticsFileUriFormatter.php"><error line="37" message="Call to deprecated function file_create_url(). Deprecated in drupal:9.3.0 and is removed from drupal:10.0.0. Use the appropriate method on \Drupal\Core\File\FileUrlGeneratorInterface instead." severity="error"/></file><file name="modules/contrib/download_statistics/src/Tests/Views/IntegrationTest.php"><error line="83" message="Call to deprecated function drupal_get_path(). Deprecated in drupal:9.3.0 and is removed from drupal:10.0.0. Use Drupal\Core\Extension\ExtensionPathResolver::getPath() instead." severity="error"/><error line="95" message="Call to deprecated method assertFieldByXPath() of class Drupal\Tests\BrowserTestBase. Deprecated in drupal:8.3.0 and is removed from drupal:10.0.0. Use $this-&gt;xpath() instead and check the values directly in the test." severity="error"/><error line="101" message="Call to deprecated method assertResponse() of class Drupal\Tests\BrowserTestBase. Deprecated in drupal:8.2.0 and is removed from drupal:10.0.0. Use $this-&gt;assertSession()-&gt;statusCodeEquals() instead." severity="error"/><error line="105" message="Call to deprecated method assertNoFieldByXPath() of class Drupal\Tests\BrowserTestBase. Deprecated in drupal:8.3.0 and is removed from drupal:10.0.0. Use $this-&gt;xpath() instead and assert that the result is empty." severity="error"/></file><file name="modules/contrib/download_statistics/tests/src/Functional/DownloadStatisticsAdminTest.php"><error line="13" message="Drupal\Tests\BrowserTestBase::$defaultTheme is required. See https://www.drupal.org/node/3083055, which includes recommendations on which theme to use." severity="error"/><error line="72" message="Call to deprecated function drupal_get_path(). Deprecated in drupal:9.3.0 and is removed from drupal:10.0.0. Use Drupal\Core\Extension\ExtensionPathResolver::getPath() instead." severity="error"/><error line="80" message="Call to deprecated method assertEqual() of class Drupal\Tests\BrowserTestBase. Deprecated in drupal:8.0.0 and is removed from drupal:10.0.0. Use $this-&gt;assertEquals() instead." severity="error"/><error line="104" message="Call to deprecated function drupal_get_path(). Deprecated in drupal:9.3.0 and is removed from drupal:10.0.0. Use Drupal\Core\Extension\ExtensionPathResolver::getPath() instead." severity="error"/><error line="108" message="Call to deprecated method assertText() of class Drupal\Tests\BrowserTestBase. Deprecated in drupal:8.2.0 and is removed from drupal:10.0.0. Use - $this-&gt;assertSession()-&gt;responseContains() for non-HTML responses, like XML or Json. - $this-&gt;assertSession()-&gt;pageTextContains() for HTML responses. Unlike the deprecated assertText(), the passed text should be HTML decoded, exactly as a human sees it in the browser." severity="error"/><error line="118" message="Call to deprecated method assertNoText() of class Drupal\Tests\BrowserTestBase. Deprecated in drupal:8.2.0 and is removed from drupal:10.0.0. Use - $this-&gt;assertSession()-&gt;responseNotContains() for non-HTML responses, like XML or Json. - $this-&gt;assertSession()-&gt;pageTextNotContains() for HTML responses. Unlike the deprecated assertNoText(), the passed text should be HTML decoded, exactly as a human sees it in the browser." severity="error"/></file><file name="modules/contrib/download_statistics/tests/src/Functional/DownloadStatisticsAttachedTest.php"><error line="13" message="Drupal\Tests\BrowserTestBase::$defaultTheme is required. See https://www.drupal.org/node/3083055, which includes recommendations on which theme to use." severity="error"/><error line="54" message="Call to deprecated method assertRaw() of class Drupal\Tests\BrowserTestBase. Deprecated in drupal:8.2.0 and is removed from drupal:10.0.0. Use $this-&gt;assertSession()-&gt;responseContains() instead." severity="error"/></file><file name="modules/contrib/download_statistics/tests/src/Functional/DownloadStatisticsLoggingTest.php"><error line="16" message="Drupal\Tests\BrowserTestBase::$defaultTheme is required. See https://www.drupal.org/node/3083055, which includes recommendations on which theme to use." severity="error"/><error line="75" message="Call to deprecated method drupalPostForm() of class Drupal\Tests\BrowserTestBase. Deprecated in drupal:9.1.0 and is removed from drupal:10.0.0. Use $this-&gt;submitForm() instead." severity="error"/><error line="76" message="Call to deprecated method drupalPostForm() of class Drupal\Tests\BrowserTestBase. Deprecated in drupal:9.1.0 and is removed from drupal:10.0.0. Use $this-&gt;submitForm() instead." severity="error"/><error line="89" message="Call to deprecated function drupal_get_path(). Deprecated in drupal:9.3.0 and is removed from drupal:10.0.0. Use Drupal\Core\Extension\ExtensionPathResolver::getPath() instead." severity="error"/><error line="97" message="Call to deprecated method assertNoPattern() of class Drupal\Tests\BrowserTestBase. Deprecated in drupal:8.4.0 and is removed from drupal:10.0.0. Use $this-&gt;assertSession()-&gt;responseNotMatches() instead." severity="error"/><error line="103" message="Call to deprecated method assertNoPattern() of class Drupal\Tests\BrowserTestBase. Deprecated in drupal:8.4.0 and is removed from drupal:10.0.0. Use $this-&gt;assertSession()-&gt;responseNotMatches() instead." severity="error"/><error line="109" message="Call to deprecated method assertPattern() of class Drupal\Tests\BrowserTestBase. Deprecated in drupal:8.2.0 and is removed from drupal:10.0.0. Use $this-&gt;assertSession()-&gt;responseMatches() instead." severity="error"/><error line="110" message="Call to deprecated method assertIdentical() of class Drupal\Tests\BrowserTestBase. Deprecated in drupal:8.0.0 and is removed from drupal:10.0.0. Use $this-&gt;assertSame() instead." severity="error"/><error line="115" message="Call to deprecated method assertPattern() of class Drupal\Tests\BrowserTestBase. Deprecated in drupal:8.2.0 and is removed from drupal:10.0.0. Use $this-&gt;assertSession()-&gt;responseMatches() instead." severity="error"/><error line="116" message="Call to deprecated method assertIdentical() of class Drupal\Tests\BrowserTestBase. Deprecated in drupal:8.0.0 and is removed from drupal:10.0.0. Use $this-&gt;assertSame() instead." severity="error"/><error line="123" message="Call to deprecated method assertIdentical() of class Drupal\Tests\BrowserTestBase. Deprecated in drupal:8.0.0 and is removed from drupal:10.0.0. Use $this-&gt;assertSame() instead." severity="error"/><error line="134" message="Call to deprecated method assertIdentical() of class Drupal\Tests\BrowserTestBase. Deprecated in drupal:8.0.0 and is removed from drupal:10.0.0. Use $this-&gt;assertSame() instead." severity="error"/></file><file name="modules/contrib/download_statistics/tests/src/Functional/DownloadStatisticsReportsTest.php"><error line="13" message="Drupal\Tests\BrowserTestBase::$defaultTheme is required. See https://www.drupal.org/node/3083055, which includes recommendations on which theme to use." severity="error"/><error line="32" message="Call to deprecated function drupal_get_path(). Deprecated in drupal:9.3.0 and is removed from drupal:10.0.0. Use Drupal\Core\Extension\ExtensionPathResolver::getPath() instead." severity="error"/><error line="46" message="Call to deprecated method assertText() of class Drupal\Tests\BrowserTestBase. Deprecated in drupal:8.2.0 and is removed from drupal:10.0.0. Use - $this-&gt;assertSession()-&gt;responseContains() for non-HTML responses, like XML or Json. - $this-&gt;assertSession()-&gt;pageTextContains() for HTML responses. Unlike the deprecated assertText(), the passed text should be HTML decoded, exactly as a human sees it in the browser." severity="error"/><error line="47" message="Call to deprecated method assertText() of class Drupal\Tests\BrowserTestBase. Deprecated in drupal:8.2.0 and is removed from drupal:10.0.0. Use - $this-&gt;assertSession()-&gt;responseContains() for non-HTML responses, like XML or Json. - $this-&gt;assertSession()-&gt;pageTextContains() for HTML responses. Unlike the deprecated assertText(), the passed text should be HTML decoded, exactly as a human sees it in the browser." severity="error"/><error line="48" message="Call to deprecated method assertText() of class Drupal\Tests\BrowserTestBase. Deprecated in drupal:8.2.0 and is removed from drupal:10.0.0. Use - $this-&gt;assertSession()-&gt;responseContains() for non-HTML responses, like XML or Json. - $this-&gt;assertSession()-&gt;pageTextContains() for HTML responses. Unlike the deprecated assertText(), the passed text should be HTML decoded, exactly as a human sees it in the browser." severity="error"/><error line="49" message="Call to deprecated method assertText() of class Drupal\Tests\BrowserTestBase. Deprecated in drupal:8.2.0 and is removed from drupal:10.0.0. Use - $this-&gt;assertSession()-&gt;responseContains() for non-HTML responses, like XML or Json. - $this-&gt;assertSession()-&gt;pageTextContains() for HTML responses. Unlike the deprecated assertText(), the passed text should be HTML decoded, exactly as a human sees it in the browser." severity="error"/><error line="60" message="Call to deprecated method assertRaw() of class Drupal\Tests\BrowserTestBase. Deprecated in drupal:8.2.0 and is removed from drupal:10.0.0. Use $this-&gt;assertSession()-&gt;responseContains() instead." severity="error"/></file><file name="modules/contrib/download_statistics/tests/src/Functional/DownloadStatisticsTokenReplaceTest.php"><error line="11" message="Drupal\Tests\BrowserTestBase::$defaultTheme is required. See https://www.drupal.org/node/3083055, which includes recommendations on which theme to use." severity="error"/><error line="30" message="Call to deprecated function drupal_get_path(). Deprecated in drupal:9.3.0 and is removed from drupal:10.0.0. Use Drupal\Core\Extension\ExtensionPathResolver::getPath() instead." severity="error"/><error line="47" message="Call to deprecated method assertEqual() of class Drupal\Tests\BrowserTestBase. Deprecated in drupal:8.0.0 and is removed from drupal:10.0.0. Use $this-&gt;assertEquals() instead." severity="error"/></file><file name="modules/contrib/download_statistics/download_statistics.info.yml"><error line="0" message="Value of core_version_requirement: ^8.8 || ^9 is not compatible with the next major version of Drupal core. See https://drupal.org/node/3070687." severity="error"/></file></checkstyle>

