<?xml version="1.0"?>
<checkstyle><file name="modules/contrib/give/give.install"><error line="390" message="Missing explicit access check on entity query." severity="error"/></file><file name="modules/contrib/give/tests/src/Functional/SettingsTest.php"><error line="12" message="Drupal\Tests\BrowserTestBase::$defaultTheme is required. See https://www.drupal.org/node/3083055, which includes recommendations on which theme to use." severity="error"/></file><file name="modules/contrib/give/tests/src/Kernel/GiveFormAndDonationEntityTest.php"><error line="106" message="Call to deprecated method setRecurrenceIntervalCount() of class Drupal\give\Entity\Donation: The recurrence only can be set in the give_form not in the donation." severity="error"/></file><file name="modules/contrib/give/tests/src/Unit/MailHandlerTest.php"><error line="117" message="Call to deprecated method assertArrayEquals() of class Drupal\Tests\UnitTestCase. Deprecated in drupal:9.1.0 and is removed from drupal:10.0.0. Use ::assertEquals, ::assertEqualsCanonicalizing, or ::assertSame instead." severity="error"/><error line="126" message="Call to deprecated method assertArrayEquals() of class Drupal\Tests\UnitTestCase. Deprecated in drupal:9.1.0 and is removed from drupal:10.0.0. Use ::assertEquals, ::assertEqualsCanonicalizing, or ::assertSame instead." severity="error"/></file><file name="modules/contrib/give/give.info.yml"><error line="0" message="Value of core_version_requirement: ^8 || ^9 is not compatible with the next major version of Drupal core. See https://drupal.org/node/3070687." severity="error"/></file></checkstyle>

