<?xml version="1.0"?>
<checkstyle><file name="modules/contrib/self_evaluation/src/Controller/SelfEvaluationAnswersController.php"><error line="141" message="Missing explicit access check on entity query." severity="error"/></file><file name="modules/contrib/self_evaluation/src/SelfEvaluationAnswerListBuilder.php"><error line="69" message="Missing explicit access check on entity query." severity="error"/></file><file name="modules/contrib/self_evaluation/src/SelfEvaluationGroupmentListBuilder.php"><error line="69" message="Missing explicit access check on entity query." severity="error"/></file><file name="modules/contrib/self_evaluation/src/SelfEvaluationListBuilder.php"><error line="69" message="Missing explicit access check on entity query." severity="error"/></file><file name="modules/contrib/self_evaluation/src/SelfEvaluationQuestionChoiceListBuilder.php"><error line="69" message="Missing explicit access check on entity query." severity="error"/></file><file name="modules/contrib/self_evaluation/src/SelfEvaluationQuestionListBuilder.php"><error line="69" message="Missing explicit access check on entity query." severity="error"/></file><file name="modules/contrib/self_evaluation/src/SelfEvaluationReminderListBuilder.php"><error line="69" message="Missing explicit access check on entity query." severity="error"/></file><file name="modules/contrib/self_evaluation/src/SelfEvaluationThemeListBuilder.php"><error line="69" message="Missing explicit access check on entity query." severity="error"/></file><file name="modules/contrib/self_evaluation/src/SelfEvaluationThemeThresholdListBuilder.php"><error line="69" message="Missing explicit access check on entity query." severity="error"/></file><file name="modules/contrib/self_evaluation/src/SelfEvaluationUserChoicesListBuilder.php"><error line="69" message="Missing explicit access check on entity query." severity="error"/></file><file name="modules/contrib/self_evaluation/self_evaluation.info.yml"><error line="0" message="Value of core_version_requirement: ^8 || ^9 is not compatible with the next major version of Drupal core. See https://drupal.org/node/3070687." severity="error"/></file></checkstyle>

