<?xml version="1.0"?>
<checkstyle><file name="modules/contrib/simple_ldap/modules/simple_ldap_user/src/SimpleLdapUserManager.php"><error line="167" message="Missing explicit access check on entity query." severity="error"/></file><file name="modules/contrib/simple_ldap/modules/simple_ldap_user/tests/src/Functional/SimpleLdapUserTest.php"><error line="13" message="Drupal\Tests\BrowserTestBase::$defaultTheme is required. See https://www.drupal.org/node/3083055, which includes recommendations on which theme to use." severity="error"/></file><file name="modules/contrib/simple_ldap/tests/src/Functional/SimpleLdapTest.php"><error line="14" message="Drupal\Tests\BrowserTestBase::$defaultTheme is required. See https://www.drupal.org/node/3083055, which includes recommendations on which theme to use." severity="error"/></file><file name="modules/contrib/simple_ldap/tests/src/Unit/SimpleLdapServerTest.php"><error line="126" message="Call to deprecated method assertArrayEquals() of class Drupal\Tests\UnitTestCase. Deprecated in drupal:9.1.0 and is removed from drupal:10.0.0. Use ::assertEquals, ::assertEqualsCanonicalizing, or ::assertSame instead." severity="error"/></file><file name="modules/contrib/simple_ldap/simple_ldap.info.yml"><error line="0" message="Value of core_version_requirement: ^8 || ^9 is not compatible with the next major version of Drupal core. See https://drupal.org/node/3070687." severity="error"/></file><file name="modules/contrib/simple_ldap/modules/simple_ldap_user/simple_ldap_user.info.yml"><error line="0" message="Value of core_version_requirement: ^8 || ^9 is not compatible with the next major version of Drupal core. See https://drupal.org/node/3070687." severity="error"/></file><file name="modules/contrib/simple_ldap/modules/simple_ldap_sso/simple_ldap_sso.info.yml"><error line="0" message="Value of core_version_requirement: ^8 || ^9 is not compatible with the next major version of Drupal core. See https://drupal.org/node/3070687." severity="error"/></file></checkstyle>

