<?xml version="1.0"?>
<checkstyle><file name="modules/contrib/spalp/spalp.module"><error line="142" message="Missing explicit access check on entity query." severity="error"/></file><file name="modules/contrib/spalp/spalp_example/tests/src/Functional/LoadTest.php"><error line="13" message="Drupal\Tests\BrowserTestBase::$defaultTheme is required. See https://www.drupal.org/node/3083055, which includes recommendations on which theme to use." severity="error"/></file><file name="modules/contrib/spalp/src/Service/Core.php"><error line="280" message="Missing explicit access check on entity query." severity="error"/></file><file name="modules/contrib/spalp/tests/src/Functional/LoadTest.php"><error line="13" message="Drupal\Tests\BrowserTestBase::$defaultTheme is required. See https://www.drupal.org/node/3083055, which includes recommendations on which theme to use." severity="error"/></file><file name="modules/contrib/spalp/spalp.info.yml"><error line="0" message="Value of core_version_requirement: ^9.1 is not compatible with the next major version of Drupal core. See https://drupal.org/node/3070687." severity="error"/></file><file name="modules/contrib/spalp/spalp_example/spalp_example.info.yml"><error line="0" message="Value of core_version_requirement: ^9.1 is not compatible with the next major version of Drupal core. See https://drupal.org/node/3070687." severity="error"/></file></checkstyle>

