<?xml version="1.0"?>
<checkstyle><file name="modules/contrib/template_entities/modules/template_entities_book/src/Access/BookTemplatePageAccessCheck.php"><error line="17" message="Class Drupal\template_entities_book\Access\BookTemplatePageAccessCheck extends @internal class Drupal\template_entities\Access\EntityAccessCheck." severity="error"/></file><file name="modules/contrib/template_entities/modules/template_entities_layout_builder/src/Controller/ChooseBlockTemplateController.php"><error line="18" message="Class Drupal\template_entities_layout_builder\Controller\ChooseBlockTemplateController extends @internal class Drupal\layout_builder\Controller\ChooseBlockController." severity="error"/></file><file name="modules/contrib/template_entities/modules/template_entities_layout_builder/src/Form/AddBlockFromTemplateForm.php"><error line="18" message="Class Drupal\template_entities_layout_builder\Form\AddBlockFromTemplateForm extends @internal class Drupal\layout_builder\Form\ConfigureBlockFormBase." severity="error"/></file><file name="modules/contrib/template_entities/modules/template_entities_layout_builder/src/Plugin/Block/InlineTemplateBlock.php"><error line="24" message="Class Drupal\template_entities_layout_builder\Plugin\Block\InlineTemplateBlock extends @internal class Drupal\layout_builder\Plugin\Block\InlineBlock." severity="error"/></file><file name="modules/contrib/template_entities/src/Form/TemplateTypeDeleteForm.php"><error line="22" message="Missing explicit access check on entity query." severity="error"/></file><file name="modules/contrib/template_entities/tests/src/Functional/TemplateEntitiesTestUtilities.php (in context of class Drupal\Tests\template_entities\Functional\TemplateTest)"><error line="37" message="Call to deprecated method drupalPostForm() of class Drupal\Tests\BrowserTestBase. Deprecated in drupal:9.1.0 and is removed from drupal:10.0.0. Use $this-&gt;submitForm() instead." severity="error"/><error line="46" message="Call to deprecated method assert() of class Drupal\Tests\BrowserTestBase. Deprecated in drupal:8.0.0 and is removed from drupal:10.0.0. Use $this-&gt;assertTrue() instead." severity="error"/><error line="96" message="Call to deprecated method drupalPostForm() of class Drupal\Tests\BrowserTestBase. Deprecated in drupal:9.1.0 and is removed from drupal:10.0.0. Use $this-&gt;submitForm() instead." severity="error"/><error line="104" message="Call to deprecated method assert() of class Drupal\Tests\BrowserTestBase. Deprecated in drupal:8.0.0 and is removed from drupal:10.0.0. Use $this-&gt;assertTrue() instead." severity="error"/></file><file name="modules/contrib/template_entities/tests/src/Functional/TemplateEntitiesUninstallTest.php"><error line="42" message="Call to deprecated method drupalPostForm() of class Drupal\Tests\BrowserTestBase. Deprecated in drupal:9.1.0 and is removed from drupal:10.0.0. Use $this-&gt;submitForm() instead." severity="error"/><error line="43" message="Call to deprecated method drupalPostForm() of class Drupal\Tests\BrowserTestBase. Deprecated in drupal:9.1.0 and is removed from drupal:10.0.0. Use $this-&gt;submitForm() instead." severity="error"/><error line="75" message="Call to deprecated method drupalPostForm() of class Drupal\Tests\BrowserTestBase. Deprecated in drupal:9.1.0 and is removed from drupal:10.0.0. Use $this-&gt;submitForm() instead." severity="error"/><error line="76" message="Call to deprecated method drupalPostForm() of class Drupal\Tests\BrowserTestBase. Deprecated in drupal:9.1.0 and is removed from drupal:10.0.0. Use $this-&gt;submitForm() instead." severity="error"/><error line="77" message="Call to deprecated method drupalPostForm() of class Drupal\Tests\BrowserTestBase. Deprecated in drupal:9.1.0 and is removed from drupal:10.0.0. Use $this-&gt;submitForm() instead." severity="error"/></file><file name="modules/contrib/template_entities/tests/src/Kernel/TemplateEntitiesIntegrationTest.php"><error line="83" message="Call to deprecated method assertEqual() of class Drupal\KernelTests\KernelTestBase. Deprecated in drupal:8.0.0 and is removed from drupal:10.0.0. Use $this-&gt;assertEquals() instead." severity="error"/><error line="93" message="Call to deprecated method assertEqual() of class Drupal\KernelTests\KernelTestBase. Deprecated in drupal:8.0.0 and is removed from drupal:10.0.0. Use $this-&gt;assertEquals() instead." severity="error"/><error line="98" message="Call to deprecated method assertEqual() of class Drupal\KernelTests\KernelTestBase. Deprecated in drupal:8.0.0 and is removed from drupal:10.0.0. Use $this-&gt;assertEquals() instead." severity="error"/></file><file name="modules/contrib/template_entities/tests/src/Kernel/TemplateEntitiesTaxonomyIntegrationTest.php"><error line="92" message="Call to deprecated method assertEqual() of class Drupal\KernelTests\KernelTestBase. Deprecated in drupal:8.0.0 and is removed from drupal:10.0.0. Use $this-&gt;assertEquals() instead." severity="error"/><error line="106" message="Call to deprecated method assertEqual() of class Drupal\KernelTests\KernelTestBase. Deprecated in drupal:8.0.0 and is removed from drupal:10.0.0. Use $this-&gt;assertEquals() instead." severity="error"/><error line="111" message="Call to deprecated method assertEqual() of class Drupal\KernelTests\KernelTestBase. Deprecated in drupal:8.0.0 and is removed from drupal:10.0.0. Use $this-&gt;assertEquals() instead." severity="error"/><error line="126" message="Call to deprecated method assertEqual() of class Drupal\KernelTests\KernelTestBase. Deprecated in drupal:8.0.0 and is removed from drupal:10.0.0. Use $this-&gt;assertEquals() instead." severity="error"/></file><file name="modules/contrib/template_entities/tests/src/Kernel/TemplateEntitiesTestTrait.php (in context of class Drupal\Tests\template_entities\Kernel\TemplateEntitiesIntegrationTest)"><error line="58" message="Missing explicit access check on entity query." severity="error"/><error line="61" message="Missing explicit access check on entity query." severity="error"/><error line="69" message="Call to deprecated method assertEqual() of class Drupal\KernelTests\KernelTestBase. Deprecated in drupal:8.0.0 and is removed from drupal:10.0.0. Use $this-&gt;assertEquals() instead." severity="error"/></file><file name="modules/contrib/template_entities/tests/src/Kernel/TemplateEntitiesTestTrait.php (in context of class Drupal\Tests\template_entities\Kernel\TemplateEntitiesTaxonomyIntegrationTest)"><error line="58" message="Missing explicit access check on entity query." severity="error"/><error line="61" message="Missing explicit access check on entity query." severity="error"/><error line="69" message="Call to deprecated method assertEqual() of class Drupal\KernelTests\KernelTestBase. Deprecated in drupal:8.0.0 and is removed from drupal:10.0.0. Use $this-&gt;assertEquals() instead." severity="error"/></file><file name="modules/contrib/template_entities/tests/src/Kernel/TemplateEntitiesTestTrait.php (in context of class Drupal\Tests\template_entities\Kernel\ViewsBasicTest)"><error line="69" message="Call to deprecated method assertEqual() of class Drupal\KernelTests\KernelTestBase. Deprecated in drupal:8.0.0 and is removed from drupal:10.0.0. Use $this-&gt;assertEquals() instead." severity="error"/></file><file name="modules/contrib/template_entities/template_entities.info.yml"><error line="0" message="Value of core_version_requirement: ^8 || ^9 is not compatible with the next major version of Drupal core. See https://drupal.org/node/3070687." severity="error"/></file><file name="modules/contrib/template_entities/modules/template_entities_layout_builder/template_entities_layout_builder.info.yml"><error line="0" message="Value of core_version_requirement: ^8 || ^9 is not compatible with the next major version of Drupal core. See https://drupal.org/node/3070687." severity="error"/></file><file name="modules/contrib/template_entities/modules/template_entities_content_starter/template_entities_content_starter.info.yml"><error line="0" message="Value of core_version_requirement: ^8 || ^9 is not compatible with the next major version of Drupal core. See https://drupal.org/node/3070687." severity="error"/></file><file name="modules/contrib/template_entities/modules/template_entities_book/template_entities_book.info.yml"><error line="0" message="Value of core_version_requirement: ^8 || ^9 is not compatible with the next major version of Drupal core. See https://drupal.org/node/3070687." severity="error"/></file><file name="modules/contrib/template_entities/modules/template_entities_block_starter/template_entities_block_starter.info.yml"><error line="0" message="Value of core_version_requirement: ^8 || ^9 is not compatible with the next major version of Drupal core. See https://drupal.org/node/3070687." severity="error"/></file></checkstyle>

