<?xml version="1.0"?>
<checkstyle><file name="modules/contrib/gender/tests/src/Functional/GenderInstallTest.php"><error line="57" message="Call to deprecated method assertPattern() of class Drupal\Tests\BrowserTestBase. Deprecated in drupal:8.2.0 and is removed from drupal:10.0.0. Use $this-&gt;assertSession()-&gt;responseMatches() instead." severity="error"/><error line="58" message="Call to deprecated method assertLinkByHref() of class Drupal\Tests\BrowserTestBase. Deprecated in drupal:8.2.0 and is removed from drupal:10.0.0. Use $this-&gt;assertSession()-&gt;linkByHrefExists() instead." severity="error"/></file><file name="modules/contrib/gender/gender.info.yml"><error line="0" message="Value of core_version_requirement: ^8.9 || ^9 is not compatible with the next major version of Drupal core. See https://drupal.org/node/3070687." severity="error"/></file></checkstyle>

