<?xml version="1.0"?>
<checkstyle><file name="modules/contrib/accordion_blocks/src/Tests/AccordionBlocksTest.php"><error line="" message="Class Drupal\simpletest\WebTestBase not found." severity="error"/><error line="16" message="Class Drupal\simpletest\WebTestBase not found." severity="error"/></file><file name="modules/contrib/accordion_blocks/tests/features/bootstrap/AccordionBlocksFeatureContext.php"><error line="" message="Reflection error: Behat\Behat\Context\SnippetAcceptingContext not found." severity="error"/><error line="9" message="Reflection error: Behat\Behat\Context\SnippetAcceptingContext not found." severity="error"/><error line="9" message="Reflection error: Behat\Behat\Context\SnippetAcceptingContext not found." severity="error"/><error line="9" message="Reflection error: Behat\Behat\Context\SnippetAcceptingContext not found." severity="error"/><error line="9" message="Reflection error: Behat\Behat\Context\SnippetAcceptingContext not found." severity="error"/><error line="18" message="Reflection error: Behat\Behat\Context\SnippetAcceptingContext not found." severity="error"/></file></checkstyle>

