<?xml version="1.0"?>
<checkstyle><file name="modules/contrib/baidu_tongji/baidu_analytics.module"><error line="446" message="Call to deprecated function file_create_url(). Deprecated in drupal:9.3.0 and is removed from drupal:10.0.0. Use the appropriate method on \Drupal\Core\File\FileUrlGeneratorInterface instead." severity="warning"/><error line="446" message="Call to deprecated function file_url_transform_relative(). Deprecated in drupal:9.3.0 and is removed from drupal:10.0.0. Use Drupal\Core\File\FileUrlGenerator::transformRelative() instead." severity="warning"/><error line="456" message="Call to deprecated function file_create_url(). Deprecated in drupal:9.3.0 and is removed from drupal:10.0.0. Use the appropriate method on \Drupal\Core\File\FileUrlGeneratorInterface instead." severity="warning"/><error line="456" message="Call to deprecated function file_url_transform_relative(). Deprecated in drupal:9.3.0 and is removed from drupal:10.0.0. Use Drupal\Core\File\FileUrlGenerator::transformRelative() instead." severity="warning"/></file><file name="modules/contrib/baidu_tongji/src/BaiduAnalyticsBasicTest.php"><error line="" message="Class Drupal\baidu_analytics\DrupalWebTestCase not found." severity="error"/><error line="7" message="Class Drupal\baidu_analytics\DrupalWebTestCase not found." severity="error"/></file><file name="modules/contrib/baidu_tongji/src/BaiduAnalyticsCustomVariablesTest.php"><error line="" message="Class Drupal\baidu_analytics\DrupalWebTestCase not found." severity="error"/><error line="7" message="Class Drupal\baidu_analytics\DrupalWebTestCase not found." severity="error"/></file><file name="modules/contrib/baidu_tongji/src/BaiduAnalyticsLinksTrackingTest.php"><error line="" message="Class Drupal\baidu_analytics\DrupalWebTestCase not found." severity="error"/><error line="7" message="Class Drupal\baidu_analytics\DrupalWebTestCase not found." severity="error"/></file><file name="modules/contrib/baidu_tongji/src/BaiduAnalyticsPermissionsTest.php"><error line="" message="Class Drupal\baidu_analytics\DrupalWebTestCase not found." severity="error"/><error line="7" message="Class Drupal\baidu_analytics\DrupalWebTestCase not found." severity="error"/></file><file name="modules/contrib/baidu_tongji/src/BaiduAnalyticsRolesTest.php"><error line="" message="Class Drupal\baidu_analytics\DrupalWebTestCase not found." severity="error"/><error line="7" message="Class Drupal\baidu_analytics\DrupalWebTestCase not found." severity="error"/></file><file name="modules/contrib/baidu_tongji/src/BaiduAnalyticsStatusMessagesTest.php"><error line="" message="Class Drupal\baidu_analytics\DrupalWebTestCase not found." severity="error"/><error line="7" message="Class Drupal\baidu_analytics\DrupalWebTestCase not found." severity="error"/></file><file name="modules/contrib/baidu_tongji/src/BaiduAnalyticsTestCase.php"><error line="" message="Class Drupal\baidu_analytics\DrupalWebTestCase not found." severity="error"/><error line="7" message="Class Drupal\baidu_analytics\DrupalWebTestCase not found." severity="error"/></file><file name="modules/contrib/baidu_tongji/src/Tests/BaiduAnalyticsBasicTest.php"><error line="" message="Class Drupal\simpletest\WebTestBase not found." severity="error"/><error line="14" message="Class Drupal\simpletest\WebTestBase not found." severity="error"/></file><file name="modules/contrib/baidu_tongji/src/Tests/BaiduAnalyticsTestCase.php"><error line="" message="Class Drupal\simpletest\WebTestBase not found." severity="error"/><error line="8" message="Class Drupal\simpletest\WebTestBase not found." severity="error"/></file><file name="modules/contrib/baidu_tongji/baidu_analytics.info.yml"><error line="0" message="Value of core_version_requirement: ^8 || ^9 is not compatible with the next major version of Drupal core. See https://drupal.org/node/3070687." severity="error"/></file></checkstyle>

