<?xml version="1.0"?>
<checkstyle><file name="modules/contrib/cas_mock_server/tests/src/Context/CasMockServerContext.php"><error line="" message="Class Drupal\DrupalExtension\Context\RawDrupalContext not found." severity="error"/><error line="16" message="Class Drupal\DrupalExtension\Context\RawDrupalContext not found." severity="error"/></file><file name="modules/contrib/cas_mock_server/tests/src/Context/FeatureContext.php"><error line="" message="Class Drupal\DrupalExtension\Context\RawDrupalContext not found." severity="error"/><error line="14" message="Class Drupal\DrupalExtension\Context\RawDrupalContext not found." severity="error"/></file><file name="modules/contrib/cas_mock_server/cas_mock_server.info.yml"><error line="0" message="Value of core_version_requirement: ^8 || ^9 is not compatible with the next major version of Drupal core. See https://drupal.org/node/3070687." severity="error"/></file></checkstyle>

