<?xml version="1.0"?>
<checkstyle><file name="modules/contrib/course/course.devel.inc"><error line="70" message="Call to deprecated function module_load_include(). Deprecated in drupal:9.4.0 and is removed from drupal:11.0.0. Use Drupal::moduleHandler()-&gt;loadInclude($module, $type, $name = NULL). Note that including code from uninstalled extensions is no longer supported." severity="info"/><error line="71" message="Call to deprecated function module_load_include(). Deprecated in drupal:9.4.0 and is removed from drupal:11.0.0. Use Drupal::moduleHandler()-&gt;loadInclude($module, $type, $name = NULL). Note that including code from uninstalled extensions is no longer supported." severity="info"/><error line="106" message="Call to deprecated function module_load_include(). Deprecated in drupal:9.4.0 and is removed from drupal:11.0.0. Use Drupal::moduleHandler()-&gt;loadInclude($module, $type, $name = NULL). Note that including code from uninstalled extensions is no longer supported." severity="info"/></file><file name="modules/contrib/course/course.module"><error line="107" message="Call to deprecated function module_load_include(). Deprecated in drupal:9.4.0 and is removed from drupal:11.0.0. Use Drupal::moduleHandler()-&gt;loadInclude($module, $type, $name = NULL). Note that including code from uninstalled extensions is no longer supported." severity="info"/><error line="478" message="Call to deprecated function drupal_get_path(). Deprecated in drupal:9.3.0 and is removed from drupal:10.0.0. Use Drupal\Core\Extension\ExtensionPathResolver::getPath() instead." severity="warning"/><error line="490" message="Call to deprecated function drupal_get_path(). Deprecated in drupal:9.3.0 and is removed from drupal:10.0.0. Use Drupal\Core\Extension\ExtensionPathResolver::getPath() instead." severity="warning"/></file><file name="modules/contrib/course/modules/course_book/src/EventSubscriber/CourseBookEventSubscriber.php"><error line="25" message="Parameter $event of method Drupal\course_book\EventSubscriber\CourseBookEventSubscriber::onRequest() has typehint with deprecated class Symfony\Component\HttpKernel\Event\GetResponseEvent: since Symfony 4.3, use RequestEvent instead" severity="error"/></file><file name="modules/contrib/course/modules/course_book/tests/src/Functional/CourseObjectBookTest.php"><error line="85" message="Call to deprecated method pass() of class Drupal\Tests\BrowserTestBase. Deprecated in drupal:8.0.0 and is removed from drupal:10.0.0. PHPUnit interrupts a test as soon as a test assertion fails, so there is usually no need to call this method. If a test's logic relies on this method, refactor the test." severity="error"/></file><file name="modules/contrib/course/modules/course_certificate/tests/src/Functional/CourseObjectCertificateTest.php"><error line="53" message="Call to deprecated method assertLink() of class Drupal\Tests\BrowserTestBase. Deprecated in drupal:8.2.0 and is removed from drupal:10.0.0. Use $this-&gt;assertSession()-&gt;linkExists() instead." severity="error"/></file><file name="modules/contrib/course/modules/course_commerce/tests/src/Functional/CourseCommerceTest.php"><error line="53" message="Call to deprecated function module_load_include(). Deprecated in drupal:9.4.0 and is removed from drupal:11.0.0. Use Drupal::moduleHandler()-&gt;loadInclude($module, $type, $name = NULL). Note that including code from uninstalled extensions is no longer supported." severity="info"/><error line="90" message="Call to deprecated method assertNoRaw() of class Drupal\Tests\BrowserTestBase. Deprecated in drupal:8.2.0 and is removed from drupal:10.0.0. Use $this-&gt;assertSession()-&gt;responseNotContains() instead." severity="error"/><error line="107" message="Call to deprecated method assertNoRaw() of class Drupal\Tests\BrowserTestBase. Deprecated in drupal:8.2.0 and is removed from drupal:10.0.0. Use $this-&gt;assertSession()-&gt;responseNotContains() instead." severity="error"/><error line="112" message="Call to deprecated method assertRaw() of class Drupal\Tests\BrowserTestBase. Deprecated in drupal:8.2.0 and is removed from drupal:10.0.0. Use $this-&gt;assertSession()-&gt;responseContains() instead." severity="error"/><error line="148" message="Call to deprecated method assertResponse() of class Drupal\Tests\BrowserTestBase. Deprecated in drupal:8.2.0 and is removed from drupal:10.0.0. Use $this-&gt;assertSession()-&gt;statusCodeEquals() instead." severity="error"/><error line="155" message="Call to deprecated method assertRaw() of class Drupal\Tests\BrowserTestBase. Deprecated in drupal:8.2.0 and is removed from drupal:10.0.0. Use $this-&gt;assertSession()-&gt;responseContains() instead." severity="error"/><error line="159" message="Call to deprecated method assertResponse() of class Drupal\Tests\BrowserTestBase. Deprecated in drupal:8.2.0 and is removed from drupal:10.0.0. Use $this-&gt;assertSession()-&gt;statusCodeEquals() instead." severity="error"/><error line="172" message="Call to deprecated method assertResponse() of class Drupal\Tests\BrowserTestBase. Deprecated in drupal:8.2.0 and is removed from drupal:10.0.0. Use $this-&gt;assertSession()-&gt;statusCodeEquals() instead." severity="error"/></file><file name="modules/contrib/course/modules/course_content/src/Course/Object/CourseObjectNode.php"><error line="320" message="Call to deprecated function module_load_include(). Deprecated in drupal:9.4.0 and is removed from drupal:11.0.0. Use Drupal::moduleHandler()-&gt;loadInclude($module, $type, $name = NULL). Note that including code from uninstalled extensions is no longer supported." severity="info"/></file><file name="modules/contrib/course/modules/course_content/src/EventSubscriber/CourseContentEventSubscriber.php"><error line="30" message="Parameter $event of method Drupal\course_content\EventSubscriber\CourseContentEventSubscriber::onRequest() has typehint with deprecated class Symfony\Component\HttpKernel\Event\GetResponseEvent: since Symfony 4.3, use RequestEvent instead" severity="error"/></file><file name="modules/contrib/course/modules/course_content/tests/src/Functional/CourseObjectNodeTest.php"><error line="37" message="Call to deprecated method assertResponse() of class Drupal\Tests\BrowserTestBase. Deprecated in drupal:8.2.0 and is removed from drupal:10.0.0. Use $this-&gt;assertSession()-&gt;statusCodeEquals() instead." severity="error"/><error line="43" message="Call to deprecated method assertResponse() of class Drupal\Tests\BrowserTestBase. Deprecated in drupal:8.2.0 and is removed from drupal:10.0.0. Use $this-&gt;assertSession()-&gt;statusCodeEquals() instead." severity="error"/><error line="51" message="Call to deprecated method assertResponse() of class Drupal\Tests\BrowserTestBase. Deprecated in drupal:8.2.0 and is removed from drupal:10.0.0. Use $this-&gt;assertSession()-&gt;statusCodeEquals() instead." severity="error"/></file><file name="modules/contrib/course/modules/course_poll/src/Plugin/course/CourseObject/CourseObjectPoll.php"><error line="90" message="Call to deprecated function module_load_include(). Deprecated in drupal:9.4.0 and is removed from drupal:11.0.0. Use Drupal::moduleHandler()-&gt;loadInclude($module, $type, $name = NULL). Note that including code from uninstalled extensions is no longer supported." severity="info"/></file><file name="modules/contrib/course/modules/course_quiz/src/Plugin/course/CourseObject/CourseObjectQuiz.php"><error line="172" message="Call to deprecated function module_load_include(). Deprecated in drupal:9.4.0 and is removed from drupal:11.0.0. Use Drupal::moduleHandler()-&gt;loadInclude($module, $type, $name = NULL). Note that including code from uninstalled extensions is no longer supported." severity="info"/><error line="212" message="Call to deprecated function module_load_include(). Deprecated in drupal:9.4.0 and is removed from drupal:11.0.0. Use Drupal::moduleHandler()-&gt;loadInclude($module, $type, $name = NULL). Note that including code from uninstalled extensions is no longer supported." severity="info"/></file><file name="modules/contrib/course/modules/course_webform/src/EventSubscriber/CourseWebformEventSubscriber.php"><error line="23" message="Parameter $event of method Drupal\course_webform\EventSubscriber\CourseWebformEventSubscriber::onRequest() has typehint with deprecated class Symfony\Component\HttpKernel\Event\GetResponseEvent: since Symfony 4.3, use RequestEvent instead" severity="error"/></file><file name="modules/contrib/course/src/EventSubscriber/CourseEventSubscriber.php"><error line="26" message="Parameter $event of method Drupal\course\EventSubscriber\CourseEventSubscriber::onRequest() has typehint with deprecated class Symfony\Component\HttpKernel\Event\GetResponseEvent: since Symfony 4.3, use RequestEvent instead" severity="error"/></file><file name="modules/contrib/course/src/Plugin/course/CourseOutline/CourseOutlineList.php"><error line="72" message="Call to deprecated function render(). Deprecated in drupal:9.3.0 and is removed from drupal:10.0.0. Use Drupal\Core\Render\RendererInterface::render() instead." severity="warning"/></file><file name="modules/contrib/course/tests/src/Functional/CourseEnrollmentTest.php"><error line="169" message="Call to deprecated method assertFieldById() of class Drupal\Tests\BrowserTestBase. Deprecated in drupal:8.2.0 and is removed from drupal:10.0.0. Use $this-&gt;assertSession()-&gt;fieldExists() or $this-&gt;assertSession()-&gt;buttonExists() or $this-&gt;assertSession()-&gt;fieldValueEquals() instead." severity="error"/><error line="170" message="Call to deprecated method assertNoFieldById() of class Drupal\Tests\BrowserTestBase. Deprecated in drupal:8.2.0 and is removed from drupal:10.0.0. Use $this-&gt;assertSession()-&gt;fieldNotExists() or $this-&gt;assertSession()-&gt;buttonNotExists() or $this-&gt;assertSession()-&gt;fieldValueNotEquals() instead." severity="error"/><error line="180" message="Call to deprecated method assertFieldById() of class Drupal\Tests\BrowserTestBase. Deprecated in drupal:8.2.0 and is removed from drupal:10.0.0. Use $this-&gt;assertSession()-&gt;fieldExists() or $this-&gt;assertSession()-&gt;buttonExists() or $this-&gt;assertSession()-&gt;fieldValueEquals() instead." severity="error"/><error line="181" message="Call to deprecated method assertNoFieldById() of class Drupal\Tests\BrowserTestBase. Deprecated in drupal:8.2.0 and is removed from drupal:10.0.0. Use $this-&gt;assertSession()-&gt;fieldNotExists() or $this-&gt;assertSession()-&gt;buttonNotExists() or $this-&gt;assertSession()-&gt;fieldValueNotEquals() instead." severity="error"/><error line="187" message="Call to deprecated method assertNoFieldById() of class Drupal\Tests\BrowserTestBase. Deprecated in drupal:8.2.0 and is removed from drupal:10.0.0. Use $this-&gt;assertSession()-&gt;fieldNotExists() or $this-&gt;assertSession()-&gt;buttonNotExists() or $this-&gt;assertSession()-&gt;fieldValueNotEquals() instead." severity="error"/><error line="188" message="Call to deprecated method assertNoFieldById() of class Drupal\Tests\BrowserTestBase. Deprecated in drupal:8.2.0 and is removed from drupal:10.0.0. Use $this-&gt;assertSession()-&gt;fieldNotExists() or $this-&gt;assertSession()-&gt;buttonNotExists() or $this-&gt;assertSession()-&gt;fieldValueNotEquals() instead." severity="error"/></file><file name="modules/contrib/course/tests/src/Functional/CourseObjectAccessTest.php"><error line="178" message="Call to deprecated method assertNoLink() of class Drupal\Tests\BrowserTestBase. Deprecated in drupal:8.2.0 and is removed from drupal:10.0.0. Use $this-&gt;assertSession()-&gt;linkNotExists() instead." severity="error"/><error line="181" message="Call to deprecated method assertResponse() of class Drupal\Tests\BrowserTestBase. Deprecated in drupal:8.2.0 and is removed from drupal:10.0.0. Use $this-&gt;assertSession()-&gt;statusCodeEquals() instead." severity="error"/><error line="219" message="Call to deprecated method assertResponse() of class Drupal\Tests\BrowserTestBase. Deprecated in drupal:8.2.0 and is removed from drupal:10.0.0. Use $this-&gt;assertSession()-&gt;statusCodeEquals() instead." severity="error"/><error line="222" message="Call to deprecated method assertResponse() of class Drupal\Tests\BrowserTestBase. Deprecated in drupal:8.2.0 and is removed from drupal:10.0.0. Use $this-&gt;assertSession()-&gt;statusCodeEquals() instead." severity="error"/><error line="237" message="Call to deprecated method assertResponse() of class Drupal\Tests\BrowserTestBase. Deprecated in drupal:8.2.0 and is removed from drupal:10.0.0. Use $this-&gt;assertSession()-&gt;statusCodeEquals() instead." severity="error"/><error line="240" message="Call to deprecated method assertResponse() of class Drupal\Tests\BrowserTestBase. Deprecated in drupal:8.2.0 and is removed from drupal:10.0.0. Use $this-&gt;assertSession()-&gt;statusCodeEquals() instead." severity="error"/></file><file name="modules/contrib/course/tests/src/Functional/CourseWorkflowTest.php"><error line="36" message="Call to deprecated method assertResponse() of class Drupal\Tests\BrowserTestBase. Deprecated in drupal:8.2.0 and is removed from drupal:10.0.0. Use $this-&gt;assertSession()-&gt;statusCodeEquals() instead." severity="error"/><error line="43" message="Call to deprecated method assertResponse() of class Drupal\Tests\BrowserTestBase. Deprecated in drupal:8.2.0 and is removed from drupal:10.0.0. Use $this-&gt;assertSession()-&gt;statusCodeEquals() instead." severity="error"/><error line="49" message="Call to deprecated method assertLink() of class Drupal\Tests\BrowserTestBase. Deprecated in drupal:8.2.0 and is removed from drupal:10.0.0. Use $this-&gt;assertSession()-&gt;linkExists() instead." severity="error"/><error line="50" message="Call to deprecated method assertNoLink() of class Drupal\Tests\BrowserTestBase. Deprecated in drupal:8.2.0 and is removed from drupal:10.0.0. Use $this-&gt;assertSession()-&gt;linkNotExists() instead." severity="error"/><error line="51" message="Call to deprecated method assertNoLink() of class Drupal\Tests\BrowserTestBase. Deprecated in drupal:8.2.0 and is removed from drupal:10.0.0. Use $this-&gt;assertSession()-&gt;linkNotExists() instead." severity="error"/><error line="58" message="Call to deprecated method assertLink() of class Drupal\Tests\BrowserTestBase. Deprecated in drupal:8.2.0 and is removed from drupal:10.0.0. Use $this-&gt;assertSession()-&gt;linkExists() instead." severity="error"/><error line="59" message="Call to deprecated method assertLink() of class Drupal\Tests\BrowserTestBase. Deprecated in drupal:8.2.0 and is removed from drupal:10.0.0. Use $this-&gt;assertSession()-&gt;linkExists() instead." severity="error"/><error line="73" message="Call to deprecated method assertLink() of class Drupal\Tests\BrowserTestBase. Deprecated in drupal:8.2.0 and is removed from drupal:10.0.0. Use $this-&gt;assertSession()-&gt;linkExists() instead." severity="error"/></file><file name="modules/contrib/course/course.info.yml"><error line="0" message="Value of core_version_requirement: ^9.3 is not compatible with the next major version of Drupal core. See https://drupal.org/node/3070687." severity="error"/></file><file name="modules/contrib/course/modules/course_webform/course_webform.info.yml"><error line="0" message="Value of core_version_requirement: ^9.3 is not compatible with the next major version of Drupal core. See https://drupal.org/node/3070687." severity="error"/></file><file name="modules/contrib/course/modules/course_migrate/course_migrate.info.yml"><error line="0" message="Value of core_version_requirement: ^9.3 is not compatible with the next major version of Drupal core. See https://drupal.org/node/3070687." severity="error"/></file><file name="modules/contrib/course/modules/course_commerce/course_commerce.info.yml"><error line="0" message="Value of core_version_requirement: ^9.3 is not compatible with the next major version of Drupal core. See https://drupal.org/node/3070687." severity="error"/></file><file name="modules/contrib/course/modules/course_quiz/course_quiz.info.yml"><error line="0" message="Value of core_version_requirement: ^9.3 is not compatible with the next major version of Drupal core. See https://drupal.org/node/3070687." severity="error"/></file><file name="modules/contrib/course/modules/course_book/course_book.info.yml"><error line="0" message="Value of core_version_requirement: ^9.3 is not compatible with the next major version of Drupal core. See https://drupal.org/node/3070687." severity="error"/></file><file name="modules/contrib/course/modules/course_attendance/course_attendance.info.yml"><error line="0" message="Value of core_version_requirement: ^9.3 is not compatible with the next major version of Drupal core. See https://drupal.org/node/3070687." severity="error"/></file><file name="modules/contrib/course/modules/course_certificate/course_certificate.info.yml"><error line="0" message="Value of core_version_requirement: ^9.3 is not compatible with the next major version of Drupal core. See https://drupal.org/node/3070687." severity="error"/></file><file name="modules/contrib/course/modules/course_test/course_test.info.yml"><error line="0" message="Value of core_version_requirement: ^9.3 is not compatible with the next major version of Drupal core. See https://drupal.org/node/3070687." severity="error"/></file><file name="modules/contrib/course/modules/course_content/course_content.info.yml"><error line="0" message="Value of core_version_requirement: ^9.3 is not compatible with the next major version of Drupal core. See https://drupal.org/node/3070687." severity="error"/></file><file name="modules/contrib/course/modules/course_node/course_node.info.yml"><error line="0" message="Value of core_version_requirement: ^9.3 is not compatible with the next major version of Drupal core. See https://drupal.org/node/3070687." severity="error"/></file><file name="modules/contrib/course/modules/course_object_manual/course_object_manual.info.yml"><error line="0" message="Value of core_version_requirement: ^9.3 is not compatible with the next major version of Drupal core. See https://drupal.org/node/3070687." severity="error"/></file><file name="modules/contrib/course/modules/course_poll/course_poll.info.yml"><error line="0" message="Value of core_version_requirement: ^9.3 is not compatible with the next major version of Drupal core. See https://drupal.org/node/3070687." severity="error"/></file></checkstyle>

