<?xml version="1.0"?>
<checkstyle><file name="modules/contrib/devel/tests/src/Functional/DevelDumperTest.php"><error line="48" message="Call to deprecated method assertFieldsByValue() of class Drupal\Tests\BrowserTestBase. Deprecated in drupal:8.3.0 and is removed from drupal:10.0.0. Use iteration over the fields yourself instead and directly check the values in the test." severity="error"/><error line="50" message="Call to deprecated method assertFieldsByValue() of class Drupal\Tests\BrowserTestBase. Deprecated in drupal:8.3.0 and is removed from drupal:10.0.0. Use iteration over the fields yourself instead and directly check the values in the test." severity="error"/><error line="53" message="Call to deprecated method assertFieldsByValue() of class Drupal\Tests\BrowserTestBase. Deprecated in drupal:8.3.0 and is removed from drupal:10.0.0. Use iteration over the fields yourself instead and directly check the values in the test." severity="error"/><error line="59" message="Call to deprecated method assertFieldsByValue() of class Drupal\Tests\BrowserTestBase. Deprecated in drupal:8.3.0 and is removed from drupal:10.0.0. Use iteration over the fields yourself instead and directly check the values in the test." severity="error"/><error line="62" message="Call to deprecated method assertFieldsByValue() of class Drupal\Tests\BrowserTestBase. Deprecated in drupal:8.3.0 and is removed from drupal:10.0.0. Use iteration over the fields yourself instead and directly check the values in the test." severity="error"/><error line="64" message="Call to deprecated method assertFieldsByValue() of class Drupal\Tests\BrowserTestBase. Deprecated in drupal:8.3.0 and is removed from drupal:10.0.0. Use iteration over the fields yourself instead and directly check the values in the test." severity="error"/><error line="67" message="Call to deprecated method assertFieldsByValue() of class Drupal\Tests\BrowserTestBase. Deprecated in drupal:8.3.0 and is removed from drupal:10.0.0. Use iteration over the fields yourself instead and directly check the values in the test." severity="error"/></file><file name="modules/contrib/devel/tests/src/Kernel/DevelEnforcedDependenciesTest.php"><error line="63" message="Call to deprecated method findConfigEntityDependents() of class Drupal\Core\Config\ConfigManagerInterface. Deprecated in drupal:9.3.0 and is removed from drupal:10.0.0. Instead you should use ConfigManagerInterface::findConfigEntityDependencies()." severity="warning"/><error line="75" message="Call to deprecated method findConfigEntityDependents() of class Drupal\Core\Config\ConfigManagerInterface. Deprecated in drupal:9.3.0 and is removed from drupal:10.0.0. Instead you should use ConfigManagerInterface::findConfigEntityDependencies()." severity="warning"/></file><file name="modules/contrib/devel/webprofiler/src/Entity/Decorators/Config/DomainStorageDecorator.php"><error line="" message="Class Drupal\domain\DomainStorageInterface not found." severity="error"/><error line="11" message="Class Drupal\domain\DomainStorageInterface not found." severity="error"/></file><file name="modules/contrib/devel/webprofiler/src/Entity/EntityManagerWrapper.php"><error line="" message="Class Drupal\domain\DomainStorageInterface not found." severity="error"/><error line="108" message="Class Drupal\domain\DomainStorageInterface not found." severity="error"/></file><file name="modules/contrib/devel/webprofiler/src/EventDispatcher/TraceableEventDispatcher.php"><error line="54" message="Instantiation of deprecated class Symfony\Component\EventDispatcher\Event: since Symfony 4.3, use &quot;Symfony\Contracts\EventDispatcher\Event&quot; instead" severity="error"/><error line="128" message="Parameter $event of method Drupal\webprofiler\EventDispatcher\TraceableEventDispatcher::preDispatch() has typehint with deprecated class Symfony\Component\EventDispatcher\Event: since Symfony 4.3, use &quot;Symfony\Contracts\EventDispatcher\Event&quot; instead" severity="error"/><error line="148" message="Parameter $event of method Drupal\webprofiler\EventDispatcher\TraceableEventDispatcher::postDispatch() has typehint with deprecated class Symfony\Component\EventDispatcher\Event: since Symfony 4.3, use &quot;Symfony\Contracts\EventDispatcher\Event&quot; instead" severity="error"/></file><file name="modules/contrib/devel/webprofiler/src/EventSubscriber/ProfilerSubscriber.php"><error line="62" message="Parameter $event of method Drupal\webprofiler\EventSubscriber\ProfilerSubscriber::onKernelException() has typehint with deprecated class Symfony\Component\HttpKernel\Event\GetResponseForExceptionEvent: since Symfony 4.3, use ExceptionEvent instead" severity="error"/><error line="67" message="Call to deprecated method getException() of class Symfony\Component\HttpKernel\Event\GetResponseForExceptionEvent: since Symfony 4.4, use getThrowable instead" severity="error"/><error line="73" message="Parameter $event of method Drupal\webprofiler\EventSubscriber\ProfilerSubscriber::onKernelResponse() has typehint with deprecated class Symfony\Component\HttpKernel\Event\FilterResponseEvent: since Symfony 4.3, use ResponseEvent instead" severity="error"/></file><file name="modules/contrib/devel/webprofiler/src/EventSubscriber/WebprofilerEventSubscriber.php"><error line="47" message="Parameter $event of method Drupal\webprofiler\EventSubscriber\WebprofilerEventSubscriber::onKernelResponse() has typehint with deprecated class Symfony\Component\HttpKernel\Event\FilterResponseEvent: since Symfony 4.3, use ResponseEvent instead" severity="error"/></file><file name="modules/contrib/devel/webprofiler/templates/Collector/devel.html.twig"><error line="0" message="The spaceless tag in &quot;modules/contrib/devel/webprofiler/templates/Collector/devel.html.twig&quot; at line 10 is deprecated since Twig 2.7, use the &quot;spaceless&quot; filter with the &quot;apply&quot; tag instead. See https://drupal.org/node/3071078." severity="error"/></file><file name="modules/contrib/devel/webprofiler/templates/Collector/drupal.html.twig"><error line="0" message="The spaceless tag in &quot;modules/contrib/devel/webprofiler/templates/Collector/drupal.html.twig&quot; at line 12 is deprecated since Twig 2.7, use the &quot;spaceless&quot; filter with the &quot;apply&quot; tag instead. See https://drupal.org/node/3071078." severity="error"/></file><file name="modules/contrib/devel/webprofiler/templates/Collector/forms.html.twig"><error line="0" message="The spaceless tag in &quot;modules/contrib/devel/webprofiler/templates/Collector/forms.html.twig&quot; at line 10 is deprecated since Twig 2.7, use the &quot;spaceless&quot; filter with the &quot;apply&quot; tag instead. See https://drupal.org/node/3071078." severity="error"/></file><file name="modules/contrib/devel/webprofiler/templates/Collector/php_config.html.twig"><error line="0" message="The spaceless tag in &quot;modules/contrib/devel/webprofiler/templates/Collector/php_config.html.twig&quot; at line 11 is deprecated since Twig 2.7, use the &quot;spaceless&quot; filter with the &quot;apply&quot; tag instead. See https://drupal.org/node/3071078." severity="error"/></file><file name="modules/contrib/devel/webprofiler/src/DataCollector/TimeDataCollector.php"><error line="99" message="The 'webprofiler/timeline' library is not defined because the defining extension is not installed. Cannot decide if it is deprecated or not." severity="error"/></file><file name="modules/contrib/devel/webprofiler/src/DataCollector/DatabaseDataCollector.php"><error line="196" message="The 'webprofiler/database' library is not defined because the defining extension is not installed. Cannot decide if it is deprecated or not." severity="error"/></file><file name="modules/contrib/devel/webprofiler/src/Controller/DashboardController.php"><error line="92" message="The 'webprofiler/dashboard' library is not defined because the defining extension is not installed. Cannot decide if it is deprecated or not." severity="error"/></file><file name="modules/contrib/devel/devel.info.yml"><error line="0" message="Value of core_version_requirement: ^8.8 || ^9 is not compatible with the next major version of Drupal core. See https://drupal.org/node/3070687." severity="error"/></file><file name="modules/contrib/devel/webprofiler/webprofiler.info.yml"><error line="0" message="Value of core_version_requirement: ^8.8 || ^9 is not compatible with the next major version of Drupal core. See https://drupal.org/node/3070687." severity="error"/></file><file name="modules/contrib/devel/devel_generate/devel_generate.info.yml"><error line="0" message="Value of core_version_requirement: ^8.8 || ^9 is not compatible with the next major version of Drupal core. See https://drupal.org/node/3070687." severity="error"/></file><file name="modules/contrib/devel/devel_generate/tests/modules/devel_generate_example/devel_generate_example.info.yml"><error line="0" message="Value of core_version_requirement: ^8.8 || ^9 is not compatible with the next major version of Drupal core. See https://drupal.org/node/3070687." severity="error"/></file></checkstyle>

