<?xml version="1.0"?>
<checkstyle><file name="themes/contrib/ekam/ekam.theme"><error line="23" message="Call to deprecated function drupal_get_path(). Deprecated in drupal:9.3.0 and is removed from drupal:10.0.0. Use Drupal\Core\Extension\ExtensionPathResolver::getPath() instead." severity="warning"/></file><file name="themes/contrib/ekam/templates/form/select.html.twig"><error line="0" message="The spaceless tag in &quot;themes/contrib/ekam/templates/form/select.html.twig&quot; at line 13 is deprecated since Twig 2.7, use the &quot;spaceless&quot; filter with the &quot;apply&quot; tag instead. See https://drupal.org/node/3071078." severity="error"/></file><file name="themes/contrib/ekam/templates/navigation/toolbar.html.twig"><error line="0" message="The spaceless tag in &quot;themes/contrib/ekam/templates/navigation/toolbar.html.twig&quot; at line 30 is deprecated since Twig 2.7, use the &quot;spaceless&quot; filter with the &quot;apply&quot; tag instead. See https://drupal.org/node/3071078." severity="error"/></file><file name="themes/contrib/ekam"><error line="0" message="The 'ekam' extension is not installed. Cannot check deprecated library use." severity="error"/></file><file name="themes/contrib/ekam/templates/misc/progress-bar.html.twig"><error line="14" message="The 'classy/progress' library is not defined because the defining extension is not installed. Cannot decide if it is deprecated or not." severity="error"/></file><file name="themes/contrib/ekam/templates/content/node.html.twig"><error line="83" message="The 'classy/node' library is not defined because the defining extension is not installed. Cannot decide if it is deprecated or not." severity="error"/></file><file name="themes/contrib/ekam/templates/content/comment.html.twig"><error line="68" message="The 'classy/indented' library is not defined because the defining extension is not installed. Cannot decide if it is deprecated or not." severity="error"/></file><file name="themes/contrib/ekam/ekam.info.yml"><error line="0" message="Value of core_version_requirement: ^8 || ^9 is not compatible with the next major version of Drupal core. See https://drupal.org/node/3070687." severity="error"/></file></checkstyle>

