<?xml version="1.0"?>
<checkstyle><file name="modules/contrib/expose_status/modules/expose_status_details/tests/src/Unit/Plugin/ExposeStatusPlugin/DetailsTest.php"><error line="22" message="Call to deprecated method setMethods() of class PHPUnit\Framework\MockObject\MockBuilder: https://github.com/sebastianbergmann/phpunit/pull/3687" severity="error"/></file><file name="modules/contrib/expose_status/modules/expose_status_ignore/tests/src/Unit/Plugin/ExposeStatusPlugin/IgnoreLinesTest.php"><error line="32" message="Call to deprecated method setMethods() of class PHPUnit\Framework\MockObject\MockBuilder: https://github.com/sebastianbergmann/phpunit/pull/3687" severity="error"/></file><file name="modules/contrib/expose_status/modules/expose_status_severity/tests/src/Unit/Plugin/ExposeStatusPlugin/SeverityLevelTest.php"><error line="34" message="Call to deprecated method setMethods() of class PHPUnit\Framework\MockObject\MockBuilder: https://github.com/sebastianbergmann/phpunit/pull/3687" severity="error"/></file><file name="modules/contrib/expose_status/tests/src/Unit/Annotation/ExposeStatusPluginAnnotationTest.php"><error line="19" message="Call to deprecated method setMethods() of class PHPUnit\Framework\MockObject\MockBuilder: https://github.com/sebastianbergmann/phpunit/pull/3687" severity="error"/></file><file name="modules/contrib/expose_status/tests/src/Unit/Controller/ExposeStatusControllerTest.php"><error line="34" message="Call to deprecated method setMethods() of class PHPUnit\Framework\MockObject\MockBuilder: https://github.com/sebastianbergmann/phpunit/pull/3687" severity="error"/><error line="105" message="Call to deprecated method setMethods() of class PHPUnit\Framework\MockObject\MockBuilder: https://github.com/sebastianbergmann/phpunit/pull/3687" severity="error"/></file><file name="modules/contrib/expose_status/tests/src/Unit/ExposeStatusPluginBaseTest.php"><error line="19" message="Call to deprecated method setMethods() of class PHPUnit\Framework\MockObject\MockBuilder: https://github.com/sebastianbergmann/phpunit/pull/3687" severity="error"/></file><file name="modules/contrib/expose_status/tests/src/Unit/ExposeStatusPluginCollectionTest.php"><error line="29" message="Call to deprecated method setMethods() of class PHPUnit\Framework\MockObject\MockBuilder: https://github.com/sebastianbergmann/phpunit/pull/3687" severity="error"/><error line="122" message="Call to deprecated method setMethods() of class PHPUnit\Framework\MockObject\MockBuilder: https://github.com/sebastianbergmann/phpunit/pull/3687" severity="error"/></file><file name="modules/contrib/expose_status/tests/src/Unit/ExposeStatusPluginManagerTest.php"><error line="19" message="Call to deprecated method setMethods() of class PHPUnit\Framework\MockObject\MockBuilder: https://github.com/sebastianbergmann/phpunit/pull/3687" severity="error"/></file><file name="modules/contrib/expose_status/tests/src/Unit/ExposeStatusTest.php"><error line="19" message="Call to deprecated method setMethods() of class PHPUnit\Framework\MockObject\MockBuilder: https://github.com/sebastianbergmann/phpunit/pull/3687" severity="error"/></file><file name="modules/contrib/expose_status/expose_status.info.yml"><error line="0" message="Value of core_version_requirement: ^9 is not compatible with the next major version of Drupal core. See https://drupal.org/node/3070687." severity="error"/></file><file name="modules/contrib/expose_status/modules/expose_status_severity/expose_status_severity.info.yml"><error line="0" message="Value of core_version_requirement: ^9 is not compatible with the next major version of Drupal core. See https://drupal.org/node/3070687." severity="error"/></file><file name="modules/contrib/expose_status/modules/expose_status_ignore/expose_status_ignore.info.yml"><error line="0" message="Value of core_version_requirement: ^9 is not compatible with the next major version of Drupal core. See https://drupal.org/node/3070687." severity="error"/></file><file name="modules/contrib/expose_status/modules/expose_status_details/expose_status_details.info.yml"><error line="0" message="Value of core_version_requirement: ^9 is not compatible with the next major version of Drupal core. See https://drupal.org/node/3070687." severity="error"/></file></checkstyle>

