<?xml version="1.0"?>
<checkstyle><file name="modules/contrib/flexible_daterange/tests/src/Functional/FlexibleDateRangeFieldTest.php"><error line="16" message="Drupal\Tests\BrowserTestBase::$defaultTheme is required. See https://www.drupal.org/node/3083055, which includes recommendations on which theme to use." severity="error"/><error line="49" message="Call to deprecated method assertFieldByName() of class Drupal\Tests\BrowserTestBase. Deprecated in drupal:8.2.0 and is removed from drupal:10.0.0. Use $this-&gt;assertSession()-&gt;fieldExists() or $this-&gt;assertSession()-&gt;buttonExists() or $this-&gt;assertSession()-&gt;fieldValueEquals() instead." severity="error"/><error line="50" message="Call to deprecated method assertFieldByName() of class Drupal\Tests\BrowserTestBase. Deprecated in drupal:8.2.0 and is removed from drupal:10.0.0. Use $this-&gt;assertSession()-&gt;fieldExists() or $this-&gt;assertSession()-&gt;buttonExists() or $this-&gt;assertSession()-&gt;fieldValueEquals() instead." severity="error"/><error line="51" message="Call to deprecated method assertFieldByName() of class Drupal\Tests\BrowserTestBase. Deprecated in drupal:8.2.0 and is removed from drupal:10.0.0. Use $this-&gt;assertSession()-&gt;fieldExists() or $this-&gt;assertSession()-&gt;buttonExists() or $this-&gt;assertSession()-&gt;fieldValueEquals() instead." severity="error"/><error line="52" message="Call to deprecated method assertFieldByName() of class Drupal\Tests\BrowserTestBase. Deprecated in drupal:8.2.0 and is removed from drupal:10.0.0. Use $this-&gt;assertSession()-&gt;fieldExists() or $this-&gt;assertSession()-&gt;buttonExists() or $this-&gt;assertSession()-&gt;fieldValueEquals() instead." severity="error"/><error line="53" message="Call to deprecated method assertFieldByXPath() of class Drupal\Tests\BrowserTestBase. Deprecated in drupal:8.3.0 and is removed from drupal:10.0.0. Use $this-&gt;xpath() instead and check the values directly in the test." severity="error"/><error line="54" message="Call to deprecated method assertFieldByXPath() of class Drupal\Tests\BrowserTestBase. Deprecated in drupal:8.3.0 and is removed from drupal:10.0.0. Use $this-&gt;xpath() instead and check the values directly in the test." severity="error"/><error line="55" message="Call to deprecated method assertFieldByXPath() of class Drupal\Tests\BrowserTestBase. Deprecated in drupal:8.3.0 and is removed from drupal:10.0.0. Use $this-&gt;xpath() instead and check the values directly in the test." severity="error"/><error line="77" message="Call to deprecated method drupalPostForm() of class Drupal\Tests\BrowserTestBase. Deprecated in drupal:9.1.0 and is removed from drupal:10.0.0. Use $this-&gt;submitForm() instead." severity="error"/><error line="80" message="Call to deprecated method assertText() of class Drupal\Tests\BrowserTestBase. Deprecated in drupal:8.2.0 and is removed from drupal:10.0.0. Use - $this-&gt;assertSession()-&gt;responseContains() for non-HTML responses, like XML or Json. - $this-&gt;assertSession()-&gt;pageTextContains() for HTML responses. Unlike the deprecated assertText(), the passed text should be HTML decoded, exactly as a human sees it in the browser." severity="error"/><error line="81" message="Call to deprecated method assertRaw() of class Drupal\Tests\BrowserTestBase. Deprecated in drupal:8.2.0 and is removed from drupal:10.0.0. Use $this-&gt;assertSession()-&gt;responseContains() instead." severity="error"/><error line="82" message="Call to deprecated method assertRaw() of class Drupal\Tests\BrowserTestBase. Deprecated in drupal:8.2.0 and is removed from drupal:10.0.0. Use $this-&gt;assertSession()-&gt;responseContains() instead." severity="error"/><error line="83" message="Call to deprecated method assertRaw() of class Drupal\Tests\BrowserTestBase. Deprecated in drupal:8.2.0 and is removed from drupal:10.0.0. Use $this-&gt;assertSession()-&gt;responseContains() instead." severity="error"/><error line="84" message="Call to deprecated method assertRaw() of class Drupal\Tests\BrowserTestBase. Deprecated in drupal:8.2.0 and is removed from drupal:10.0.0. Use $this-&gt;assertSession()-&gt;responseContains() instead." severity="error"/><error line="117" message="Call to deprecated method assertFieldByName() of class Drupal\Tests\BrowserTestBase. Deprecated in drupal:8.2.0 and is removed from drupal:10.0.0. Use $this-&gt;assertSession()-&gt;fieldExists() or $this-&gt;assertSession()-&gt;buttonExists() or $this-&gt;assertSession()-&gt;fieldValueEquals() instead." severity="error"/><error line="118" message="Call to deprecated method assertFieldByName() of class Drupal\Tests\BrowserTestBase. Deprecated in drupal:8.2.0 and is removed from drupal:10.0.0. Use $this-&gt;assertSession()-&gt;fieldExists() or $this-&gt;assertSession()-&gt;buttonExists() or $this-&gt;assertSession()-&gt;fieldValueEquals() instead." severity="error"/><error line="119" message="Call to deprecated method assertFieldByName() of class Drupal\Tests\BrowserTestBase. Deprecated in drupal:8.2.0 and is removed from drupal:10.0.0. Use $this-&gt;assertSession()-&gt;fieldExists() or $this-&gt;assertSession()-&gt;buttonExists() or $this-&gt;assertSession()-&gt;fieldValueEquals() instead." severity="error"/><error line="120" message="Call to deprecated method assertFieldByName() of class Drupal\Tests\BrowserTestBase. Deprecated in drupal:8.2.0 and is removed from drupal:10.0.0. Use $this-&gt;assertSession()-&gt;fieldExists() or $this-&gt;assertSession()-&gt;buttonExists() or $this-&gt;assertSession()-&gt;fieldValueEquals() instead." severity="error"/><error line="121" message="Call to deprecated method assertFieldByXPath() of class Drupal\Tests\BrowserTestBase. Deprecated in drupal:8.3.0 and is removed from drupal:10.0.0. Use $this-&gt;xpath() instead and check the values directly in the test." severity="error"/><error line="122" message="Call to deprecated method assertFieldByXPath() of class Drupal\Tests\BrowserTestBase. Deprecated in drupal:8.3.0 and is removed from drupal:10.0.0. Use $this-&gt;xpath() instead and check the values directly in the test." severity="error"/><error line="123" message="Call to deprecated method assertFieldByXPath() of class Drupal\Tests\BrowserTestBase. Deprecated in drupal:8.3.0 and is removed from drupal:10.0.0. Use $this-&gt;xpath() instead and check the values directly in the test." severity="error"/><error line="146" message="Call to deprecated method drupalPostForm() of class Drupal\Tests\BrowserTestBase. Deprecated in drupal:9.1.0 and is removed from drupal:10.0.0. Use $this-&gt;submitForm() instead." severity="error"/><error line="149" message="Call to deprecated method assertText() of class Drupal\Tests\BrowserTestBase. Deprecated in drupal:8.2.0 and is removed from drupal:10.0.0. Use - $this-&gt;assertSession()-&gt;responseContains() for non-HTML responses, like XML or Json. - $this-&gt;assertSession()-&gt;pageTextContains() for HTML responses. Unlike the deprecated assertText(), the passed text should be HTML decoded, exactly as a human sees it in the browser." severity="error"/><error line="151" message="Call to deprecated method assertRaw() of class Drupal\Tests\BrowserTestBase. Deprecated in drupal:8.2.0 and is removed from drupal:10.0.0. Use $this-&gt;assertSession()-&gt;responseContains() instead." severity="error"/><error line="152" message="Call to deprecated method assertRaw() of class Drupal\Tests\BrowserTestBase. Deprecated in drupal:8.2.0 and is removed from drupal:10.0.0. Use $this-&gt;assertSession()-&gt;responseContains() instead." severity="error"/><error line="153" message="Call to deprecated method assertRaw() of class Drupal\Tests\BrowserTestBase. Deprecated in drupal:8.2.0 and is removed from drupal:10.0.0. Use $this-&gt;assertSession()-&gt;responseContains() instead." severity="error"/><error line="154" message="Call to deprecated method assertRaw() of class Drupal\Tests\BrowserTestBase. Deprecated in drupal:8.2.0 and is removed from drupal:10.0.0. Use $this-&gt;assertSession()-&gt;responseContains() instead." severity="error"/></file><file name="modules/contrib/flexible_daterange/flexible_daterange.info.yml"><error line="0" message="Value of core_version_requirement: ^8.8 || ^9 is not compatible with the next major version of Drupal core. See https://drupal.org/node/3070687." severity="error"/></file></checkstyle>

