<?xml version="1.0"?>
<checkstyle><file name="modules/contrib/google_analytics/google_analytics.module"><error line="351" message="Call to deprecated function file_create_url(). Deprecated in drupal:9.3.0 and is removed from drupal:10.0.0. Use the appropriate method on \Drupal\Core\File\FileUrlGeneratorInterface instead." severity="warning"/><error line="351" message="Call to deprecated function file_url_transform_relative(). Deprecated in drupal:9.3.0 and is removed from drupal:10.0.0. Use Drupal\Core\File\FileUrlGenerator::transformRelative() instead." severity="warning"/><error line="563" message="Call to deprecated function file_create_url(). Deprecated in drupal:9.3.0 and is removed from drupal:10.0.0. Use the appropriate method on \Drupal\Core\File\FileUrlGeneratorInterface instead." severity="warning"/><error line="563" message="Call to deprecated function file_url_transform_relative(). Deprecated in drupal:9.3.0 and is removed from drupal:10.0.0. Use Drupal\Core\File\FileUrlGenerator::transformRelative() instead." severity="warning"/><error line="573" message="Call to deprecated function file_create_url(). Deprecated in drupal:9.3.0 and is removed from drupal:10.0.0. Use the appropriate method on \Drupal\Core\File\FileUrlGeneratorInterface instead." severity="warning"/><error line="573" message="Call to deprecated function file_url_transform_relative(). Deprecated in drupal:9.3.0 and is removed from drupal:10.0.0. Use Drupal\Core\File\FileUrlGenerator::transformRelative() instead." severity="warning"/></file><file name="modules/contrib/google_analytics/tests/src/Functional/GoogleAnalyticsBasicTest.php"><error line="103" message="Call to deprecated method assertNoFieldByXPath() of class Drupal\Tests\BrowserTestBase. Deprecated in drupal:8.3.0 and is removed from drupal:10.0.0. Use $this-&gt;xpath() instead and assert that the result is empty." severity="error"/><error line="104" message="Call to deprecated method assertNoFieldByXPath() of class Drupal\Tests\BrowserTestBase. Deprecated in drupal:8.3.0 and is removed from drupal:10.0.0. Use $this-&gt;xpath() instead and assert that the result is empty." severity="error"/><error line="105" message="Call to deprecated method assertNoFieldByXPath() of class Drupal\Tests\BrowserTestBase. Deprecated in drupal:8.3.0 and is removed from drupal:10.0.0. Use $this-&gt;xpath() instead and assert that the result is empty." severity="error"/><error line="115" message="Call to deprecated method assertNoFieldByXPath() of class Drupal\Tests\BrowserTestBase. Deprecated in drupal:8.3.0 and is removed from drupal:10.0.0. Use $this-&gt;xpath() instead and assert that the result is empty." severity="error"/><error line="116" message="Call to deprecated method assertFieldByXPath() of class Drupal\Tests\BrowserTestBase. Deprecated in drupal:8.3.0 and is removed from drupal:10.0.0. Use $this-&gt;xpath() instead and check the values directly in the test." severity="error"/><error line="117" message="Call to deprecated method assertFieldByXPath() of class Drupal\Tests\BrowserTestBase. Deprecated in drupal:8.3.0 and is removed from drupal:10.0.0. Use $this-&gt;xpath() instead and check the values directly in the test." severity="error"/></file><file name="modules/contrib/google_analytics/tests/src/Functional/GoogleAnalyticsCustomDimensionsAndMetricsTest.php"><error line="160" message="Call to deprecated method verbose() of class Drupal\Tests\BrowserTestBase. Deprecated in drupal:9.2.0 and is removed from drupal:10.0.0. Use dump() instead." severity="error"/><error line="263" message="Call to deprecated method verbose() of class Drupal\Tests\BrowserTestBase. Deprecated in drupal:9.2.0 and is removed from drupal:10.0.0. Use dump() instead." severity="error"/></file><file name="modules/contrib/google_analytics/tests/src/Functional/GoogleAnalyticsUninstallTest.php"><error line="80" message="Call to deprecated method drupalPostForm() of class Drupal\Tests\BrowserTestBase. Deprecated in drupal:9.1.0 and is removed from drupal:10.0.0. Use $this-&gt;submitForm() instead." severity="error"/><error line="81" message="Call to deprecated method assertNoText() of class Drupal\Tests\BrowserTestBase. Deprecated in drupal:8.2.0 and is removed from drupal:10.0.0. Use - $this-&gt;assertSession()-&gt;responseNotContains() for non-HTML responses, like XML or Json. - $this-&gt;assertSession()-&gt;pageTextNotContains() for HTML responses. Unlike the deprecated assertNoText(), the passed text should be HTML decoded, exactly as a human sees it in the browser." severity="error"/><error line="82" message="Call to deprecated method drupalPostForm() of class Drupal\Tests\BrowserTestBase. Deprecated in drupal:9.1.0 and is removed from drupal:10.0.0. Use $this-&gt;submitForm() instead." severity="error"/><error line="83" message="Call to deprecated method assertText() of class Drupal\Tests\BrowserTestBase. Deprecated in drupal:8.2.0 and is removed from drupal:10.0.0. Use - $this-&gt;assertSession()-&gt;responseContains() for non-HTML responses, like XML or Json. - $this-&gt;assertSession()-&gt;pageTextContains() for HTML responses. Unlike the deprecated assertText(), the passed text should be HTML decoded, exactly as a human sees it in the browser." severity="error"/></file><file name="modules/contrib/google_analytics/tests/src/Functional/GoogleAnalyticsUserFieldsTest.php"><error line="64" message="Call to deprecated method assertResponse() of class Drupal\Tests\BrowserTestBase. Deprecated in drupal:8.2.0 and is removed from drupal:10.0.0. Use $this-&gt;assertSession()-&gt;statusCodeEquals() instead." severity="error"/><error line="65" message="Call to deprecated method assertRaw() of class Drupal\Tests\BrowserTestBase. Deprecated in drupal:8.2.0 and is removed from drupal:10.0.0. Use $this-&gt;assertSession()-&gt;responseContains() instead." severity="error"/><error line="70" message="Call to deprecated method assertResponse() of class Drupal\Tests\BrowserTestBase. Deprecated in drupal:8.2.0 and is removed from drupal:10.0.0. Use $this-&gt;assertSession()-&gt;statusCodeEquals() instead." severity="error"/><error line="71" message="Call to deprecated method assertNoRaw() of class Drupal\Tests\BrowserTestBase. Deprecated in drupal:8.2.0 and is removed from drupal:10.0.0. Use $this-&gt;assertSession()-&gt;responseNotContains() instead." severity="error"/><error line="77" message="Call to deprecated method assertResponse() of class Drupal\Tests\BrowserTestBase. Deprecated in drupal:8.2.0 and is removed from drupal:10.0.0. Use $this-&gt;assertSession()-&gt;statusCodeEquals() instead." severity="error"/><error line="78" message="Call to deprecated method assertRaw() of class Drupal\Tests\BrowserTestBase. Deprecated in drupal:8.2.0 and is removed from drupal:10.0.0. Use $this-&gt;assertSession()-&gt;responseContains() instead." severity="error"/><error line="84" message="Call to deprecated method assertResponse() of class Drupal\Tests\BrowserTestBase. Deprecated in drupal:8.2.0 and is removed from drupal:10.0.0. Use $this-&gt;assertSession()-&gt;statusCodeEquals() instead." severity="error"/><error line="85" message="Call to deprecated method assertRaw() of class Drupal\Tests\BrowserTestBase. Deprecated in drupal:8.2.0 and is removed from drupal:10.0.0. Use $this-&gt;assertSession()-&gt;responseContains() instead." severity="error"/></file><file name="modules/contrib/google_analytics/google_analytics.info.yml"><error line="0" message="Value of core_version_requirement: ^8.8.6 || ^9 is not compatible with the next major version of Drupal core. See https://drupal.org/node/3070687." severity="error"/></file><file name="modules/contrib/google_analytics/composer.json"><error line="0" message="The drupal/core requirement is not compatible with the next major version of Drupal. Either remove it or update it to be compatible. See https://drupal.org/node/2514612#s-drupal-9-compatibility." severity="error"/></file></checkstyle>

