<?xml version="1.0"?>
<checkstyle><file name="modules/contrib/graphql/modules/graphql_core/tests/src/Kernel/EntityMutation/EntityMutationTest.php"><error line="45" message="Call to deprecated method setMethods() of class PHPUnit\Framework\MockObject\MockBuilder: https://github.com/sebastianbergmann/phpunit/pull/3687" severity="error"/></file><file name="modules/contrib/graphql/modules/graphql_core/tests/src/Kernel/GraphQLCoreTestBase.php"><error line="28" message="Call to deprecated function module_load_include(). Deprecated in drupal:9.4.0 and is removed from drupal:11.0.0. Use Drupal::moduleHandler()-&gt;loadInclude($module, $type, $name = NULL). Note that including code from uninstalled extensions is no longer supported." severity="info"/></file><file name="modules/contrib/graphql/src/EventSubscriber/ExplorerPageDisplayVariantSubscriber.php"><error line="22" message="Call to deprecated method stopPropagation() of class Symfony\Component\EventDispatcher\Event: since Symfony 4.3, use &quot;Symfony\Contracts\EventDispatcher\Event&quot; instead" severity="error"/></file><file name="modules/contrib/graphql/src/EventSubscriber/VoyagerPageDisplayVariantSubscriber.php"><error line="22" message="Call to deprecated method stopPropagation() of class Symfony\Component\EventDispatcher\Event: since Symfony 4.3, use &quot;Symfony\Contracts\EventDispatcher\Event&quot; instead" severity="error"/></file><file name="modules/contrib/graphql/tests/src/Kernel/Framework/BufferedFieldTest.php"><error line="20" message="Call to deprecated method setMethods() of class PHPUnit\Framework\MockObject\MockBuilder: https://github.com/sebastianbergmann/phpunit/pull/3687" severity="error"/></file><file name="modules/contrib/graphql/tests/src/Kernel/Framework/TestFrameworkTest.php"><error line="38" message="Call to deprecated method assertArraySubset() of class PHPUnit\Framework\Assert: https://github.com/sebastianbergmann/phpunit/issues/3494" severity="error"/></file><file name="modules/contrib/graphql/tests/src/Traits/MockGraphQLPluginTrait.php (in context of class Drupal\Tests\graphql\Kernel\GraphQLTestBase)"><error line="125" message="Call to deprecated method setMethods() of class PHPUnit\Framework\MockObject\MockBuilder: https://github.com/sebastianbergmann/phpunit/pull/3687" severity="error"/><error line="132" message="Call to deprecated method setMethods() of class PHPUnit\Framework\MockObject\MockBuilder: https://github.com/sebastianbergmann/phpunit/pull/3687" severity="error"/><error line="344" message="Call to deprecated method setMethods() of class PHPUnit\Framework\MockObject\MockBuilder: https://github.com/sebastianbergmann/phpunit/pull/3687" severity="error"/><error line="397" message="Call to deprecated method setMethods() of class PHPUnit\Framework\MockObject\MockBuilder: https://github.com/sebastianbergmann/phpunit/pull/3687" severity="error"/><error line="487" message="Call to deprecated method setMethods() of class PHPUnit\Framework\MockObject\MockBuilder: https://github.com/sebastianbergmann/phpunit/pull/3687" severity="error"/><error line="619" message="Call to deprecated method setMethods() of class PHPUnit\Framework\MockObject\MockBuilder: https://github.com/sebastianbergmann/phpunit/pull/3687" severity="error"/></file><file name="modules/contrib/graphql/tests/src/Unit/StringFormattingTest.php"><error line="17" message="Call to deprecated method expectExceptionMessageRegExp() of class PHPUnit\Framework\TestCase: Use expectExceptionMessageMatches() instead" severity="error"/></file><file name="modules/contrib/graphql/graphql.libraries.yml"><error line="0" message="The 'explorer' library is depending on a deprecated library. The core/jquery.once asset library is deprecated in Drupal 9.3.0 and will be removed in Drupal 10.0.0. Use the core/once library instead. See https://www.drupal.org/node/3158256" severity="error"/><error line="0" message="The 'voyager' library is depending on a deprecated library. The core/jquery.once asset library is deprecated in Drupal 9.3.0 and will be removed in Drupal 10.0.0. Use the core/once library instead. See https://www.drupal.org/node/3158256" severity="error"/></file><file name="modules/contrib/graphql/graphql.info.yml"><error line="0" message="Value of core_version_requirement: ^8.8 || ^9 is not compatible with the next major version of Drupal core. See https://drupal.org/node/3070687." severity="error"/></file><file name="modules/contrib/graphql/modules/graphql_core/graphql_core.info.yml"><error line="0" message="Value of core_version_requirement: ^8.8 || ^9 is not compatible with the next major version of Drupal core. See https://drupal.org/node/3070687." severity="error"/></file></checkstyle>

