<?xml version="1.0"?>
<checkstyle><file name="modules/contrib/honeypot/tests/src/Kernel/EventIntegrationTest.php"><error line="" message="Class Drupal\Tests\rules\Kernel\RulesKernelTestBase not found." severity="error"/><error line="12" message="Class Drupal\Tests\rules\Kernel\RulesKernelTestBase not found." severity="error"/></file><file name="modules/contrib/honeypot/tests/src/Kernel/HoneypotLegacyTest.php"><error line="36" message="Call to deprecated function honeypot_get_protected_forms(). Deprecated in honeypot:2.1.0 and is removed from honeypot:3.0.0. Use the 'honeypot' service instead. For example, \Drupal::service('honeypot') -&gt;getProtectedForms()." severity="error"/><error line="47" message="Call to deprecated function honeypot_add_form_protection(). Deprecated in honeypot:2.1.0 and is removed from honeypot:3.0.0. Use the 'honeypot' service instead. For example, \Drupal::service('honeypot') -&gt;addFormProtection($form, $form_state, $options)." severity="error"/><error line="55" message="Call to deprecated function honeypot_get_time_limit(). Deprecated in honeypot:2.1.0 and is removed from honeypot:3.0.0. Use the 'honeypot' service instead. For example, \Drupal::service('honeypot') -&gt;getTimeLimit($form_values)." severity="error"/><error line="64" message="Call to deprecated function honeypot_log_failure(). Deprecated in honeypot:2.1.0 and is removed from honeypot:3.0.0. Use the 'honeypot' service instead. For example, \Drupal::service('honeypot') -&gt;logFailure($form_id, $type)." severity="error"/></file><file name="modules/contrib/honeypot/tests/src/Unit/Integration/Event/EventTestBase.php"><error line="" message="Class Drupal\Tests\rules\Unit\Integration\Event\EventTestBase not found." severity="error"/><error line="15" message="Class Drupal\Tests\rules\Unit\Integration\Event\EventTestBase not found." severity="error"/></file><file name="modules/contrib/honeypot/tests/src/Unit/Integration/Event/HoneypotRejectEventTest.php"><error line="" message="Class Drupal\Tests\rules\Unit\Integration\Event\EventTestBase not found." severity="error"/><error line="14" message="Class Drupal\Tests\rules\Unit\Integration\Event\EventTestBase not found." severity="error"/></file></checkstyle>

