<?xml version="1.0"?>
<checkstyle><file name="modules/contrib/jsonlog/src/Logger/JsonLog.php"><error line="179" message="Call to deprecated method setAccount() of class Drupal\jsonlog\Logger\JsonLogData. Deprecated in 8.x-1.4 and removed from 2.0. Users of this class should use JsonLogData::setUid() instead." severity="error"/></file><file name="modules/contrib/jsonlog/tests/src/Functional/JsonLogConfigFormTest.php"><error line="16" message="Drupal\Tests\BrowserTestBase::$defaultTheme is required. See https://www.drupal.org/node/3083055, which includes recommendations on which theme to use." severity="error"/><error line="53" message="Call to deprecated method drupalPostForm() of class Drupal\Tests\BrowserTestBase. Deprecated in drupal:9.1.0 and is removed from drupal:10.0.0. Use $this-&gt;submitForm() instead." severity="error"/></file><file name="modules/contrib/jsonlog/tests/src/Unit/JsonLogDataTest.php"><error line="168" message="Call to deprecated method setAccount() of class Drupal\jsonlog\Logger\JsonLogData. Deprecated in 8.x-1.4 and removed from 2.0. Users of this class should use JsonLogData::setUid() instead." severity="error"/><error line="219" message="Call to deprecated method assertArrayEquals() of class Drupal\Tests\UnitTestCase. Deprecated in drupal:9.1.0 and is removed from drupal:10.0.0. Use ::assertEquals, ::assertEqualsCanonicalizing, or ::assertSame instead." severity="error"/><error line="232" message="Call to deprecated method assertArrayEquals() of class Drupal\Tests\UnitTestCase. Deprecated in drupal:9.1.0 and is removed from drupal:10.0.0. Use ::assertEquals, ::assertEqualsCanonicalizing, or ::assertSame instead." severity="error"/><error line="243" message="Call to deprecated method assertArrayEquals() of class Drupal\Tests\UnitTestCase. Deprecated in drupal:9.1.0 and is removed from drupal:10.0.0. Use ::assertEquals, ::assertEqualsCanonicalizing, or ::assertSame instead." severity="error"/></file><file name="modules/contrib/jsonlog/jsonlog.info.yml"><error line="0" message="Value of core_version_requirement: ^8 || ^9 is not compatible with the next major version of Drupal core. See https://drupal.org/node/3070687." severity="error"/></file></checkstyle>

