<?xml version="1.0"?>
<checkstyle><file name="themes/contrib/openy_rose/openy_rose.theme"><error line="497" message="Call to deprecated function drupal_get_path(). Deprecated in drupal:9.3.0 and is removed from drupal:10.0.0. Use Drupal\Core\Extension\ExtensionPathResolver::getPath() instead." severity="warning"/></file><file name="themes/contrib/openy_rose/templates/node/node--camp--full.html.twig"><error line="0" message="The spaceless tag in &quot;themes/contrib/openy_rose/templates/node/node--camp--full.html.twig&quot; at line 92 is deprecated since Twig 2.7, use the &quot;spaceless&quot; filter with the &quot;apply&quot; tag instead. See https://drupal.org/node/3071078." severity="error"/></file><file name="themes/contrib/openy_rose"><error line="0" message="The 'openy_rose' extension is not installed. Cannot check deprecated library use." severity="error"/></file><file name="themes/contrib/openy_rose/templates/node/node--landing-page--full.html.twig"><error line="112" message="The 'openy_rose/landing' library is not defined because the defining extension is not installed. Cannot decide if it is deprecated or not." severity="error"/></file><file name="themes/contrib/openy_rose/templates/field/field--paragraph--4c.html.twig"><error line="61" message="The 'slick/slick' library is not defined because the defining extension is not installed. Cannot decide if it is deprecated or not." severity="error"/><error line="62" message="The 'slick/slick.theme' library is not defined because the defining extension is not installed. Cannot decide if it is deprecated or not." severity="error"/><error line="63" message="The 'slick/slick.arrow.down' library is not defined because the defining extension is not installed. Cannot decide if it is deprecated or not." severity="error"/></file><file name="themes/contrib/openy_rose/templates/paragraph/paragraph--featured-blogs--default.html.twig"><error line="47" message="The 'openy_rose/blog_slider' library is not defined because the defining extension is not installed. Cannot decide if it is deprecated or not." severity="error"/></file><file name="themes/contrib/openy_rose/templates/paragraph/paragraph--featured-content--default.html.twig"><error line="59" message="The 'openy_rose/featured_slider' library is not defined because the defining extension is not installed. Cannot decide if it is deprecated or not." severity="error"/></file><file name="themes/contrib/openy_rose/templates/views/views-view--classes_listing--search-form.html.twig"><error line="35" message="The 'openy_rose/subcategory-search-form' library is not defined because the defining extension is not installed. Cannot decide if it is deprecated or not." severity="error"/><error line="36" message="The 'slick/slick' library is not defined because the defining extension is not installed. Cannot decide if it is deprecated or not." severity="error"/><error line="37" message="The 'slick/slick.theme' library is not defined because the defining extension is not installed. Cannot decide if it is deprecated or not." severity="error"/><error line="38" message="The 'slick/slick.arrow.down' library is not defined because the defining extension is not installed. Cannot decide if it is deprecated or not." severity="error"/></file><file name="themes/contrib/openy_rose/templates/webform/webform-confirmation.html.twig"><error line="17" message="The 'webform/webform.confirmation' library is not defined because the defining extension is not installed. Cannot decide if it is deprecated or not." severity="error"/></file><file name="themes/contrib/openy_rose/color/color.inc"><error line="284" message="The 'openy_rose/color.preview' library is not defined because the defining extension is not installed. Cannot decide if it is deprecated or not." severity="error"/><error line="285" message="The 'color/preview.html' library is not defined because the defining extension is not installed. Cannot decide if it is deprecated or not." severity="error"/></file><file name="themes/contrib/openy_rose/openy_rose.info.yml"><error line="0" message="Value of core_version_requirement: ^8 || ^9 is not compatible with the next major version of Drupal core. See https://drupal.org/node/3070687." severity="error"/></file></checkstyle>

