<?xml version="1.0"?>
<checkstyle><file name="modules/contrib/potx/potx.drush.inc"><error line="94" message="Call to deprecated function drupal_get_path(). Deprecated in drupal:9.3.0 and is removed from drupal:10.0.0. Use Drupal\Core\Extension\ExtensionPathResolver::getPath() instead." severity="warning"/></file><file name="modules/contrib/potx/potx.inc"><error line="574" message="Call to deprecated function module_load_include(). Deprecated in drupal:9.4.0 and is removed from drupal:11.0.0. Use Drupal::moduleHandler()-&gt;loadInclude($module, $type, $name = NULL). Note that including code from uninstalled extensions is no longer supported." severity="info"/><error line="2370" message="Calls to function fnmatch should not exist." severity="error"/><error line="2370" message="Calls to function fnmatch should not exist." severity="error"/></file><file name="modules/contrib/potx/src/Commands/PotxCommands.php"><error line="88" message="Call to deprecated function drupal_get_path(). Deprecated in drupal:9.3.0 and is removed from drupal:10.0.0. Use Drupal\Core\Extension\ExtensionPathResolver::getPath() instead." severity="warning"/></file><file name="modules/contrib/potx/tests/src/Kernel/PotxTest.php"><error line="721" message="Call to deprecated method assert() of class Drupal\KernelTests\KernelTestBase. Deprecated in drupal:8.0.0 and is removed from drupal:10.0.0. Use $this-&gt;assertTrue() instead." severity="error"/><error line="731" message="Call to deprecated method assert() of class Drupal\KernelTests\KernelTestBase. Deprecated in drupal:8.0.0 and is removed from drupal:10.0.0. Use $this-&gt;assertTrue() instead." severity="error"/><error line="741" message="Call to deprecated method assert() of class Drupal\KernelTests\KernelTestBase. Deprecated in drupal:8.0.0 and is removed from drupal:10.0.0. Use $this-&gt;assertTrue() instead." severity="error"/><error line="751" message="Call to deprecated method assert() of class Drupal\KernelTests\KernelTestBase. Deprecated in drupal:8.0.0 and is removed from drupal:10.0.0. Use $this-&gt;assertTrue() instead." severity="error"/><error line="761" message="Call to deprecated method assert() of class Drupal\KernelTests\KernelTestBase. Deprecated in drupal:8.0.0 and is removed from drupal:10.0.0. Use $this-&gt;assertTrue() instead." severity="error"/><error line="771" message="Call to deprecated method assert() of class Drupal\KernelTests\KernelTestBase. Deprecated in drupal:8.0.0 and is removed from drupal:10.0.0. Use $this-&gt;assertTrue() instead." severity="error"/><error line="781" message="Call to deprecated method assert() of class Drupal\KernelTests\KernelTestBase. Deprecated in drupal:8.0.0 and is removed from drupal:10.0.0. Use $this-&gt;assertTrue() instead." severity="error"/><error line="791" message="Call to deprecated method assert() of class Drupal\KernelTests\KernelTestBase. Deprecated in drupal:8.0.0 and is removed from drupal:10.0.0. Use $this-&gt;assertTrue() instead." severity="error"/><error line="797" message="Call to deprecated method assert() of class Drupal\KernelTests\KernelTestBase. Deprecated in drupal:8.0.0 and is removed from drupal:10.0.0. Use $this-&gt;assertTrue() instead." severity="error"/><error line="816" message="Call to deprecated method pass() of class Drupal\KernelTests\KernelTestBase. Deprecated in drupal:8.0.0 and is removed from drupal:10.0.0. PHPUnit interrupts a test as soon as a test assertion fails, so there is usually no need to call this method. If a test's logic relies on this method, refactor the test." severity="error"/></file><file name="modules/contrib/potx/potx.info.yml"><error line="0" message="Value of core_version_requirement: ^8 || ^9 is not compatible with the next major version of Drupal core. See https://drupal.org/node/3070687." severity="error"/></file><file name="modules/contrib/potx/tests/potx_test_8.info.yml"><error line="0" message="Value of core_version_requirement: ^8 || ^9 is not compatible with the next major version of Drupal core. See https://drupal.org/node/3070687." severity="error"/></file></checkstyle>

