<?xml version="1.0"?>
<checkstyle><file name="modules/contrib/rename_admin_paths/tests/src/Functional/AccessTest.php"><error line="10" message="Drupal\Tests\BrowserTestBase::$defaultTheme is required. See https://www.drupal.org/node/3083055, which includes recommendations on which theme to use." severity="error"/></file><file name="modules/contrib/rename_admin_paths/tests/src/Functional/AdminFormTest.php"><error line="10" message="Drupal\Tests\BrowserTestBase::$defaultTheme is required. See https://www.drupal.org/node/3083055, which includes recommendations on which theme to use." severity="error"/></file><file name="modules/contrib/rename_admin_paths/tests/src/Unit/EventSubscriber/RenameAdminPathEventSubscriberTest.php"><error line="20" message="Call to deprecated method assertInternalType() of class PHPUnit\Framework\Assert: https://github.com/sebastianbergmann/phpunit/issues/3369" severity="error"/></file><file name="modules/contrib/rename_admin_paths/rename_admin_paths.info.yml"><error line="0" message="Value of core_version_requirement: ^8 || ^9 is not compatible with the next major version of Drupal core. See https://drupal.org/node/3070687." severity="error"/></file><file name="modules/contrib/rename_admin_paths/composer.json"><error line="0" message="The drupal/core requirement is not compatible with the next major version of Drupal. Either remove it or update it to be compatible. See https://drupal.org/node/2514612#s-drupal-9-compatibility." severity="error"/></file></checkstyle>

