<?xml version="1.0"?>
<checkstyle><file name="themes/contrib/sailor/tests/src/Unit/SailorThemeTest.php"><error line="37" message="Call to deprecated method assertArrayEquals() of class Drupal\Tests\UnitTestCase. Deprecated in drupal:9.1.0 and is removed from drupal:10.0.0. Use ::assertEquals, ::assertEqualsCanonicalizing, or ::assertSame instead." severity="error"/></file><file name="themes/contrib/sailor"><error line="0" message="The 'sailor' extension is not installed. Cannot check deprecated library use." severity="error"/></file><file name="themes/contrib/sailor/sailor.info.yml"><error line="0" message="Value of core_version_requirement: ^8 || ^9 is not compatible with the next major version of Drupal core. See https://drupal.org/node/3070687." severity="error"/></file></checkstyle>

