<?xml version="1.0"?>
<checkstyle><file name="modules/contrib/pbf/tests/src/Functional/PbfAccessByNodeRefTest.php"><error line="49" message="Call to deprecated method assertFieldByXPath() of class Drupal\Tests\BrowserTestBase. Deprecated in drupal:8.3.0 and is removed from drupal:10.0.0. Use $this-&gt;xpath() instead and check the values directly in the test." severity="error"/><error line="53" message="Call to deprecated method assertFieldByXPath() of class Drupal\Tests\BrowserTestBase. Deprecated in drupal:8.3.0 and is removed from drupal:10.0.0. Use $this-&gt;xpath() instead and check the values directly in the test." severity="error"/><error line="58" message="Call to deprecated method assertFieldByXPath() of class Drupal\Tests\BrowserTestBase. Deprecated in drupal:8.3.0 and is removed from drupal:10.0.0. Use $this-&gt;xpath() instead and check the values directly in the test." severity="error"/><error line="63" message="Call to deprecated method assertFieldByXPath() of class Drupal\Tests\BrowserTestBase. Deprecated in drupal:8.3.0 and is removed from drupal:10.0.0. Use $this-&gt;xpath() instead and check the values directly in the test." severity="error"/></file><file name="modules/contrib/pbf/tests/src/Functional/PbfAccessByRoleTest.php"><error line="62" message="Call to deprecated method assertFieldByXPath() of class Drupal\Tests\BrowserTestBase. Deprecated in drupal:8.3.0 and is removed from drupal:10.0.0. Use $this-&gt;xpath() instead and check the values directly in the test." severity="error"/><error line="66" message="Call to deprecated method assertFieldByXPath() of class Drupal\Tests\BrowserTestBase. Deprecated in drupal:8.3.0 and is removed from drupal:10.0.0. Use $this-&gt;xpath() instead and check the values directly in the test." severity="error"/><error line="71" message="Call to deprecated method assertFieldByXPath() of class Drupal\Tests\BrowserTestBase. Deprecated in drupal:8.3.0 and is removed from drupal:10.0.0. Use $this-&gt;xpath() instead and check the values directly in the test." severity="error"/></file><file name="modules/contrib/pbf/tests/src/Functional/PbfAccessByTermRefTest.php"><error line="52" message="Call to deprecated method assertFieldByXPath() of class Drupal\Tests\BrowserTestBase. Deprecated in drupal:8.3.0 and is removed from drupal:10.0.0. Use $this-&gt;xpath() instead and check the values directly in the test." severity="error"/><error line="56" message="Call to deprecated method assertFieldByXPath() of class Drupal\Tests\BrowserTestBase. Deprecated in drupal:8.3.0 and is removed from drupal:10.0.0. Use $this-&gt;xpath() instead and check the values directly in the test." severity="error"/><error line="61" message="Call to deprecated method assertFieldByXPath() of class Drupal\Tests\BrowserTestBase. Deprecated in drupal:8.3.0 and is removed from drupal:10.0.0. Use $this-&gt;xpath() instead and check the values directly in the test." severity="error"/><error line="66" message="Call to deprecated method assertFieldByXPath() of class Drupal\Tests\BrowserTestBase. Deprecated in drupal:8.3.0 and is removed from drupal:10.0.0. Use $this-&gt;xpath() instead and check the values directly in the test." severity="error"/></file><file name="modules/contrib/pbf/tests/src/Functional/PbfAccessByUserDirectTest.php"><error line="69" message="Call to deprecated method assertFieldByXPath() of class Drupal\Tests\BrowserTestBase. Deprecated in drupal:8.3.0 and is removed from drupal:10.0.0. Use $this-&gt;xpath() instead and check the values directly in the test." severity="error"/><error line="73" message="Call to deprecated method assertFieldByXPath() of class Drupal\Tests\BrowserTestBase. Deprecated in drupal:8.3.0 and is removed from drupal:10.0.0. Use $this-&gt;xpath() instead and check the values directly in the test." severity="error"/><error line="78" message="Call to deprecated method assertFieldByXPath() of class Drupal\Tests\BrowserTestBase. Deprecated in drupal:8.3.0 and is removed from drupal:10.0.0. Use $this-&gt;xpath() instead and check the values directly in the test." severity="error"/><error line="84" message="Call to deprecated method assertFieldByXPath() of class Drupal\Tests\BrowserTestBase. Deprecated in drupal:8.3.0 and is removed from drupal:10.0.0. Use $this-&gt;xpath() instead and check the values directly in the test." severity="error"/></file><file name="modules/contrib/pbf/tests/src/Functional/PbfAccessByUserRefTest.php"><error line="65" message="Call to deprecated method assertFieldByXPath() of class Drupal\Tests\BrowserTestBase. Deprecated in drupal:8.3.0 and is removed from drupal:10.0.0. Use $this-&gt;xpath() instead and check the values directly in the test." severity="error"/><error line="69" message="Call to deprecated method assertFieldByXPath() of class Drupal\Tests\BrowserTestBase. Deprecated in drupal:8.3.0 and is removed from drupal:10.0.0. Use $this-&gt;xpath() instead and check the values directly in the test." severity="error"/><error line="74" message="Call to deprecated method assertFieldByXPath() of class Drupal\Tests\BrowserTestBase. Deprecated in drupal:8.3.0 and is removed from drupal:10.0.0. Use $this-&gt;xpath() instead and check the values directly in the test." severity="error"/><error line="80" message="Call to deprecated method assertFieldByXPath() of class Drupal\Tests\BrowserTestBase. Deprecated in drupal:8.3.0 and is removed from drupal:10.0.0. Use $this-&gt;xpath() instead and check the values directly in the test." severity="error"/></file><file name="modules/contrib/pbf/tests/src/Functional/PbfAccessWithFormWidgetValueTest.php"><error line="52" message="Call to deprecated method assertFieldByXPath() of class Drupal\Tests\BrowserTestBase. Deprecated in drupal:8.3.0 and is removed from drupal:10.0.0. Use $this-&gt;xpath() instead and check the values directly in the test." severity="error"/><error line="56" message="Call to deprecated method assertFieldByXPath() of class Drupal\Tests\BrowserTestBase. Deprecated in drupal:8.3.0 and is removed from drupal:10.0.0. Use $this-&gt;xpath() instead and check the values directly in the test." severity="error"/><error line="63" message="Call to deprecated method assertFieldByXPath() of class Drupal\Tests\BrowserTestBase. Deprecated in drupal:8.3.0 and is removed from drupal:10.0.0. Use $this-&gt;xpath() instead and check the values directly in the test." severity="error"/><error line="68" message="Call to deprecated method assertFieldByXPath() of class Drupal\Tests\BrowserTestBase. Deprecated in drupal:8.3.0 and is removed from drupal:10.0.0. Use $this-&gt;xpath() instead and check the values directly in the test." severity="error"/></file><file name="modules/contrib/pbf/tests/src/Functional/PbfAccessWithSynchronizationTest.php"><error line="75" message="Call to deprecated method assertFieldByXPath() of class Drupal\Tests\BrowserTestBase. Deprecated in drupal:8.3.0 and is removed from drupal:10.0.0. Use $this-&gt;xpath() instead and check the values directly in the test." severity="error"/><error line="79" message="Call to deprecated method assertFieldByXPath() of class Drupal\Tests\BrowserTestBase. Deprecated in drupal:8.3.0 and is removed from drupal:10.0.0. Use $this-&gt;xpath() instead and check the values directly in the test." severity="error"/><error line="84" message="Call to deprecated method assertFieldByXPath() of class Drupal\Tests\BrowserTestBase. Deprecated in drupal:8.3.0 and is removed from drupal:10.0.0. Use $this-&gt;xpath() instead and check the values directly in the test." severity="error"/><error line="89" message="Call to deprecated method assertFieldByXPath() of class Drupal\Tests\BrowserTestBase. Deprecated in drupal:8.3.0 and is removed from drupal:10.0.0. Use $this-&gt;xpath() instead and check the values directly in the test." severity="error"/><error line="98" message="Call to deprecated method assertFieldByXPath() of class Drupal\Tests\BrowserTestBase. Deprecated in drupal:8.3.0 and is removed from drupal:10.0.0. Use $this-&gt;xpath() instead and check the values directly in the test." severity="error"/><error line="102" message="Call to deprecated method assertFieldByXPath() of class Drupal\Tests\BrowserTestBase. Deprecated in drupal:8.3.0 and is removed from drupal:10.0.0. Use $this-&gt;xpath() instead and check the values directly in the test." severity="error"/><error line="107" message="Call to deprecated method assertFieldByXPath() of class Drupal\Tests\BrowserTestBase. Deprecated in drupal:8.3.0 and is removed from drupal:10.0.0. Use $this-&gt;xpath() instead and check the values directly in the test." severity="error"/></file><file name="modules/contrib/pbf/pbf.info.yml"><error line="0" message="Value of core_version_requirement: ^8 || ^9 is not compatible with the next major version of Drupal core. See https://drupal.org/node/3070687." severity="error"/></file></checkstyle>

