<?xml version="1.0"?>
<checkstyle><file name="modules/contrib/simpletest-simpletest/simpletest.module"><error line="161" message="Call to method getTestInfo() of deprecated class Drupal\Core\Test\TestDiscovery. Deprecated in drupal:8.8.0 and is removed from drupal:9.0.0. Use Drupal\Core\Test\TestDiscovery instead." severity="error"/><error line="350" message="Call to deprecated function simpletest_summarize_phpunit_result(). Deprecated in drupal:8.8.0 and is removed from drupal:9.0.0. Use Drupal\Core\Test\PhpUnitTestRunner::summarizeResults() instead." severity="error"/><error line="359" message="Call to method getTestInfo() of deprecated class Drupal\Core\Test\TestDiscovery. Deprecated in drupal:8.8.0 and is removed from drupal:9.0.0. Use Drupal\Core\Test\TestDiscovery instead." severity="error"/></file><file name="modules/contrib/simpletest-simpletest/src/Cache/Context/TestDiscoveryCacheContext.php"><error line="51" message="Parameter $test_discovery of method Drupal\simpletest\Cache\Context\TestDiscoveryCacheContext::__construct() has typehint with deprecated class Drupal\simpletest\TestDiscovery. Deprecated in drupal:8.8.0 and is removed from drupal:9.0.0. Use Drupal\Core\Test\TestDiscovery instead." severity="error"/></file><file name="modules/contrib/simpletest-simpletest/src/Form/SimpletestResultsForm.php"><error line="307" message="Call to method getTestInfo() of deprecated class Drupal\Core\Test\TestDiscovery. Deprecated in drupal:8.8.0 and is removed from drupal:9.0.0. Use Drupal\Core\Test\TestDiscovery instead." severity="error"/></file><file name="modules/contrib/simpletest-simpletest/src/Form/SimpletestTestForm.php"><error line="50" message="Parameter $test_discovery of method Drupal\simpletest\Form\SimpletestTestForm::__construct() has typehint with deprecated class Drupal\simpletest\TestDiscovery. Deprecated in drupal:8.8.0 and is removed from drupal:9.0.0. Use Drupal\Core\Test\TestDiscovery instead." severity="error"/></file><file name="modules/contrib/simpletest-simpletest/src/InstallerTestBase.php"><error line="24" message="Class Drupal\simpletest\InstallerTestBase extends deprecated class Drupal\simpletest\WebTestBase. Deprecated in Drupal 8.8.0 and will be removed before Drupal 9.0.0. Instead, use Drupal\Tests\BrowserTestBase. See https://www.drupal.org/node/3030340. Replacement available from drupal:8.6.0." severity="error"/></file><file name="modules/contrib/simpletest-simpletest/src/KernelTestBase.php"><error line="70" message="Class Drupal\simpletest\KernelTestBase extends deprecated class Drupal\simpletest\TestBase. Deprecated in Drupal 8.8.0 and will be removed before Drupal 9.0.0. Instead, use one of the phpunit base test classes like Drupal\Tests\BrowserTestBase. See https://www.drupal.org/node/3030340. Replacement available from drupal:8.6.0." severity="error"/></file><file name="modules/contrib/simpletest-simpletest/src/Tests/BrokenSetUpTest.php"><error line="20" message="Class Drupal\simpletest\Tests\BrokenSetUpTest extends deprecated class Drupal\simpletest\WebTestBase. Deprecated in Drupal 8.8.0 and will be removed before Drupal 9.0.0. Instead, use Drupal\Tests\BrowserTestBase. See https://www.drupal.org/node/3030340. Replacement available from drupal:8.6.0." severity="error"/><error line="39" message="Call to method setUp() of deprecated class Drupal\simpletest\WebTestBase. Deprecated in Drupal 8.8.0 and will be removed before Drupal 9.0.0. Instead, use Drupal\Tests\BrowserTestBase. See https://www.drupal.org/node/3030340. Replacement available from drupal:8.6.0." severity="error"/><error line="62" message="Call to method tearDown() of deprecated class Drupal\simpletest\WebTestBase. Deprecated in Drupal 8.8.0 and will be removed before Drupal 9.0.0. Instead, use Drupal\Tests\BrowserTestBase. See https://www.drupal.org/node/3030340. Replacement available from drupal:8.6.0." severity="error"/></file><file name="modules/contrib/simpletest-simpletest/src/Tests/BrowserTest.php"><error line="14" message="Class Drupal\simpletest\Tests\BrowserTest extends deprecated class Drupal\simpletest\WebTestBase. Deprecated in Drupal 8.8.0 and will be removed before Drupal 9.0.0. Instead, use Drupal\Tests\BrowserTestBase. See https://www.drupal.org/node/3030340. Replacement available from drupal:8.6.0." severity="error"/><error line="34" message="Call to method setUp() of deprecated class Drupal\simpletest\WebTestBase. Deprecated in Drupal 8.8.0 and will be removed before Drupal 9.0.0. Instead, use Drupal\Tests\BrowserTestBase. See https://www.drupal.org/node/3030340. Replacement available from drupal:8.6.0." severity="error"/></file><file name="modules/contrib/simpletest-simpletest/src/Tests/KernelTestBaseTest.php"><error line="16" message="Class Drupal\simpletest\Tests\KernelTestBaseTest extends deprecated class Drupal\simpletest\KernelTestBase. Deprecated in Drupal 8.0.x, will be removed before Drupal 9.0.0. Use Drupal\KernelTests\KernelTestBase instead." severity="error"/><error line="46" message="Call to method setUp() of deprecated class Drupal\simpletest\KernelTestBase. Deprecated in Drupal 8.0.x, will be removed before Drupal 9.0.0. Use Drupal\KernelTests\KernelTestBase instead." severity="error"/><error line="130" message="Call to deprecated function drupal_get_module_schema(). Deprecated in drupal:9.2.0 and is removed from drupal:10.0.0. No direct replacement is provided. Testing classes could use Drupal\TestTools\Extension\SchemaInspector for introspection." severity="error"/><error line="162" message="Call to deprecated function drupal_get_module_schema(). Deprecated in drupal:9.2.0 and is removed from drupal:10.0.0. No direct replacement is provided. Testing classes could use Drupal\TestTools\Extension\SchemaInspector for introspection." severity="error"/><error line="175" message="Call to deprecated function drupal_get_module_schema(). Deprecated in drupal:9.2.0 and is removed from drupal:10.0.0. No direct replacement is provided. Testing classes could use Drupal\TestTools\Extension\SchemaInspector for introspection." severity="error"/><error line="189" message="Call to deprecated function drupal_get_module_schema(). Deprecated in drupal:9.2.0 and is removed from drupal:10.0.0. No direct replacement is provided. Testing classes could use Drupal\TestTools\Extension\SchemaInspector for introspection." severity="error"/><error line="196" message="Call to deprecated function drupal_get_module_schema(). Deprecated in drupal:9.2.0 and is removed from drupal:10.0.0. No direct replacement is provided. Testing classes could use Drupal\TestTools\Extension\SchemaInspector for introspection." severity="error"/><error line="340" message="Call to method run() of deprecated class Drupal\simpletest\TestBase. Deprecated in Drupal 8.0.x, will be removed before Drupal 9.0.0. Use Drupal\KernelTests\KernelTestBase instead." severity="error"/></file><file name="modules/contrib/simpletest-simpletest/src/Tests/MissingCheckedRequirementsTest.php"><error line="14" message="Class Drupal\simpletest\Tests\MissingCheckedRequirementsTest extends deprecated class Drupal\simpletest\WebTestBase. Deprecated in Drupal 8.8.0 and will be removed before Drupal 9.0.0. Instead, use Drupal\Tests\BrowserTestBase. See https://www.drupal.org/node/3030340. Replacement available from drupal:8.6.0." severity="error"/><error line="24" message="Call to method setUp() of deprecated class Drupal\simpletest\WebTestBase. Deprecated in Drupal 8.8.0 and will be removed before Drupal 9.0.0. Instead, use Drupal\Tests\BrowserTestBase. See https://www.drupal.org/node/3030340. Replacement available from drupal:8.6.0." severity="error"/><error line="38" message="Call to method checkRequirements() of deprecated class Drupal\simpletest\TestBase. Deprecated in Drupal 8.8.0 and will be removed before Drupal 9.0.0. Instead, use Drupal\Tests\BrowserTestBase. See https://www.drupal.org/node/3030340. Replacement available from drupal:8.6.0." severity="error"/></file><file name="modules/contrib/simpletest-simpletest/src/Tests/SimpleTestBrowserTest.php"><error line="14" message="Class Drupal\simpletest\Tests\SimpleTestBrowserTest extends deprecated class Drupal\simpletest\WebTestBase. Deprecated in Drupal 8.8.0 and will be removed before Drupal 9.0.0. Instead, use Drupal\Tests\BrowserTestBase. See https://www.drupal.org/node/3030340. Replacement available from drupal:8.6.0." severity="error"/><error line="24" message="Call to method setUp() of deprecated class Drupal\simpletest\WebTestBase. Deprecated in Drupal 8.8.0 and will be removed before Drupal 9.0.0. Instead, use Drupal\Tests\BrowserTestBase. See https://www.drupal.org/node/3030340. Replacement available from drupal:8.6.0." severity="error"/></file><file name="modules/contrib/simpletest-simpletest/src/Tests/SimpleTestErrorCollectorTest.php"><error line="13" message="Class Drupal\simpletest\Tests\SimpleTestErrorCollectorTest extends deprecated class Drupal\simpletest\WebTestBase. Deprecated in Drupal 8.8.0 and will be removed before Drupal 9.0.0. Instead, use Drupal\Tests\BrowserTestBase. See https://www.drupal.org/node/3030340. Replacement available from drupal:8.6.0." severity="error"/><error line="48" message="Call to method error() of deprecated class Drupal\simpletest\TestBase. Deprecated in Drupal 8.8.0 and will be removed before Drupal 9.0.0. Instead, use Drupal\Tests\BrowserTestBase. See https://www.drupal.org/node/3030340. Replacement available from drupal:8.6.0." severity="error"/><error line="71" message="Call to method error() of deprecated class Drupal\simpletest\TestBase. Deprecated in Drupal 8.8.0 and will be removed before Drupal 9.0.0. Instead, use Drupal\Tests\BrowserTestBase. See https://www.drupal.org/node/3030340. Replacement available from drupal:8.6.0." severity="error"/></file><file name="modules/contrib/simpletest-simpletest/src/Tests/SimpleTestInstallBatchTest.php"><error line="20" message="Class Drupal\simpletest\Tests\SimpleTestInstallBatchTest extends deprecated class Drupal\simpletest\WebTestBase. Deprecated in Drupal 8.8.0 and will be removed before Drupal 9.0.0. Instead, use Drupal\Tests\BrowserTestBase. See https://www.drupal.org/node/3030340. Replacement available from drupal:8.6.0." severity="error"/></file><file name="modules/contrib/simpletest-simpletest/src/Tests/SimpleTestTest.php"><error line="19" message="Class Drupal\simpletest\Tests\SimpleTestTest extends deprecated class Drupal\simpletest\WebTestBase. Deprecated in Drupal 8.8.0 and will be removed before Drupal 9.0.0. Instead, use Drupal\Tests\BrowserTestBase. See https://www.drupal.org/node/3030340. Replacement available from drupal:8.6.0." severity="error"/><error line="100" message="Call to method setUp() of deprecated class Drupal\simpletest\WebTestBase. Deprecated in Drupal 8.8.0 and will be removed before Drupal 9.0.0. Instead, use Drupal\Tests\BrowserTestBase. See https://www.drupal.org/node/3030340. Replacement available from drupal:8.6.0." severity="error"/><error line="109" message="Call to method setUp() of deprecated class Drupal\simpletest\WebTestBase. Deprecated in Drupal 8.8.0 and will be removed before Drupal 9.0.0. Instead, use Drupal\Tests\BrowserTestBase. See https://www.drupal.org/node/3030340. Replacement available from drupal:8.6.0." severity="error"/><error line="232" message="Call to deprecated function debug(). Deprecated in drupal:9.2.0 and is removed from drupal:10.0.0. Use dump() instead." severity="error"/></file><file name="modules/contrib/simpletest-simpletest/src/Tests/SkipRequiredModulesTest.php"><error line="26" message="Class Drupal\simpletest\Tests\SkipRequiredModulesTest extends deprecated class Drupal\simpletest\WebTestBase. Deprecated in Drupal 8.8.0 and will be removed before Drupal 9.0.0. Instead, use Drupal\Tests\BrowserTestBase. See https://www.drupal.org/node/3030340. Replacement available from drupal:8.6.0." severity="error"/></file><file name="modules/contrib/simpletest-simpletest/src/Tests/TimeZoneTest.php"><error line="13" message="Class Drupal\simpletest\Tests\TimeZoneTest extends deprecated class Drupal\simpletest\WebTestBase. Deprecated in Drupal 8.8.0 and will be removed before Drupal 9.0.0. Instead, use Drupal\Tests\BrowserTestBase. See https://www.drupal.org/node/3030340. Replacement available from drupal:8.6.0." severity="error"/><error line="24" message="Call to method setUp() of deprecated class Drupal\simpletest\WebTestBase. Deprecated in Drupal 8.8.0 and will be removed before Drupal 9.0.0. Instead, use Drupal\Tests\BrowserTestBase. See https://www.drupal.org/node/3030340. Replacement available from drupal:8.6.0." severity="error"/></file><file name="modules/contrib/simpletest-simpletest/src/Tests/UiPhpUnitOutputTest.php"><error line="16" message="Class Drupal\simpletest\Tests\UiPhpUnitOutputTest extends deprecated class Drupal\simpletest\WebTestBase. Deprecated in Drupal 8.8.0 and will be removed before Drupal 9.0.0. Instead, use Drupal\Tests\BrowserTestBase. See https://www.drupal.org/node/3030340. Replacement available from drupal:8.6.0." severity="error"/><error line="35" message="Call to deprecated function simpletest_phpunit_run_command(). Deprecated in drupal:8.8.0 and is removed from drupal:9.0.0. Use Drupal\Core\Test\PhpUnitTestRunner::runCommand() instead." severity="error"/></file><file name="modules/contrib/simpletest-simpletest/src/Tests/WebTestBaseInstallTest.php"><error line="13" message="Class Drupal\simpletest\Tests\WebTestBaseInstallTest extends deprecated class Drupal\simpletest\WebTestBase. Deprecated in Drupal 8.8.0 and will be removed before Drupal 9.0.0. Instead, use Drupal\Tests\BrowserTestBase. See https://www.drupal.org/node/3030340. Replacement available from drupal:8.6.0." severity="error"/></file><file name="modules/contrib/simpletest-simpletest/src/WebTestBase.php"><error line="40" message="Class Drupal\simpletest\WebTestBase extends deprecated class Drupal\simpletest\TestBase. Deprecated in Drupal 8.8.0 and will be removed before Drupal 9.0.0. Instead, use one of the phpunit base test classes like Drupal\Tests\BrowserTestBase. See https://www.drupal.org/node/3030340. Replacement available from drupal:8.6.0." severity="error"/></file><file name="modules/contrib/simpletest-simpletest/tests/src/Kernel/Cache/Context/TestDiscoveryCacheContextTest.php"><error line="27" message="Fetching class constant class of deprecated class Drupal\simpletest\TestDiscovery. Deprecated in drupal:8.8.0 and is removed from drupal:9.0.0. Use Drupal\Core\Test\TestDiscovery instead." severity="error"/></file><file name="modules/contrib/simpletest-simpletest/tests/src/Kernel/DeprecatedCleanupTest.php"><error line="36" message="Call to deprecated function simpletest_clean_environment(). Deprecated in drupal:8.8.0 and is removed from drupal:9.0.0. Access the environment_cleaner service and call its cleanEnvironment() method, or use Drupal\Core\Test\EnvironmentCleaner::cleanEnvironment() instead." severity="error"/><error line="37" message="Call to deprecated function simpletest_clean_database(). Deprecated in drupal:8.8.0 and is removed from drupal:9.0.0. Access the environment_cleaner service and call its cleanDatabase() method, or use Drupal\Core\Test\EnvironmentCleaner::cleanDatabase() instead." severity="error"/><error line="38" message="Call to deprecated function simpletest_clean_temporary_directories(). Deprecated in drupal:8.8.0 and is removed from drupal:9.0.0. Access the environment_cleaner service and call its cleanTemporaryDirectories() method, or use Drupal\Core\Test\EnvironmentCleaner::cleanTemporaryDirectories() instead." severity="error"/><error line="39" message="Call to deprecated function simpletest_clean_results_table(). Deprecated in drupal:8.8.0 and is removed from drupal:9.0.0. Access the environment_cleaner service and call its cleanResultsTable() method, or use Drupal\Core\Test\EnvironmentCleaner::cleanResultsTable() instead." severity="error"/></file><file name="modules/contrib/simpletest-simpletest/tests/src/Kernel/PhpUnitErrorTest.php"><error line="30" message="Call to deprecated function simpletest_phpunit_xml_to_rows(). Deprecated in drupal:8.8.0 and is removed from drupal:9.0.0. Use Drupal\Core\Test\JUnitConverter::xmlToRows() instead." severity="error"/><error line="43" message="Call to deprecated function simpletest_phpunit_xml_to_rows(). Deprecated in drupal:8.8.0 and is removed from drupal:9.0.0. Use Drupal\Core\Test\JUnitConverter::xmlToRows() instead." severity="error"/></file><file name="modules/contrib/simpletest-simpletest/tests/src/Kernel/SimpletestDeprecationTest.php"><error line="24" message="Call to deprecated function simpletest_phpunit_configuration_filepath(). Deprecated in Drupal 8.4.x for removal before Drupal 9.0.0. PHPUnit test runners should change directory into core/ and then run the phpunit tool. See simpletest_phpunit_run_command() for an example." severity="error"/><error line="25" message="Call to deprecated function simpletest_test_get_all(). Deprecated in Drupal 8.3.x, for removal before 9.0.0 release. Use Drupal::service('test_discovery')-&gt;getTestClasses($extension, $types) instead." severity="error"/><error line="26" message="Call to deprecated function simpletest_classloader_register(). Deprecated in Drupal 8.3.x for removal before 9.0.0 release. Use Drupal::service('test_discovery')-&gt;registerTestNamespaces() instead." severity="error"/><error line="34" message="Fetching class constant class of deprecated class Drupal\simpletest\TestDiscovery. Deprecated in drupal:8.8.0 and is removed from drupal:9.0.0. Use Drupal\Core\Test\TestDiscovery instead." severity="error"/><error line="50" message="Call to deprecated function simpletest_phpunit_xml_filepath(). Deprecated in drupal:8.8.0 and is removed from drupal:9.0.0. Use Drupal\Core\Test\PhpUnitTestRunner::xmlLogFilepath() instead." severity="error"/><error line="52" message="Call to deprecated function simpletest_phpunit_command(). Deprecated in drupal:8.8.0 and is removed from drupal:9.0.0. Use Drupal\Core\Test\PhpUnitTestRunner::phpUnitCommand() instead." severity="error"/><error line="54" message="Call to deprecated function simpletest_phpunit_find_testcases(). Deprecated in drupal:8.8.0 and is removed from drupal:9.0.0. Use Drupal\Core\Test\JUnitConverter::findTestCases() instead." severity="error"/><error line="65" message="Call to deprecated function simpletest_phpunit_testcase_to_row(). Deprecated in drupal:8.8.0 and is removed from drupal:9.0.0. Use Drupal\Core\Test\JUnitConverter::convertTestCaseToSimpletestRow() instead." severity="error"/><error line="76" message="Call to deprecated function simpletest_summarize_phpunit_result(). Deprecated in drupal:8.8.0 and is removed from drupal:9.0.0. Use Drupal\Core\Test\PhpUnitTestRunner::summarizeResults() instead." severity="error"/><error line="89" message="Call to deprecated function simpletest_generate_file(). Deprecated in drupal:8.8.0 and is removed from drupal:9.0.0. Use Drupal\Tests\TestFileCreationTrait::generateFile() instead." severity="error"/><error line="101" message="Call to deprecated function simpletest_process_phpunit_results(). Deprecated in drupal:8.8.0 and is removed from drupal:9.0.0. Use Drupal\Core\Test\TestDatabase::processPhpUnitResults() instead." severity="error"/></file><file name="modules/contrib/simpletest-simpletest/tests/src/Kernel/TestDeprecatedTestHooks.php"><error line="50" message="Call to deprecated method setMethods() of class PHPUnit\Framework\MockObject\MockBuilder: https://github.com/sebastianbergmann/phpunit/pull/3687" severity="error"/><error line="75" message="Fetching class constant class of deprecated class Drupal\simpletest\TestDiscovery. Deprecated in drupal:8.8.0 and is removed from drupal:9.0.0. Use Drupal\Core\Test\TestDiscovery instead." severity="error"/><error line="107" message="Class Drupal\Tests\simpletest\Kernel\InnocuousTest extends deprecated class Drupal\simpletest\WebTestBase. Deprecated in Drupal 8.8.0 and will be removed before Drupal 9.0.0. Instead, use Drupal\Tests\BrowserTestBase. See https://www.drupal.org/node/3030340. Replacement available from drupal:8.6.0." severity="error"/></file><file name="modules/contrib/simpletest-simpletest/tests/src/Kernel/TestDiscoveryDeprecationTest.php"><error line="28" message="Fetching class constant class of deprecated class Drupal\simpletest\TestDiscovery. Deprecated in drupal:8.8.0 and is removed from drupal:9.0.0. Use Drupal\Core\Test\TestDiscovery instead." severity="error"/></file><file name="modules/contrib/simpletest-simpletest/tests/src/Unit/SimpletestPhpunitRunCommandTest.php"><error line="131" message="Call to deprecated function simpletest_run_phpunit_tests(). Deprecated in drupal:8.8.0 and is removed from drupal:9.0.0. Use Drupal\Core\Test\PhpUnitTestRunner::runTests() instead." severity="error"/><error line="141" message="Call to deprecated function simpletest_phpunit_xml_filepath(). Deprecated in drupal:8.8.0 and is removed from drupal:9.0.0. Use Drupal\Core\Test\PhpUnitTestRunner::xmlLogFilepath() instead." severity="error"/></file><file name="modules/contrib/simpletest-simpletest/tests/src/Unit/TestBaseTest.php"><error line="28" message="Call to deprecated method setMethods() of class PHPUnit\Framework\MockObject\MockBuilder: https://github.com/sebastianbergmann/phpunit/pull/3687" severity="error"/><error line="175" message="Call to deprecated method assertAttributeEmpty() of class PHPUnit\Framework\Assert: https://github.com/sebastianbergmann/phpunit/issues/3338" severity="error"/><error line="196" message="Call to deprecated method assertAttributeNotEmpty() of class PHPUnit\Framework\Assert: https://github.com/sebastianbergmann/phpunit/issues/3338" severity="error"/><error line="438" message="Call to deprecated method setMethods() of class PHPUnit\Framework\MockObject\MockBuilder: https://github.com/sebastianbergmann/phpunit/pull/3687" severity="error"/></file><file name="modules/contrib/simpletest-simpletest/tests/src/Unit/TestDiscoveryTest.php"><error line="96" message="Call to deprecated method setMethods() of class PHPUnit\Framework\MockObject\MockBuilder: https://github.com/sebastianbergmann/phpunit/pull/3687" severity="error"/><error line="96" message="Fetching class constant class of deprecated class Drupal\simpletest\TestDiscovery. Deprecated in drupal:8.8.0 and is removed from drupal:9.0.0. Use Drupal\Core\Test\TestDiscovery instead." severity="error"/><error line="216" message="Instantiation of deprecated class Drupal\simpletest\TestDiscovery. Deprecated in drupal:8.8.0 and is removed from drupal:9.0.0. Use Drupal\Core\Test\TestDiscovery instead." severity="error"/></file><file name="modules/contrib/simpletest-simpletest/simpletest.libraries.yml"><error line="0" message="The 'drupal.simpletest' library is depending on a deprecated library. The core/jquery.once asset library is deprecated in Drupal 9.3.0 and will be removed in Drupal 10.0.0. Use the core/once library instead. See https://www.drupal.org/node/3158256" severity="error"/></file></checkstyle>

