<?xml version="1.0"?>
<checkstyle><file name="modules/contrib/webhooks/tests/src/Functional/WebhooksTest.php"><error line="197" message="Call to deprecated method assertEqual() of class Drupal\Tests\BrowserTestBase. Deprecated in drupal:8.0.0 and is removed from drupal:10.0.0. Use $this-&gt;assertEquals() instead." severity="error"/><error line="213" message="Call to deprecated method assertEqual() of class Drupal\Tests\BrowserTestBase. Deprecated in drupal:8.0.0 and is removed from drupal:10.0.0. Use $this-&gt;assertEquals() instead." severity="error"/><error line="227" message="Call to deprecated method assertEqual() of class Drupal\Tests\BrowserTestBase. Deprecated in drupal:8.0.0 and is removed from drupal:10.0.0. Use $this-&gt;assertEquals() instead." severity="error"/><error line="244" message="Call to deprecated method assertEqual() of class Drupal\Tests\BrowserTestBase. Deprecated in drupal:8.0.0 and is removed from drupal:10.0.0. Use $this-&gt;assertEquals() instead." severity="error"/><error line="247" message="Call to deprecated method assertEqual() of class Drupal\Tests\BrowserTestBase. Deprecated in drupal:8.0.0 and is removed from drupal:10.0.0. Use $this-&gt;assertEquals() instead." severity="error"/><error line="250" message="Call to deprecated method assertEqual() of class Drupal\Tests\BrowserTestBase. Deprecated in drupal:8.0.0 and is removed from drupal:10.0.0. Use $this-&gt;assertEquals() instead." severity="error"/><error line="263" message="Call to deprecated method assertEqual() of class Drupal\Tests\BrowserTestBase. Deprecated in drupal:8.0.0 and is removed from drupal:10.0.0. Use $this-&gt;assertEquals() instead." severity="error"/><error line="268" message="Call to deprecated method assertEqual() of class Drupal\Tests\BrowserTestBase. Deprecated in drupal:8.0.0 and is removed from drupal:10.0.0. Use $this-&gt;assertEquals() instead." severity="error"/><error line="273" message="Call to deprecated method assertEqual() of class Drupal\Tests\BrowserTestBase. Deprecated in drupal:8.0.0 and is removed from drupal:10.0.0. Use $this-&gt;assertEquals() instead." severity="error"/><error line="288" message="Call to deprecated method assertEqual() of class Drupal\Tests\BrowserTestBase. Deprecated in drupal:8.0.0 and is removed from drupal:10.0.0. Use $this-&gt;assertEquals() instead." severity="error"/><error line="303" message="Call to deprecated method assertEqual() of class Drupal\Tests\BrowserTestBase. Deprecated in drupal:8.0.0 and is removed from drupal:10.0.0. Use $this-&gt;assertEquals() instead." severity="error"/><error line="317" message="Call to deprecated method assertEqual() of class Drupal\Tests\BrowserTestBase. Deprecated in drupal:8.0.0 and is removed from drupal:10.0.0. Use $this-&gt;assertEquals() instead." severity="error"/></file><file name="modules/contrib/webhooks/webhooks.info.yml"><error line="0" message="Value of core_version_requirement: ^8 || ^9 is not compatible with the next major version of Drupal core. See https://drupal.org/node/3070687." severity="error"/></file><file name="modules/contrib/webhooks/tests/modules/webhooks_test/webhooks_test.info.yml"><error line="0" message="Value of core_version_requirement: ^8 || ^9 is not compatible with the next major version of Drupal core. See https://drupal.org/node/3070687." severity="error"/></file><file name="modules/contrib/webhooks/modules/webhook/webhook.info.yml"><error line="0" message="Value of core_version_requirement: ^8 || ^9 is not compatible with the next major version of Drupal core. See https://drupal.org/node/3070687." severity="error"/></file></checkstyle>

