<?xml version="1.0"?>
<checkstyle><file name="modules/contrib/cck_select_other/tests/src/Functional/CckSelectOtherDefaultValueTest.php"><error line="36" message="Call to deprecated method assertOptionSelected() of class Drupal\Tests\BrowserTestBase. Deprecated in drupal:8.2.0 and is removed from drupal:10.0.0. Use $this-&gt;assertSession()-&gt;optionExists() instead and check the &quot;selected&quot; attribute yourself." severity="error"/></file><file name="modules/contrib/cck_select_other/tests/src/Functional/CckSelectOtherMultipleValueTest.php"><error line="49" message="Call to deprecated method drupalPostForm() of class Drupal\Tests\BrowserTestBase. Deprecated in drupal:9.1.0 and is removed from drupal:10.0.0. Use $this-&gt;submitForm() instead." severity="error"/><error line="58" message="Call to deprecated method assertOptionSelected() of class Drupal\Tests\BrowserTestBase. Deprecated in drupal:8.2.0 and is removed from drupal:10.0.0. Use $this-&gt;assertSession()-&gt;optionExists() instead and check the &quot;selected&quot; attribute yourself." severity="error"/><error line="59" message="Call to deprecated method assertOptionSelected() of class Drupal\Tests\BrowserTestBase. Deprecated in drupal:8.2.0 and is removed from drupal:10.0.0. Use $this-&gt;assertSession()-&gt;optionExists() instead and check the &quot;selected&quot; attribute yourself." severity="error"/><error line="60" message="Call to deprecated method assertOptionSelected() of class Drupal\Tests\BrowserTestBase. Deprecated in drupal:8.2.0 and is removed from drupal:10.0.0. Use $this-&gt;assertSession()-&gt;optionExists() instead and check the &quot;selected&quot; attribute yourself." severity="error"/><error line="66" message="Call to deprecated method drupalPostForm() of class Drupal\Tests\BrowserTestBase. Deprecated in drupal:9.1.0 and is removed from drupal:10.0.0. Use $this-&gt;submitForm() instead." severity="error"/></file><file name="modules/contrib/cck_select_other/cck_select_other.info.yml"><error line="0" message="Value of core_version_requirement: ^8 || ^9 is not compatible with the next major version of Drupal core. See https://drupal.org/node/3070687." severity="error"/></file></checkstyle>

