<?xml version="1.0"?>
<checkstyle><file name="modules/contrib/changed_fields/tests/src/Unit/DefaultFieldComparatorTest.php"><error line="67" message="Call to deprecated method assertArrayEquals() of class Drupal\Tests\UnitTestCase. Deprecated in drupal:9.1.0 and is removed from drupal:10.0.0. Use ::assertEquals, ::assertEqualsCanonicalizing, or ::assertSame instead." severity="error"/><error line="79" message="Call to deprecated method assertArrayEquals() of class Drupal\Tests\UnitTestCase. Deprecated in drupal:9.1.0 and is removed from drupal:10.0.0. Use ::assertEquals, ::assertEqualsCanonicalizing, or ::assertSame instead." severity="error"/><error line="91" message="Call to deprecated method assertArrayEquals() of class Drupal\Tests\UnitTestCase. Deprecated in drupal:9.1.0 and is removed from drupal:10.0.0. Use ::assertEquals, ::assertEqualsCanonicalizing, or ::assertSame instead." severity="error"/><error line="103" message="Call to deprecated method assertArrayEquals() of class Drupal\Tests\UnitTestCase. Deprecated in drupal:9.1.0 and is removed from drupal:10.0.0. Use ::assertEquals, ::assertEqualsCanonicalizing, or ::assertSame instead." severity="error"/><error line="115" message="Call to deprecated method assertArrayEquals() of class Drupal\Tests\UnitTestCase. Deprecated in drupal:9.1.0 and is removed from drupal:10.0.0. Use ::assertEquals, ::assertEqualsCanonicalizing, or ::assertSame instead." severity="error"/><error line="127" message="Call to deprecated method assertArrayEquals() of class Drupal\Tests\UnitTestCase. Deprecated in drupal:9.1.0 and is removed from drupal:10.0.0. Use ::assertEquals, ::assertEqualsCanonicalizing, or ::assertSame instead." severity="error"/><error line="139" message="Call to deprecated method assertArrayEquals() of class Drupal\Tests\UnitTestCase. Deprecated in drupal:9.1.0 and is removed from drupal:10.0.0. Use ::assertEquals, ::assertEqualsCanonicalizing, or ::assertSame instead." severity="error"/><error line="151" message="Call to deprecated method assertArrayEquals() of class Drupal\Tests\UnitTestCase. Deprecated in drupal:9.1.0 and is removed from drupal:10.0.0. Use ::assertEquals, ::assertEqualsCanonicalizing, or ::assertSame instead." severity="error"/><error line="163" message="Call to deprecated method assertArrayEquals() of class Drupal\Tests\UnitTestCase. Deprecated in drupal:9.1.0 and is removed from drupal:10.0.0. Use ::assertEquals, ::assertEqualsCanonicalizing, or ::assertSame instead." severity="error"/><error line="175" message="Call to deprecated method assertArrayEquals() of class Drupal\Tests\UnitTestCase. Deprecated in drupal:9.1.0 and is removed from drupal:10.0.0. Use ::assertEquals, ::assertEqualsCanonicalizing, or ::assertSame instead." severity="error"/><error line="187" message="Call to deprecated method assertArrayEquals() of class Drupal\Tests\UnitTestCase. Deprecated in drupal:9.1.0 and is removed from drupal:10.0.0. Use ::assertEquals, ::assertEqualsCanonicalizing, or ::assertSame instead." severity="error"/><error line="199" message="Call to deprecated method assertArrayEquals() of class Drupal\Tests\UnitTestCase. Deprecated in drupal:9.1.0 and is removed from drupal:10.0.0. Use ::assertEquals, ::assertEqualsCanonicalizing, or ::assertSame instead." severity="error"/><error line="211" message="Call to deprecated method assertArrayEquals() of class Drupal\Tests\UnitTestCase. Deprecated in drupal:9.1.0 and is removed from drupal:10.0.0. Use ::assertEquals, ::assertEqualsCanonicalizing, or ::assertSame instead." severity="error"/><error line="223" message="Call to deprecated method assertArrayEquals() of class Drupal\Tests\UnitTestCase. Deprecated in drupal:9.1.0 and is removed from drupal:10.0.0. Use ::assertEquals, ::assertEqualsCanonicalizing, or ::assertSame instead." severity="error"/><error line="235" message="Call to deprecated method assertArrayEquals() of class Drupal\Tests\UnitTestCase. Deprecated in drupal:9.1.0 and is removed from drupal:10.0.0. Use ::assertEquals, ::assertEqualsCanonicalizing, or ::assertSame instead." severity="error"/><error line="247" message="Call to deprecated method assertArrayEquals() of class Drupal\Tests\UnitTestCase. Deprecated in drupal:9.1.0 and is removed from drupal:10.0.0. Use ::assertEquals, ::assertEqualsCanonicalizing, or ::assertSame instead." severity="error"/><error line="259" message="Call to deprecated method assertArrayEquals() of class Drupal\Tests\UnitTestCase. Deprecated in drupal:9.1.0 and is removed from drupal:10.0.0. Use ::assertEquals, ::assertEqualsCanonicalizing, or ::assertSame instead." severity="error"/><error line="271" message="Call to deprecated method assertArrayEquals() of class Drupal\Tests\UnitTestCase. Deprecated in drupal:9.1.0 and is removed from drupal:10.0.0. Use ::assertEquals, ::assertEqualsCanonicalizing, or ::assertSame instead." severity="error"/><error line="288" message="Call to deprecated method assertArrayEquals() of class Drupal\Tests\UnitTestCase. Deprecated in drupal:9.1.0 and is removed from drupal:10.0.0. Use ::assertEquals, ::assertEqualsCanonicalizing, or ::assertSame instead." severity="error"/><error line="305" message="Call to deprecated method assertArrayEquals() of class Drupal\Tests\UnitTestCase. Deprecated in drupal:9.1.0 and is removed from drupal:10.0.0. Use ::assertEquals, ::assertEqualsCanonicalizing, or ::assertSame instead." severity="error"/><error line="323" message="Call to deprecated method assertArrayEquals() of class Drupal\Tests\UnitTestCase. Deprecated in drupal:9.1.0 and is removed from drupal:10.0.0. Use ::assertEquals, ::assertEqualsCanonicalizing, or ::assertSame instead." severity="error"/><error line="346" message="Call to deprecated method assertArrayEquals() of class Drupal\Tests\UnitTestCase. Deprecated in drupal:9.1.0 and is removed from drupal:10.0.0. Use ::assertEquals, ::assertEqualsCanonicalizing, or ::assertSame instead." severity="error"/><error line="370" message="Call to deprecated method assertArrayEquals() of class Drupal\Tests\UnitTestCase. Deprecated in drupal:9.1.0 and is removed from drupal:10.0.0. Use ::assertEquals, ::assertEqualsCanonicalizing, or ::assertSame instead." severity="error"/><error line="391" message="Call to deprecated method assertArrayEquals() of class Drupal\Tests\UnitTestCase. Deprecated in drupal:9.1.0 and is removed from drupal:10.0.0. Use ::assertEquals, ::assertEqualsCanonicalizing, or ::assertSame instead." severity="error"/><error line="409" message="Call to deprecated method assertArrayEquals() of class Drupal\Tests\UnitTestCase. Deprecated in drupal:9.1.0 and is removed from drupal:10.0.0. Use ::assertEquals, ::assertEqualsCanonicalizing, or ::assertSame instead." severity="error"/><error line="420" message="Call to deprecated method assertArrayEquals() of class Drupal\Tests\UnitTestCase. Deprecated in drupal:9.1.0 and is removed from drupal:10.0.0. Use ::assertEquals, ::assertEqualsCanonicalizing, or ::assertSame instead." severity="error"/><error line="442" message="Call to deprecated method assertArrayEquals() of class Drupal\Tests\UnitTestCase. Deprecated in drupal:9.1.0 and is removed from drupal:10.0.0. Use ::assertEquals, ::assertEqualsCanonicalizing, or ::assertSame instead." severity="error"/><error line="464" message="Call to deprecated method assertArrayEquals() of class Drupal\Tests\UnitTestCase. Deprecated in drupal:9.1.0 and is removed from drupal:10.0.0. Use ::assertEquals, ::assertEqualsCanonicalizing, or ::assertSame instead." severity="error"/><error line="500" message="Call to deprecated method assertArrayEquals() of class Drupal\Tests\UnitTestCase. Deprecated in drupal:9.1.0 and is removed from drupal:10.0.0. Use ::assertEquals, ::assertEqualsCanonicalizing, or ::assertSame instead." severity="error"/><error line="536" message="Call to deprecated method assertArrayEquals() of class Drupal\Tests\UnitTestCase. Deprecated in drupal:9.1.0 and is removed from drupal:10.0.0. Use ::assertEquals, ::assertEqualsCanonicalizing, or ::assertSame instead." severity="error"/></file><file name="modules/contrib/changed_fields/changed_fields.info.yml"><error line="0" message="Value of core_version_requirement: ^8 || ^9 is not compatible with the next major version of Drupal core. See https://drupal.org/node/3070687." severity="error"/></file><file name="modules/contrib/changed_fields/examples/changed_fields_basic_usage/changed_fields_basic_usage.info.yml"><error line="0" message="Value of core_version_requirement: ^8 || ^9 is not compatible with the next major version of Drupal core. See https://drupal.org/node/3070687." severity="error"/></file><file name="modules/contrib/changed_fields/examples/changed_fields_extended_field_comparator/changed_fields_extended_field_comparator.info.yml"><error line="0" message="Value of core_version_requirement: ^8 || ^9 is not compatible with the next major version of Drupal core. See https://drupal.org/node/3070687." severity="error"/></file></checkstyle>

