<?xml version="1.0"?>
<checkstyle><file name="modules/contrib/cognito/tests/src/Unit/CognitoFormEventTest.php"><error line="51" message="Call to deprecated method assertArrayEquals() of class Drupal\Tests\UnitTestCase. Deprecated in drupal:9.1.0 and is removed from drupal:10.0.0. Use ::assertEquals, ::assertEqualsCanonicalizing, or ::assertSame instead." severity="error"/><error line="72" message="Call to deprecated method assertArrayEquals() of class Drupal\Tests\UnitTestCase. Deprecated in drupal:9.1.0 and is removed from drupal:10.0.0. Use ::assertEquals, ::assertEqualsCanonicalizing, or ::assertSame instead." severity="error"/><error line="90" message="Call to deprecated method assertArrayEquals() of class Drupal\Tests\UnitTestCase. Deprecated in drupal:9.1.0 and is removed from drupal:10.0.0. Use ::assertEquals, ::assertEqualsCanonicalizing, or ::assertSame instead." severity="error"/></file><file name="modules/contrib/cognito/tests/src/Unit/CognitoTest.php"><error line="33" message="Call to deprecated method setMethods() of class PHPUnit\Framework\MockObject\MockBuilder: https://github.com/sebastianbergmann/phpunit/pull/3687" severity="error"/><error line="75" message="Call to deprecated method setMethods() of class PHPUnit\Framework\MockObject\MockBuilder: https://github.com/sebastianbergmann/phpunit/pull/3687" severity="error"/><error line="130" message="Call to deprecated method setMethods() of class PHPUnit\Framework\MockObject\MockBuilder: https://github.com/sebastianbergmann/phpunit/pull/3687" severity="error"/></file><file name="modules/contrib/cognito/cognito.info.yml"><error line="0" message="Value of core_version_requirement: ^8 || ^9 is not compatible with the next major version of Drupal core. See https://drupal.org/node/3070687." severity="error"/></file></checkstyle>

